[0.323s] DEBUG:colcon:Command line arguments: ['/usr/bin/colcon', 'build']
[0.323s] DEBUG:colcon:Parsed command line arguments: Namespace(allow_overriding=[], ament_cmake_args=None, base_paths=['.'], build_base='build', catkin_cmake_args=None, catkin_skip_building_tests=False, cmake_args=None, cmake_clean_cache=False, cmake_clean_first=False, cmake_force_configure=False, cmake_target=None, cmake_target_skip_unavailable=False, continue_on_error=False, event_handlers=None, executor='parallel', ignore_user_meta=False, install_base='install', log_base=None, log_level=None, main=<bound method BuildVerb.main of <colcon_core.verb.build.BuildVerb object at 0x7ff54be8bca0>>, merge_install=False, metas=['./colcon.meta'], packages_above=None, packages_above_and_dependencies=None, packages_above_depth=None, packages_end=None, packages_ignore=None, packages_ignore_regex=None, packages_select=None, packages_select_build_failed=False, packages_select_by_dep=None, packages_select_regex=None, packages_select_test_failures=False, packages_skip=None, packages_skip_build_finished=False, packages_skip_by_dep=None, packages_skip_regex=None, packages_skip_test_passed=False, packages_skip_up_to=None, packages_start=None, packages_up_to=None, packages_up_to_regex=None, parallel_workers=12, paths=None, symlink_install=False, test_result_base=None, verb_extension=<colcon_core.verb.build.BuildVerb object at 0x7ff54be8bca0>, verb_name='build', verb_parser=<colcon_defaults.argument_parser.defaults.DefaultArgumentsDecorator object at 0x7ff54be94250>)
[0.346s] Level 1:colcon.colcon_core.package_discovery:discover_packages(colcon_meta) check parameters
[0.346s] Level 1:colcon.colcon_core.package_discovery:discover_packages(recursive) check parameters
[0.346s] Level 1:colcon.colcon_core.package_discovery:discover_packages(ignore) check parameters
[0.346s] Level 1:colcon.colcon_core.package_discovery:discover_packages(path) check parameters
[0.346s] Level 1:colcon.colcon_core.package_discovery:discover_packages(colcon_meta) discover
[0.347s] Level 1:colcon.colcon_core.package_discovery:discover_packages(recursive) discover
[0.347s] INFO:colcon.colcon_core.package_discovery:Crawling recursively for packages in '/home/zyh/ros2_study/foxy/foxy_ws'
[0.347s] Level 1:colcon.colcon_core.package_identification:_identify(.) by extensions ['ignore', 'ignore_ament_install']
[0.347s] Level 1:colcon.colcon_core.package_identification:_identify(.) by extension 'ignore'
[0.347s] Level 1:colcon.colcon_core.package_identification:_identify(.) by extension 'ignore_ament_install'
[0.347s] Level 1:colcon.colcon_core.package_identification:_identify(.) by extensions ['colcon_pkg']
[0.347s] Level 1:colcon.colcon_core.package_identification:_identify(.) by extension 'colcon_pkg'
[0.347s] Level 1:colcon.colcon_core.package_identification:_identify(.) by extensions ['colcon_meta']
[0.347s] Level 1:colcon.colcon_core.package_identification:_identify(.) by extension 'colcon_meta'
[0.347s] Level 1:colcon.colcon_core.package_identification:_identify(.) by extensions ['ros']
[0.347s] Level 1:colcon.colcon_core.package_identification:_identify(.) by extension 'ros'
[0.356s] Level 1:colcon.colcon_core.package_identification:_identify(.) by extensions ['cmake', 'python']
[0.356s] Level 1:colcon.colcon_core.package_identification:_identify(.) by extension 'cmake'
[0.356s] Level 1:colcon.colcon_core.package_identification:_identify(.) by extension 'python'
[0.356s] Level 1:colcon.colcon_core.package_identification:_identify(.) by extensions ['python_setup_py']
[0.356s] Level 1:colcon.colcon_core.package_identification:_identify(.) by extension 'python_setup_py'
[0.356s] Level 1:colcon.colcon_core.package_identification:_identify(build) by extensions ['ignore', 'ignore_ament_install']
[0.356s] Level 1:colcon.colcon_core.package_identification:_identify(build) by extension 'ignore'
[0.357s] Level 1:colcon.colcon_core.package_identification:_identify(build) ignored
[0.357s] Level 1:colcon.colcon_core.package_identification:_identify(install) by extensions ['ignore', 'ignore_ament_install']
[0.357s] Level 1:colcon.colcon_core.package_identification:_identify(install) by extension 'ignore'
[0.357s] Level 1:colcon.colcon_core.package_identification:_identify(install) ignored
[0.357s] Level 1:colcon.colcon_core.package_identification:_identify(log) by extensions ['ignore', 'ignore_ament_install']
[0.357s] Level 1:colcon.colcon_core.package_identification:_identify(log) by extension 'ignore'
[0.357s] Level 1:colcon.colcon_core.package_identification:_identify(log) ignored
[0.357s] Level 1:colcon.colcon_core.package_identification:_identify(src) by extensions ['ignore', 'ignore_ament_install']
[0.357s] Level 1:colcon.colcon_core.package_identification:_identify(src) by extension 'ignore'
[0.357s] Level 1:colcon.colcon_core.package_identification:_identify(src) by extension 'ignore_ament_install'
[0.357s] Level 1:colcon.colcon_core.package_identification:_identify(src) by extensions ['colcon_pkg']
[0.357s] Level 1:colcon.colcon_core.package_identification:_identify(src) by extension 'colcon_pkg'
[0.357s] Level 1:colcon.colcon_core.package_identification:_identify(src) by extensions ['colcon_meta']
[0.357s] Level 1:colcon.colcon_core.package_identification:_identify(src) by extension 'colcon_meta'
[0.357s] Level 1:colcon.colcon_core.package_identification:_identify(src) by extensions ['ros']
[0.357s] Level 1:colcon.colcon_core.package_identification:_identify(src) by extension 'ros'
[0.358s] Level 1:colcon.colcon_core.package_identification:_identify(src) by extensions ['cmake', 'python']
[0.358s] Level 1:colcon.colcon_core.package_identification:_identify(src) by extension 'cmake'
[0.358s] Level 1:colcon.colcon_core.package_identification:_identify(src) by extension 'python'
[0.358s] Level 1:colcon.colcon_core.package_identification:_identify(src) by extensions ['python_setup_py']
[0.358s] Level 1:colcon.colcon_core.package_identification:_identify(src) by extension 'python_setup_py'
[0.358s] Level 1:colcon.colcon_core.package_identification:_identify(src/cpp_pub_sub) by extensions ['ignore', 'ignore_ament_install']
[0.358s] Level 1:colcon.colcon_core.package_identification:_identify(src/cpp_pub_sub) by extension 'ignore'
[0.358s] Level 1:colcon.colcon_core.package_identification:_identify(src/cpp_pub_sub) by extension 'ignore_ament_install'
[0.358s] Level 1:colcon.colcon_core.package_identification:_identify(src/cpp_pub_sub) by extensions ['colcon_pkg']
[0.358s] Level 1:colcon.colcon_core.package_identification:_identify(src/cpp_pub_sub) by extension 'colcon_pkg'
[0.358s] Level 1:colcon.colcon_core.package_identification:_identify(src/cpp_pub_sub) by extensions ['colcon_meta']
[0.358s] Level 1:colcon.colcon_core.package_identification:_identify(src/cpp_pub_sub) by extension 'colcon_meta'
[0.358s] Level 1:colcon.colcon_core.package_identification:_identify(src/cpp_pub_sub) by extensions ['ros']
[0.358s] Level 1:colcon.colcon_core.package_identification:_identify(src/cpp_pub_sub) by extension 'ros'
[0.361s] DEBUG:colcon.colcon_core.package_identification:Package 'src/cpp_pub_sub' with type 'ros.ament_cmake' and name 'cpp_pub_sub'
[0.361s] Level 1:colcon.colcon_core.package_identification:_identify(src/cpp_srv_cli) by extensions ['ignore', 'ignore_ament_install']
[0.361s] Level 1:colcon.colcon_core.package_identification:_identify(src/cpp_srv_cli) by extension 'ignore'
[0.361s] Level 1:colcon.colcon_core.package_identification:_identify(src/cpp_srv_cli) by extension 'ignore_ament_install'
[0.361s] Level 1:colcon.colcon_core.package_identification:_identify(src/cpp_srv_cli) by extensions ['colcon_pkg']
[0.361s] Level 1:colcon.colcon_core.package_identification:_identify(src/cpp_srv_cli) by extension 'colcon_pkg'
[0.361s] Level 1:colcon.colcon_core.package_identification:_identify(src/cpp_srv_cli) by extensions ['colcon_meta']
[0.361s] Level 1:colcon.colcon_core.package_identification:_identify(src/cpp_srv_cli) by extension 'colcon_meta'
[0.361s] Level 1:colcon.colcon_core.package_identification:_identify(src/cpp_srv_cli) by extensions ['ros']
[0.361s] Level 1:colcon.colcon_core.package_identification:_identify(src/cpp_srv_cli) by extension 'ros'
[0.362s] DEBUG:colcon.colcon_core.package_identification:Package 'src/cpp_srv_cli' with type 'ros.ament_cmake' and name 'cpp_srv_cli'
[0.362s] Level 1:colcon.colcon_core.package_identification:_identify(src/py_pub_sub) by extensions ['ignore', 'ignore_ament_install']
[0.362s] Level 1:colcon.colcon_core.package_identification:_identify(src/py_pub_sub) by extension 'ignore'
[0.362s] Level 1:colcon.colcon_core.package_identification:_identify(src/py_pub_sub) by extension 'ignore_ament_install'
[0.362s] Level 1:colcon.colcon_core.package_identification:_identify(src/py_pub_sub) by extensions ['colcon_pkg']
[0.362s] Level 1:colcon.colcon_core.package_identification:_identify(src/py_pub_sub) by extension 'colcon_pkg'
[0.362s] Level 1:colcon.colcon_core.package_identification:_identify(src/py_pub_sub) by extensions ['colcon_meta']
[0.362s] Level 1:colcon.colcon_core.package_identification:_identify(src/py_pub_sub) by extension 'colcon_meta'
[0.362s] Level 1:colcon.colcon_core.package_identification:_identify(src/py_pub_sub) by extensions ['ros']
[0.362s] Level 1:colcon.colcon_core.package_identification:_identify(src/py_pub_sub) by extension 'ros'
[0.363s] DEBUG:colcon.colcon_core.package_identification:Package 'src/py_pub_sub' with type 'ros.ament_python' and name 'py_pub_sub'
[0.363s] Level 1:colcon.colcon_core.package_identification:_identify(src/py_srv_cli) by extensions ['ignore', 'ignore_ament_install']
[0.363s] Level 1:colcon.colcon_core.package_identification:_identify(src/py_srv_cli) by extension 'ignore'
[0.363s] Level 1:colcon.colcon_core.package_identification:_identify(src/py_srv_cli) by extension 'ignore_ament_install'
[0.363s] Level 1:colcon.colcon_core.package_identification:_identify(src/py_srv_cli) by extensions ['colcon_pkg']
[0.363s] Level 1:colcon.colcon_core.package_identification:_identify(src/py_srv_cli) by extension 'colcon_pkg'
[0.363s] Level 1:colcon.colcon_core.package_identification:_identify(src/py_srv_cli) by extensions ['colcon_meta']
[0.363s] Level 1:colcon.colcon_core.package_identification:_identify(src/py_srv_cli) by extension 'colcon_meta'
[0.363s] Level 1:colcon.colcon_core.package_identification:_identify(src/py_srv_cli) by extensions ['ros']
[0.363s] Level 1:colcon.colcon_core.package_identification:_identify(src/py_srv_cli) by extension 'ros'
[0.364s] DEBUG:colcon.colcon_core.package_identification:Package 'src/py_srv_cli' with type 'ros.ament_python' and name 'py_srv_cli'
[0.364s] Level 1:colcon.colcon_core.package_discovery:discover_packages(recursive) using defaults
[0.364s] Level 1:colcon.colcon_core.package_discovery:discover_packages(ignore) discover
[0.364s] Level 1:colcon.colcon_core.package_discovery:discover_packages(ignore) using defaults
[0.364s] Level 1:colcon.colcon_core.package_discovery:discover_packages(path) discover
[0.364s] Level 1:colcon.colcon_core.package_discovery:discover_packages(path) using defaults
[0.382s] Level 1:colcon.colcon_core.package_discovery:discover_packages(prefix_path) check parameters
[0.382s] Level 1:colcon.colcon_core.package_discovery:discover_packages(prefix_path) discover
[0.385s] DEBUG:colcon.colcon_installed_package_information.package_discovery:Found 5 installed packages in /home/zyh/ros2_study/foxy/foxy_ws/install
[0.387s] DEBUG:colcon.colcon_installed_package_information.package_discovery:Found 256 installed packages in /opt/ros/foxy
[0.388s] Level 1:colcon.colcon_core.package_discovery:discover_packages(prefix_path) using defaults
[0.447s] Level 5:colcon.colcon_core.verb:set package 'cpp_pub_sub' build argument 'cmake_args' from command line to 'None'
[0.447s] Level 5:colcon.colcon_core.verb:set package 'cpp_pub_sub' build argument 'cmake_target' from command line to 'None'
[0.447s] Level 5:colcon.colcon_core.verb:set package 'cpp_pub_sub' build argument 'cmake_target_skip_unavailable' from command line to 'False'
[0.447s] Level 5:colcon.colcon_core.verb:set package 'cpp_pub_sub' build argument 'cmake_clean_cache' from command line to 'False'
[0.447s] Level 5:colcon.colcon_core.verb:set package 'cpp_pub_sub' build argument 'cmake_clean_first' from command line to 'False'
[0.447s] Level 5:colcon.colcon_core.verb:set package 'cpp_pub_sub' build argument 'cmake_force_configure' from command line to 'False'
[0.447s] Level 5:colcon.colcon_core.verb:set package 'cpp_pub_sub' build argument 'ament_cmake_args' from command line to 'None'
[0.447s] Level 5:colcon.colcon_core.verb:set package 'cpp_pub_sub' build argument 'catkin_cmake_args' from command line to 'None'
[0.447s] Level 5:colcon.colcon_core.verb:set package 'cpp_pub_sub' build argument 'catkin_skip_building_tests' from command line to 'False'
[0.447s] DEBUG:colcon.colcon_core.verb:Building package 'cpp_pub_sub' with the following arguments: {'ament_cmake_args': None, 'build_base': '/home/zyh/ros2_study/foxy/foxy_ws/build/cpp_pub_sub', 'catkin_cmake_args': None, 'catkin_skip_building_tests': False, 'cmake_args': None, 'cmake_clean_cache': False, 'cmake_clean_first': False, 'cmake_force_configure': False, 'cmake_target': None, 'cmake_target_skip_unavailable': False, 'install_base': '/home/zyh/ros2_study/foxy/foxy_ws/install/cpp_pub_sub', 'merge_install': False, 'path': '/home/zyh/ros2_study/foxy/foxy_ws/src/cpp_pub_sub', 'symlink_install': False, 'test_result_base': None}
[0.448s] Level 5:colcon.colcon_core.verb:set package 'cpp_srv_cli' build argument 'cmake_args' from command line to 'None'
[0.448s] Level 5:colcon.colcon_core.verb:set package 'cpp_srv_cli' build argument 'cmake_target' from command line to 'None'
[0.448s] Level 5:colcon.colcon_core.verb:set package 'cpp_srv_cli' build argument 'cmake_target_skip_unavailable' from command line to 'False'
[0.448s] Level 5:colcon.colcon_core.verb:set package 'cpp_srv_cli' build argument 'cmake_clean_cache' from command line to 'False'
[0.448s] Level 5:colcon.colcon_core.verb:set package 'cpp_srv_cli' build argument 'cmake_clean_first' from command line to 'False'
[0.448s] Level 5:colcon.colcon_core.verb:set package 'cpp_srv_cli' build argument 'cmake_force_configure' from command line to 'False'
[0.448s] Level 5:colcon.colcon_core.verb:set package 'cpp_srv_cli' build argument 'ament_cmake_args' from command line to 'None'
[0.448s] Level 5:colcon.colcon_core.verb:set package 'cpp_srv_cli' build argument 'catkin_cmake_args' from command line to 'None'
[0.448s] Level 5:colcon.colcon_core.verb:set package 'cpp_srv_cli' build argument 'catkin_skip_building_tests' from command line to 'False'
[0.448s] DEBUG:colcon.colcon_core.verb:Building package 'cpp_srv_cli' with the following arguments: {'ament_cmake_args': None, 'build_base': '/home/zyh/ros2_study/foxy/foxy_ws/build/cpp_srv_cli', 'catkin_cmake_args': None, 'catkin_skip_building_tests': False, 'cmake_args': None, 'cmake_clean_cache': False, 'cmake_clean_first': False, 'cmake_force_configure': False, 'cmake_target': None, 'cmake_target_skip_unavailable': False, 'install_base': '/home/zyh/ros2_study/foxy/foxy_ws/install/cpp_srv_cli', 'merge_install': False, 'path': '/home/zyh/ros2_study/foxy/foxy_ws/src/cpp_srv_cli', 'symlink_install': False, 'test_result_base': None}
[0.449s] Level 5:colcon.colcon_core.verb:set package 'py_pub_sub' build argument 'cmake_args' from command line to 'None'
[0.449s] Level 5:colcon.colcon_core.verb:set package 'py_pub_sub' build argument 'cmake_target' from command line to 'None'
[0.450s] Level 5:colcon.colcon_core.verb:set package 'py_pub_sub' build argument 'cmake_target_skip_unavailable' from command line to 'False'
[0.450s] Level 5:colcon.colcon_core.verb:set package 'py_pub_sub' build argument 'cmake_clean_cache' from command line to 'False'
[0.450s] Level 5:colcon.colcon_core.verb:set package 'py_pub_sub' build argument 'cmake_clean_first' from command line to 'False'
[0.450s] Level 5:colcon.colcon_core.verb:set package 'py_pub_sub' build argument 'cmake_force_configure' from command line to 'False'
[0.450s] Level 5:colcon.colcon_core.verb:set package 'py_pub_sub' build argument 'ament_cmake_args' from command line to 'None'
[0.450s] Level 5:colcon.colcon_core.verb:set package 'py_pub_sub' build argument 'catkin_cmake_args' from command line to 'None'
[0.450s] Level 5:colcon.colcon_core.verb:set package 'py_pub_sub' build argument 'catkin_skip_building_tests' from command line to 'False'
[0.450s] DEBUG:colcon.colcon_core.verb:Building package 'py_pub_sub' with the following arguments: {'ament_cmake_args': None, 'build_base': '/home/zyh/ros2_study/foxy/foxy_ws/build/py_pub_sub', 'catkin_cmake_args': None, 'catkin_skip_building_tests': False, 'cmake_args': None, 'cmake_clean_cache': False, 'cmake_clean_first': False, 'cmake_force_configure': False, 'cmake_target': None, 'cmake_target_skip_unavailable': False, 'install_base': '/home/zyh/ros2_study/foxy/foxy_ws/install/py_pub_sub', 'merge_install': False, 'path': '/home/zyh/ros2_study/foxy/foxy_ws/src/py_pub_sub', 'symlink_install': False, 'test_result_base': None}
[0.451s] Level 5:colcon.colcon_core.verb:set package 'py_srv_cli' build argument 'cmake_args' from command line to 'None'
[0.451s] Level 5:colcon.colcon_core.verb:set package 'py_srv_cli' build argument 'cmake_target' from command line to 'None'
[0.451s] Level 5:colcon.colcon_core.verb:set package 'py_srv_cli' build argument 'cmake_target_skip_unavailable' from command line to 'False'
[0.451s] Level 5:colcon.colcon_core.verb:set package 'py_srv_cli' build argument 'cmake_clean_cache' from command line to 'False'
[0.451s] Level 5:colcon.colcon_core.verb:set package 'py_srv_cli' build argument 'cmake_clean_first' from command line to 'False'
[0.451s] Level 5:colcon.colcon_core.verb:set package 'py_srv_cli' build argument 'cmake_force_configure' from command line to 'False'
[0.451s] Level 5:colcon.colcon_core.verb:set package 'py_srv_cli' build argument 'ament_cmake_args' from command line to 'None'
[0.451s] Level 5:colcon.colcon_core.verb:set package 'py_srv_cli' build argument 'catkin_cmake_args' from command line to 'None'
[0.451s] Level 5:colcon.colcon_core.verb:set package 'py_srv_cli' build argument 'catkin_skip_building_tests' from command line to 'False'
[0.451s] DEBUG:colcon.colcon_core.verb:Building package 'py_srv_cli' with the following arguments: {'ament_cmake_args': None, 'build_base': '/home/zyh/ros2_study/foxy/foxy_ws/build/py_srv_cli', 'catkin_cmake_args': None, 'catkin_skip_building_tests': False, 'cmake_args': None, 'cmake_clean_cache': False, 'cmake_clean_first': False, 'cmake_force_configure': False, 'cmake_target': None, 'cmake_target_skip_unavailable': False, 'install_base': '/home/zyh/ros2_study/foxy/foxy_ws/install/py_srv_cli', 'merge_install': False, 'path': '/home/zyh/ros2_study/foxy/foxy_ws/src/py_srv_cli', 'symlink_install': False, 'test_result_base': None}
[0.452s] INFO:colcon.colcon_core.executor:Executing jobs using 'parallel' executor
[0.457s] DEBUG:colcon.colcon_parallel_executor.executor.parallel:run_until_complete
[0.457s] INFO:colcon.colcon_ros.task.ament_cmake.build:Building ROS package in '/home/zyh/ros2_study/foxy/foxy_ws/src/cpp_pub_sub' with build type 'ament_cmake'
[0.457s] INFO:colcon.colcon_cmake.task.cmake.build:Building CMake package in '/home/zyh/ros2_study/foxy/foxy_ws/src/cpp_pub_sub'
[0.462s] INFO:colcon.colcon_core.plugin_system:Skipping extension 'colcon_core.shell.bat': Not used on non-Windows systems
[0.463s] INFO:colcon.colcon_core.shell:Skip shell extension 'powershell' for command environment: Not usable outside of PowerShell
[0.463s] DEBUG:colcon.colcon_core.shell:Skip shell extension 'dsv' for command environment
[0.470s] INFO:colcon.colcon_ros.task.ament_cmake.build:Building ROS package in '/home/zyh/ros2_study/foxy/foxy_ws/src/cpp_srv_cli' with build type 'ament_cmake'
[0.470s] INFO:colcon.colcon_cmake.task.cmake.build:Building CMake package in '/home/zyh/ros2_study/foxy/foxy_ws/src/cpp_srv_cli'
[0.473s] INFO:colcon.colcon_core.shell:Skip shell extension 'powershell' for command environment: Not usable outside of PowerShell
[0.473s] DEBUG:colcon.colcon_core.shell:Skip shell extension 'dsv' for command environment
[0.483s] INFO:colcon.colcon_ros.task.ament_python.build:Building ROS package in '/home/zyh/ros2_study/foxy/foxy_ws/src/py_pub_sub' with build type 'ament_python'
[0.483s] Level 1:colcon.colcon_core.shell:create_environment_hook('py_pub_sub', 'ament_prefix_path')
[0.486s] INFO:colcon.colcon_core.shell:Creating environment hook '/home/zyh/ros2_study/foxy/foxy_ws/install/py_pub_sub/share/py_pub_sub/hook/ament_prefix_path.ps1'
[0.487s] INFO:colcon.colcon_core.shell:Creating environment descriptor '/home/zyh/ros2_study/foxy/foxy_ws/install/py_pub_sub/share/py_pub_sub/hook/ament_prefix_path.dsv'
[0.488s] INFO:colcon.colcon_core.shell:Creating environment hook '/home/zyh/ros2_study/foxy/foxy_ws/install/py_pub_sub/share/py_pub_sub/hook/ament_prefix_path.sh'
[0.491s] INFO:colcon.colcon_core.shell:Skip shell extension 'powershell' for command environment: Not usable outside of PowerShell
[0.491s] DEBUG:colcon.colcon_core.shell:Skip shell extension 'dsv' for command environment
[0.500s] INFO:colcon.colcon_ros.task.ament_python.build:Building ROS package in '/home/zyh/ros2_study/foxy/foxy_ws/src/py_srv_cli' with build type 'ament_python'
[0.500s] Level 1:colcon.colcon_core.shell:create_environment_hook('py_srv_cli', 'ament_prefix_path')
[0.503s] INFO:colcon.colcon_core.shell:Creating environment hook '/home/zyh/ros2_study/foxy/foxy_ws/install/py_srv_cli/share/py_srv_cli/hook/ament_prefix_path.ps1'
[0.504s] INFO:colcon.colcon_core.shell:Creating environment descriptor '/home/zyh/ros2_study/foxy/foxy_ws/install/py_srv_cli/share/py_srv_cli/hook/ament_prefix_path.dsv'
[0.504s] INFO:colcon.colcon_core.shell:Creating environment hook '/home/zyh/ros2_study/foxy/foxy_ws/install/py_srv_cli/share/py_srv_cli/hook/ament_prefix_path.sh'
[0.507s] INFO:colcon.colcon_core.shell:Skip shell extension 'powershell' for command environment: Not usable outside of PowerShell
[0.507s] DEBUG:colcon.colcon_core.shell:Skip shell extension 'dsv' for command environment
[0.525s] DEBUG:colcon.colcon_core.event_handler.log_command:Invoking command in '/home/zyh/ros2_study/foxy/foxy_ws/build/cpp_pub_sub': CMAKE_PREFIX_PATH=${CMAKE_PREFIX_PATH}:/home/zyh/ros2_study/foxy/foxy_ws/install/py_srv_cli:/home/zyh/ros2_study/foxy/foxy_ws/install/py_pub_sub:/opt/ros/foxy /usr/bin/cmake --build /home/zyh/ros2_study/foxy/foxy_ws/build/cpp_pub_sub -- -j12 -l12
[0.536s] DEBUG:colcon.colcon_core.event_handler.log_command:Invoking command in '/home/zyh/ros2_study/foxy/foxy_ws/build/cpp_srv_cli': CMAKE_PREFIX_PATH=${CMAKE_PREFIX_PATH}:/home/zyh/ros2_study/foxy/foxy_ws/install/py_srv_cli:/home/zyh/ros2_study/foxy/foxy_ws/install/py_pub_sub:/opt/ros/foxy /usr/bin/cmake --build /home/zyh/ros2_study/foxy/foxy_ws/build/cpp_srv_cli -- -j12 -l12
[0.809s] INFO:colcon.colcon_core.task.python.build:Building Python package in '/home/zyh/ros2_study/foxy/foxy_ws/src/py_pub_sub'
[0.812s] INFO:colcon.colcon_core.shell:Skip shell extension 'powershell' for command environment: Not usable outside of PowerShell
[0.812s] DEBUG:colcon.colcon_core.shell:Skip shell extension 'dsv' for command environment
[0.823s] DEBUG:colcon.colcon_core.event_handler.log_command:Invoked command in '/home/zyh/ros2_study/foxy/foxy_ws/build/cpp_pub_sub' returned '0': CMAKE_PREFIX_PATH=${CMAKE_PREFIX_PATH}:/home/zyh/ros2_study/foxy/foxy_ws/install/py_srv_cli:/home/zyh/ros2_study/foxy/foxy_ws/install/py_pub_sub:/opt/ros/foxy /usr/bin/cmake --build /home/zyh/ros2_study/foxy/foxy_ws/build/cpp_pub_sub -- -j12 -l12
[0.826s] DEBUG:colcon.colcon_core.event_handler.log_command:Invoked command in '/home/zyh/ros2_study/foxy/foxy_ws/build/cpp_srv_cli' returned '0': CMAKE_PREFIX_PATH=${CMAKE_PREFIX_PATH}:/home/zyh/ros2_study/foxy/foxy_ws/install/py_srv_cli:/home/zyh/ros2_study/foxy/foxy_ws/install/py_pub_sub:/opt/ros/foxy /usr/bin/cmake --build /home/zyh/ros2_study/foxy/foxy_ws/build/cpp_srv_cli -- -j12 -l12
[1.095s] INFO:colcon.colcon_core.task.python.build:Building Python package in '/home/zyh/ros2_study/foxy/foxy_ws/src/py_srv_cli'
[1.098s] INFO:colcon.colcon_core.shell:Skip shell extension 'powershell' for command environment: Not usable outside of PowerShell
[1.098s] DEBUG:colcon.colcon_core.shell:Skip shell extension 'dsv' for command environment
[1.124s] DEBUG:colcon.colcon_core.event_handler.log_command:Invoking command in '/home/zyh/ros2_study/foxy/foxy_ws/build/cpp_pub_sub': CMAKE_PREFIX_PATH=${CMAKE_PREFIX_PATH}:/home/zyh/ros2_study/foxy/foxy_ws/install/py_srv_cli:/home/zyh/ros2_study/foxy/foxy_ws/install/py_pub_sub:/opt/ros/foxy /usr/bin/cmake --install /home/zyh/ros2_study/foxy/foxy_ws/build/cpp_pub_sub
[1.127s] DEBUG:colcon.colcon_core.event_handler.log_command:Invoking command in '/home/zyh/ros2_study/foxy/foxy_ws/build/cpp_srv_cli': CMAKE_PREFIX_PATH=${CMAKE_PREFIX_PATH}:/home/zyh/ros2_study/foxy/foxy_ws/install/py_srv_cli:/home/zyh/ros2_study/foxy/foxy_ws/install/py_pub_sub:/opt/ros/foxy /usr/bin/cmake --install /home/zyh/ros2_study/foxy/foxy_ws/build/cpp_srv_cli
[1.138s] Level 1:colcon.colcon_core.environment:create_environment_scripts_only(cpp_pub_sub)
[1.140s] DEBUG:colcon.colcon_core.event_handler.log_command:Invoked command in '/home/zyh/ros2_study/foxy/foxy_ws/build/cpp_pub_sub' returned '0': CMAKE_PREFIX_PATH=${CMAKE_PREFIX_PATH}:/home/zyh/ros2_study/foxy/foxy_ws/install/py_srv_cli:/home/zyh/ros2_study/foxy/foxy_ws/install/py_pub_sub:/opt/ros/foxy /usr/bin/cmake --install /home/zyh/ros2_study/foxy/foxy_ws/build/cpp_pub_sub
[1.148s] Level 1:colcon.colcon_core.environment:checking '/home/zyh/ros2_study/foxy/foxy_ws/install/cpp_pub_sub' for CMake module files
[1.148s] Level 1:colcon.colcon_core.environment:checking '/home/zyh/ros2_study/foxy/foxy_ws/install/cpp_pub_sub' for CMake config files
[1.149s] Level 1:colcon.colcon_core.shell:create_environment_hook('cpp_pub_sub', 'cmake_prefix_path')
[1.151s] INFO:colcon.colcon_core.shell:Creating environment hook '/home/zyh/ros2_study/foxy/foxy_ws/install/cpp_pub_sub/share/cpp_pub_sub/hook/cmake_prefix_path.ps1'
[1.151s] INFO:colcon.colcon_core.shell:Creating environment descriptor '/home/zyh/ros2_study/foxy/foxy_ws/install/cpp_pub_sub/share/cpp_pub_sub/hook/cmake_prefix_path.dsv'
[1.152s] INFO:colcon.colcon_core.shell:Creating environment hook '/home/zyh/ros2_study/foxy/foxy_ws/install/cpp_pub_sub/share/cpp_pub_sub/hook/cmake_prefix_path.sh'
[1.152s] Level 1:colcon.colcon_core.environment:checking '/home/zyh/ros2_study/foxy/foxy_ws/install/cpp_pub_sub/lib'
[1.152s] Level 1:colcon.colcon_core.environment:checking '/home/zyh/ros2_study/foxy/foxy_ws/install/cpp_pub_sub/bin'
[1.152s] Level 1:colcon.colcon_core.environment:checking '/home/zyh/ros2_study/foxy/foxy_ws/install/cpp_pub_sub/lib/pkgconfig/cpp_pub_sub.pc'
[1.153s] Level 1:colcon.colcon_core.environment:checking '/home/zyh/ros2_study/foxy/foxy_ws/install/cpp_pub_sub/lib/python3.8/site-packages'
[1.153s] Level 1:colcon.colcon_core.environment:checking '/home/zyh/ros2_study/foxy/foxy_ws/install/cpp_pub_sub/bin'
[1.155s] INFO:colcon.colcon_core.shell:Creating package script '/home/zyh/ros2_study/foxy/foxy_ws/install/cpp_pub_sub/share/cpp_pub_sub/package.ps1'
[1.156s] INFO:colcon.colcon_core.shell:Creating package descriptor '/home/zyh/ros2_study/foxy/foxy_ws/install/cpp_pub_sub/share/cpp_pub_sub/package.dsv'
[1.156s] INFO:colcon.colcon_core.shell:Creating package script '/home/zyh/ros2_study/foxy/foxy_ws/install/cpp_pub_sub/share/cpp_pub_sub/package.sh'
[1.157s] INFO:colcon.colcon_core.shell:Creating package script '/home/zyh/ros2_study/foxy/foxy_ws/install/cpp_pub_sub/share/cpp_pub_sub/package.bash'
[1.157s] INFO:colcon.colcon_core.shell:Creating package script '/home/zyh/ros2_study/foxy/foxy_ws/install/cpp_pub_sub/share/cpp_pub_sub/package.zsh'
[1.158s] Level 1:colcon.colcon_core.environment:create_file_with_runtime_dependencies(/home/zyh/ros2_study/foxy/foxy_ws/install/cpp_pub_sub/share/colcon-core/packages/cpp_pub_sub)
[1.162s] Level 1:colcon.colcon_core.environment:create_environment_scripts_only(cpp_srv_cli)
[1.168s] Level 1:colcon.colcon_core.environment:checking '/home/zyh/ros2_study/foxy/foxy_ws/install/cpp_srv_cli' for CMake module files
[1.169s] DEBUG:colcon.colcon_core.event_handler.log_command:Invoked command in '/home/zyh/ros2_study/foxy/foxy_ws/build/cpp_srv_cli' returned '0': CMAKE_PREFIX_PATH=${CMAKE_PREFIX_PATH}:/home/zyh/ros2_study/foxy/foxy_ws/install/py_srv_cli:/home/zyh/ros2_study/foxy/foxy_ws/install/py_pub_sub:/opt/ros/foxy /usr/bin/cmake --install /home/zyh/ros2_study/foxy/foxy_ws/build/cpp_srv_cli
[1.169s] Level 1:colcon.colcon_core.environment:checking '/home/zyh/ros2_study/foxy/foxy_ws/install/cpp_srv_cli' for CMake config files
[1.169s] Level 1:colcon.colcon_core.shell:create_environment_hook('cpp_srv_cli', 'cmake_prefix_path')
[1.172s] INFO:colcon.colcon_core.shell:Creating environment hook '/home/zyh/ros2_study/foxy/foxy_ws/install/cpp_srv_cli/share/cpp_srv_cli/hook/cmake_prefix_path.ps1'
[1.173s] INFO:colcon.colcon_core.shell:Creating environment descriptor '/home/zyh/ros2_study/foxy/foxy_ws/install/cpp_srv_cli/share/cpp_srv_cli/hook/cmake_prefix_path.dsv'
[1.174s] INFO:colcon.colcon_core.shell:Creating environment hook '/home/zyh/ros2_study/foxy/foxy_ws/install/cpp_srv_cli/share/cpp_srv_cli/hook/cmake_prefix_path.sh'
[1.174s] Level 1:colcon.colcon_core.environment:checking '/home/zyh/ros2_study/foxy/foxy_ws/install/cpp_srv_cli/lib'
[1.175s] Level 1:colcon.colcon_core.environment:checking '/home/zyh/ros2_study/foxy/foxy_ws/install/cpp_srv_cli/bin'
[1.175s] Level 1:colcon.colcon_core.environment:checking '/home/zyh/ros2_study/foxy/foxy_ws/install/cpp_srv_cli/lib/pkgconfig/cpp_srv_cli.pc'
[1.175s] Level 1:colcon.colcon_core.environment:checking '/home/zyh/ros2_study/foxy/foxy_ws/install/cpp_srv_cli/lib/python3.8/site-packages'
[1.175s] Level 1:colcon.colcon_core.environment:checking '/home/zyh/ros2_study/foxy/foxy_ws/install/cpp_srv_cli/bin'
[1.180s] INFO:colcon.colcon_core.shell:Creating package script '/home/zyh/ros2_study/foxy/foxy_ws/install/cpp_srv_cli/share/cpp_srv_cli/package.ps1'
[1.181s] INFO:colcon.colcon_core.shell:Creating package descriptor '/home/zyh/ros2_study/foxy/foxy_ws/install/cpp_srv_cli/share/cpp_srv_cli/package.dsv'
[1.181s] INFO:colcon.colcon_core.shell:Creating package script '/home/zyh/ros2_study/foxy/foxy_ws/install/cpp_srv_cli/share/cpp_srv_cli/package.sh'
[1.182s] INFO:colcon.colcon_core.shell:Creating package script '/home/zyh/ros2_study/foxy/foxy_ws/install/cpp_srv_cli/share/cpp_srv_cli/package.bash'
[1.182s] INFO:colcon.colcon_core.shell:Creating package script '/home/zyh/ros2_study/foxy/foxy_ws/install/cpp_srv_cli/share/cpp_srv_cli/package.zsh'
[1.183s] Level 1:colcon.colcon_core.environment:create_file_with_runtime_dependencies(/home/zyh/ros2_study/foxy/foxy_ws/install/cpp_srv_cli/share/colcon-core/packages/cpp_srv_cli)
[1.222s] Level 1:colcon.colcon_core.environment:create_environment_scripts_only(cpp_pub_sub)
[1.225s] Level 1:colcon.colcon_core.environment:checking '/home/zyh/ros2_study/foxy/foxy_ws/install/cpp_pub_sub' for CMake module files
[1.226s] Level 1:colcon.colcon_core.environment:checking '/home/zyh/ros2_study/foxy/foxy_ws/install/cpp_pub_sub' for CMake config files
[1.226s] Level 1:colcon.colcon_core.shell:create_environment_hook('cpp_pub_sub', 'cmake_prefix_path')
[1.229s] INFO:colcon.colcon_core.shell:Creating environment hook '/home/zyh/ros2_study/foxy/foxy_ws/install/cpp_pub_sub/share/cpp_pub_sub/hook/cmake_prefix_path.ps1'
[1.229s] INFO:colcon.colcon_core.shell:Creating environment descriptor '/home/zyh/ros2_study/foxy/foxy_ws/install/cpp_pub_sub/share/cpp_pub_sub/hook/cmake_prefix_path.dsv'
[1.229s] INFO:colcon.colcon_core.shell:Creating environment hook '/home/zyh/ros2_study/foxy/foxy_ws/install/cpp_pub_sub/share/cpp_pub_sub/hook/cmake_prefix_path.sh'
[1.230s] Level 1:colcon.colcon_core.environment:checking '/home/zyh/ros2_study/foxy/foxy_ws/install/cpp_pub_sub/lib'
[1.230s] Level 1:colcon.colcon_core.environment:checking '/home/zyh/ros2_study/foxy/foxy_ws/install/cpp_pub_sub/bin'
[1.230s] Level 1:colcon.colcon_core.environment:checking '/home/zyh/ros2_study/foxy/foxy_ws/install/cpp_pub_sub/lib/pkgconfig/cpp_pub_sub.pc'
[1.230s] Level 1:colcon.colcon_core.environment:checking '/home/zyh/ros2_study/foxy/foxy_ws/install/cpp_pub_sub/lib/python3.8/site-packages'
[1.230s] Level 1:colcon.colcon_core.environment:checking '/home/zyh/ros2_study/foxy/foxy_ws/install/cpp_pub_sub/bin'
[1.233s] INFO:colcon.colcon_core.shell:Creating package script '/home/zyh/ros2_study/foxy/foxy_ws/install/cpp_pub_sub/share/cpp_pub_sub/package.ps1'
[1.233s] INFO:colcon.colcon_core.shell:Creating package descriptor '/home/zyh/ros2_study/foxy/foxy_ws/install/cpp_pub_sub/share/cpp_pub_sub/package.dsv'
[1.234s] INFO:colcon.colcon_core.shell:Creating package script '/home/zyh/ros2_study/foxy/foxy_ws/install/cpp_pub_sub/share/cpp_pub_sub/package.sh'
[1.234s] INFO:colcon.colcon_core.shell:Creating package script '/home/zyh/ros2_study/foxy/foxy_ws/install/cpp_pub_sub/share/cpp_pub_sub/package.bash'
[1.234s] INFO:colcon.colcon_core.shell:Creating package script '/home/zyh/ros2_study/foxy/foxy_ws/install/cpp_pub_sub/share/cpp_pub_sub/package.zsh'
[1.235s] Level 1:colcon.colcon_core.environment:create_file_with_runtime_dependencies(/home/zyh/ros2_study/foxy/foxy_ws/install/cpp_pub_sub/share/colcon-core/packages/cpp_pub_sub)
[1.240s] Level 1:colcon.colcon_core.environment:create_environment_scripts_only(cpp_srv_cli)
[1.244s] Level 1:colcon.colcon_core.environment:checking '/home/zyh/ros2_study/foxy/foxy_ws/install/cpp_srv_cli' for CMake module files
[1.245s] Level 1:colcon.colcon_core.environment:checking '/home/zyh/ros2_study/foxy/foxy_ws/install/cpp_srv_cli' for CMake config files
[1.245s] Level 1:colcon.colcon_core.shell:create_environment_hook('cpp_srv_cli', 'cmake_prefix_path')
[1.247s] INFO:colcon.colcon_core.shell:Creating environment hook '/home/zyh/ros2_study/foxy/foxy_ws/install/cpp_srv_cli/share/cpp_srv_cli/hook/cmake_prefix_path.ps1'
[1.247s] INFO:colcon.colcon_core.shell:Creating environment descriptor '/home/zyh/ros2_study/foxy/foxy_ws/install/cpp_srv_cli/share/cpp_srv_cli/hook/cmake_prefix_path.dsv'
[1.248s] INFO:colcon.colcon_core.shell:Creating environment hook '/home/zyh/ros2_study/foxy/foxy_ws/install/cpp_srv_cli/share/cpp_srv_cli/hook/cmake_prefix_path.sh'
[1.248s] Level 1:colcon.colcon_core.environment:checking '/home/zyh/ros2_study/foxy/foxy_ws/install/cpp_srv_cli/lib'
[1.248s] Level 1:colcon.colcon_core.environment:checking '/home/zyh/ros2_study/foxy/foxy_ws/install/cpp_srv_cli/bin'
[1.248s] Level 1:colcon.colcon_core.environment:checking '/home/zyh/ros2_study/foxy/foxy_ws/install/cpp_srv_cli/lib/pkgconfig/cpp_srv_cli.pc'
[1.249s] Level 1:colcon.colcon_core.environment:checking '/home/zyh/ros2_study/foxy/foxy_ws/install/cpp_srv_cli/lib/python3.8/site-packages'
[1.249s] Level 1:colcon.colcon_core.environment:checking '/home/zyh/ros2_study/foxy/foxy_ws/install/cpp_srv_cli/bin'
[1.251s] INFO:colcon.colcon_core.shell:Creating package script '/home/zyh/ros2_study/foxy/foxy_ws/install/cpp_srv_cli/share/cpp_srv_cli/package.ps1'
[1.251s] INFO:colcon.colcon_core.shell:Creating package descriptor '/home/zyh/ros2_study/foxy/foxy_ws/install/cpp_srv_cli/share/cpp_srv_cli/package.dsv'
[1.252s] INFO:colcon.colcon_core.shell:Creating package script '/home/zyh/ros2_study/foxy/foxy_ws/install/cpp_srv_cli/share/cpp_srv_cli/package.sh'
[1.252s] INFO:colcon.colcon_core.shell:Creating package script '/home/zyh/ros2_study/foxy/foxy_ws/install/cpp_srv_cli/share/cpp_srv_cli/package.bash'
[1.253s] INFO:colcon.colcon_core.shell:Creating package script '/home/zyh/ros2_study/foxy/foxy_ws/install/cpp_srv_cli/share/cpp_srv_cli/package.zsh'
[1.253s] Level 1:colcon.colcon_core.environment:create_file_with_runtime_dependencies(/home/zyh/ros2_study/foxy/foxy_ws/install/cpp_srv_cli/share/colcon-core/packages/cpp_srv_cli)
[1.691s] DEBUG:colcon.colcon_core.event_handler.log_command:Invoking command in '/home/zyh/ros2_study/foxy/foxy_ws/src/py_pub_sub': PYTHONPATH=/home/zyh/ros2_study/foxy/foxy_ws/build/py_pub_sub/prefix_override:/home/zyh/ros2_study/foxy/foxy_ws/install/py_pub_sub/lib/python3.8/site-packages:${PYTHONPATH} /usr/bin/python3 setup.py egg_info --egg-base ../../build/py_pub_sub build --build-base /home/zyh/ros2_study/foxy/foxy_ws/build/py_pub_sub/build install --record /home/zyh/ros2_study/foxy/foxy_ws/build/py_pub_sub/install.log --install-scripts $base/lib/py_pub_sub --single-version-externally-managed
[1.747s] DEBUG:colcon.colcon_core.event_handler.log_command:Invoking command in '/home/zyh/ros2_study/foxy/foxy_ws/src/py_srv_cli': PYTHONPATH=/home/zyh/ros2_study/foxy/foxy_ws/build/py_srv_cli/prefix_override:/home/zyh/ros2_study/foxy/foxy_ws/install/py_srv_cli/lib/python3.8/site-packages:${PYTHONPATH} /usr/bin/python3 setup.py egg_info --egg-base ../../build/py_srv_cli build --build-base /home/zyh/ros2_study/foxy/foxy_ws/build/py_srv_cli/build install --record /home/zyh/ros2_study/foxy/foxy_ws/build/py_srv_cli/install.log --install-scripts $base/lib/py_srv_cli --single-version-externally-managed
[2.055s] Level 1:colcon.colcon_core.environment:checking '/home/zyh/ros2_study/foxy/foxy_ws/install/py_pub_sub' for CMake module files
[2.056s] DEBUG:colcon.colcon_core.event_handler.log_command:Invoked command in '/home/zyh/ros2_study/foxy/foxy_ws/src/py_pub_sub' returned '0': PYTHONPATH=/home/zyh/ros2_study/foxy/foxy_ws/build/py_pub_sub/prefix_override:/home/zyh/ros2_study/foxy/foxy_ws/install/py_pub_sub/lib/python3.8/site-packages:${PYTHONPATH} /usr/bin/python3 setup.py egg_info --egg-base ../../build/py_pub_sub build --build-base /home/zyh/ros2_study/foxy/foxy_ws/build/py_pub_sub/build install --record /home/zyh/ros2_study/foxy/foxy_ws/build/py_pub_sub/install.log --install-scripts $base/lib/py_pub_sub --single-version-externally-managed
[2.058s] Level 1:colcon.colcon_core.environment:checking '/home/zyh/ros2_study/foxy/foxy_ws/install/py_pub_sub' for CMake config files
[2.059s] Level 1:colcon.colcon_core.environment:checking '/home/zyh/ros2_study/foxy/foxy_ws/install/py_pub_sub/lib'
[2.059s] Level 1:colcon.colcon_core.environment:checking '/home/zyh/ros2_study/foxy/foxy_ws/install/py_pub_sub/bin'
[2.059s] Level 1:colcon.colcon_core.environment:checking '/home/zyh/ros2_study/foxy/foxy_ws/install/py_pub_sub/lib/pkgconfig/py_pub_sub.pc'
[2.059s] Level 1:colcon.colcon_core.environment:checking '/home/zyh/ros2_study/foxy/foxy_ws/install/py_pub_sub/lib/python3.8/site-packages'
[2.059s] Level 1:colcon.colcon_core.shell:create_environment_hook('py_pub_sub', 'pythonpath')
[2.064s] INFO:colcon.colcon_core.shell:Creating environment hook '/home/zyh/ros2_study/foxy/foxy_ws/install/py_pub_sub/share/py_pub_sub/hook/pythonpath.ps1'
[2.065s] INFO:colcon.colcon_core.shell:Creating environment descriptor '/home/zyh/ros2_study/foxy/foxy_ws/install/py_pub_sub/share/py_pub_sub/hook/pythonpath.dsv'
[2.065s] INFO:colcon.colcon_core.shell:Creating environment hook '/home/zyh/ros2_study/foxy/foxy_ws/install/py_pub_sub/share/py_pub_sub/hook/pythonpath.sh'
[2.066s] Level 1:colcon.colcon_core.environment:checking '/home/zyh/ros2_study/foxy/foxy_ws/install/py_pub_sub/bin'
[2.066s] Level 1:colcon.colcon_core.environment:create_environment_scripts_only(py_pub_sub)
[2.068s] INFO:colcon.colcon_core.shell:Creating package script '/home/zyh/ros2_study/foxy/foxy_ws/install/py_pub_sub/share/py_pub_sub/package.ps1'
[2.069s] INFO:colcon.colcon_core.shell:Creating package descriptor '/home/zyh/ros2_study/foxy/foxy_ws/install/py_pub_sub/share/py_pub_sub/package.dsv'
[2.069s] INFO:colcon.colcon_core.shell:Creating package script '/home/zyh/ros2_study/foxy/foxy_ws/install/py_pub_sub/share/py_pub_sub/package.sh'
[2.070s] INFO:colcon.colcon_core.shell:Creating package script '/home/zyh/ros2_study/foxy/foxy_ws/install/py_pub_sub/share/py_pub_sub/package.bash'
[2.070s] INFO:colcon.colcon_core.shell:Creating package script '/home/zyh/ros2_study/foxy/foxy_ws/install/py_pub_sub/share/py_pub_sub/package.zsh'
[2.071s] Level 1:colcon.colcon_core.environment:create_file_with_runtime_dependencies(/home/zyh/ros2_study/foxy/foxy_ws/install/py_pub_sub/share/colcon-core/packages/py_pub_sub)
[2.109s] Level 1:colcon.colcon_core.environment:checking '/home/zyh/ros2_study/foxy/foxy_ws/install/py_srv_cli' for CMake module files
[2.110s] DEBUG:colcon.colcon_core.event_handler.log_command:Invoked command in '/home/zyh/ros2_study/foxy/foxy_ws/src/py_srv_cli' returned '0': PYTHONPATH=/home/zyh/ros2_study/foxy/foxy_ws/build/py_srv_cli/prefix_override:/home/zyh/ros2_study/foxy/foxy_ws/install/py_srv_cli/lib/python3.8/site-packages:${PYTHONPATH} /usr/bin/python3 setup.py egg_info --egg-base ../../build/py_srv_cli build --build-base /home/zyh/ros2_study/foxy/foxy_ws/build/py_srv_cli/build install --record /home/zyh/ros2_study/foxy/foxy_ws/build/py_srv_cli/install.log --install-scripts $base/lib/py_srv_cli --single-version-externally-managed
[2.110s] Level 1:colcon.colcon_core.environment:checking '/home/zyh/ros2_study/foxy/foxy_ws/install/py_srv_cli' for CMake config files
[2.111s] Level 1:colcon.colcon_core.environment:checking '/home/zyh/ros2_study/foxy/foxy_ws/install/py_srv_cli/lib'
[2.111s] Level 1:colcon.colcon_core.environment:checking '/home/zyh/ros2_study/foxy/foxy_ws/install/py_srv_cli/bin'
[2.111s] Level 1:colcon.colcon_core.environment:checking '/home/zyh/ros2_study/foxy/foxy_ws/install/py_srv_cli/lib/pkgconfig/py_srv_cli.pc'
[2.111s] Level 1:colcon.colcon_core.environment:checking '/home/zyh/ros2_study/foxy/foxy_ws/install/py_srv_cli/lib/python3.8/site-packages'
[2.111s] Level 1:colcon.colcon_core.shell:create_environment_hook('py_srv_cli', 'pythonpath')
[2.114s] INFO:colcon.colcon_core.shell:Creating environment hook '/home/zyh/ros2_study/foxy/foxy_ws/install/py_srv_cli/share/py_srv_cli/hook/pythonpath.ps1'
[2.115s] INFO:colcon.colcon_core.shell:Creating environment descriptor '/home/zyh/ros2_study/foxy/foxy_ws/install/py_srv_cli/share/py_srv_cli/hook/pythonpath.dsv'
[2.115s] INFO:colcon.colcon_core.shell:Creating environment hook '/home/zyh/ros2_study/foxy/foxy_ws/install/py_srv_cli/share/py_srv_cli/hook/pythonpath.sh'
[2.115s] Level 1:colcon.colcon_core.environment:checking '/home/zyh/ros2_study/foxy/foxy_ws/install/py_srv_cli/bin'
[2.115s] Level 1:colcon.colcon_core.environment:create_environment_scripts_only(py_srv_cli)
[2.118s] INFO:colcon.colcon_core.shell:Creating package script '/home/zyh/ros2_study/foxy/foxy_ws/install/py_srv_cli/share/py_srv_cli/package.ps1'
[2.118s] INFO:colcon.colcon_core.shell:Creating package descriptor '/home/zyh/ros2_study/foxy/foxy_ws/install/py_srv_cli/share/py_srv_cli/package.dsv'
[2.118s] INFO:colcon.colcon_core.shell:Creating package script '/home/zyh/ros2_study/foxy/foxy_ws/install/py_srv_cli/share/py_srv_cli/package.sh'
[2.119s] INFO:colcon.colcon_core.shell:Creating package script '/home/zyh/ros2_study/foxy/foxy_ws/install/py_srv_cli/share/py_srv_cli/package.bash'
[2.119s] INFO:colcon.colcon_core.shell:Creating package script '/home/zyh/ros2_study/foxy/foxy_ws/install/py_srv_cli/share/py_srv_cli/package.zsh'
[2.119s] Level 1:colcon.colcon_core.environment:create_file_with_runtime_dependencies(/home/zyh/ros2_study/foxy/foxy_ws/install/py_srv_cli/share/colcon-core/packages/py_srv_cli)
[2.120s] DEBUG:colcon.colcon_parallel_executor.executor.parallel:closing loop
[2.120s] DEBUG:colcon.colcon_parallel_executor.executor.parallel:loop closed
[2.120s] DEBUG:colcon.colcon_parallel_executor.executor.parallel:run_until_complete finished with '0'
[2.120s] DEBUG:colcon.colcon_core.event_reactor:joining thread
[2.131s] INFO:colcon.colcon_core.plugin_system:Skipping extension 'colcon_notification.desktop_notification.terminal_notifier': Not used on non-Darwin systems
[2.131s] INFO:colcon.colcon_core.plugin_system:Skipping extension 'colcon_notification.desktop_notification.win32': Not used on non-Windows systems
[2.131s] INFO:colcon.colcon_notification.desktop_notification:Sending desktop notification using 'notify2'
[2.147s] DEBUG:colcon.colcon_core.event_reactor:joined thread
[2.150s] INFO:colcon.colcon_core.shell:Creating prefix script '/home/zyh/ros2_study/foxy/foxy_ws/install/local_setup.ps1'
[2.151s] INFO:colcon.colcon_core.shell:Creating prefix util module '/home/zyh/ros2_study/foxy/foxy_ws/install/_local_setup_util_ps1.py'
[2.152s] INFO:colcon.colcon_core.shell:Creating prefix chain script '/home/zyh/ros2_study/foxy/foxy_ws/install/setup.ps1'
[2.153s] INFO:colcon.colcon_core.shell:Creating prefix script '/home/zyh/ros2_study/foxy/foxy_ws/install/local_setup.sh'
[2.154s] INFO:colcon.colcon_core.shell:Creating prefix util module '/home/zyh/ros2_study/foxy/foxy_ws/install/_local_setup_util_sh.py'
[2.154s] INFO:colcon.colcon_core.shell:Creating prefix chain script '/home/zyh/ros2_study/foxy/foxy_ws/install/setup.sh'
[2.157s] INFO:colcon.colcon_core.shell:Creating prefix script '/home/zyh/ros2_study/foxy/foxy_ws/install/local_setup.bash'
[2.158s] INFO:colcon.colcon_core.shell:Creating prefix chain script '/home/zyh/ros2_study/foxy/foxy_ws/install/setup.bash'
[2.161s] INFO:colcon.colcon_core.shell:Creating prefix script '/home/zyh/ros2_study/foxy/foxy_ws/install/local_setup.zsh'
[2.161s] INFO:colcon.colcon_core.shell:Creating prefix chain script '/home/zyh/ros2_study/foxy/foxy_ws/install/setup.zsh'
