[0.019s] Invoking command in '/home/zyh/ros2_study/foxy/foxy_ws/build/cpp_srv_cli': CMAKE_PREFIX_PATH=/opt/ros/foxy /usr/bin/cmake /home/zyh/ros2_study/foxy/foxy_ws/src/cpp_srv_cli -DCMAKE_INSTALL_PREFIX=/home/zyh/ros2_study/foxy/foxy_ws/install/cpp_srv_cli
[0.084s] -- The C compiler identification is GNU 9.4.0
[0.140s] -- The CXX compiler identification is GNU 9.4.0
[0.145s] -- Check for working C compiler: /usr/bin/cc
[0.220s] -- Check for working C compiler: /usr/bin/cc -- works
[0.221s] -- Detecting C compiler ABI info
[0.298s] -- Detecting C compiler ABI info - done
[0.308s] -- Detecting C compile features
[0.309s] -- Detecting C compile features - done
[0.311s] -- Check for working CXX compiler: /usr/bin/c++
[0.396s] -- Check for working CXX compiler: /usr/bin/c++ -- works
[0.397s] -- Detecting CXX compiler ABI info
[0.487s] -- Detecting CXX compiler ABI info - done
[0.498s] -- Detecting CXX compile features
[0.498s] -- Detecting CXX compile features - done
[0.500s] -- Found ament_cmake: 0.9.11 (/opt/ros/foxy/share/ament_cmake/cmake)
[0.553s] -- Found PythonInterp: /usr/bin/python3 (found suitable version "3.8.10", minimum required is "3") 
[0.553s] -- Using PYTHON_EXECUTABLE: /usr/bin/python3
[0.769s] -- Found rclcpp: 2.4.2 (/opt/ros/foxy/share/rclcpp/cmake)
[0.808s] -- Using all available rosidl_typesupport_c: rosidl_typesupport_fastrtps_c;rosidl_typesupport_introspection_c
[0.814s] -- Found rosidl_adapter: 1.3.0 (/opt/ros/foxy/share/rosidl_adapter/cmake)
[0.898s] -- Found OpenSSL: /usr/lib/x86_64-linux-gnu/libcrypto.so (found version "1.1.1f")  
[0.927s] -- Found FastRTPS: /opt/ros/foxy/include  
[0.997s] -- Using all available rosidl_typesupport_cpp: rosidl_typesupport_fastrtps_cpp;rosidl_typesupport_introspection_cpp
[1.048s] -- Found rmw_implementation_cmake: 1.0.4 (/opt/ros/foxy/share/rmw_implementation_cmake/cmake)
[1.049s] -- Using RMW implementation 'rmw_fastrtps_cpp' as default
[1.050s] -- Looking for pthread.h
[1.134s] -- Looking for pthread.h - found
[1.135s] -- Performing Test CMAKE_HAVE_LIBC_PTHREAD
[1.369s] -- Performing Test CMAKE_HAVE_LIBC_PTHREAD - Failed
[1.369s] -- Looking for pthread_create in pthreads
[1.549s] -- Looking for pthread_create in pthreads - not found
[1.549s] -- Looking for pthread_create in pthread
[1.633s] -- Looking for pthread_create in pthread - found
[1.634s] -- Found Threads: TRUE  
[1.776s] -- Found example_interfaces: 0.9.1 (/opt/ros/foxy/share/example_interfaces/cmake)
[1.882s] -- Found ament_lint_auto: 0.9.8 (/opt/ros/foxy/share/ament_lint_auto/cmake)
[2.098s] -- Added test 'copyright' to check source files copyright and LICENSE
[2.100s] -- Added test 'cppcheck' to perform static code analysis on C / C++ code
[2.100s] -- Configured cppcheck include dirs: 
[2.100s] -- Configured cppcheck exclude dirs and/or files: 
[2.101s] -- Added test 'cpplint' to check C / C++ code against the Google style
[2.101s] -- Configured cpplint exclude dirs and/or files: 
[2.102s] -- Added test 'lint_cmake' to check CMake code style
[2.104s] -- Added test 'uncrustify' to check C / C++ code style
[2.104s] -- Configured uncrustify additional arguments: 
[2.105s] -- Added test 'xmllint' to check XML markup files
[2.110s] -- Configuring done
[2.111s] CMake Error at CMakeLists.txt:37 (add_executable):
[2.111s]   Cannot find source file:
[2.111s] 
[2.111s]     src/add_two_ints_client.cpp
[2.111s] 
[2.111s]   Tried extensions .c .C .c++ .cc .cpp .cxx .cu .m .M .mm .h .hh .h++ .hm
[2.111s]   .hpp .hxx .in .txx
[2.111s] 
[2.111s] 
[2.112s] CMake Error at CMakeLists.txt:34 (add_executable):
[2.112s]   Cannot find source file:
[2.112s] 
[2.113s]     src/add_two_ints_server.cpp
[2.113s] 
[2.113s]   Tried extensions .c .C .c++ .cc .cpp .cxx .cu .m .M .mm .h .hh .h++ .hm
[2.113s]   .hpp .hxx .in .txx
[2.113s] 
[2.113s] 
[2.113s] CMake Error at CMakeLists.txt:37 (add_executable):
[2.113s]   No SOURCES given to target: client
[2.113s] 
[2.113s] 
[2.113s] CMake Error at CMakeLists.txt:34 (add_executable):
[2.113s]   No SOURCES given to target: server
[2.113s] 
[2.113s] 
[2.113s] CMake Generate step failed.  Build files cannot be regenerated correctly.
[2.123s] Invoked command in '/home/zyh/ros2_study/foxy/foxy_ws/build/cpp_srv_cli' returned '1': CMAKE_PREFIX_PATH=/opt/ros/foxy /usr/bin/cmake /home/zyh/ros2_study/foxy/foxy_ws/src/cpp_srv_cli -DCMAKE_INSTALL_PREFIX=/home/zyh/ros2_study/foxy/foxy_ws/install/cpp_srv_cli
