[8.495s] Invoking command in '/home/zyh/ros2_study/foxy/foxy_ws/src/py_pub_sub': PYTHONPATH=/home/zyh/ros2_study/foxy/foxy_ws/build/py_pub_sub/prefix_override:/home/zyh/ros2_study/foxy/foxy_ws/install/py_pub_sub/lib/python3.8/site-packages:${PYTHONPATH} /usr/bin/python3 setup.py egg_info --egg-base ../../build/py_pub_sub build --build-base /home/zyh/ros2_study/foxy/foxy_ws/build/py_pub_sub/build install --record /home/zyh/ros2_study/foxy/foxy_ws/build/py_pub_sub/install.log --install-scripts $base/lib/py_pub_sub --single-version-externally-managed
[8.758s] running egg_info
[8.758s] writing ../../build/py_pub_sub/py_pub_sub.egg-info/PKG-INFO
[8.759s] writing dependency_links to ../../build/py_pub_sub/py_pub_sub.egg-info/dependency_links.txt
[8.759s] writing entry points to ../../build/py_pub_sub/py_pub_sub.egg-info/entry_points.txt
[8.759s] writing requirements to ../../build/py_pub_sub/py_pub_sub.egg-info/requires.txt
[8.759s] writing top-level names to ../../build/py_pub_sub/py_pub_sub.egg-info/top_level.txt
[8.878s] reading manifest file '../../build/py_pub_sub/py_pub_sub.egg-info/SOURCES.txt'
[8.878s] writing manifest file '../../build/py_pub_sub/py_pub_sub.egg-info/SOURCES.txt'
[8.879s] running build
[8.879s] running build_py
[8.879s] running install
[8.880s] running install_lib
[8.881s] running install_data
[8.881s] running install_egg_info
[8.882s] removing '/home/zyh/ros2_study/foxy/foxy_ws/install/py_pub_sub/lib/python3.8/site-packages/py_pub_sub-0.0.0-py3.8.egg-info' (and everything under it)
[8.883s] Copying ../../build/py_pub_sub/py_pub_sub.egg-info to /home/zyh/ros2_study/foxy/foxy_ws/install/py_pub_sub/lib/python3.8/site-packages/py_pub_sub-0.0.0-py3.8.egg-info
[8.883s] running install_scripts
[8.907s] Installing listener script to /home/zyh/ros2_study/foxy/foxy_ws/install/py_pub_sub/lib/py_pub_sub
[8.907s] Installing talker script to /home/zyh/ros2_study/foxy/foxy_ws/install/py_pub_sub/lib/py_pub_sub
[8.907s] writing list of installed files to '/home/zyh/ros2_study/foxy/foxy_ws/build/py_pub_sub/install.log'
[8.939s] Invoked command in '/home/zyh/ros2_study/foxy/foxy_ws/src/py_pub_sub' returned '0': PYTHONPATH=/home/zyh/ros2_study/foxy/foxy_ws/build/py_pub_sub/prefix_override:/home/zyh/ros2_study/foxy/foxy_ws/install/py_pub_sub/lib/python3.8/site-packages:${PYTHONPATH} /usr/bin/python3 setup.py egg_info --egg-base ../../build/py_pub_sub build --build-base /home/zyh/ros2_study/foxy/foxy_ws/build/py_pub_sub/build install --record /home/zyh/ros2_study/foxy/foxy_ws/build/py_pub_sub/install.log --install-scripts $base/lib/py_pub_sub --single-version-externally-managed
