[0.248s] Invoking command in '/home/zyh/ros2_study/foxy/foxy_ws/build/cpp_pub_sub': CMAKE_PREFIX_PATH=/opt/ros/foxy /usr/bin/cmake --build /home/zyh/ros2_study/foxy/foxy_ws/build/cpp_pub_sub -- -j12 -l12
[1.177s] [100%] Built target listener
[1.177s] [100%] Built target talker
[1.197s] Invoked command in '/home/zyh/ros2_study/foxy/foxy_ws/build/cpp_pub_sub' returned '0': CMAKE_PREFIX_PATH=/opt/ros/foxy /usr/bin/cmake --build /home/zyh/ros2_study/foxy/foxy_ws/build/cpp_pub_sub -- -j12 -l12
[1.291s] Invoking command in '/home/zyh/ros2_study/foxy/foxy_ws/build/cpp_pub_sub': CMAKE_PREFIX_PATH=/opt/ros/foxy /usr/bin/cmake --install /home/zyh/ros2_study/foxy/foxy_ws/build/cpp_pub_sub
[1.307s] -- Install configuration: ""
[1.414s] -- Up-to-date: /home/zyh/ros2_study/foxy/foxy_ws/install/cpp_pub_sub/lib/cpp_pub_sub/talker
[1.489s] -- Up-to-date: /home/zyh/ros2_study/foxy/foxy_ws/install/cpp_pub_sub/lib/cpp_pub_sub/listener
[1.490s] -- Up-to-date: /home/zyh/ros2_study/foxy/foxy_ws/install/cpp_pub_sub/share/ament_index/resource_index/package_run_dependencies/cpp_pub_sub
[1.490s] -- Up-to-date: /home/zyh/ros2_study/foxy/foxy_ws/install/cpp_pub_sub/share/ament_index/resource_index/parent_prefix_path/cpp_pub_sub
[1.490s] -- Up-to-date: /home/zyh/ros2_study/foxy/foxy_ws/install/cpp_pub_sub/share/cpp_pub_sub/environment/ament_prefix_path.sh
[1.490s] -- Up-to-date: /home/zyh/ros2_study/foxy/foxy_ws/install/cpp_pub_sub/share/cpp_pub_sub/environment/ament_prefix_path.dsv
[1.490s] -- Up-to-date: /home/zyh/ros2_study/foxy/foxy_ws/install/cpp_pub_sub/share/cpp_pub_sub/environment/path.sh
[1.491s] -- Up-to-date: /home/zyh/ros2_study/foxy/foxy_ws/install/cpp_pub_sub/share/cpp_pub_sub/environment/path.dsv
[1.491s] -- Up-to-date: /home/zyh/ros2_study/foxy/foxy_ws/install/cpp_pub_sub/share/cpp_pub_sub/local_setup.bash
[1.491s] -- Up-to-date: /home/zyh/ros2_study/foxy/foxy_ws/install/cpp_pub_sub/share/cpp_pub_sub/local_setup.sh
[1.491s] -- Up-to-date: /home/zyh/ros2_study/foxy/foxy_ws/install/cpp_pub_sub/share/cpp_pub_sub/local_setup.zsh
[1.491s] -- Up-to-date: /home/zyh/ros2_study/foxy/foxy_ws/install/cpp_pub_sub/share/cpp_pub_sub/local_setup.dsv
[1.491s] -- Installing: /home/zyh/ros2_study/foxy/foxy_ws/install/cpp_pub_sub/share/cpp_pub_sub/package.dsv
[1.491s] -- Up-to-date: /home/zyh/ros2_study/foxy/foxy_ws/install/cpp_pub_sub/share/ament_index/resource_index/packages/cpp_pub_sub
[1.491s] -- Up-to-date: /home/zyh/ros2_study/foxy/foxy_ws/install/cpp_pub_sub/share/cpp_pub_sub/cmake/cpp_pub_subConfig.cmake
[1.491s] -- Up-to-date: /home/zyh/ros2_study/foxy/foxy_ws/install/cpp_pub_sub/share/cpp_pub_sub/cmake/cpp_pub_subConfig-version.cmake
[1.491s] -- Up-to-date: /home/zyh/ros2_study/foxy/foxy_ws/install/cpp_pub_sub/share/cpp_pub_sub/package.xml
[1.494s] Invoked command in '/home/zyh/ros2_study/foxy/foxy_ws/build/cpp_pub_sub' returned '0': CMAKE_PREFIX_PATH=/opt/ros/foxy /usr/bin/cmake --install /home/zyh/ros2_study/foxy/foxy_ws/build/cpp_pub_sub
