[0.059s] Invoking command in '/home/zyh/ros2_study/foxy/foxy_ws/build/exp_interfaces': CMAKE_PREFIX_PATH=/opt/ros/foxy /usr/bin/cmake /home/zyh/ros2_study/foxy/foxy_ws/src/exp_interfaces -DCMAKE_INSTALL_PREFIX=/home/zyh/ros2_study/foxy/foxy_ws/install/exp_interfaces
[0.364s] -- Found ament_cmake: 0.9.11 (/opt/ros/foxy/share/ament_cmake/cmake)
[0.364s] -- Found PythonInterp: /home/zyh/anaconda3/bin/python3 (found suitable version "3.10.9", minimum required is "3") 
[0.366s] -- Using PYTHON_EXECUTABLE: /home/zyh/anaconda3/bin/python3
[0.367s] -- Found geometry_msgs: 2.0.5 (/opt/ros/foxy/share/geometry_msgs/cmake)
[0.378s] -- Using all available rosidl_typesupport_c: rosidl_typesupport_fastrtps_c;rosidl_typesupport_introspection_c
[0.382s] -- Found rosidl_adapter: 1.3.0 (/opt/ros/foxy/share/rosidl_adapter/cmake)
[0.520s] -- Using all available rosidl_typesupport_cpp: rosidl_typesupport_fastrtps_cpp;rosidl_typesupport_introspection_cpp
[0.615s] -- Found rosidl_default_generators: 1.0.1 (/opt/ros/foxy/share/rosidl_default_generators/cmake)
[0.646s] -- Found PythonInterp: /home/zyh/anaconda3/bin/python3 (found version "3.10.9") 
[0.693s] CMake Error at /opt/ros/foxy/share/rosidl_adapter/cmake/rosidl_adapt_interfaces.cmake:60 (message):
[0.694s]   execute_process(/home/zyh/anaconda3/bin/python3 -m rosidl_adapter
[0.694s]   --package-name exp_interfaces --arguments-file
[0.694s]   /home/zyh/ros2_study/foxy/foxy_ws/build/exp_interfaces/rosidl_adapter__arguments__exp_interfaces.json
[0.694s]   --output-dir
[0.694s]   /home/zyh/ros2_study/foxy/foxy_ws/build/exp_interfaces/rosidl_adapter/exp_interfaces
[0.694s]   --output-file
[0.694s]   /home/zyh/ros2_study/foxy/foxy_ws/build/exp_interfaces/rosidl_adapter/exp_interfaces.idls)
[0.695s]   returned error code 1:
[0.695s] 
[0.695s]   Traceback (most recent call last):
[0.695s] 
[0.695s]     File "/home/zyh/anaconda3/lib/python3.10/runpy.py", line 196, in _run_module_as_main
[0.695s]       return _run_code(code, main_globals, None,
[0.695s]     File "/home/zyh/anaconda3/lib/python3.10/runpy.py", line 86, in _run_code
[0.695s]       exec(code, run_globals)
[0.695s]     File "/opt/ros/foxy/lib/python3.8/site-packages/rosidl_adapter/__main__.py", line 19, in <module>
[0.696s]       sys.exit(main())
[0.696s]     File "/opt/ros/foxy/lib/python3.8/site-packages/rosidl_adapter/main.py", line 53, in main
[0.696s]       abs_idl_file = convert_to_idl(
[0.696s]     File "/opt/ros/foxy/lib/python3.8/site-packages/rosidl_adapter/__init__.py", line 18, in convert_to_idl
[0.696s]       from rosidl_adapter.msg import convert_msg_to_idl
[0.696s]     File "/opt/ros/foxy/lib/python3.8/site-packages/rosidl_adapter/msg/__init__.py", line 16, in <module>
[0.696s]       from rosidl_adapter.resource import expand_template
[0.696s]     File "/opt/ros/foxy/lib/python3.8/site-packages/rosidl_adapter/resource/__init__.py", line 19, in <module>
[0.697s]       import em
[0.697s] 
[0.697s]   ModuleNotFoundError: No module named 'em'
[0.697s] 
[0.697s] Call Stack (most recent call first):
[0.697s]   /opt/ros/foxy/share/rosidl_cmake/cmake/rosidl_generate_interfaces.cmake:130 (rosidl_adapt_interfaces)
[0.697s]   CMakeLists.txt:26 (rosidl_generate_interfaces)
[0.697s] 
[0.697s] 
[0.698s] -- Configuring incomplete, errors occurred!
[0.698s] See also "/home/zyh/ros2_study/foxy/foxy_ws/build/exp_interfaces/CMakeFiles/CMakeOutput.log".
[0.724s] Invoked command in '/home/zyh/ros2_study/foxy/foxy_ws/build/exp_interfaces' returned '1': CMAKE_PREFIX_PATH=/opt/ros/foxy /usr/bin/cmake /home/zyh/ros2_study/foxy/foxy_ws/src/exp_interfaces -DCMAKE_INSTALL_PREFIX=/home/zyh/ros2_study/foxy/foxy_ws/install/exp_interfaces
