[9.013s] DEBUG:colcon:Command line arguments: ['/usr/bin/colcon', 'build', '--packages-select', 'cpp_pub_sub']
[9.013s] DEBUG:colcon:Parsed command line arguments: Namespace(allow_overriding=[], ament_cmake_args=None, base_paths=['.'], build_base='build', catkin_cmake_args=None, catkin_skip_building_tests=False, cmake_args=None, cmake_clean_cache=False, cmake_clean_first=False, cmake_force_configure=False, cmake_target=None, cmake_target_skip_unavailable=False, continue_on_error=False, event_handlers=None, executor='parallel', ignore_user_meta=False, install_base='install', log_base=None, log_level=None, main=<bound method BuildVerb.main of <colcon_core.verb.build.BuildVerb object at 0x7fca1a113a00>>, merge_install=False, metas=['./colcon.meta'], packages_above=None, packages_above_and_dependencies=None, packages_above_depth=None, packages_end=None, packages_ignore=None, packages_ignore_regex=None, packages_select=['cpp_pub_sub'], packages_select_build_failed=False, packages_select_by_dep=None, packages_select_regex=None, packages_select_test_failures=False, packages_skip=None, packages_skip_build_finished=False, packages_skip_by_dep=None, packages_skip_regex=None, packages_skip_test_passed=False, packages_skip_up_to=None, packages_start=None, packages_up_to=None, packages_up_to_regex=None, parallel_workers=12, paths=None, symlink_install=False, test_result_base=None, verb_extension=<colcon_core.verb.build.BuildVerb object at 0x7fca1a113a00>, verb_name='build', verb_parser=<colcon_defaults.argument_parser.defaults.DefaultArgumentsDecorator object at 0x7fca1a113f70>)
[9.717s] Level 1:colcon.colcon_core.package_discovery:discover_packages(colcon_meta) check parameters
[9.718s] Level 1:colcon.colcon_core.package_discovery:discover_packages(recursive) check parameters
[9.718s] Level 1:colcon.colcon_core.package_discovery:discover_packages(ignore) check parameters
[9.718s] Level 1:colcon.colcon_core.package_discovery:discover_packages(path) check parameters
[9.718s] Level 1:colcon.colcon_core.package_discovery:discover_packages(colcon_meta) discover
[9.718s] Level 1:colcon.colcon_core.package_discovery:discover_packages(recursive) discover
[9.718s] INFO:colcon.colcon_core.package_discovery:Crawling recursively for packages in '/home/zyh/ros2_study/foxy/foxy_ws'
[9.718s] Level 1:colcon.colcon_core.package_identification:_identify(.) by extensions ['ignore', 'ignore_ament_install']
[9.718s] Level 1:colcon.colcon_core.package_identification:_identify(.) by extension 'ignore'
[9.718s] Level 1:colcon.colcon_core.package_identification:_identify(.) by extension 'ignore_ament_install'
[9.718s] Level 1:colcon.colcon_core.package_identification:_identify(.) by extensions ['colcon_pkg']
[9.718s] Level 1:colcon.colcon_core.package_identification:_identify(.) by extension 'colcon_pkg'
[9.718s] Level 1:colcon.colcon_core.package_identification:_identify(.) by extensions ['colcon_meta']
[9.718s] Level 1:colcon.colcon_core.package_identification:_identify(.) by extension 'colcon_meta'
[9.718s] Level 1:colcon.colcon_core.package_identification:_identify(.) by extensions ['ros']
[9.718s] Level 1:colcon.colcon_core.package_identification:_identify(.) by extension 'ros'
[9.982s] Level 1:colcon.colcon_core.package_identification:_identify(.) by extensions ['cmake', 'python']
[9.982s] Level 1:colcon.colcon_core.package_identification:_identify(.) by extension 'cmake'
[9.983s] Level 1:colcon.colcon_core.package_identification:_identify(.) by extension 'python'
[9.983s] Level 1:colcon.colcon_core.package_identification:_identify(.) by extensions ['python_setup_py']
[9.984s] Level 1:colcon.colcon_core.package_identification:_identify(.) by extension 'python_setup_py'
[9.984s] Level 1:colcon.colcon_core.package_identification:_identify(build) by extensions ['ignore', 'ignore_ament_install']
[9.984s] Level 1:colcon.colcon_core.package_identification:_identify(build) by extension 'ignore'
[9.985s] Level 1:colcon.colcon_core.package_identification:_identify(build) ignored
[9.985s] Level 1:colcon.colcon_core.package_identification:_identify(install) by extensions ['ignore', 'ignore_ament_install']
[9.985s] Level 1:colcon.colcon_core.package_identification:_identify(install) by extension 'ignore'
[9.986s] Level 1:colcon.colcon_core.package_identification:_identify(install) ignored
[9.986s] Level 1:colcon.colcon_core.package_identification:_identify(log) by extensions ['ignore', 'ignore_ament_install']
[9.986s] Level 1:colcon.colcon_core.package_identification:_identify(log) by extension 'ignore'
[9.987s] Level 1:colcon.colcon_core.package_identification:_identify(log) ignored
[9.987s] Level 1:colcon.colcon_core.package_identification:_identify(src) by extensions ['ignore', 'ignore_ament_install']
[9.987s] Level 1:colcon.colcon_core.package_identification:_identify(src) by extension 'ignore'
[9.987s] Level 1:colcon.colcon_core.package_identification:_identify(src) by extension 'ignore_ament_install'
[9.988s] Level 1:colcon.colcon_core.package_identification:_identify(src) by extensions ['colcon_pkg']
[9.988s] Level 1:colcon.colcon_core.package_identification:_identify(src) by extension 'colcon_pkg'
[9.988s] Level 1:colcon.colcon_core.package_identification:_identify(src) by extensions ['colcon_meta']
[9.988s] Level 1:colcon.colcon_core.package_identification:_identify(src) by extension 'colcon_meta'
[9.988s] Level 1:colcon.colcon_core.package_identification:_identify(src) by extensions ['ros']
[9.988s] Level 1:colcon.colcon_core.package_identification:_identify(src) by extension 'ros'
[9.989s] Level 1:colcon.colcon_core.package_identification:_identify(src) by extensions ['cmake', 'python']
[9.989s] Level 1:colcon.colcon_core.package_identification:_identify(src) by extension 'cmake'
[9.989s] Level 1:colcon.colcon_core.package_identification:_identify(src) by extension 'python'
[9.989s] Level 1:colcon.colcon_core.package_identification:_identify(src) by extensions ['python_setup_py']
[9.989s] Level 1:colcon.colcon_core.package_identification:_identify(src) by extension 'python_setup_py'
[9.989s] Level 1:colcon.colcon_core.package_identification:_identify(src/cpp_pub_sub) by extensions ['ignore', 'ignore_ament_install']
[9.990s] Level 1:colcon.colcon_core.package_identification:_identify(src/cpp_pub_sub) by extension 'ignore'
[9.990s] Level 1:colcon.colcon_core.package_identification:_identify(src/cpp_pub_sub) by extension 'ignore_ament_install'
[9.990s] Level 1:colcon.colcon_core.package_identification:_identify(src/cpp_pub_sub) by extensions ['colcon_pkg']
[9.990s] Level 1:colcon.colcon_core.package_identification:_identify(src/cpp_pub_sub) by extension 'colcon_pkg'
[9.990s] Level 1:colcon.colcon_core.package_identification:_identify(src/cpp_pub_sub) by extensions ['colcon_meta']
[9.990s] Level 1:colcon.colcon_core.package_identification:_identify(src/cpp_pub_sub) by extension 'colcon_meta'
[9.991s] Level 1:colcon.colcon_core.package_identification:_identify(src/cpp_pub_sub) by extensions ['ros']
[9.991s] Level 1:colcon.colcon_core.package_identification:_identify(src/cpp_pub_sub) by extension 'ros'
[10.143s] DEBUG:colcon.colcon_core.package_identification:Package 'src/cpp_pub_sub' with type 'ros.ament_cmake' and name 'cpp_pub_sub'
[10.144s] Level 1:colcon.colcon_core.package_identification:_identify(src/py_pub_sub) by extensions ['ignore', 'ignore_ament_install']
[10.144s] Level 1:colcon.colcon_core.package_identification:_identify(src/py_pub_sub) by extension 'ignore'
[10.145s] Level 1:colcon.colcon_core.package_identification:_identify(src/py_pub_sub) by extension 'ignore_ament_install'
[10.145s] Level 1:colcon.colcon_core.package_identification:_identify(src/py_pub_sub) by extensions ['colcon_pkg']
[10.145s] Level 1:colcon.colcon_core.package_identification:_identify(src/py_pub_sub) by extension 'colcon_pkg'
[10.145s] Level 1:colcon.colcon_core.package_identification:_identify(src/py_pub_sub) by extensions ['colcon_meta']
[10.146s] Level 1:colcon.colcon_core.package_identification:_identify(src/py_pub_sub) by extension 'colcon_meta'
[10.146s] Level 1:colcon.colcon_core.package_identification:_identify(src/py_pub_sub) by extensions ['ros']
[10.146s] Level 1:colcon.colcon_core.package_identification:_identify(src/py_pub_sub) by extension 'ros'
[10.148s] DEBUG:colcon.colcon_core.package_identification:Package 'src/py_pub_sub' with type 'ros.ament_python' and name 'py_pub_sub'
[10.148s] Level 1:colcon.colcon_core.package_discovery:discover_packages(recursive) using defaults
[10.149s] Level 1:colcon.colcon_core.package_discovery:discover_packages(ignore) discover
[10.149s] Level 1:colcon.colcon_core.package_discovery:discover_packages(ignore) using defaults
[10.149s] Level 1:colcon.colcon_core.package_discovery:discover_packages(path) discover
[10.149s] Level 1:colcon.colcon_core.package_discovery:discover_packages(path) using defaults
[10.562s] INFO:colcon.colcon_core.package_selection:Skipping not selected package 'py_pub_sub' in 'src/py_pub_sub'
[10.573s] Level 1:colcon.colcon_core.package_discovery:discover_packages(prefix_path) check parameters
[10.573s] Level 1:colcon.colcon_core.package_discovery:discover_packages(prefix_path) discover
[10.600s] DEBUG:colcon.colcon_installed_package_information.package_discovery:Found 1 installed packages in /home/zyh/ros2_study/foxy/foxy_ws/install
[10.600s] Level 1:colcon.colcon_core.package_discovery:discover_packages(prefix_path) using defaults
[10.619s] Level 5:colcon.colcon_core.verb:set package 'cpp_pub_sub' build argument 'cmake_args' from command line to 'None'
[10.620s] Level 5:colcon.colcon_core.verb:set package 'cpp_pub_sub' build argument 'cmake_target' from command line to 'None'
[10.620s] Level 5:colcon.colcon_core.verb:set package 'cpp_pub_sub' build argument 'cmake_target_skip_unavailable' from command line to 'False'
[10.620s] Level 5:colcon.colcon_core.verb:set package 'cpp_pub_sub' build argument 'cmake_clean_cache' from command line to 'False'
[10.620s] Level 5:colcon.colcon_core.verb:set package 'cpp_pub_sub' build argument 'cmake_clean_first' from command line to 'False'
[10.620s] Level 5:colcon.colcon_core.verb:set package 'cpp_pub_sub' build argument 'cmake_force_configure' from command line to 'False'
[10.620s] Level 5:colcon.colcon_core.verb:set package 'cpp_pub_sub' build argument 'ament_cmake_args' from command line to 'None'
[10.620s] Level 5:colcon.colcon_core.verb:set package 'cpp_pub_sub' build argument 'catkin_cmake_args' from command line to 'None'
[10.620s] Level 5:colcon.colcon_core.verb:set package 'cpp_pub_sub' build argument 'catkin_skip_building_tests' from command line to 'False'
[10.621s] DEBUG:colcon.colcon_core.verb:Building package 'cpp_pub_sub' with the following arguments: {'ament_cmake_args': None, 'build_base': '/home/zyh/ros2_study/foxy/foxy_ws/build/cpp_pub_sub', 'catkin_cmake_args': None, 'catkin_skip_building_tests': False, 'cmake_args': None, 'cmake_clean_cache': False, 'cmake_clean_first': False, 'cmake_force_configure': False, 'cmake_target': None, 'cmake_target_skip_unavailable': False, 'install_base': '/home/zyh/ros2_study/foxy/foxy_ws/install/cpp_pub_sub', 'merge_install': False, 'path': '/home/zyh/ros2_study/foxy/foxy_ws/src/cpp_pub_sub', 'symlink_install': False, 'test_result_base': None}
[10.625s] INFO:colcon.colcon_core.executor:Executing jobs using 'parallel' executor
[10.639s] DEBUG:colcon.colcon_parallel_executor.executor.parallel:run_until_complete
[10.639s] INFO:colcon.colcon_ros.task.ament_cmake.build:Building ROS package in '/home/zyh/ros2_study/foxy/foxy_ws/src/cpp_pub_sub' with build type 'ament_cmake'
[10.640s] INFO:colcon.colcon_cmake.task.cmake.build:Building CMake package in '/home/zyh/ros2_study/foxy/foxy_ws/src/cpp_pub_sub'
[10.915s] INFO:colcon.colcon_core.plugin_system:Skipping extension 'colcon_core.shell.bat': Not used on non-Windows systems
[10.916s] INFO:colcon.colcon_core.shell:Skip shell extension 'powershell' for command environment: Not usable outside of PowerShell
[10.916s] DEBUG:colcon.colcon_core.shell:Skip shell extension 'dsv' for command environment
[10.971s] DEBUG:colcon.colcon_core.event_handler.log_command:Invoking command in '/home/zyh/ros2_study/foxy/foxy_ws/build/cpp_pub_sub': /usr/bin/cmake /home/zyh/ros2_study/foxy/foxy_ws/src/cpp_pub_sub -DCMAKE_INSTALL_PREFIX=/home/zyh/ros2_study/foxy/foxy_ws/install/cpp_pub_sub
[18.279s] DEBUG:colcon.colcon_core.event_handler.log_command:Invoked command in '/home/zyh/ros2_study/foxy/foxy_ws/build/cpp_pub_sub' returned '1': /usr/bin/cmake /home/zyh/ros2_study/foxy/foxy_ws/src/cpp_pub_sub -DCMAKE_INSTALL_PREFIX=/home/zyh/ros2_study/foxy/foxy_ws/install/cpp_pub_sub
[18.309s] Level 1:colcon.colcon_core.environment:create_environment_scripts_only(cpp_pub_sub)
[18.445s] Level 1:colcon.colcon_core.environment:checking '/home/zyh/ros2_study/foxy/foxy_ws/install/cpp_pub_sub' for CMake module files
[18.446s] Level 1:colcon.colcon_core.environment:checking '/home/zyh/ros2_study/foxy/foxy_ws/install/cpp_pub_sub' for CMake config files
[18.446s] Level 1:colcon.colcon_core.environment:checking '/home/zyh/ros2_study/foxy/foxy_ws/install/cpp_pub_sub/bin'
[18.446s] Level 1:colcon.colcon_core.environment:checking '/home/zyh/ros2_study/foxy/foxy_ws/install/cpp_pub_sub/lib/pkgconfig/cpp_pub_sub.pc'
[18.466s] Level 1:colcon.colcon_core.environment:checking '/home/zyh/ros2_study/foxy/foxy_ws/install/cpp_pub_sub/lib/python3.8/site-packages'
[18.466s] Level 1:colcon.colcon_core.environment:checking '/home/zyh/ros2_study/foxy/foxy_ws/install/cpp_pub_sub/bin'
[18.468s] INFO:colcon.colcon_core.shell:Creating package script '/home/zyh/ros2_study/foxy/foxy_ws/install/cpp_pub_sub/share/cpp_pub_sub/package.ps1'
[18.478s] INFO:colcon.colcon_core.shell:Creating package descriptor '/home/zyh/ros2_study/foxy/foxy_ws/install/cpp_pub_sub/share/cpp_pub_sub/package.dsv'
[18.504s] INFO:colcon.colcon_core.shell:Creating package script '/home/zyh/ros2_study/foxy/foxy_ws/install/cpp_pub_sub/share/cpp_pub_sub/package.sh'
[18.505s] INFO:colcon.colcon_core.shell:Creating package script '/home/zyh/ros2_study/foxy/foxy_ws/install/cpp_pub_sub/share/cpp_pub_sub/package.bash'
[18.536s] INFO:colcon.colcon_core.shell:Creating package script '/home/zyh/ros2_study/foxy/foxy_ws/install/cpp_pub_sub/share/cpp_pub_sub/package.zsh'
[18.570s] Level 1:colcon.colcon_core.environment:create_file_with_runtime_dependencies(/home/zyh/ros2_study/foxy/foxy_ws/install/cpp_pub_sub/share/colcon-core/packages/cpp_pub_sub)
[18.582s] DEBUG:colcon.colcon_parallel_executor.executor.parallel:closing loop
[18.583s] DEBUG:colcon.colcon_parallel_executor.executor.parallel:loop closed
[18.583s] DEBUG:colcon.colcon_parallel_executor.executor.parallel:run_until_complete finished with '1'
[18.583s] DEBUG:colcon.colcon_core.event_reactor:joining thread
[18.675s] INFO:colcon.colcon_core.plugin_system:Skipping extension 'colcon_notification.desktop_notification.terminal_notifier': Not used on non-Darwin systems
[18.676s] INFO:colcon.colcon_core.plugin_system:Skipping extension 'colcon_notification.desktop_notification.win32': Not used on non-Windows systems
[18.676s] INFO:colcon.colcon_notification.desktop_notification:Sending desktop notification using 'notify2'
[18.918s] DEBUG:colcon.colcon_core.event_reactor:joined thread
[18.928s] INFO:colcon.colcon_core.shell:Creating prefix script '/home/zyh/ros2_study/foxy/foxy_ws/install/local_setup.ps1'
[19.022s] INFO:colcon.colcon_core.shell:Creating prefix util module '/home/zyh/ros2_study/foxy/foxy_ws/install/_local_setup_util_ps1.py'
[19.027s] INFO:colcon.colcon_core.shell:Creating prefix chain script '/home/zyh/ros2_study/foxy/foxy_ws/install/setup.ps1'
[19.037s] INFO:colcon.colcon_core.shell:Creating prefix script '/home/zyh/ros2_study/foxy/foxy_ws/install/local_setup.sh'
[19.056s] INFO:colcon.colcon_core.shell:Creating prefix util module '/home/zyh/ros2_study/foxy/foxy_ws/install/_local_setup_util_sh.py'
[19.057s] INFO:colcon.colcon_core.shell:Creating prefix chain script '/home/zyh/ros2_study/foxy/foxy_ws/install/setup.sh'
[19.074s] INFO:colcon.colcon_core.shell:Creating prefix script '/home/zyh/ros2_study/foxy/foxy_ws/install/local_setup.bash'
[19.076s] INFO:colcon.colcon_core.shell:Creating prefix chain script '/home/zyh/ros2_study/foxy/foxy_ws/install/setup.bash'
[19.080s] INFO:colcon.colcon_core.shell:Creating prefix script '/home/zyh/ros2_study/foxy/foxy_ws/install/local_setup.zsh'
[19.081s] INFO:colcon.colcon_core.shell:Creating prefix chain script '/home/zyh/ros2_study/foxy/foxy_ws/install/setup.zsh'
