-- Found ament_cmake: 0.9.11 (/opt/ros/foxy/share/ament_cmake/cmake)
-- Found PythonInterp: /home/zyh/anaconda3/bin/python3 (found suitable version "3.10.9", minimum required is "3") 
-- Using PYTHON_EXECUTABLE: /home/zyh/anaconda3/bin/python3
-- Found geometry_msgs: 2.0.5 (/opt/ros/foxy/share/geometry_msgs/cmake)
-- Using all available rosidl_typesupport_c: rosidl_typesupport_fastrtps_c;rosidl_typesupport_introspection_c
-- Found rosidl_adapter: 1.3.0 (/opt/ros/foxy/share/rosidl_adapter/cmake)
-- Using all available rosidl_typesupport_cpp: rosidl_typesupport_fastrtps_cpp;rosidl_typesupport_introspection_cpp
-- Found rosidl_default_generators: 1.0.1 (/opt/ros/foxy/share/rosidl_default_generators/cmake)
-- Found PythonInterp: /home/zyh/anaconda3/bin/python3 (found version "3.10.9") 
-- Found ament_cmake_ros: 0.9.2 (/opt/ros/foxy/share/ament_cmake_ros/cmake)
-- Using all available rosidl_typesupport_c: rosidl_typesupport_fastrtps_c;rosidl_typesupport_introspection_c
-- Using all available rosidl_typesupport_cpp: rosidl_typesupport_fastrtps_cpp;rosidl_typesupport_introspection_cpp
-- Found PythonInterp: /home/zyh/anaconda3/bin/python3 (found suitable version "3.10.9", minimum required is "3.5") 
-- Found python_cmake_module: 0.8.1 (/opt/ros/foxy/share/python_cmake_module/cmake)
-- Found PythonLibs: /home/zyh/anaconda3/lib/libpython3.10.so (found suitable version "3.10.9", minimum required is "3.5") 
-- Using PYTHON_EXECUTABLE: /home/zyh/anaconda3/bin/python3
-- Using PYTHON_INCLUDE_DIRS: /home/zyh/anaconda3/include/python3.10
-- Using PYTHON_LIBRARIES: /home/zyh/anaconda3/lib/libpython3.10.so
-- Found PythonExtra: .so  
-- Using numpy include directory: /home/zyh/anaconda3/lib/python3.10/site-packages/numpy/core/include
-- Found ament_lint_auto: 0.9.8 (/opt/ros/foxy/share/ament_lint_auto/cmake)
-- Added test 'copyright' to check source files copyright and LICENSE
-- Added test 'lint_cmake' to check CMake code style
-- Added test 'xmllint' to check XML markup files
-- Configuring done
-- Generating done
-- Build files have been written to: /home/zyh/ros2_study/foxy/foxy_ws/build/exp_interfaces
[  2%] [34m[1mGenerating C code for ROS interfaces[0m
[35m[1mScanning dependencies of target exp_interfaces__cpp[0m
[  4%] [34m[1mGenerating C++ code for ROS interfaces[0m
