-- Found ament_cmake: 0.9.11 (/opt/ros/foxy/share/ament_cmake/cmake)
-- Found PythonInterp: /home/zyh/anaconda3/bin/python3 (found suitable version "3.10.9", minimum required is "3") 
-- Using PYTHON_EXECUTABLE: /home/zyh/anaconda3/bin/python3
-- Found geometry_msgs: 2.0.5 (/opt/ros/foxy/share/geometry_msgs/cmake)
-- Using all available rosidl_typesupport_c: rosidl_typesupport_fastrtps_c;rosidl_typesupport_introspection_c
-- Found rosidl_adapter: 1.3.0 (/opt/ros/foxy/share/rosidl_adapter/cmake)
-- Using all available rosidl_typesupport_cpp: rosidl_typesupport_fastrtps_cpp;rosidl_typesupport_introspection_cpp
-- Found rosidl_default_generators: 1.0.1 (/opt/ros/foxy/share/rosidl_default_generators/cmake)
-- Found PythonInterp: /home/zyh/anaconda3/bin/python3 (found version "3.10.9") 
-- Found ament_cmake_ros: 0.9.2 (/opt/ros/foxy/share/ament_cmake_ros/cmake)
-- Using all available rosidl_typesupport_c: rosidl_typesupport_fastrtps_c;rosidl_typesupport_introspection_c
-- Using all available rosidl_typesupport_cpp: rosidl_typesupport_fastrtps_cpp;rosidl_typesupport_introspection_cpp
-- Found PythonInterp: /home/zyh/anaconda3/bin/python3 (found suitable version "3.10.9", minimum required is "3.5") 
-- Found python_cmake_module: 0.8.1 (/opt/ros/foxy/share/python_cmake_module/cmake)
-- Found PythonLibs: /home/zyh/anaconda3/lib/libpython3.10.so (found suitable version "3.10.9", minimum required is "3.5") 
-- Using PYTHON_EXECUTABLE: /home/zyh/anaconda3/bin/python3
-- Using PYTHON_INCLUDE_DIRS: /home/zyh/anaconda3/include/python3.10
-- Using PYTHON_LIBRARIES: /home/zyh/anaconda3/lib/libpython3.10.so
-- Found PythonExtra: .so  
-- Using numpy include directory: /home/zyh/anaconda3/lib/python3.10/site-packages/numpy/core/include
-- Found ament_lint_auto: 0.9.8 (/opt/ros/foxy/share/ament_lint_auto/cmake)
-- Added test 'copyright' to check source files copyright and LICENSE
-- Added test 'lint_cmake' to check CMake code style
-- Added test 'xmllint' to check XML markup files
-- Configuring done
CMake Warning at /opt/ros/foxy/share/rosidl_generator_py/cmake/rosidl_generator_py_generate_interfaces.cmake:235 (add_library):
  Cannot generate a safe runtime search path for target
  exp_interfaces__rosidl_typesupport_fastrtps_c__pyext because files in some
  directories may conflict with libraries in implicit directories:

    runtime library [libssl.so.1.1] in /usr/lib/x86_64-linux-gnu may be hidden by files in:
      /home/zyh/anaconda3/lib
    runtime library [libcrypto.so.1.1] in /usr/lib/x86_64-linux-gnu may be hidden by files in:
      /home/zyh/anaconda3/lib

  Some of these libraries may not be found correctly.
Call Stack (most recent call first):
  /opt/ros/foxy/share/ament_cmake_core/cmake/core/ament_execute_extensions.cmake:48 (include)
  /opt/ros/foxy/share/rosidl_cmake/cmake/rosidl_generate_interfaces.cmake:286 (ament_execute_extensions)
  CMakeLists.txt:26 (rosidl_generate_interfaces)


-- Generating done
-- Build files have been written to: /home/zyh/ros2_study/foxy/foxy_ws/build/exp_interfaces
[  2%] [34m[1mGenerating C code for ROS interfaces[0m
[35m[1mScanning dependencies of target exp_interfaces__cpp[0m
[  4%] [34m[1mGenerating C++ code for ROS interfaces[0m
Traceback (most recent call last):
  File "/opt/ros/foxy/share/rosidl_generator_cpp/cmake/../../../lib/rosidl_generator_cpp/rosidl_generator_cpp", line 8, in <module>
Traceback (most recent call last):
  File "/opt/ros/foxy/share/rosidl_generator_c/cmake/../../../lib/rosidl_generator_c/rosidl_generator_c", line 8, in <module>
    from rosidl_generator_cpp import generate_cpp
  File "/opt/ros/foxy/lib/python3.8/site-packages/rosidl_generator_cpp/__init__.py", line 17, in <module>
    from rosidl_generator_c import generate_c
  File "/opt/ros/foxy/lib/python3.8/site-packages/rosidl_generator_c/__init__.py", line 15, in <module>
    from rosidl_cmake import generate_files
  File "/opt/ros/foxy/lib/python3.8/site-packages/rosidl_cmake/__init__.py", line 24, in <module>
    from rosidl_cmake import convert_camel_case_to_lower_case_underscore
  File "/opt/ros/foxy/lib/python3.8/site-packages/rosidl_cmake/__init__.py", line 24, in <module>
    from rosidl_parser.parser import parse_idl_file
  File "/opt/ros/foxy/lib/python3.8/site-packages/rosidl_parser/parser.py", line 20, in <module>
    from lark import Lark
    from rosidl_parser.parser import parse_idl_file
ModuleNotFoundError: No module named 'lark'
  File "/opt/ros/foxy/lib/python3.8/site-packages/rosidl_parser/parser.py", line 20, in <module>
    from lark import Lark
ModuleNotFoundError: No module named 'lark'
make[2]: *** [CMakeFiles/exp_interfaces__cpp.dir/build.make:150：rosidl_generator_cpp/exp_interfaces/msg/num.hpp] 错误 1
make[2]: *** [CMakeFiles/exp_interfaces__rosidl_generator_c.dir/build.make:138：rosidl_generator_c/exp_interfaces/msg/num.h] 错误 1
make[1]: *** [CMakeFiles/Makefile2:499：CMakeFiles/exp_interfaces__cpp.dir/all] 错误 2
make[1]: *** 正在等待未完成的任务....
make[1]: *** [CMakeFiles/Makefile2:233：CMakeFiles/exp_interfaces__rosidl_generator_c.dir/all] 错误 2
make: *** [Makefile:141：all] 错误 2
