[0.079s] Invoking command in '/home/zyh/ros2_study/foxy/foxy_ws/build/exp_interfaces': CMAKE_PREFIX_PATH=/opt/ros/foxy CONDA_PROMPT_MODIFIER=(base) /usr/bin/cmake /home/zyh/ros2_study/foxy/foxy_ws/src/exp_interfaces -DCMAKE_INSTALL_PREFIX=/home/zyh/ros2_study/foxy/foxy_ws/install/exp_interfaces
[0.375s] -- Found ament_cmake: 0.9.11 (/opt/ros/foxy/share/ament_cmake/cmake)
[0.377s] -- Found PythonInterp: /home/zyh/anaconda3/bin/python3 (found suitable version "3.10.9", minimum required is "3") 
[0.377s] -- Using PYTHON_EXECUTABLE: /home/zyh/anaconda3/bin/python3
[0.383s] -- Found geometry_msgs: 2.0.5 (/opt/ros/foxy/share/geometry_msgs/cmake)
[0.407s] -- Using all available rosidl_typesupport_c: rosidl_typesupport_fastrtps_c;rosidl_typesupport_introspection_c
[0.410s] -- Found rosidl_adapter: 1.3.0 (/opt/ros/foxy/share/rosidl_adapter/cmake)
[0.544s] -- Using all available rosidl_typesupport_cpp: rosidl_typesupport_fastrtps_cpp;rosidl_typesupport_introspection_cpp
[0.627s] -- Found rosidl_default_generators: 1.0.1 (/opt/ros/foxy/share/rosidl_default_generators/cmake)
[0.657s] -- Found PythonInterp: /home/zyh/anaconda3/bin/python3 (found version "3.10.9") 
[1.163s] -- Found ament_cmake_ros: 0.9.2 (/opt/ros/foxy/share/ament_cmake_ros/cmake)
[1.520s] -- Using all available rosidl_typesupport_c: rosidl_typesupport_fastrtps_c;rosidl_typesupport_introspection_c
[1.739s] -- Using all available rosidl_typesupport_cpp: rosidl_typesupport_fastrtps_cpp;rosidl_typesupport_introspection_cpp
[1.778s] -- Found PythonInterp: /home/zyh/anaconda3/bin/python3 (found suitable version "3.10.9", minimum required is "3.5") 
[1.793s] -- Found python_cmake_module: 0.8.1 (/opt/ros/foxy/share/python_cmake_module/cmake)
[2.006s] -- Found PythonLibs: /home/zyh/anaconda3/lib/libpython3.10.so (found suitable version "3.10.9", minimum required is "3.5") 
[2.006s] -- Using PYTHON_EXECUTABLE: /home/zyh/anaconda3/bin/python3
[2.007s] -- Using PYTHON_INCLUDE_DIRS: /home/zyh/anaconda3/include/python3.10
[2.007s] -- Using PYTHON_LIBRARIES: /home/zyh/anaconda3/lib/libpython3.10.so
[2.048s] -- Found PythonExtra: .so  
[5.003s] -- Using numpy include directory: /home/zyh/anaconda3/lib/python3.10/site-packages/numpy/core/include
[5.043s] -- Found ament_lint_auto: 0.9.8 (/opt/ros/foxy/share/ament_lint_auto/cmake)
[5.209s] -- Added test 'copyright' to check source files copyright and LICENSE
[5.220s] -- Added test 'lint_cmake' to check CMake code style
[5.224s] -- Added test 'xmllint' to check XML markup files
[5.245s] -- Configuring done
[5.676s] CMake Warning at /opt/ros/foxy/share/rosidl_generator_py/cmake/rosidl_generator_py_generate_interfaces.cmake:235 (add_library):
[5.677s]   Cannot generate a safe runtime search path for target
[5.677s]   exp_interfaces__rosidl_typesupport_fastrtps_c__pyext because files in some
[5.677s]   directories may conflict with libraries in implicit directories:
[5.677s] 
[5.678s]     runtime library [libssl.so.1.1] in /usr/lib/x86_64-linux-gnu may be hidden by files in:
[5.678s]       /home/zyh/anaconda3/lib
[5.678s]     runtime library [libcrypto.so.1.1] in /usr/lib/x86_64-linux-gnu may be hidden by files in:
[5.678s]       /home/zyh/anaconda3/lib
[5.679s] 
[5.679s]   Some of these libraries may not be found correctly.
[5.679s] Call Stack (most recent call first):
[5.679s]   /opt/ros/foxy/share/ament_cmake_core/cmake/core/ament_execute_extensions.cmake:48 (include)
[5.680s]   /opt/ros/foxy/share/rosidl_cmake/cmake/rosidl_generate_interfaces.cmake:286 (ament_execute_extensions)
[5.680s]   CMakeLists.txt:26 (rosidl_generate_interfaces)
[5.680s] 
[5.680s] 
[5.757s] -- Generating done
[5.762s] -- Build files have been written to: /home/zyh/ros2_study/foxy/foxy_ws/build/exp_interfaces
[5.771s] Invoked command in '/home/zyh/ros2_study/foxy/foxy_ws/build/exp_interfaces' returned '0': CMAKE_PREFIX_PATH=/opt/ros/foxy CONDA_PROMPT_MODIFIER=(base) /usr/bin/cmake /home/zyh/ros2_study/foxy/foxy_ws/src/exp_interfaces -DCMAKE_INSTALL_PREFIX=/home/zyh/ros2_study/foxy/foxy_ws/install/exp_interfaces
[5.775s] Invoking command in '/home/zyh/ros2_study/foxy/foxy_ws/build/exp_interfaces': CMAKE_PREFIX_PATH=/opt/ros/foxy CONDA_PROMPT_MODIFIER=(base) /usr/bin/cmake --build /home/zyh/ros2_study/foxy/foxy_ws/build/exp_interfaces -- -j12 -l12
[5.835s] [  2%] [34m[1mGenerating C code for ROS interfaces[0m
[5.836s] [35m[1mScanning dependencies of target exp_interfaces__cpp[0m
[5.850s] [  4%] [34m[1mGenerating C++ code for ROS interfaces[0m
[5.910s] Traceback (most recent call last):
[5.910s]   File "/opt/ros/foxy/share/rosidl_generator_cpp/cmake/../../../lib/rosidl_generator_cpp/rosidl_generator_cpp", line 8, in <module>
[5.910s] Traceback (most recent call last):
[5.910s]   File "/opt/ros/foxy/share/rosidl_generator_c/cmake/../../../lib/rosidl_generator_c/rosidl_generator_c", line 8, in <module>
[5.910s]     from rosidl_generator_cpp import generate_cpp
[5.911s]   File "/opt/ros/foxy/lib/python3.8/site-packages/rosidl_generator_cpp/__init__.py", line 17, in <module>
[5.911s]     from rosidl_generator_c import generate_c
[5.911s]   File "/opt/ros/foxy/lib/python3.8/site-packages/rosidl_generator_c/__init__.py", line 15, in <module>
[5.911s]     from rosidl_cmake import generate_files
[5.911s]   File "/opt/ros/foxy/lib/python3.8/site-packages/rosidl_cmake/__init__.py", line 24, in <module>
[5.911s]     from rosidl_cmake import convert_camel_case_to_lower_case_underscore
[5.911s]   File "/opt/ros/foxy/lib/python3.8/site-packages/rosidl_cmake/__init__.py", line 24, in <module>
[5.911s]     from rosidl_parser.parser import parse_idl_file
[5.911s]   File "/opt/ros/foxy/lib/python3.8/site-packages/rosidl_parser/parser.py", line 20, in <module>
[5.911s]     from lark import Lark
[5.911s]     from rosidl_parser.parser import parse_idl_file
[5.911s] ModuleNotFoundError: No module named 'lark'
[5.911s]   File "/opt/ros/foxy/lib/python3.8/site-packages/rosidl_parser/parser.py", line 20, in <module>
[5.911s]     from lark import Lark
[5.911s] ModuleNotFoundError: No module named 'lark'
[5.922s] make[2]: *** [CMakeFiles/exp_interfaces__cpp.dir/build.make:150：rosidl_generator_cpp/exp_interfaces/msg/num.hpp] 错误 1
[5.922s] make[2]: *** [CMakeFiles/exp_interfaces__rosidl_generator_c.dir/build.make:138：rosidl_generator_c/exp_interfaces/msg/num.h] 错误 1
[5.922s] make[1]: *** [CMakeFiles/Makefile2:499：CMakeFiles/exp_interfaces__cpp.dir/all] 错误 2
[5.922s] make[1]: *** 正在等待未完成的任务....
[5.922s] make[1]: *** [CMakeFiles/Makefile2:233：CMakeFiles/exp_interfaces__rosidl_generator_c.dir/all] 错误 2
[5.922s] make: *** [Makefile:141：all] 错误 2
[5.925s] Invoked command in '/home/zyh/ros2_study/foxy/foxy_ws/build/exp_interfaces' returned '2': CMAKE_PREFIX_PATH=/opt/ros/foxy CONDA_PROMPT_MODIFIER=(base) /usr/bin/cmake --build /home/zyh/ros2_study/foxy/foxy_ws/build/exp_interfaces -- -j12 -l12
