[100%] Built target talker
[100%] Built target listener
-- Install configuration: ""
-- Up-to-date: /home/zyh/ros2_study/foxy/foxy_ws/install/cpp_pub_sub/lib/cpp_pub_sub/talker
-- Up-to-date: /home/zyh/ros2_study/foxy/foxy_ws/install/cpp_pub_sub/lib/cpp_pub_sub/listener
-- Up-to-date: /home/zyh/ros2_study/foxy/foxy_ws/install/cpp_pub_sub/share/ament_index/resource_index/package_run_dependencies/cpp_pub_sub
-- Up-to-date: /home/zyh/ros2_study/foxy/foxy_ws/install/cpp_pub_sub/share/ament_index/resource_index/parent_prefix_path/cpp_pub_sub
-- Up-to-date: /home/zyh/ros2_study/foxy/foxy_ws/install/cpp_pub_sub/share/cpp_pub_sub/environment/ament_prefix_path.sh
-- Up-to-date: /home/zyh/ros2_study/foxy/foxy_ws/install/cpp_pub_sub/share/cpp_pub_sub/environment/ament_prefix_path.dsv
-- Up-to-date: /home/zyh/ros2_study/foxy/foxy_ws/install/cpp_pub_sub/share/cpp_pub_sub/environment/path.sh
-- Up-to-date: /home/zyh/ros2_study/foxy/foxy_ws/install/cpp_pub_sub/share/cpp_pub_sub/environment/path.dsv
-- Up-to-date: /home/zyh/ros2_study/foxy/foxy_ws/install/cpp_pub_sub/share/cpp_pub_sub/local_setup.bash
-- Up-to-date: /home/zyh/ros2_study/foxy/foxy_ws/install/cpp_pub_sub/share/cpp_pub_sub/local_setup.sh
-- Up-to-date: /home/zyh/ros2_study/foxy/foxy_ws/install/cpp_pub_sub/share/cpp_pub_sub/local_setup.zsh
-- Up-to-date: /home/zyh/ros2_study/foxy/foxy_ws/install/cpp_pub_sub/share/cpp_pub_sub/local_setup.dsv
-- Installing: /home/zyh/ros2_study/foxy/foxy_ws/install/cpp_pub_sub/share/cpp_pub_sub/package.dsv
-- Up-to-date: /home/zyh/ros2_study/foxy/foxy_ws/install/cpp_pub_sub/share/ament_index/resource_index/packages/cpp_pub_sub
-- Up-to-date: /home/zyh/ros2_study/foxy/foxy_ws/install/cpp_pub_sub/share/cpp_pub_sub/cmake/cpp_pub_subConfig.cmake
-- Up-to-date: /home/zyh/ros2_study/foxy/foxy_ws/install/cpp_pub_sub/share/cpp_pub_sub/cmake/cpp_pub_subConfig-version.cmake
-- Up-to-date: /home/zyh/ros2_study/foxy/foxy_ws/install/cpp_pub_sub/share/cpp_pub_sub/package.xml
