running egg_info
writing ../../build/py_srv_cli/py_srv_cli.egg-info/PKG-INFO
writing dependency_links to ../../build/py_srv_cli/py_srv_cli.egg-info/dependency_links.txt
writing entry points to ../../build/py_srv_cli/py_srv_cli.egg-info/entry_points.txt
writing requirements to ../../build/py_srv_cli/py_srv_cli.egg-info/requires.txt
writing top-level names to ../../build/py_srv_cli/py_srv_cli.egg-info/top_level.txt
reading manifest file '../../build/py_srv_cli/py_srv_cli.egg-info/SOURCES.txt'
writing manifest file '../../build/py_srv_cli/py_srv_cli.egg-info/SOURCES.txt'
running build
running build_py
running install
running install_lib
running install_data
running install_egg_info
removing '/home/zyh/ros2_study/foxy/foxy_ws/install/py_srv_cli/lib/python3.8/site-packages/py_srv_cli-0.0.0-py3.8.egg-info' (and everything under it)
Copying ../../build/py_srv_cli/py_srv_cli.egg-info to /home/zyh/ros2_study/foxy/foxy_ws/install/py_srv_cli/lib/python3.8/site-packages/py_srv_cli-0.0.0-py3.8.egg-info
running install_scripts
Installing client script to /home/zyh/ros2_study/foxy/foxy_ws/install/py_srv_cli/lib/py_srv_cli
Installing service script to /home/zyh/ros2_study/foxy/foxy_ws/install/py_srv_cli/lib/py_srv_cli
writing list of installed files to '/home/zyh/ros2_study/foxy/foxy_ws/build/py_srv_cli/install.log'
