[0.323s] DEBUG:colcon:Command line arguments: ['/usr/bin/colcon', 'build']
[0.323s] DEBUG:colcon:Parsed command line arguments: Namespace(allow_overriding=[], ament_cmake_args=None, base_paths=['.'], build_base='build', catkin_cmake_args=None, catkin_skip_building_tests=False, cmake_args=None, cmake_clean_cache=False, cmake_clean_first=False, cmake_force_configure=False, cmake_target=None, cmake_target_skip_unavailable=False, continue_on_error=False, event_handlers=None, executor='parallel', ignore_user_meta=False, install_base='install', log_base=None, log_level=None, main=<bound method BuildVerb.main of <colcon_core.verb.build.BuildVerb object at 0x7f3b5e5b7070>>, merge_install=False, metas=['./colcon.meta'], packages_above=None, packages_above_and_dependencies=None, packages_above_depth=None, packages_end=None, packages_ignore=None, packages_ignore_regex=None, packages_select=None, packages_select_build_failed=False, packages_select_by_dep=None, packages_select_regex=None, packages_select_test_failures=False, packages_skip=None, packages_skip_build_finished=False, packages_skip_by_dep=None, packages_skip_regex=None, packages_skip_test_passed=False, packages_skip_up_to=None, packages_start=None, packages_up_to=None, packages_up_to_regex=None, parallel_workers=12, paths=None, symlink_install=False, test_result_base=None, verb_extension=<colcon_core.verb.build.BuildVerb object at 0x7f3b5e5b7070>, verb_name='build', verb_parser=<colcon_defaults.argument_parser.defaults.DefaultArgumentsDecorator object at 0x7f3b5e5b75b0>)
[0.347s] Level 1:colcon.colcon_core.package_discovery:discover_packages(colcon_meta) check parameters
[0.347s] Level 1:colcon.colcon_core.package_discovery:discover_packages(recursive) check parameters
[0.347s] Level 1:colcon.colcon_core.package_discovery:discover_packages(ignore) check parameters
[0.347s] Level 1:colcon.colcon_core.package_discovery:discover_packages(path) check parameters
[0.347s] Level 1:colcon.colcon_core.package_discovery:discover_packages(colcon_meta) discover
[0.347s] Level 1:colcon.colcon_core.package_discovery:discover_packages(recursive) discover
[0.347s] INFO:colcon.colcon_core.package_discovery:Crawling recursively for packages in '/home/zyh/ros2_study/foxy/foxy_ws'
[0.348s] Level 1:colcon.colcon_core.package_identification:_identify(.) by extensions ['ignore', 'ignore_ament_install']
[0.348s] Level 1:colcon.colcon_core.package_identification:_identify(.) by extension 'ignore'
[0.348s] Level 1:colcon.colcon_core.package_identification:_identify(.) by extension 'ignore_ament_install'
[0.348s] Level 1:colcon.colcon_core.package_identification:_identify(.) by extensions ['colcon_pkg']
[0.348s] Level 1:colcon.colcon_core.package_identification:_identify(.) by extension 'colcon_pkg'
[0.348s] Level 1:colcon.colcon_core.package_identification:_identify(.) by extensions ['colcon_meta']
[0.348s] Level 1:colcon.colcon_core.package_identification:_identify(.) by extension 'colcon_meta'
[0.348s] Level 1:colcon.colcon_core.package_identification:_identify(.) by extensions ['ros']
[0.348s] Level 1:colcon.colcon_core.package_identification:_identify(.) by extension 'ros'
[0.357s] Level 1:colcon.colcon_core.package_identification:_identify(.) by extensions ['cmake', 'python']
[0.357s] Level 1:colcon.colcon_core.package_identification:_identify(.) by extension 'cmake'
[0.357s] Level 1:colcon.colcon_core.package_identification:_identify(.) by extension 'python'
[0.357s] Level 1:colcon.colcon_core.package_identification:_identify(.) by extensions ['python_setup_py']
[0.357s] Level 1:colcon.colcon_core.package_identification:_identify(.) by extension 'python_setup_py'
[0.357s] Level 1:colcon.colcon_core.package_identification:_identify(build) by extensions ['ignore', 'ignore_ament_install']
[0.358s] Level 1:colcon.colcon_core.package_identification:_identify(build) by extension 'ignore'
[0.358s] Level 1:colcon.colcon_core.package_identification:_identify(build) ignored
[0.358s] Level 1:colcon.colcon_core.package_identification:_identify(install) by extensions ['ignore', 'ignore_ament_install']
[0.358s] Level 1:colcon.colcon_core.package_identification:_identify(install) by extension 'ignore'
[0.358s] Level 1:colcon.colcon_core.package_identification:_identify(install) ignored
[0.358s] Level 1:colcon.colcon_core.package_identification:_identify(log) by extensions ['ignore', 'ignore_ament_install']
[0.358s] Level 1:colcon.colcon_core.package_identification:_identify(log) by extension 'ignore'
[0.358s] Level 1:colcon.colcon_core.package_identification:_identify(log) ignored
[0.358s] Level 1:colcon.colcon_core.package_identification:_identify(src) by extensions ['ignore', 'ignore_ament_install']
[0.358s] Level 1:colcon.colcon_core.package_identification:_identify(src) by extension 'ignore'
[0.358s] Level 1:colcon.colcon_core.package_identification:_identify(src) by extension 'ignore_ament_install'
[0.358s] Level 1:colcon.colcon_core.package_identification:_identify(src) by extensions ['colcon_pkg']
[0.358s] Level 1:colcon.colcon_core.package_identification:_identify(src) by extension 'colcon_pkg'
[0.358s] Level 1:colcon.colcon_core.package_identification:_identify(src) by extensions ['colcon_meta']
[0.358s] Level 1:colcon.colcon_core.package_identification:_identify(src) by extension 'colcon_meta'
[0.358s] Level 1:colcon.colcon_core.package_identification:_identify(src) by extensions ['ros']
[0.358s] Level 1:colcon.colcon_core.package_identification:_identify(src) by extension 'ros'
[0.358s] Level 1:colcon.colcon_core.package_identification:_identify(src) by extensions ['cmake', 'python']
[0.358s] Level 1:colcon.colcon_core.package_identification:_identify(src) by extension 'cmake'
[0.359s] Level 1:colcon.colcon_core.package_identification:_identify(src) by extension 'python'
[0.359s] Level 1:colcon.colcon_core.package_identification:_identify(src) by extensions ['python_setup_py']
[0.359s] Level 1:colcon.colcon_core.package_identification:_identify(src) by extension 'python_setup_py'
[0.359s] Level 1:colcon.colcon_core.package_identification:_identify(src/py_pub_sub) by extensions ['ignore', 'ignore_ament_install']
[0.359s] Level 1:colcon.colcon_core.package_identification:_identify(src/py_pub_sub) by extension 'ignore'
[0.359s] Level 1:colcon.colcon_core.package_identification:_identify(src/py_pub_sub) by extension 'ignore_ament_install'
[0.359s] Level 1:colcon.colcon_core.package_identification:_identify(src/py_pub_sub) by extensions ['colcon_pkg']
[0.359s] Level 1:colcon.colcon_core.package_identification:_identify(src/py_pub_sub) by extension 'colcon_pkg'
[0.359s] Level 1:colcon.colcon_core.package_identification:_identify(src/py_pub_sub) by extensions ['colcon_meta']
[0.359s] Level 1:colcon.colcon_core.package_identification:_identify(src/py_pub_sub) by extension 'colcon_meta'
[0.359s] Level 1:colcon.colcon_core.package_identification:_identify(src/py_pub_sub) by extensions ['ros']
[0.359s] Level 1:colcon.colcon_core.package_identification:_identify(src/py_pub_sub) by extension 'ros'
[0.361s] DEBUG:colcon.colcon_core.package_identification:Package 'src/py_pub_sub' with type 'ros.ament_python' and name 'py_pub_sub'
[0.361s] Level 1:colcon.colcon_core.package_discovery:discover_packages(recursive) using defaults
[0.361s] Level 1:colcon.colcon_core.package_discovery:discover_packages(ignore) discover
[0.361s] Level 1:colcon.colcon_core.package_discovery:discover_packages(ignore) using defaults
[0.361s] Level 1:colcon.colcon_core.package_discovery:discover_packages(path) discover
[0.361s] Level 1:colcon.colcon_core.package_discovery:discover_packages(path) using defaults
[0.380s] Level 1:colcon.colcon_core.package_discovery:discover_packages(prefix_path) check parameters
[0.380s] Level 1:colcon.colcon_core.package_discovery:discover_packages(prefix_path) discover
[0.382s] WARNING:colcon.colcon_ros.prefix_path.ament:The path '/home/zyh/ros2_study/foxy/foxy_ws/install/py_pub_sub' in the environment variable AMENT_PREFIX_PATH doesn't exist
[0.382s] WARNING:colcon.colcon_ros.prefix_path.ament:The path '/home/zyh/ros2_study/foxy/foxy_ws/install/py_pub' in the environment variable AMENT_PREFIX_PATH doesn't exist
[0.383s] DEBUG:colcon.colcon_installed_package_information.package_discovery:Found 0 installed packages in /home/zyh/ros2_study/foxy/foxy_ws/install
[0.385s] DEBUG:colcon.colcon_installed_package_information.package_discovery:Found 256 installed packages in /opt/ros/foxy
[0.386s] Level 1:colcon.colcon_core.package_discovery:discover_packages(prefix_path) using defaults
[0.453s] Level 5:colcon.colcon_core.verb:set package 'py_pub_sub' build argument 'cmake_args' from command line to 'None'
[0.453s] Level 5:colcon.colcon_core.verb:set package 'py_pub_sub' build argument 'cmake_target' from command line to 'None'
[0.453s] Level 5:colcon.colcon_core.verb:set package 'py_pub_sub' build argument 'cmake_target_skip_unavailable' from command line to 'False'
[0.453s] Level 5:colcon.colcon_core.verb:set package 'py_pub_sub' build argument 'cmake_clean_cache' from command line to 'False'
[0.453s] Level 5:colcon.colcon_core.verb:set package 'py_pub_sub' build argument 'cmake_clean_first' from command line to 'False'
[0.453s] Level 5:colcon.colcon_core.verb:set package 'py_pub_sub' build argument 'cmake_force_configure' from command line to 'False'
[0.453s] Level 5:colcon.colcon_core.verb:set package 'py_pub_sub' build argument 'ament_cmake_args' from command line to 'None'
[0.453s] Level 5:colcon.colcon_core.verb:set package 'py_pub_sub' build argument 'catkin_cmake_args' from command line to 'None'
[0.453s] Level 5:colcon.colcon_core.verb:set package 'py_pub_sub' build argument 'catkin_skip_building_tests' from command line to 'False'
[0.453s] DEBUG:colcon.colcon_core.verb:Building package 'py_pub_sub' with the following arguments: {'ament_cmake_args': None, 'build_base': '/home/zyh/ros2_study/foxy/foxy_ws/build/py_pub_sub', 'catkin_cmake_args': None, 'catkin_skip_building_tests': False, 'cmake_args': None, 'cmake_clean_cache': False, 'cmake_clean_first': False, 'cmake_force_configure': False, 'cmake_target': None, 'cmake_target_skip_unavailable': False, 'install_base': '/home/zyh/ros2_study/foxy/foxy_ws/install/py_pub_sub', 'merge_install': False, 'path': '/home/zyh/ros2_study/foxy/foxy_ws/src/py_pub_sub', 'symlink_install': False, 'test_result_base': None}
[0.454s] INFO:colcon.colcon_core.executor:Executing jobs using 'parallel' executor
[0.459s] DEBUG:colcon.colcon_parallel_executor.executor.parallel:run_until_complete
[0.459s] INFO:colcon.colcon_ros.task.ament_python.build:Building ROS package in '/home/zyh/ros2_study/foxy/foxy_ws/src/py_pub_sub' with build type 'ament_python'
[0.459s] Level 1:colcon.colcon_core.shell:create_environment_hook('py_pub_sub', 'ament_prefix_path')
[0.464s] INFO:colcon.colcon_core.plugin_system:Skipping extension 'colcon_core.shell.bat': Not used on non-Windows systems
[0.464s] INFO:colcon.colcon_core.shell:Creating environment hook '/home/zyh/ros2_study/foxy/foxy_ws/install/py_pub_sub/share/py_pub_sub/hook/ament_prefix_path.ps1'
[0.465s] INFO:colcon.colcon_core.shell:Creating environment descriptor '/home/zyh/ros2_study/foxy/foxy_ws/install/py_pub_sub/share/py_pub_sub/hook/ament_prefix_path.dsv'
[0.465s] INFO:colcon.colcon_core.shell:Creating environment hook '/home/zyh/ros2_study/foxy/foxy_ws/install/py_pub_sub/share/py_pub_sub/hook/ament_prefix_path.sh'
[0.468s] INFO:colcon.colcon_core.shell:Skip shell extension 'powershell' for command environment: Not usable outside of PowerShell
[0.468s] DEBUG:colcon.colcon_core.shell:Skip shell extension 'dsv' for command environment
[0.734s] INFO:colcon.colcon_core.task.python.build:Building Python package in '/home/zyh/ros2_study/foxy/foxy_ws/src/py_pub_sub'
[0.737s] INFO:colcon.colcon_core.shell:Skip shell extension 'powershell' for command environment: Not usable outside of PowerShell
[0.737s] DEBUG:colcon.colcon_core.shell:Skip shell extension 'dsv' for command environment
[1.267s] DEBUG:colcon.colcon_core.event_handler.log_command:Invoking command in '/home/zyh/ros2_study/foxy/foxy_ws/src/py_pub_sub': PYTHONPATH=/home/zyh/ros2_study/foxy/foxy_ws/build/py_pub_sub/prefix_override:/home/zyh/ros2_study/foxy/foxy_ws/install/py_pub_sub/lib/python3.8/site-packages:${PYTHONPATH} /usr/bin/python3 setup.py egg_info --egg-base ../../build/py_pub_sub build --build-base /home/zyh/ros2_study/foxy/foxy_ws/build/py_pub_sub/build install --record /home/zyh/ros2_study/foxy/foxy_ws/build/py_pub_sub/install.log --install-scripts $base/lib/py_pub_sub --single-version-externally-managed
[1.563s] DEBUG:colcon.colcon_core.event_handler.log_command:Invoked command in '/home/zyh/ros2_study/foxy/foxy_ws/src/py_pub_sub' returned '0': PYTHONPATH=/home/zyh/ros2_study/foxy/foxy_ws/build/py_pub_sub/prefix_override:/home/zyh/ros2_study/foxy/foxy_ws/install/py_pub_sub/lib/python3.8/site-packages:${PYTHONPATH} /usr/bin/python3 setup.py egg_info --egg-base ../../build/py_pub_sub build --build-base /home/zyh/ros2_study/foxy/foxy_ws/build/py_pub_sub/build install --record /home/zyh/ros2_study/foxy/foxy_ws/build/py_pub_sub/install.log --install-scripts $base/lib/py_pub_sub --single-version-externally-managed
[1.570s] Level 1:colcon.colcon_core.environment:checking '/home/zyh/ros2_study/foxy/foxy_ws/install/py_pub_sub' for CMake module files
[1.570s] Level 1:colcon.colcon_core.environment:checking '/home/zyh/ros2_study/foxy/foxy_ws/install/py_pub_sub' for CMake config files
[1.571s] Level 1:colcon.colcon_core.environment:checking '/home/zyh/ros2_study/foxy/foxy_ws/install/py_pub_sub/lib'
[1.571s] Level 1:colcon.colcon_core.environment:checking '/home/zyh/ros2_study/foxy/foxy_ws/install/py_pub_sub/bin'
[1.571s] Level 1:colcon.colcon_core.environment:checking '/home/zyh/ros2_study/foxy/foxy_ws/install/py_pub_sub/lib/pkgconfig/py_pub_sub.pc'
[1.571s] Level 1:colcon.colcon_core.environment:checking '/home/zyh/ros2_study/foxy/foxy_ws/install/py_pub_sub/lib/python3.8/site-packages'
[1.571s] Level 1:colcon.colcon_core.shell:create_environment_hook('py_pub_sub', 'pythonpath')
[1.573s] INFO:colcon.colcon_core.shell:Creating environment hook '/home/zyh/ros2_study/foxy/foxy_ws/install/py_pub_sub/share/py_pub_sub/hook/pythonpath.ps1'
[1.573s] INFO:colcon.colcon_core.shell:Creating environment descriptor '/home/zyh/ros2_study/foxy/foxy_ws/install/py_pub_sub/share/py_pub_sub/hook/pythonpath.dsv'
[1.574s] INFO:colcon.colcon_core.shell:Creating environment hook '/home/zyh/ros2_study/foxy/foxy_ws/install/py_pub_sub/share/py_pub_sub/hook/pythonpath.sh'
[1.574s] Level 1:colcon.colcon_core.environment:checking '/home/zyh/ros2_study/foxy/foxy_ws/install/py_pub_sub/bin'
[1.574s] Level 1:colcon.colcon_core.environment:create_environment_scripts_only(py_pub_sub)
[1.577s] INFO:colcon.colcon_core.shell:Creating package script '/home/zyh/ros2_study/foxy/foxy_ws/install/py_pub_sub/share/py_pub_sub/package.ps1'
[1.577s] INFO:colcon.colcon_core.shell:Creating package descriptor '/home/zyh/ros2_study/foxy/foxy_ws/install/py_pub_sub/share/py_pub_sub/package.dsv'
[1.578s] INFO:colcon.colcon_core.shell:Creating package script '/home/zyh/ros2_study/foxy/foxy_ws/install/py_pub_sub/share/py_pub_sub/package.sh'
[1.579s] INFO:colcon.colcon_core.shell:Creating package script '/home/zyh/ros2_study/foxy/foxy_ws/install/py_pub_sub/share/py_pub_sub/package.bash'
[1.580s] INFO:colcon.colcon_core.shell:Creating package script '/home/zyh/ros2_study/foxy/foxy_ws/install/py_pub_sub/share/py_pub_sub/package.zsh'
[1.580s] Level 1:colcon.colcon_core.environment:create_file_with_runtime_dependencies(/home/zyh/ros2_study/foxy/foxy_ws/install/py_pub_sub/share/colcon-core/packages/py_pub_sub)
[1.581s] DEBUG:colcon.colcon_parallel_executor.executor.parallel:closing loop
[1.581s] DEBUG:colcon.colcon_parallel_executor.executor.parallel:loop closed
[1.581s] DEBUG:colcon.colcon_parallel_executor.executor.parallel:run_until_complete finished with '0'
[1.581s] DEBUG:colcon.colcon_core.event_reactor:joining thread
[1.588s] INFO:colcon.colcon_core.plugin_system:Skipping extension 'colcon_notification.desktop_notification.terminal_notifier': Not used on non-Darwin systems
[1.588s] INFO:colcon.colcon_core.plugin_system:Skipping extension 'colcon_notification.desktop_notification.win32': Not used on non-Windows systems
[1.588s] INFO:colcon.colcon_notification.desktop_notification:Sending desktop notification using 'notify2'
[1.602s] DEBUG:colcon.colcon_core.event_reactor:joined thread
[1.605s] INFO:colcon.colcon_core.shell:Creating prefix script '/home/zyh/ros2_study/foxy/foxy_ws/install/local_setup.ps1'
[1.606s] INFO:colcon.colcon_core.shell:Creating prefix util module '/home/zyh/ros2_study/foxy/foxy_ws/install/_local_setup_util_ps1.py'
[1.607s] INFO:colcon.colcon_core.shell:Creating prefix chain script '/home/zyh/ros2_study/foxy/foxy_ws/install/setup.ps1'
[1.608s] INFO:colcon.colcon_core.shell:Creating prefix script '/home/zyh/ros2_study/foxy/foxy_ws/install/local_setup.sh'
[1.609s] INFO:colcon.colcon_core.shell:Creating prefix util module '/home/zyh/ros2_study/foxy/foxy_ws/install/_local_setup_util_sh.py'
[1.609s] INFO:colcon.colcon_core.shell:Creating prefix chain script '/home/zyh/ros2_study/foxy/foxy_ws/install/setup.sh'
[1.610s] INFO:colcon.colcon_core.shell:Creating prefix script '/home/zyh/ros2_study/foxy/foxy_ws/install/local_setup.bash'
[1.611s] INFO:colcon.colcon_core.shell:Creating prefix chain script '/home/zyh/ros2_study/foxy/foxy_ws/install/setup.bash'
[1.614s] INFO:colcon.colcon_core.shell:Creating prefix script '/home/zyh/ros2_study/foxy/foxy_ws/install/local_setup.zsh'
[1.614s] INFO:colcon.colcon_core.shell:Creating prefix chain script '/home/zyh/ros2_study/foxy/foxy_ws/install/setup.zsh'
