[0.170s] Invoking command in '/home/zyh/ros2_study/foxy/foxy_ws/build/cpp_pub_sub': CMAKE_PREFIX_PATH=/opt/ros/foxy /usr/bin/cmake /home/zyh/ros2_study/foxy/foxy_ws/src/cpp_pub_sub -DCMAKE_INSTALL_PREFIX=/home/zyh/ros2_study/foxy/foxy_ws/install/cpp_pub_sub
[0.382s] -- Found ament_cmake: 0.9.11 (/opt/ros/foxy/share/ament_cmake/cmake)
[0.431s] -- Using PYTHON_EXECUTABLE: /usr/bin/python3
[0.626s] -- Found rclcpp: 2.4.2 (/opt/ros/foxy/share/rclcpp/cmake)
[0.716s] -- Using all available rosidl_typesupport_c: rosidl_typesupport_fastrtps_c;rosidl_typesupport_introspection_c
[0.739s] -- Found rosidl_adapter: 1.3.0 (/opt/ros/foxy/share/rosidl_adapter/cmake)
[1.298s] -- Found OpenSSL: /usr/lib/x86_64-linux-gnu/libcrypto.so (found version "1.1.1f")  
[1.342s] -- Found FastRTPS: /opt/ros/foxy/include  
[1.884s] -- Using all available rosidl_typesupport_cpp: rosidl_typesupport_fastrtps_cpp;rosidl_typesupport_introspection_cpp
[2.102s] -- Found rmw_implementation_cmake: 1.0.4 (/opt/ros/foxy/share/rmw_implementation_cmake/cmake)
[2.103s] -- Using RMW implementation 'rmw_fastrtps_cpp' as default
[2.157s] -- Looking for pthread.h
[2.451s] -- Looking for pthread.h - found
[2.451s] -- Performing Test CMAKE_HAVE_LIBC_PTHREAD
[2.599s] -- Performing Test CMAKE_HAVE_LIBC_PTHREAD - Failed
[2.599s] -- Looking for pthread_create in pthreads
[2.738s] -- Looking for pthread_create in pthreads - not found
[2.738s] -- Looking for pthread_create in pthread
[2.825s] -- Looking for pthread_create in pthread - found
[2.827s] -- Found Threads: TRUE  
[4.176s] -- Configuring done
[4.188s] -- Generating done
[4.214s] -- Build files have been written to: /home/zyh/ros2_study/foxy/foxy_ws/build/cpp_pub_sub
[4.222s] Invoked command in '/home/zyh/ros2_study/foxy/foxy_ws/build/cpp_pub_sub' returned '0': CMAKE_PREFIX_PATH=/opt/ros/foxy /usr/bin/cmake /home/zyh/ros2_study/foxy/foxy_ws/src/cpp_pub_sub -DCMAKE_INSTALL_PREFIX=/home/zyh/ros2_study/foxy/foxy_ws/install/cpp_pub_sub
[4.224s] Invoking command in '/home/zyh/ros2_study/foxy/foxy_ws/build/cpp_pub_sub': CMAKE_PREFIX_PATH=/opt/ros/foxy /usr/bin/cmake --build /home/zyh/ros2_study/foxy/foxy_ws/build/cpp_pub_sub -- -j12 -l12
[4.272s] [35m[1mScanning dependencies of target talker[0m
[4.272s] [35m[1mScanning dependencies of target listener[0m
[5.153s] [ 25%] [32mBuilding CXX object CMakeFiles/talker.dir/src/publisher_func.cpp.o[0m
[5.155s] [ 50%] [32mBuilding CXX object CMakeFiles/listener.dir/src/subscriber_func.cpp.o[0m
[8.297s] [ 75%] [32m[1mLinking CXX executable talker[0m
[8.937s] [ 75%] Built target talker
[9.776s] [100%] [32m[1mLinking CXX executable listener[0m
[10.003s] [100%] Built target listener
[10.016s] Invoked command in '/home/zyh/ros2_study/foxy/foxy_ws/build/cpp_pub_sub' returned '0': CMAKE_PREFIX_PATH=/opt/ros/foxy /usr/bin/cmake --build /home/zyh/ros2_study/foxy/foxy_ws/build/cpp_pub_sub -- -j12 -l12
[10.076s] Invoking command in '/home/zyh/ros2_study/foxy/foxy_ws/build/cpp_pub_sub': CMAKE_PREFIX_PATH=/opt/ros/foxy /usr/bin/cmake --install /home/zyh/ros2_study/foxy/foxy_ws/build/cpp_pub_sub
[10.085s] -- Install configuration: ""
[10.085s] -- Installing: /home/zyh/ros2_study/foxy/foxy_ws/install/cpp_pub_sub/lib/cpp_pub_sub/talker
[10.086s] -- Set runtime path of "/home/zyh/ros2_study/foxy/foxy_ws/install/cpp_pub_sub/lib/cpp_pub_sub/talker" to ""
[10.086s] -- Installing: /home/zyh/ros2_study/foxy/foxy_ws/install/cpp_pub_sub/lib/cpp_pub_sub/listener
[10.087s] -- Set runtime path of "/home/zyh/ros2_study/foxy/foxy_ws/install/cpp_pub_sub/lib/cpp_pub_sub/listener" to ""
[10.088s] -- Installing: /home/zyh/ros2_study/foxy/foxy_ws/install/cpp_pub_sub/share/ament_index/resource_index/package_run_dependencies/cpp_pub_sub
[10.088s] -- Installing: /home/zyh/ros2_study/foxy/foxy_ws/install/cpp_pub_sub/share/ament_index/resource_index/parent_prefix_path/cpp_pub_sub
[10.088s] -- Installing: /home/zyh/ros2_study/foxy/foxy_ws/install/cpp_pub_sub/share/cpp_pub_sub/environment/ament_prefix_path.sh
[10.088s] -- Installing: /home/zyh/ros2_study/foxy/foxy_ws/install/cpp_pub_sub/share/cpp_pub_sub/environment/ament_prefix_path.dsv
[10.088s] -- Installing: /home/zyh/ros2_study/foxy/foxy_ws/install/cpp_pub_sub/share/cpp_pub_sub/environment/path.sh
[10.088s] -- Installing: /home/zyh/ros2_study/foxy/foxy_ws/install/cpp_pub_sub/share/cpp_pub_sub/environment/path.dsv
[10.089s] -- Installing: /home/zyh/ros2_study/foxy/foxy_ws/install/cpp_pub_sub/share/cpp_pub_sub/local_setup.bash
[10.089s] -- Installing: /home/zyh/ros2_study/foxy/foxy_ws/install/cpp_pub_sub/share/cpp_pub_sub/local_setup.sh
[10.089s] -- Installing: /home/zyh/ros2_study/foxy/foxy_ws/install/cpp_pub_sub/share/cpp_pub_sub/local_setup.zsh
[10.089s] -- Installing: /home/zyh/ros2_study/foxy/foxy_ws/install/cpp_pub_sub/share/cpp_pub_sub/local_setup.dsv
[10.089s] -- Installing: /home/zyh/ros2_study/foxy/foxy_ws/install/cpp_pub_sub/share/cpp_pub_sub/package.dsv
[10.089s] -- Installing: /home/zyh/ros2_study/foxy/foxy_ws/install/cpp_pub_sub/share/ament_index/resource_index/packages/cpp_pub_sub
[10.089s] -- Installing: /home/zyh/ros2_study/foxy/foxy_ws/install/cpp_pub_sub/share/cpp_pub_sub/cmake/cpp_pub_subConfig.cmake
[10.089s] -- Installing: /home/zyh/ros2_study/foxy/foxy_ws/install/cpp_pub_sub/share/cpp_pub_sub/cmake/cpp_pub_subConfig-version.cmake
[10.090s] -- Installing: /home/zyh/ros2_study/foxy/foxy_ws/install/cpp_pub_sub/share/cpp_pub_sub/package.xml
[10.095s] Invoked command in '/home/zyh/ros2_study/foxy/foxy_ws/build/cpp_pub_sub' returned '0': CMAKE_PREFIX_PATH=/opt/ros/foxy /usr/bin/cmake --install /home/zyh/ros2_study/foxy/foxy_ws/build/cpp_pub_sub
