[0.320s] DEBUG:colcon:Command line arguments: ['/usr/bin/colcon', 'build']
[0.320s] DEBUG:colcon:Parsed command line arguments: Namespace(allow_overriding=[], ament_cmake_args=None, base_paths=['.'], build_base='build', catkin_cmake_args=None, catkin_skip_building_tests=False, cmake_args=None, cmake_clean_cache=False, cmake_clean_first=False, cmake_force_configure=False, cmake_target=None, cmake_target_skip_unavailable=False, continue_on_error=False, event_handlers=None, executor='parallel', ignore_user_meta=False, install_base='install', log_base=None, log_level=None, main=<bound method BuildVerb.main of <colcon_core.verb.build.BuildVerb object at 0x7fb8e8e101f0>>, merge_install=False, metas=['./colcon.meta'], packages_above=None, packages_above_and_dependencies=None, packages_above_depth=None, packages_end=None, packages_ignore=None, packages_ignore_regex=None, packages_select=None, packages_select_build_failed=False, packages_select_by_dep=None, packages_select_regex=None, packages_select_test_failures=False, packages_skip=None, packages_skip_build_finished=False, packages_skip_by_dep=None, packages_skip_regex=None, packages_skip_test_passed=False, packages_skip_up_to=None, packages_start=None, packages_up_to=None, packages_up_to_regex=None, parallel_workers=12, paths=None, symlink_install=False, test_result_base=None, verb_extension=<colcon_core.verb.build.BuildVerb object at 0x7fb8e8e101f0>, verb_name='build', verb_parser=<colcon_defaults.argument_parser.defaults.DefaultArgumentsDecorator object at 0x7fb8e8e10730>)
[0.343s] Level 1:colcon.colcon_core.package_discovery:discover_packages(colcon_meta) check parameters
[0.343s] Level 1:colcon.colcon_core.package_discovery:discover_packages(recursive) check parameters
[0.343s] Level 1:colcon.colcon_core.package_discovery:discover_packages(ignore) check parameters
[0.343s] Level 1:colcon.colcon_core.package_discovery:discover_packages(path) check parameters
[0.343s] Level 1:colcon.colcon_core.package_discovery:discover_packages(colcon_meta) discover
[0.343s] Level 1:colcon.colcon_core.package_discovery:discover_packages(recursive) discover
[0.344s] INFO:colcon.colcon_core.package_discovery:Crawling recursively for packages in '/home/zyh/ros2_study/foxy/foxy_ws'
[0.344s] Level 1:colcon.colcon_core.package_identification:_identify(.) by extensions ['ignore', 'ignore_ament_install']
[0.344s] Level 1:colcon.colcon_core.package_identification:_identify(.) by extension 'ignore'
[0.344s] Level 1:colcon.colcon_core.package_identification:_identify(.) by extension 'ignore_ament_install'
[0.344s] Level 1:colcon.colcon_core.package_identification:_identify(.) by extensions ['colcon_pkg']
[0.344s] Level 1:colcon.colcon_core.package_identification:_identify(.) by extension 'colcon_pkg'
[0.344s] Level 1:colcon.colcon_core.package_identification:_identify(.) by extensions ['colcon_meta']
[0.344s] Level 1:colcon.colcon_core.package_identification:_identify(.) by extension 'colcon_meta'
[0.344s] Level 1:colcon.colcon_core.package_identification:_identify(.) by extensions ['ros']
[0.344s] Level 1:colcon.colcon_core.package_identification:_identify(.) by extension 'ros'
[0.353s] Level 1:colcon.colcon_core.package_identification:_identify(.) by extensions ['cmake', 'python']
[0.353s] Level 1:colcon.colcon_core.package_identification:_identify(.) by extension 'cmake'
[0.353s] Level 1:colcon.colcon_core.package_identification:_identify(.) by extension 'python'
[0.353s] Level 1:colcon.colcon_core.package_identification:_identify(.) by extensions ['python_setup_py']
[0.353s] Level 1:colcon.colcon_core.package_identification:_identify(.) by extension 'python_setup_py'
[0.353s] Level 1:colcon.colcon_core.package_identification:_identify(build) by extensions ['ignore', 'ignore_ament_install']
[0.353s] Level 1:colcon.colcon_core.package_identification:_identify(build) by extension 'ignore'
[0.353s] Level 1:colcon.colcon_core.package_identification:_identify(build) ignored
[0.354s] Level 1:colcon.colcon_core.package_identification:_identify(install) by extensions ['ignore', 'ignore_ament_install']
[0.354s] Level 1:colcon.colcon_core.package_identification:_identify(install) by extension 'ignore'
[0.354s] Level 1:colcon.colcon_core.package_identification:_identify(install) ignored
[0.354s] Level 1:colcon.colcon_core.package_identification:_identify(log) by extensions ['ignore', 'ignore_ament_install']
[0.354s] Level 1:colcon.colcon_core.package_identification:_identify(log) by extension 'ignore'
[0.354s] Level 1:colcon.colcon_core.package_identification:_identify(log) ignored
[0.354s] Level 1:colcon.colcon_core.package_identification:_identify(src) by extensions ['ignore', 'ignore_ament_install']
[0.354s] Level 1:colcon.colcon_core.package_identification:_identify(src) by extension 'ignore'
[0.354s] Level 1:colcon.colcon_core.package_identification:_identify(src) by extension 'ignore_ament_install'
[0.354s] Level 1:colcon.colcon_core.package_identification:_identify(src) by extensions ['colcon_pkg']
[0.354s] Level 1:colcon.colcon_core.package_identification:_identify(src) by extension 'colcon_pkg'
[0.354s] Level 1:colcon.colcon_core.package_identification:_identify(src) by extensions ['colcon_meta']
[0.354s] Level 1:colcon.colcon_core.package_identification:_identify(src) by extension 'colcon_meta'
[0.354s] Level 1:colcon.colcon_core.package_identification:_identify(src) by extensions ['ros']
[0.354s] Level 1:colcon.colcon_core.package_identification:_identify(src) by extension 'ros'
[0.354s] Level 1:colcon.colcon_core.package_identification:_identify(src) by extensions ['cmake', 'python']
[0.354s] Level 1:colcon.colcon_core.package_identification:_identify(src) by extension 'cmake'
[0.354s] Level 1:colcon.colcon_core.package_identification:_identify(src) by extension 'python'
[0.354s] Level 1:colcon.colcon_core.package_identification:_identify(src) by extensions ['python_setup_py']
[0.354s] Level 1:colcon.colcon_core.package_identification:_identify(src) by extension 'python_setup_py'
[0.355s] Level 1:colcon.colcon_core.package_identification:_identify(src/cpp_pub_sub) by extensions ['ignore', 'ignore_ament_install']
[0.355s] Level 1:colcon.colcon_core.package_identification:_identify(src/cpp_pub_sub) by extension 'ignore'
[0.355s] Level 1:colcon.colcon_core.package_identification:_identify(src/cpp_pub_sub) by extension 'ignore_ament_install'
[0.355s] Level 1:colcon.colcon_core.package_identification:_identify(src/cpp_pub_sub) by extensions ['colcon_pkg']
[0.355s] Level 1:colcon.colcon_core.package_identification:_identify(src/cpp_pub_sub) by extension 'colcon_pkg'
[0.355s] Level 1:colcon.colcon_core.package_identification:_identify(src/cpp_pub_sub) by extensions ['colcon_meta']
[0.355s] Level 1:colcon.colcon_core.package_identification:_identify(src/cpp_pub_sub) by extension 'colcon_meta'
[0.355s] Level 1:colcon.colcon_core.package_identification:_identify(src/cpp_pub_sub) by extensions ['ros']
[0.355s] Level 1:colcon.colcon_core.package_identification:_identify(src/cpp_pub_sub) by extension 'ros'
[0.357s] DEBUG:colcon.colcon_core.package_identification:Package 'src/cpp_pub_sub' with type 'ros.ament_cmake' and name 'cpp_pub_sub'
[0.357s] Level 1:colcon.colcon_core.package_identification:_identify(src/cpp_srv_cli) by extensions ['ignore', 'ignore_ament_install']
[0.357s] Level 1:colcon.colcon_core.package_identification:_identify(src/cpp_srv_cli) by extension 'ignore'
[0.357s] Level 1:colcon.colcon_core.package_identification:_identify(src/cpp_srv_cli) by extension 'ignore_ament_install'
[0.357s] Level 1:colcon.colcon_core.package_identification:_identify(src/cpp_srv_cli) by extensions ['colcon_pkg']
[0.357s] Level 1:colcon.colcon_core.package_identification:_identify(src/cpp_srv_cli) by extension 'colcon_pkg'
[0.357s] Level 1:colcon.colcon_core.package_identification:_identify(src/cpp_srv_cli) by extensions ['colcon_meta']
[0.357s] Level 1:colcon.colcon_core.package_identification:_identify(src/cpp_srv_cli) by extension 'colcon_meta'
[0.357s] Level 1:colcon.colcon_core.package_identification:_identify(src/cpp_srv_cli) by extensions ['ros']
[0.357s] Level 1:colcon.colcon_core.package_identification:_identify(src/cpp_srv_cli) by extension 'ros'
[0.358s] DEBUG:colcon.colcon_core.package_identification:Package 'src/cpp_srv_cli' with type 'ros.ament_cmake' and name 'cpp_srv_cli'
[0.358s] Level 1:colcon.colcon_core.package_identification:_identify(src/exp_interfaces) by extensions ['ignore', 'ignore_ament_install']
[0.358s] Level 1:colcon.colcon_core.package_identification:_identify(src/exp_interfaces) by extension 'ignore'
[0.358s] Level 1:colcon.colcon_core.package_identification:_identify(src/exp_interfaces) by extension 'ignore_ament_install'
[0.358s] Level 1:colcon.colcon_core.package_identification:_identify(src/exp_interfaces) by extensions ['colcon_pkg']
[0.358s] Level 1:colcon.colcon_core.package_identification:_identify(src/exp_interfaces) by extension 'colcon_pkg'
[0.358s] Level 1:colcon.colcon_core.package_identification:_identify(src/exp_interfaces) by extensions ['colcon_meta']
[0.358s] Level 1:colcon.colcon_core.package_identification:_identify(src/exp_interfaces) by extension 'colcon_meta'
[0.358s] Level 1:colcon.colcon_core.package_identification:_identify(src/exp_interfaces) by extensions ['ros']
[0.358s] Level 1:colcon.colcon_core.package_identification:_identify(src/exp_interfaces) by extension 'ros'
[0.359s] DEBUG:colcon.colcon_core.package_identification:Package 'src/exp_interfaces' with type 'ros.ament_cmake' and name 'exp_interfaces'
[0.360s] Level 1:colcon.colcon_core.package_identification:_identify(src/py_pub_sub) by extensions ['ignore', 'ignore_ament_install']
[0.360s] Level 1:colcon.colcon_core.package_identification:_identify(src/py_pub_sub) by extension 'ignore'
[0.360s] Level 1:colcon.colcon_core.package_identification:_identify(src/py_pub_sub) by extension 'ignore_ament_install'
[0.360s] Level 1:colcon.colcon_core.package_identification:_identify(src/py_pub_sub) by extensions ['colcon_pkg']
[0.360s] Level 1:colcon.colcon_core.package_identification:_identify(src/py_pub_sub) by extension 'colcon_pkg'
[0.360s] Level 1:colcon.colcon_core.package_identification:_identify(src/py_pub_sub) by extensions ['colcon_meta']
[0.360s] Level 1:colcon.colcon_core.package_identification:_identify(src/py_pub_sub) by extension 'colcon_meta'
[0.360s] Level 1:colcon.colcon_core.package_identification:_identify(src/py_pub_sub) by extensions ['ros']
[0.360s] Level 1:colcon.colcon_core.package_identification:_identify(src/py_pub_sub) by extension 'ros'
[0.360s] DEBUG:colcon.colcon_core.package_identification:Package 'src/py_pub_sub' with type 'ros.ament_python' and name 'py_pub_sub'
[0.360s] Level 1:colcon.colcon_core.package_identification:_identify(src/py_srv_cli) by extensions ['ignore', 'ignore_ament_install']
[0.360s] Level 1:colcon.colcon_core.package_identification:_identify(src/py_srv_cli) by extension 'ignore'
[0.361s] Level 1:colcon.colcon_core.package_identification:_identify(src/py_srv_cli) by extension 'ignore_ament_install'
[0.361s] Level 1:colcon.colcon_core.package_identification:_identify(src/py_srv_cli) by extensions ['colcon_pkg']
[0.361s] Level 1:colcon.colcon_core.package_identification:_identify(src/py_srv_cli) by extension 'colcon_pkg'
[0.361s] Level 1:colcon.colcon_core.package_identification:_identify(src/py_srv_cli) by extensions ['colcon_meta']
[0.361s] Level 1:colcon.colcon_core.package_identification:_identify(src/py_srv_cli) by extension 'colcon_meta'
[0.361s] Level 1:colcon.colcon_core.package_identification:_identify(src/py_srv_cli) by extensions ['ros']
[0.361s] Level 1:colcon.colcon_core.package_identification:_identify(src/py_srv_cli) by extension 'ros'
[0.361s] DEBUG:colcon.colcon_core.package_identification:Package 'src/py_srv_cli' with type 'ros.ament_python' and name 'py_srv_cli'
[0.361s] Level 1:colcon.colcon_core.package_discovery:discover_packages(recursive) using defaults
[0.361s] Level 1:colcon.colcon_core.package_discovery:discover_packages(ignore) discover
[0.361s] Level 1:colcon.colcon_core.package_discovery:discover_packages(ignore) using defaults
[0.361s] Level 1:colcon.colcon_core.package_discovery:discover_packages(path) discover
[0.361s] Level 1:colcon.colcon_core.package_discovery:discover_packages(path) using defaults
[0.380s] Level 1:colcon.colcon_core.package_discovery:discover_packages(prefix_path) check parameters
[0.380s] Level 1:colcon.colcon_core.package_discovery:discover_packages(prefix_path) discover
[0.383s] DEBUG:colcon.colcon_installed_package_information.package_discovery:Found 256 installed packages in /opt/ros/foxy
[0.385s] Level 1:colcon.colcon_core.package_discovery:discover_packages(prefix_path) using defaults
[0.442s] Level 5:colcon.colcon_core.verb:set package 'cpp_pub_sub' build argument 'cmake_args' from command line to 'None'
[0.442s] Level 5:colcon.colcon_core.verb:set package 'cpp_pub_sub' build argument 'cmake_target' from command line to 'None'
[0.442s] Level 5:colcon.colcon_core.verb:set package 'cpp_pub_sub' build argument 'cmake_target_skip_unavailable' from command line to 'False'
[0.442s] Level 5:colcon.colcon_core.verb:set package 'cpp_pub_sub' build argument 'cmake_clean_cache' from command line to 'False'
[0.442s] Level 5:colcon.colcon_core.verb:set package 'cpp_pub_sub' build argument 'cmake_clean_first' from command line to 'False'
[0.442s] Level 5:colcon.colcon_core.verb:set package 'cpp_pub_sub' build argument 'cmake_force_configure' from command line to 'False'
[0.442s] Level 5:colcon.colcon_core.verb:set package 'cpp_pub_sub' build argument 'ament_cmake_args' from command line to 'None'
[0.442s] Level 5:colcon.colcon_core.verb:set package 'cpp_pub_sub' build argument 'catkin_cmake_args' from command line to 'None'
[0.442s] Level 5:colcon.colcon_core.verb:set package 'cpp_pub_sub' build argument 'catkin_skip_building_tests' from command line to 'False'
[0.442s] DEBUG:colcon.colcon_core.verb:Building package 'cpp_pub_sub' with the following arguments: {'ament_cmake_args': None, 'build_base': '/home/zyh/ros2_study/foxy/foxy_ws/build/cpp_pub_sub', 'catkin_cmake_args': None, 'catkin_skip_building_tests': False, 'cmake_args': None, 'cmake_clean_cache': False, 'cmake_clean_first': False, 'cmake_force_configure': False, 'cmake_target': None, 'cmake_target_skip_unavailable': False, 'install_base': '/home/zyh/ros2_study/foxy/foxy_ws/install/cpp_pub_sub', 'merge_install': False, 'path': '/home/zyh/ros2_study/foxy/foxy_ws/src/cpp_pub_sub', 'symlink_install': False, 'test_result_base': None}
[0.443s] Level 5:colcon.colcon_core.verb:set package 'cpp_srv_cli' build argument 'cmake_args' from command line to 'None'
[0.443s] Level 5:colcon.colcon_core.verb:set package 'cpp_srv_cli' build argument 'cmake_target' from command line to 'None'
[0.443s] Level 5:colcon.colcon_core.verb:set package 'cpp_srv_cli' build argument 'cmake_target_skip_unavailable' from command line to 'False'
[0.443s] Level 5:colcon.colcon_core.verb:set package 'cpp_srv_cli' build argument 'cmake_clean_cache' from command line to 'False'
[0.443s] Level 5:colcon.colcon_core.verb:set package 'cpp_srv_cli' build argument 'cmake_clean_first' from command line to 'False'
[0.443s] Level 5:colcon.colcon_core.verb:set package 'cpp_srv_cli' build argument 'cmake_force_configure' from command line to 'False'
[0.443s] Level 5:colcon.colcon_core.verb:set package 'cpp_srv_cli' build argument 'ament_cmake_args' from command line to 'None'
[0.444s] Level 5:colcon.colcon_core.verb:set package 'cpp_srv_cli' build argument 'catkin_cmake_args' from command line to 'None'
[0.444s] Level 5:colcon.colcon_core.verb:set package 'cpp_srv_cli' build argument 'catkin_skip_building_tests' from command line to 'False'
[0.444s] DEBUG:colcon.colcon_core.verb:Building package 'cpp_srv_cli' with the following arguments: {'ament_cmake_args': None, 'build_base': '/home/zyh/ros2_study/foxy/foxy_ws/build/cpp_srv_cli', 'catkin_cmake_args': None, 'catkin_skip_building_tests': False, 'cmake_args': None, 'cmake_clean_cache': False, 'cmake_clean_first': False, 'cmake_force_configure': False, 'cmake_target': None, 'cmake_target_skip_unavailable': False, 'install_base': '/home/zyh/ros2_study/foxy/foxy_ws/install/cpp_srv_cli', 'merge_install': False, 'path': '/home/zyh/ros2_study/foxy/foxy_ws/src/cpp_srv_cli', 'symlink_install': False, 'test_result_base': None}
[0.445s] Level 5:colcon.colcon_core.verb:set package 'exp_interfaces' build argument 'cmake_args' from command line to 'None'
[0.445s] Level 5:colcon.colcon_core.verb:set package 'exp_interfaces' build argument 'cmake_target' from command line to 'None'
[0.445s] Level 5:colcon.colcon_core.verb:set package 'exp_interfaces' build argument 'cmake_target_skip_unavailable' from command line to 'False'
[0.445s] Level 5:colcon.colcon_core.verb:set package 'exp_interfaces' build argument 'cmake_clean_cache' from command line to 'False'
[0.445s] Level 5:colcon.colcon_core.verb:set package 'exp_interfaces' build argument 'cmake_clean_first' from command line to 'False'
[0.445s] Level 5:colcon.colcon_core.verb:set package 'exp_interfaces' build argument 'cmake_force_configure' from command line to 'False'
[0.445s] Level 5:colcon.colcon_core.verb:set package 'exp_interfaces' build argument 'ament_cmake_args' from command line to 'None'
[0.445s] Level 5:colcon.colcon_core.verb:set package 'exp_interfaces' build argument 'catkin_cmake_args' from command line to 'None'
[0.445s] Level 5:colcon.colcon_core.verb:set package 'exp_interfaces' build argument 'catkin_skip_building_tests' from command line to 'False'
[0.445s] DEBUG:colcon.colcon_core.verb:Building package 'exp_interfaces' with the following arguments: {'ament_cmake_args': None, 'build_base': '/home/zyh/ros2_study/foxy/foxy_ws/build/exp_interfaces', 'catkin_cmake_args': None, 'catkin_skip_building_tests': False, 'cmake_args': None, 'cmake_clean_cache': False, 'cmake_clean_first': False, 'cmake_force_configure': False, 'cmake_target': None, 'cmake_target_skip_unavailable': False, 'install_base': '/home/zyh/ros2_study/foxy/foxy_ws/install/exp_interfaces', 'merge_install': False, 'path': '/home/zyh/ros2_study/foxy/foxy_ws/src/exp_interfaces', 'symlink_install': False, 'test_result_base': None}
[0.446s] Level 5:colcon.colcon_core.verb:set package 'py_pub_sub' build argument 'cmake_args' from command line to 'None'
[0.446s] Level 5:colcon.colcon_core.verb:set package 'py_pub_sub' build argument 'cmake_target' from command line to 'None'
[0.446s] Level 5:colcon.colcon_core.verb:set package 'py_pub_sub' build argument 'cmake_target_skip_unavailable' from command line to 'False'
[0.446s] Level 5:colcon.colcon_core.verb:set package 'py_pub_sub' build argument 'cmake_clean_cache' from command line to 'False'
[0.446s] Level 5:colcon.colcon_core.verb:set package 'py_pub_sub' build argument 'cmake_clean_first' from command line to 'False'
[0.446s] Level 5:colcon.colcon_core.verb:set package 'py_pub_sub' build argument 'cmake_force_configure' from command line to 'False'
[0.446s] Level 5:colcon.colcon_core.verb:set package 'py_pub_sub' build argument 'ament_cmake_args' from command line to 'None'
[0.446s] Level 5:colcon.colcon_core.verb:set package 'py_pub_sub' build argument 'catkin_cmake_args' from command line to 'None'
[0.446s] Level 5:colcon.colcon_core.verb:set package 'py_pub_sub' build argument 'catkin_skip_building_tests' from command line to 'False'
[0.446s] DEBUG:colcon.colcon_core.verb:Building package 'py_pub_sub' with the following arguments: {'ament_cmake_args': None, 'build_base': '/home/zyh/ros2_study/foxy/foxy_ws/build/py_pub_sub', 'catkin_cmake_args': None, 'catkin_skip_building_tests': False, 'cmake_args': None, 'cmake_clean_cache': False, 'cmake_clean_first': False, 'cmake_force_configure': False, 'cmake_target': None, 'cmake_target_skip_unavailable': False, 'install_base': '/home/zyh/ros2_study/foxy/foxy_ws/install/py_pub_sub', 'merge_install': False, 'path': '/home/zyh/ros2_study/foxy/foxy_ws/src/py_pub_sub', 'symlink_install': False, 'test_result_base': None}
[0.448s] Level 5:colcon.colcon_core.verb:set package 'py_srv_cli' build argument 'cmake_args' from command line to 'None'
[0.448s] Level 5:colcon.colcon_core.verb:set package 'py_srv_cli' build argument 'cmake_target' from command line to 'None'
[0.448s] Level 5:colcon.colcon_core.verb:set package 'py_srv_cli' build argument 'cmake_target_skip_unavailable' from command line to 'False'
[0.448s] Level 5:colcon.colcon_core.verb:set package 'py_srv_cli' build argument 'cmake_clean_cache' from command line to 'False'
[0.448s] Level 5:colcon.colcon_core.verb:set package 'py_srv_cli' build argument 'cmake_clean_first' from command line to 'False'
[0.448s] Level 5:colcon.colcon_core.verb:set package 'py_srv_cli' build argument 'cmake_force_configure' from command line to 'False'
[0.448s] Level 5:colcon.colcon_core.verb:set package 'py_srv_cli' build argument 'ament_cmake_args' from command line to 'None'
[0.448s] Level 5:colcon.colcon_core.verb:set package 'py_srv_cli' build argument 'catkin_cmake_args' from command line to 'None'
[0.448s] Level 5:colcon.colcon_core.verb:set package 'py_srv_cli' build argument 'catkin_skip_building_tests' from command line to 'False'
[0.448s] DEBUG:colcon.colcon_core.verb:Building package 'py_srv_cli' with the following arguments: {'ament_cmake_args': None, 'build_base': '/home/zyh/ros2_study/foxy/foxy_ws/build/py_srv_cli', 'catkin_cmake_args': None, 'catkin_skip_building_tests': False, 'cmake_args': None, 'cmake_clean_cache': False, 'cmake_clean_first': False, 'cmake_force_configure': False, 'cmake_target': None, 'cmake_target_skip_unavailable': False, 'install_base': '/home/zyh/ros2_study/foxy/foxy_ws/install/py_srv_cli', 'merge_install': False, 'path': '/home/zyh/ros2_study/foxy/foxy_ws/src/py_srv_cli', 'symlink_install': False, 'test_result_base': None}
[0.449s] INFO:colcon.colcon_core.executor:Executing jobs using 'parallel' executor
[0.453s] DEBUG:colcon.colcon_parallel_executor.executor.parallel:run_until_complete
[0.454s] INFO:colcon.colcon_ros.task.ament_cmake.build:Building ROS package in '/home/zyh/ros2_study/foxy/foxy_ws/src/cpp_pub_sub' with build type 'ament_cmake'
[0.454s] INFO:colcon.colcon_cmake.task.cmake.build:Building CMake package in '/home/zyh/ros2_study/foxy/foxy_ws/src/cpp_pub_sub'
[0.459s] INFO:colcon.colcon_core.plugin_system:Skipping extension 'colcon_core.shell.bat': Not used on non-Windows systems
[0.459s] INFO:colcon.colcon_core.shell:Skip shell extension 'powershell' for command environment: Not usable outside of PowerShell
[0.459s] DEBUG:colcon.colcon_core.shell:Skip shell extension 'dsv' for command environment
[0.465s] INFO:colcon.colcon_ros.task.ament_cmake.build:Building ROS package in '/home/zyh/ros2_study/foxy/foxy_ws/src/cpp_srv_cli' with build type 'ament_cmake'
[0.465s] INFO:colcon.colcon_cmake.task.cmake.build:Building CMake package in '/home/zyh/ros2_study/foxy/foxy_ws/src/cpp_srv_cli'
[0.468s] INFO:colcon.colcon_core.shell:Skip shell extension 'powershell' for command environment: Not usable outside of PowerShell
[0.468s] DEBUG:colcon.colcon_core.shell:Skip shell extension 'dsv' for command environment
[0.477s] INFO:colcon.colcon_ros.task.ament_cmake.build:Building ROS package in '/home/zyh/ros2_study/foxy/foxy_ws/src/exp_interfaces' with build type 'ament_cmake'
[0.477s] INFO:colcon.colcon_cmake.task.cmake.build:Building CMake package in '/home/zyh/ros2_study/foxy/foxy_ws/src/exp_interfaces'
[0.480s] INFO:colcon.colcon_core.shell:Skip shell extension 'powershell' for command environment: Not usable outside of PowerShell
[0.480s] DEBUG:colcon.colcon_core.shell:Skip shell extension 'dsv' for command environment
[0.489s] INFO:colcon.colcon_ros.task.ament_python.build:Building ROS package in '/home/zyh/ros2_study/foxy/foxy_ws/src/py_pub_sub' with build type 'ament_python'
[0.490s] Level 1:colcon.colcon_core.shell:create_environment_hook('py_pub_sub', 'ament_prefix_path')
[0.493s] INFO:colcon.colcon_core.shell:Creating environment hook '/home/zyh/ros2_study/foxy/foxy_ws/install/py_pub_sub/share/py_pub_sub/hook/ament_prefix_path.ps1'
[0.494s] INFO:colcon.colcon_core.shell:Creating environment descriptor '/home/zyh/ros2_study/foxy/foxy_ws/install/py_pub_sub/share/py_pub_sub/hook/ament_prefix_path.dsv'
[0.495s] INFO:colcon.colcon_core.shell:Creating environment hook '/home/zyh/ros2_study/foxy/foxy_ws/install/py_pub_sub/share/py_pub_sub/hook/ament_prefix_path.sh'
[0.498s] INFO:colcon.colcon_core.shell:Skip shell extension 'powershell' for command environment: Not usable outside of PowerShell
[0.498s] DEBUG:colcon.colcon_core.shell:Skip shell extension 'dsv' for command environment
[0.506s] INFO:colcon.colcon_ros.task.ament_python.build:Building ROS package in '/home/zyh/ros2_study/foxy/foxy_ws/src/py_srv_cli' with build type 'ament_python'
[0.507s] Level 1:colcon.colcon_core.shell:create_environment_hook('py_srv_cli', 'ament_prefix_path')
[0.511s] INFO:colcon.colcon_core.shell:Creating environment hook '/home/zyh/ros2_study/foxy/foxy_ws/install/py_srv_cli/share/py_srv_cli/hook/ament_prefix_path.ps1'
[0.513s] INFO:colcon.colcon_core.shell:Creating environment descriptor '/home/zyh/ros2_study/foxy/foxy_ws/install/py_srv_cli/share/py_srv_cli/hook/ament_prefix_path.dsv'
[0.513s] INFO:colcon.colcon_core.shell:Creating environment hook '/home/zyh/ros2_study/foxy/foxy_ws/install/py_srv_cli/share/py_srv_cli/hook/ament_prefix_path.sh'
[0.518s] INFO:colcon.colcon_core.shell:Skip shell extension 'powershell' for command environment: Not usable outside of PowerShell
[0.519s] DEBUG:colcon.colcon_core.shell:Skip shell extension 'dsv' for command environment
[0.536s] DEBUG:colcon.colcon_core.event_handler.log_command:Invoking command in '/home/zyh/ros2_study/foxy/foxy_ws/build/cpp_pub_sub': CMAKE_PREFIX_PATH=/opt/ros/foxy CONDA_PROMPT_MODIFIER=(base) /usr/bin/cmake --build /home/zyh/ros2_study/foxy/foxy_ws/build/cpp_pub_sub -- -j12 -l12
[0.546s] DEBUG:colcon.colcon_core.event_handler.log_command:Invoking command in '/home/zyh/ros2_study/foxy/foxy_ws/build/cpp_srv_cli': CMAKE_PREFIX_PATH=/opt/ros/foxy CONDA_PROMPT_MODIFIER=(base) /usr/bin/cmake --build /home/zyh/ros2_study/foxy/foxy_ws/build/cpp_srv_cli -- -j12 -l12
[0.557s] DEBUG:colcon.colcon_core.event_handler.log_command:Invoking command in '/home/zyh/ros2_study/foxy/foxy_ws/build/exp_interfaces': CMAKE_PREFIX_PATH=/opt/ros/foxy CONDA_PROMPT_MODIFIER=(base) /usr/bin/cmake --build /home/zyh/ros2_study/foxy/foxy_ws/build/exp_interfaces -- -j12 -l12
[0.847s] INFO:colcon.colcon_core.task.python.build:Building Python package in '/home/zyh/ros2_study/foxy/foxy_ws/src/py_pub_sub'
[0.849s] INFO:colcon.colcon_core.shell:Skip shell extension 'powershell' for command environment: Not usable outside of PowerShell
[0.849s] DEBUG:colcon.colcon_core.shell:Skip shell extension 'dsv' for command environment
[1.176s] INFO:colcon.colcon_core.task.python.build:Building Python package in '/home/zyh/ros2_study/foxy/foxy_ws/src/py_srv_cli'
[1.179s] INFO:colcon.colcon_core.shell:Skip shell extension 'powershell' for command environment: Not usable outside of PowerShell
[1.179s] DEBUG:colcon.colcon_core.shell:Skip shell extension 'dsv' for command environment
[1.190s] DEBUG:colcon.colcon_core.event_handler.log_command:Invoked command in '/home/zyh/ros2_study/foxy/foxy_ws/build/cpp_srv_cli' returned '0': CMAKE_PREFIX_PATH=/opt/ros/foxy CONDA_PROMPT_MODIFIER=(base) /usr/bin/cmake --build /home/zyh/ros2_study/foxy/foxy_ws/build/cpp_srv_cli -- -j12 -l12
[1.194s] DEBUG:colcon.colcon_core.event_handler.log_command:Invoked command in '/home/zyh/ros2_study/foxy/foxy_ws/build/cpp_pub_sub' returned '0': CMAKE_PREFIX_PATH=/opt/ros/foxy CONDA_PROMPT_MODIFIER=(base) /usr/bin/cmake --build /home/zyh/ros2_study/foxy/foxy_ws/build/cpp_pub_sub -- -j12 -l12
[1.269s] DEBUG:colcon.colcon_core.event_handler.log_command:Invoking command in '/home/zyh/ros2_study/foxy/foxy_ws/build/cpp_srv_cli': CMAKE_PREFIX_PATH=/opt/ros/foxy CONDA_PROMPT_MODIFIER=(base) /usr/bin/cmake --install /home/zyh/ros2_study/foxy/foxy_ws/build/cpp_srv_cli
[1.277s] DEBUG:colcon.colcon_core.event_handler.log_command:Invoking command in '/home/zyh/ros2_study/foxy/foxy_ws/build/cpp_pub_sub': CMAKE_PREFIX_PATH=/opt/ros/foxy CONDA_PROMPT_MODIFIER=(base) /usr/bin/cmake --install /home/zyh/ros2_study/foxy/foxy_ws/build/cpp_pub_sub
[1.295s] Level 1:colcon.colcon_core.environment:create_environment_scripts_only(cpp_srv_cli)
[1.296s] DEBUG:colcon.colcon_core.event_handler.log_command:Invoked command in '/home/zyh/ros2_study/foxy/foxy_ws/build/cpp_srv_cli' returned '0': CMAKE_PREFIX_PATH=/opt/ros/foxy CONDA_PROMPT_MODIFIER=(base) /usr/bin/cmake --install /home/zyh/ros2_study/foxy/foxy_ws/build/cpp_srv_cli
[1.316s] Level 1:colcon.colcon_core.environment:checking '/home/zyh/ros2_study/foxy/foxy_ws/install/cpp_srv_cli' for CMake module files
[1.317s] Level 1:colcon.colcon_core.environment:checking '/home/zyh/ros2_study/foxy/foxy_ws/install/cpp_srv_cli' for CMake config files
[1.317s] Level 1:colcon.colcon_core.shell:create_environment_hook('cpp_srv_cli', 'cmake_prefix_path')
[1.321s] INFO:colcon.colcon_core.shell:Creating environment hook '/home/zyh/ros2_study/foxy/foxy_ws/install/cpp_srv_cli/share/cpp_srv_cli/hook/cmake_prefix_path.ps1'
[1.322s] INFO:colcon.colcon_core.shell:Creating environment descriptor '/home/zyh/ros2_study/foxy/foxy_ws/install/cpp_srv_cli/share/cpp_srv_cli/hook/cmake_prefix_path.dsv'
[1.322s] INFO:colcon.colcon_core.shell:Creating environment hook '/home/zyh/ros2_study/foxy/foxy_ws/install/cpp_srv_cli/share/cpp_srv_cli/hook/cmake_prefix_path.sh'
[1.323s] Level 1:colcon.colcon_core.environment:checking '/home/zyh/ros2_study/foxy/foxy_ws/install/cpp_srv_cli/lib'
[1.323s] Level 1:colcon.colcon_core.environment:checking '/home/zyh/ros2_study/foxy/foxy_ws/install/cpp_srv_cli/bin'
[1.323s] Level 1:colcon.colcon_core.environment:checking '/home/zyh/ros2_study/foxy/foxy_ws/install/cpp_srv_cli/lib/pkgconfig/cpp_srv_cli.pc'
[1.324s] Level 1:colcon.colcon_core.environment:checking '/home/zyh/ros2_study/foxy/foxy_ws/install/cpp_srv_cli/lib/python3.8/site-packages'
[1.324s] Level 1:colcon.colcon_core.environment:checking '/home/zyh/ros2_study/foxy/foxy_ws/install/cpp_srv_cli/bin'
[1.326s] INFO:colcon.colcon_core.shell:Creating package script '/home/zyh/ros2_study/foxy/foxy_ws/install/cpp_srv_cli/share/cpp_srv_cli/package.ps1'
[1.327s] INFO:colcon.colcon_core.shell:Creating package descriptor '/home/zyh/ros2_study/foxy/foxy_ws/install/cpp_srv_cli/share/cpp_srv_cli/package.dsv'
[1.327s] INFO:colcon.colcon_core.shell:Creating package script '/home/zyh/ros2_study/foxy/foxy_ws/install/cpp_srv_cli/share/cpp_srv_cli/package.sh'
[1.328s] INFO:colcon.colcon_core.shell:Creating package script '/home/zyh/ros2_study/foxy/foxy_ws/install/cpp_srv_cli/share/cpp_srv_cli/package.bash'
[1.328s] INFO:colcon.colcon_core.shell:Creating package script '/home/zyh/ros2_study/foxy/foxy_ws/install/cpp_srv_cli/share/cpp_srv_cli/package.zsh'
[1.329s] Level 1:colcon.colcon_core.environment:create_file_with_runtime_dependencies(/home/zyh/ros2_study/foxy/foxy_ws/install/cpp_srv_cli/share/colcon-core/packages/cpp_srv_cli)
[1.333s] Level 1:colcon.colcon_core.environment:create_environment_scripts_only(cpp_pub_sub)
[1.336s] Level 1:colcon.colcon_core.environment:checking '/home/zyh/ros2_study/foxy/foxy_ws/install/cpp_pub_sub' for CMake module files
[1.337s] DEBUG:colcon.colcon_core.event_handler.log_command:Invoked command in '/home/zyh/ros2_study/foxy/foxy_ws/build/cpp_pub_sub' returned '0': CMAKE_PREFIX_PATH=/opt/ros/foxy CONDA_PROMPT_MODIFIER=(base) /usr/bin/cmake --install /home/zyh/ros2_study/foxy/foxy_ws/build/cpp_pub_sub
[1.338s] Level 1:colcon.colcon_core.environment:checking '/home/zyh/ros2_study/foxy/foxy_ws/install/cpp_pub_sub' for CMake config files
[1.338s] Level 1:colcon.colcon_core.shell:create_environment_hook('cpp_pub_sub', 'cmake_prefix_path')
[1.340s] INFO:colcon.colcon_core.shell:Creating environment hook '/home/zyh/ros2_study/foxy/foxy_ws/install/cpp_pub_sub/share/cpp_pub_sub/hook/cmake_prefix_path.ps1'
[1.341s] INFO:colcon.colcon_core.shell:Creating environment descriptor '/home/zyh/ros2_study/foxy/foxy_ws/install/cpp_pub_sub/share/cpp_pub_sub/hook/cmake_prefix_path.dsv'
[1.341s] INFO:colcon.colcon_core.shell:Creating environment hook '/home/zyh/ros2_study/foxy/foxy_ws/install/cpp_pub_sub/share/cpp_pub_sub/hook/cmake_prefix_path.sh'
[1.342s] Level 1:colcon.colcon_core.environment:checking '/home/zyh/ros2_study/foxy/foxy_ws/install/cpp_pub_sub/lib'
[1.342s] Level 1:colcon.colcon_core.environment:checking '/home/zyh/ros2_study/foxy/foxy_ws/install/cpp_pub_sub/bin'
[1.342s] Level 1:colcon.colcon_core.environment:checking '/home/zyh/ros2_study/foxy/foxy_ws/install/cpp_pub_sub/lib/pkgconfig/cpp_pub_sub.pc'
[1.342s] Level 1:colcon.colcon_core.environment:checking '/home/zyh/ros2_study/foxy/foxy_ws/install/cpp_pub_sub/lib/python3.8/site-packages'
[1.342s] Level 1:colcon.colcon_core.environment:checking '/home/zyh/ros2_study/foxy/foxy_ws/install/cpp_pub_sub/bin'
[1.345s] INFO:colcon.colcon_core.shell:Creating package script '/home/zyh/ros2_study/foxy/foxy_ws/install/cpp_pub_sub/share/cpp_pub_sub/package.ps1'
[1.345s] INFO:colcon.colcon_core.shell:Creating package descriptor '/home/zyh/ros2_study/foxy/foxy_ws/install/cpp_pub_sub/share/cpp_pub_sub/package.dsv'
[1.346s] INFO:colcon.colcon_core.shell:Creating package script '/home/zyh/ros2_study/foxy/foxy_ws/install/cpp_pub_sub/share/cpp_pub_sub/package.sh'
[1.346s] INFO:colcon.colcon_core.shell:Creating package script '/home/zyh/ros2_study/foxy/foxy_ws/install/cpp_pub_sub/share/cpp_pub_sub/package.bash'
[1.346s] INFO:colcon.colcon_core.shell:Creating package script '/home/zyh/ros2_study/foxy/foxy_ws/install/cpp_pub_sub/share/cpp_pub_sub/package.zsh'
[1.347s] Level 1:colcon.colcon_core.environment:create_file_with_runtime_dependencies(/home/zyh/ros2_study/foxy/foxy_ws/install/cpp_pub_sub/share/colcon-core/packages/cpp_pub_sub)
[1.393s] Level 1:colcon.colcon_core.environment:create_environment_scripts_only(cpp_srv_cli)
[1.396s] Level 1:colcon.colcon_core.environment:checking '/home/zyh/ros2_study/foxy/foxy_ws/install/cpp_srv_cli' for CMake module files
[1.397s] Level 1:colcon.colcon_core.environment:checking '/home/zyh/ros2_study/foxy/foxy_ws/install/cpp_srv_cli' for CMake config files
[1.398s] Level 1:colcon.colcon_core.shell:create_environment_hook('cpp_srv_cli', 'cmake_prefix_path')
[1.401s] INFO:colcon.colcon_core.shell:Creating environment hook '/home/zyh/ros2_study/foxy/foxy_ws/install/cpp_srv_cli/share/cpp_srv_cli/hook/cmake_prefix_path.ps1'
[1.402s] INFO:colcon.colcon_core.shell:Creating environment descriptor '/home/zyh/ros2_study/foxy/foxy_ws/install/cpp_srv_cli/share/cpp_srv_cli/hook/cmake_prefix_path.dsv'
[1.402s] INFO:colcon.colcon_core.shell:Creating environment hook '/home/zyh/ros2_study/foxy/foxy_ws/install/cpp_srv_cli/share/cpp_srv_cli/hook/cmake_prefix_path.sh'
[1.403s] Level 1:colcon.colcon_core.environment:checking '/home/zyh/ros2_study/foxy/foxy_ws/install/cpp_srv_cli/lib'
[1.403s] Level 1:colcon.colcon_core.environment:checking '/home/zyh/ros2_study/foxy/foxy_ws/install/cpp_srv_cli/bin'
[1.403s] Level 1:colcon.colcon_core.environment:checking '/home/zyh/ros2_study/foxy/foxy_ws/install/cpp_srv_cli/lib/pkgconfig/cpp_srv_cli.pc'
[1.403s] Level 1:colcon.colcon_core.environment:checking '/home/zyh/ros2_study/foxy/foxy_ws/install/cpp_srv_cli/lib/python3.8/site-packages'
[1.403s] Level 1:colcon.colcon_core.environment:checking '/home/zyh/ros2_study/foxy/foxy_ws/install/cpp_srv_cli/bin'
[1.406s] INFO:colcon.colcon_core.shell:Creating package script '/home/zyh/ros2_study/foxy/foxy_ws/install/cpp_srv_cli/share/cpp_srv_cli/package.ps1'
[1.407s] INFO:colcon.colcon_core.shell:Creating package descriptor '/home/zyh/ros2_study/foxy/foxy_ws/install/cpp_srv_cli/share/cpp_srv_cli/package.dsv'
[1.407s] INFO:colcon.colcon_core.shell:Creating package script '/home/zyh/ros2_study/foxy/foxy_ws/install/cpp_srv_cli/share/cpp_srv_cli/package.sh'
[1.407s] INFO:colcon.colcon_core.shell:Creating package script '/home/zyh/ros2_study/foxy/foxy_ws/install/cpp_srv_cli/share/cpp_srv_cli/package.bash'
[1.408s] INFO:colcon.colcon_core.shell:Creating package script '/home/zyh/ros2_study/foxy/foxy_ws/install/cpp_srv_cli/share/cpp_srv_cli/package.zsh'
[1.408s] Level 1:colcon.colcon_core.environment:create_file_with_runtime_dependencies(/home/zyh/ros2_study/foxy/foxy_ws/install/cpp_srv_cli/share/colcon-core/packages/cpp_srv_cli)
[1.412s] Level 1:colcon.colcon_core.environment:create_environment_scripts_only(cpp_pub_sub)
[1.415s] Level 1:colcon.colcon_core.environment:checking '/home/zyh/ros2_study/foxy/foxy_ws/install/cpp_pub_sub' for CMake module files
[1.416s] Level 1:colcon.colcon_core.environment:checking '/home/zyh/ros2_study/foxy/foxy_ws/install/cpp_pub_sub' for CMake config files
[1.416s] Level 1:colcon.colcon_core.shell:create_environment_hook('cpp_pub_sub', 'cmake_prefix_path')
[1.418s] INFO:colcon.colcon_core.shell:Creating environment hook '/home/zyh/ros2_study/foxy/foxy_ws/install/cpp_pub_sub/share/cpp_pub_sub/hook/cmake_prefix_path.ps1'
[1.419s] INFO:colcon.colcon_core.shell:Creating environment descriptor '/home/zyh/ros2_study/foxy/foxy_ws/install/cpp_pub_sub/share/cpp_pub_sub/hook/cmake_prefix_path.dsv'
[1.420s] INFO:colcon.colcon_core.shell:Creating environment hook '/home/zyh/ros2_study/foxy/foxy_ws/install/cpp_pub_sub/share/cpp_pub_sub/hook/cmake_prefix_path.sh'
[1.421s] Level 1:colcon.colcon_core.environment:checking '/home/zyh/ros2_study/foxy/foxy_ws/install/cpp_pub_sub/lib'
[1.421s] Level 1:colcon.colcon_core.environment:checking '/home/zyh/ros2_study/foxy/foxy_ws/install/cpp_pub_sub/bin'
[1.421s] Level 1:colcon.colcon_core.environment:checking '/home/zyh/ros2_study/foxy/foxy_ws/install/cpp_pub_sub/lib/pkgconfig/cpp_pub_sub.pc'
[1.421s] Level 1:colcon.colcon_core.environment:checking '/home/zyh/ros2_study/foxy/foxy_ws/install/cpp_pub_sub/lib/python3.8/site-packages'
[1.422s] Level 1:colcon.colcon_core.environment:checking '/home/zyh/ros2_study/foxy/foxy_ws/install/cpp_pub_sub/bin'
[1.425s] INFO:colcon.colcon_core.shell:Creating package script '/home/zyh/ros2_study/foxy/foxy_ws/install/cpp_pub_sub/share/cpp_pub_sub/package.ps1'
[1.425s] INFO:colcon.colcon_core.shell:Creating package descriptor '/home/zyh/ros2_study/foxy/foxy_ws/install/cpp_pub_sub/share/cpp_pub_sub/package.dsv'
[1.426s] INFO:colcon.colcon_core.shell:Creating package script '/home/zyh/ros2_study/foxy/foxy_ws/install/cpp_pub_sub/share/cpp_pub_sub/package.sh'
[1.426s] INFO:colcon.colcon_core.shell:Creating package script '/home/zyh/ros2_study/foxy/foxy_ws/install/cpp_pub_sub/share/cpp_pub_sub/package.bash'
[1.426s] INFO:colcon.colcon_core.shell:Creating package script '/home/zyh/ros2_study/foxy/foxy_ws/install/cpp_pub_sub/share/cpp_pub_sub/package.zsh'
[1.427s] Level 1:colcon.colcon_core.environment:create_file_with_runtime_dependencies(/home/zyh/ros2_study/foxy/foxy_ws/install/cpp_pub_sub/share/colcon-core/packages/cpp_pub_sub)
[1.884s] DEBUG:colcon.colcon_core.event_handler.log_command:Invoking command in '/home/zyh/ros2_study/foxy/foxy_ws/src/py_pub_sub': CONDA_PROMPT_MODIFIER=(base) PYTHONPATH=/home/zyh/ros2_study/foxy/foxy_ws/build/py_pub_sub/prefix_override:/home/zyh/ros2_study/foxy/foxy_ws/install/py_pub_sub/lib/python3.8/site-packages:${PYTHONPATH} /usr/bin/python3 setup.py egg_info --egg-base ../../build/py_pub_sub build --build-base /home/zyh/ros2_study/foxy/foxy_ws/build/py_pub_sub/build install --record /home/zyh/ros2_study/foxy/foxy_ws/build/py_pub_sub/install.log --install-scripts $base/lib/py_pub_sub --single-version-externally-managed
[1.923s] DEBUG:colcon.colcon_core.event_handler.log_command:Invoking command in '/home/zyh/ros2_study/foxy/foxy_ws/src/py_srv_cli': CONDA_PROMPT_MODIFIER=(base) PYTHONPATH=/home/zyh/ros2_study/foxy/foxy_ws/build/py_srv_cli/prefix_override:/home/zyh/ros2_study/foxy/foxy_ws/install/py_srv_cli/lib/python3.8/site-packages:${PYTHONPATH} /usr/bin/python3 setup.py egg_info --egg-base ../../build/py_srv_cli build --build-base /home/zyh/ros2_study/foxy/foxy_ws/build/py_srv_cli/build install --record /home/zyh/ros2_study/foxy/foxy_ws/build/py_srv_cli/install.log --install-scripts $base/lib/py_srv_cli --single-version-externally-managed
[2.221s] Level 1:colcon.colcon_core.environment:checking '/home/zyh/ros2_study/foxy/foxy_ws/install/py_pub_sub' for CMake module files
[2.222s] DEBUG:colcon.colcon_core.event_handler.log_command:Invoked command in '/home/zyh/ros2_study/foxy/foxy_ws/src/py_pub_sub' returned '0': CONDA_PROMPT_MODIFIER=(base) PYTHONPATH=/home/zyh/ros2_study/foxy/foxy_ws/build/py_pub_sub/prefix_override:/home/zyh/ros2_study/foxy/foxy_ws/install/py_pub_sub/lib/python3.8/site-packages:${PYTHONPATH} /usr/bin/python3 setup.py egg_info --egg-base ../../build/py_pub_sub build --build-base /home/zyh/ros2_study/foxy/foxy_ws/build/py_pub_sub/build install --record /home/zyh/ros2_study/foxy/foxy_ws/build/py_pub_sub/install.log --install-scripts $base/lib/py_pub_sub --single-version-externally-managed
[2.222s] Level 1:colcon.colcon_core.environment:checking '/home/zyh/ros2_study/foxy/foxy_ws/install/py_pub_sub' for CMake config files
[2.223s] Level 1:colcon.colcon_core.environment:checking '/home/zyh/ros2_study/foxy/foxy_ws/install/py_pub_sub/lib'
[2.223s] Level 1:colcon.colcon_core.environment:checking '/home/zyh/ros2_study/foxy/foxy_ws/install/py_pub_sub/bin'
[2.223s] Level 1:colcon.colcon_core.environment:checking '/home/zyh/ros2_study/foxy/foxy_ws/install/py_pub_sub/lib/pkgconfig/py_pub_sub.pc'
[2.223s] Level 1:colcon.colcon_core.environment:checking '/home/zyh/ros2_study/foxy/foxy_ws/install/py_pub_sub/lib/python3.8/site-packages'
[2.223s] Level 1:colcon.colcon_core.shell:create_environment_hook('py_pub_sub', 'pythonpath')
[2.225s] INFO:colcon.colcon_core.shell:Creating environment hook '/home/zyh/ros2_study/foxy/foxy_ws/install/py_pub_sub/share/py_pub_sub/hook/pythonpath.ps1'
[2.225s] INFO:colcon.colcon_core.shell:Creating environment descriptor '/home/zyh/ros2_study/foxy/foxy_ws/install/py_pub_sub/share/py_pub_sub/hook/pythonpath.dsv'
[2.226s] INFO:colcon.colcon_core.shell:Creating environment hook '/home/zyh/ros2_study/foxy/foxy_ws/install/py_pub_sub/share/py_pub_sub/hook/pythonpath.sh'
[2.226s] Level 1:colcon.colcon_core.environment:checking '/home/zyh/ros2_study/foxy/foxy_ws/install/py_pub_sub/bin'
[2.226s] Level 1:colcon.colcon_core.environment:create_environment_scripts_only(py_pub_sub)
[2.228s] INFO:colcon.colcon_core.shell:Creating package script '/home/zyh/ros2_study/foxy/foxy_ws/install/py_pub_sub/share/py_pub_sub/package.ps1'
[2.229s] INFO:colcon.colcon_core.shell:Creating package descriptor '/home/zyh/ros2_study/foxy/foxy_ws/install/py_pub_sub/share/py_pub_sub/package.dsv'
[2.230s] INFO:colcon.colcon_core.shell:Creating package script '/home/zyh/ros2_study/foxy/foxy_ws/install/py_pub_sub/share/py_pub_sub/package.sh'
[2.230s] INFO:colcon.colcon_core.shell:Creating package script '/home/zyh/ros2_study/foxy/foxy_ws/install/py_pub_sub/share/py_pub_sub/package.bash'
[2.231s] INFO:colcon.colcon_core.shell:Creating package script '/home/zyh/ros2_study/foxy/foxy_ws/install/py_pub_sub/share/py_pub_sub/package.zsh'
[2.231s] Level 1:colcon.colcon_core.environment:create_file_with_runtime_dependencies(/home/zyh/ros2_study/foxy/foxy_ws/install/py_pub_sub/share/colcon-core/packages/py_pub_sub)
[2.285s] Level 1:colcon.colcon_core.environment:checking '/home/zyh/ros2_study/foxy/foxy_ws/install/py_srv_cli' for CMake module files
[2.286s] DEBUG:colcon.colcon_core.event_handler.log_command:Invoked command in '/home/zyh/ros2_study/foxy/foxy_ws/src/py_srv_cli' returned '0': CONDA_PROMPT_MODIFIER=(base) PYTHONPATH=/home/zyh/ros2_study/foxy/foxy_ws/build/py_srv_cli/prefix_override:/home/zyh/ros2_study/foxy/foxy_ws/install/py_srv_cli/lib/python3.8/site-packages:${PYTHONPATH} /usr/bin/python3 setup.py egg_info --egg-base ../../build/py_srv_cli build --build-base /home/zyh/ros2_study/foxy/foxy_ws/build/py_srv_cli/build install --record /home/zyh/ros2_study/foxy/foxy_ws/build/py_srv_cli/install.log --install-scripts $base/lib/py_srv_cli --single-version-externally-managed
[2.286s] Level 1:colcon.colcon_core.environment:checking '/home/zyh/ros2_study/foxy/foxy_ws/install/py_srv_cli' for CMake config files
[2.287s] Level 1:colcon.colcon_core.environment:checking '/home/zyh/ros2_study/foxy/foxy_ws/install/py_srv_cli/lib'
[2.287s] Level 1:colcon.colcon_core.environment:checking '/home/zyh/ros2_study/foxy/foxy_ws/install/py_srv_cli/bin'
[2.287s] Level 1:colcon.colcon_core.environment:checking '/home/zyh/ros2_study/foxy/foxy_ws/install/py_srv_cli/lib/pkgconfig/py_srv_cli.pc'
[2.287s] Level 1:colcon.colcon_core.environment:checking '/home/zyh/ros2_study/foxy/foxy_ws/install/py_srv_cli/lib/python3.8/site-packages'
[2.287s] Level 1:colcon.colcon_core.shell:create_environment_hook('py_srv_cli', 'pythonpath')
[2.290s] INFO:colcon.colcon_core.shell:Creating environment hook '/home/zyh/ros2_study/foxy/foxy_ws/install/py_srv_cli/share/py_srv_cli/hook/pythonpath.ps1'
[2.290s] INFO:colcon.colcon_core.shell:Creating environment descriptor '/home/zyh/ros2_study/foxy/foxy_ws/install/py_srv_cli/share/py_srv_cli/hook/pythonpath.dsv'
[2.290s] INFO:colcon.colcon_core.shell:Creating environment hook '/home/zyh/ros2_study/foxy/foxy_ws/install/py_srv_cli/share/py_srv_cli/hook/pythonpath.sh'
[2.291s] Level 1:colcon.colcon_core.environment:checking '/home/zyh/ros2_study/foxy/foxy_ws/install/py_srv_cli/bin'
[2.291s] Level 1:colcon.colcon_core.environment:create_environment_scripts_only(py_srv_cli)
[2.293s] INFO:colcon.colcon_core.shell:Creating package script '/home/zyh/ros2_study/foxy/foxy_ws/install/py_srv_cli/share/py_srv_cli/package.ps1'
[2.294s] INFO:colcon.colcon_core.shell:Creating package descriptor '/home/zyh/ros2_study/foxy/foxy_ws/install/py_srv_cli/share/py_srv_cli/package.dsv'
[2.294s] INFO:colcon.colcon_core.shell:Creating package script '/home/zyh/ros2_study/foxy/foxy_ws/install/py_srv_cli/share/py_srv_cli/package.sh'
[2.294s] INFO:colcon.colcon_core.shell:Creating package script '/home/zyh/ros2_study/foxy/foxy_ws/install/py_srv_cli/share/py_srv_cli/package.bash'
[2.295s] INFO:colcon.colcon_core.shell:Creating package script '/home/zyh/ros2_study/foxy/foxy_ws/install/py_srv_cli/share/py_srv_cli/package.zsh'
[2.296s] Level 1:colcon.colcon_core.environment:create_file_with_runtime_dependencies(/home/zyh/ros2_study/foxy/foxy_ws/install/py_srv_cli/share/colcon-core/packages/py_srv_cli)
[12.595s] DEBUG:colcon.colcon_core.event_handler.log_command:Invoked command in '/home/zyh/ros2_study/foxy/foxy_ws/build/exp_interfaces' returned '0': CMAKE_PREFIX_PATH=/opt/ros/foxy CONDA_PROMPT_MODIFIER=(base) /usr/bin/cmake --build /home/zyh/ros2_study/foxy/foxy_ws/build/exp_interfaces -- -j12 -l12
[12.785s] DEBUG:colcon.colcon_core.event_handler.log_command:Invoking command in '/home/zyh/ros2_study/foxy/foxy_ws/build/exp_interfaces': CMAKE_PREFIX_PATH=/opt/ros/foxy CONDA_PROMPT_MODIFIER=(base) /usr/bin/cmake --install /home/zyh/ros2_study/foxy/foxy_ws/build/exp_interfaces
[12.856s] Level 1:colcon.colcon_core.environment:create_environment_scripts_only(exp_interfaces)
[12.859s] Level 1:colcon.colcon_core.environment:checking '/home/zyh/ros2_study/foxy/foxy_ws/install/exp_interfaces' for CMake module files
[12.860s] DEBUG:colcon.colcon_core.event_handler.log_command:Invoked command in '/home/zyh/ros2_study/foxy/foxy_ws/build/exp_interfaces' returned '0': CMAKE_PREFIX_PATH=/opt/ros/foxy CONDA_PROMPT_MODIFIER=(base) /usr/bin/cmake --install /home/zyh/ros2_study/foxy/foxy_ws/build/exp_interfaces
[12.861s] Level 1:colcon.colcon_core.environment:checking '/home/zyh/ros2_study/foxy/foxy_ws/install/exp_interfaces' for CMake config files
[12.861s] Level 1:colcon.colcon_core.shell:create_environment_hook('exp_interfaces', 'cmake_prefix_path')
[12.863s] INFO:colcon.colcon_core.shell:Creating environment hook '/home/zyh/ros2_study/foxy/foxy_ws/install/exp_interfaces/share/exp_interfaces/hook/cmake_prefix_path.ps1'
[12.863s] INFO:colcon.colcon_core.shell:Creating environment descriptor '/home/zyh/ros2_study/foxy/foxy_ws/install/exp_interfaces/share/exp_interfaces/hook/cmake_prefix_path.dsv'
[12.864s] INFO:colcon.colcon_core.shell:Creating environment hook '/home/zyh/ros2_study/foxy/foxy_ws/install/exp_interfaces/share/exp_interfaces/hook/cmake_prefix_path.sh'
[12.864s] Level 1:colcon.colcon_core.environment:checking '/home/zyh/ros2_study/foxy/foxy_ws/install/exp_interfaces/lib'
[12.864s] Level 1:colcon.colcon_core.shell:create_environment_hook('exp_interfaces', 'ld_library_path_lib')
[12.866s] INFO:colcon.colcon_core.shell:Creating environment hook '/home/zyh/ros2_study/foxy/foxy_ws/install/exp_interfaces/share/exp_interfaces/hook/ld_library_path_lib.ps1'
[12.866s] INFO:colcon.colcon_core.shell:Creating environment descriptor '/home/zyh/ros2_study/foxy/foxy_ws/install/exp_interfaces/share/exp_interfaces/hook/ld_library_path_lib.dsv'
[12.867s] INFO:colcon.colcon_core.shell:Creating environment hook '/home/zyh/ros2_study/foxy/foxy_ws/install/exp_interfaces/share/exp_interfaces/hook/ld_library_path_lib.sh'
[12.867s] Level 1:colcon.colcon_core.environment:checking '/home/zyh/ros2_study/foxy/foxy_ws/install/exp_interfaces/bin'
[12.867s] Level 1:colcon.colcon_core.environment:checking '/home/zyh/ros2_study/foxy/foxy_ws/install/exp_interfaces/lib/pkgconfig/exp_interfaces.pc'
[12.867s] Level 1:colcon.colcon_core.environment:checking '/home/zyh/ros2_study/foxy/foxy_ws/install/exp_interfaces/lib/python3.8/site-packages'
[12.867s] Level 1:colcon.colcon_core.environment:checking '/home/zyh/ros2_study/foxy/foxy_ws/install/exp_interfaces/bin'
[12.870s] INFO:colcon.colcon_core.shell:Creating package script '/home/zyh/ros2_study/foxy/foxy_ws/install/exp_interfaces/share/exp_interfaces/package.ps1'
[12.870s] INFO:colcon.colcon_core.shell:Creating package descriptor '/home/zyh/ros2_study/foxy/foxy_ws/install/exp_interfaces/share/exp_interfaces/package.dsv'
[12.871s] INFO:colcon.colcon_core.shell:Creating package script '/home/zyh/ros2_study/foxy/foxy_ws/install/exp_interfaces/share/exp_interfaces/package.sh'
[12.871s] INFO:colcon.colcon_core.shell:Creating package script '/home/zyh/ros2_study/foxy/foxy_ws/install/exp_interfaces/share/exp_interfaces/package.bash'
[12.871s] INFO:colcon.colcon_core.shell:Creating package script '/home/zyh/ros2_study/foxy/foxy_ws/install/exp_interfaces/share/exp_interfaces/package.zsh'
[12.872s] Level 1:colcon.colcon_core.environment:create_file_with_runtime_dependencies(/home/zyh/ros2_study/foxy/foxy_ws/install/exp_interfaces/share/colcon-core/packages/exp_interfaces)
[13.063s] Level 1:colcon.colcon_core.environment:create_environment_scripts_only(exp_interfaces)
[13.066s] Level 1:colcon.colcon_core.environment:checking '/home/zyh/ros2_study/foxy/foxy_ws/install/exp_interfaces' for CMake module files
[13.067s] Level 1:colcon.colcon_core.environment:checking '/home/zyh/ros2_study/foxy/foxy_ws/install/exp_interfaces' for CMake config files
[13.067s] Level 1:colcon.colcon_core.shell:create_environment_hook('exp_interfaces', 'cmake_prefix_path')
[13.070s] INFO:colcon.colcon_core.shell:Creating environment hook '/home/zyh/ros2_study/foxy/foxy_ws/install/exp_interfaces/share/exp_interfaces/hook/cmake_prefix_path.ps1'
[13.070s] INFO:colcon.colcon_core.shell:Creating environment descriptor '/home/zyh/ros2_study/foxy/foxy_ws/install/exp_interfaces/share/exp_interfaces/hook/cmake_prefix_path.dsv'
[13.070s] INFO:colcon.colcon_core.shell:Creating environment hook '/home/zyh/ros2_study/foxy/foxy_ws/install/exp_interfaces/share/exp_interfaces/hook/cmake_prefix_path.sh'
[13.071s] Level 1:colcon.colcon_core.environment:checking '/home/zyh/ros2_study/foxy/foxy_ws/install/exp_interfaces/lib'
[13.071s] Level 1:colcon.colcon_core.shell:create_environment_hook('exp_interfaces', 'ld_library_path_lib')
[13.073s] INFO:colcon.colcon_core.shell:Creating environment hook '/home/zyh/ros2_study/foxy/foxy_ws/install/exp_interfaces/share/exp_interfaces/hook/ld_library_path_lib.ps1'
[13.074s] INFO:colcon.colcon_core.shell:Creating environment descriptor '/home/zyh/ros2_study/foxy/foxy_ws/install/exp_interfaces/share/exp_interfaces/hook/ld_library_path_lib.dsv'
[13.074s] INFO:colcon.colcon_core.shell:Creating environment hook '/home/zyh/ros2_study/foxy/foxy_ws/install/exp_interfaces/share/exp_interfaces/hook/ld_library_path_lib.sh'
[13.074s] Level 1:colcon.colcon_core.environment:checking '/home/zyh/ros2_study/foxy/foxy_ws/install/exp_interfaces/bin'
[13.074s] Level 1:colcon.colcon_core.environment:checking '/home/zyh/ros2_study/foxy/foxy_ws/install/exp_interfaces/lib/pkgconfig/exp_interfaces.pc'
[13.074s] Level 1:colcon.colcon_core.environment:checking '/home/zyh/ros2_study/foxy/foxy_ws/install/exp_interfaces/lib/python3.8/site-packages'
[13.075s] Level 1:colcon.colcon_core.environment:checking '/home/zyh/ros2_study/foxy/foxy_ws/install/exp_interfaces/bin'
[13.077s] INFO:colcon.colcon_core.shell:Creating package script '/home/zyh/ros2_study/foxy/foxy_ws/install/exp_interfaces/share/exp_interfaces/package.ps1'
[13.077s] INFO:colcon.colcon_core.shell:Creating package descriptor '/home/zyh/ros2_study/foxy/foxy_ws/install/exp_interfaces/share/exp_interfaces/package.dsv'
[13.078s] INFO:colcon.colcon_core.shell:Creating package script '/home/zyh/ros2_study/foxy/foxy_ws/install/exp_interfaces/share/exp_interfaces/package.sh'
[13.078s] INFO:colcon.colcon_core.shell:Creating package script '/home/zyh/ros2_study/foxy/foxy_ws/install/exp_interfaces/share/exp_interfaces/package.bash'
[13.078s] INFO:colcon.colcon_core.shell:Creating package script '/home/zyh/ros2_study/foxy/foxy_ws/install/exp_interfaces/share/exp_interfaces/package.zsh'
[13.079s] Level 1:colcon.colcon_core.environment:create_file_with_runtime_dependencies(/home/zyh/ros2_study/foxy/foxy_ws/install/exp_interfaces/share/colcon-core/packages/exp_interfaces)
[13.079s] DEBUG:colcon.colcon_parallel_executor.executor.parallel:closing loop
[13.080s] DEBUG:colcon.colcon_parallel_executor.executor.parallel:loop closed
[13.080s] DEBUG:colcon.colcon_parallel_executor.executor.parallel:run_until_complete finished with '0'
[13.080s] DEBUG:colcon.colcon_core.event_reactor:joining thread
[13.086s] INFO:colcon.colcon_core.plugin_system:Skipping extension 'colcon_notification.desktop_notification.terminal_notifier': Not used on non-Darwin systems
[13.086s] INFO:colcon.colcon_core.plugin_system:Skipping extension 'colcon_notification.desktop_notification.win32': Not used on non-Windows systems
[13.086s] INFO:colcon.colcon_notification.desktop_notification:Sending desktop notification using 'notify2'
[13.101s] DEBUG:colcon.colcon_core.event_reactor:joined thread
[13.104s] INFO:colcon.colcon_core.shell:Creating prefix script '/home/zyh/ros2_study/foxy/foxy_ws/install/local_setup.ps1'
[13.105s] INFO:colcon.colcon_core.shell:Creating prefix util module '/home/zyh/ros2_study/foxy/foxy_ws/install/_local_setup_util_ps1.py'
[13.106s] INFO:colcon.colcon_core.shell:Creating prefix chain script '/home/zyh/ros2_study/foxy/foxy_ws/install/setup.ps1'
[13.108s] INFO:colcon.colcon_core.shell:Creating prefix script '/home/zyh/ros2_study/foxy/foxy_ws/install/local_setup.sh'
[13.109s] INFO:colcon.colcon_core.shell:Creating prefix util module '/home/zyh/ros2_study/foxy/foxy_ws/install/_local_setup_util_sh.py'
[13.109s] INFO:colcon.colcon_core.shell:Creating prefix chain script '/home/zyh/ros2_study/foxy/foxy_ws/install/setup.sh'
[13.112s] INFO:colcon.colcon_core.shell:Creating prefix script '/home/zyh/ros2_study/foxy/foxy_ws/install/local_setup.bash'
[13.113s] INFO:colcon.colcon_core.shell:Creating prefix chain script '/home/zyh/ros2_study/foxy/foxy_ws/install/setup.bash'
[13.115s] INFO:colcon.colcon_core.shell:Creating prefix script '/home/zyh/ros2_study/foxy/foxy_ws/install/local_setup.zsh'
[13.115s] INFO:colcon.colcon_core.shell:Creating prefix chain script '/home/zyh/ros2_study/foxy/foxy_ws/install/setup.zsh'
