[  2%] [34m[1mGenerating C code for ROS interfaces[0m
[  4%] [34m[1mGenerating C++ code for ROS interfaces[0m
[  4%] Built target exp_interfaces__cpp
[  6%] [34m[1mGenerating C++ type support dispatch for ROS interfaces[0m
[  8%] [34m[1mGenerating C++ type support for eProsima Fast-RTPS[0m
[35m[1mScanning dependencies of target exp_interfaces__rosidl_generator_c[0m
[ 10%] [34m[1mGenerating C++ introspection for ROS interfaces[0m
[ 12%] [32mBuilding C object CMakeFiles/exp_interfaces__rosidl_generator_c.dir/rosidl_generator_c/exp_interfaces/msg/detail/num__functions.c.o[0m
[ 14%] [32mBuilding C object CMakeFiles/exp_interfaces__rosidl_generator_c.dir/rosidl_generator_c/exp_interfaces/srv/detail/add_three_ints__functions.c.o[0m
[ 17%] [32mBuilding C object CMakeFiles/exp_interfaces__rosidl_generator_c.dir/rosidl_generator_c/exp_interfaces/msg/detail/sphere__functions.c.o[0m
[35m[1mScanning dependencies of target exp_interfaces__rosidl_typesupport_introspection_cpp[0m
[35m[1mScanning dependencies of target exp_interfaces__rosidl_typesupport_cpp[0m
[35m[1mScanning dependencies of target exp_interfaces__rosidl_typesupport_fastrtps_cpp[0m
[ 21%] [32mBuilding CXX object CMakeFiles/exp_interfaces__rosidl_typesupport_cpp.dir/rosidl_typesupport_cpp/exp_interfaces/msg/sphere__type_support.cpp.o[0m
[ 21%] [32mBuilding CXX object CMakeFiles/exp_interfaces__rosidl_typesupport_cpp.dir/rosidl_typesupport_cpp/exp_interfaces/msg/num__type_support.cpp.o[0m
[ 23%] [32mBuilding CXX object CMakeFiles/exp_interfaces__rosidl_typesupport_cpp.dir/rosidl_typesupport_cpp/exp_interfaces/srv/add_three_ints__type_support.cpp.o[0m
[ 25%] [32mBuilding CXX object CMakeFiles/exp_interfaces__rosidl_typesupport_introspection_cpp.dir/rosidl_typesupport_introspection_cpp/exp_interfaces/msg/detail/num__type_support.cpp.o[0m
[ 27%] [32mBuilding CXX object CMakeFiles/exp_interfaces__rosidl_typesupport_introspection_cpp.dir/rosidl_typesupport_introspection_cpp/exp_interfaces/srv/detail/add_three_ints__type_support.cpp.o[0m
[ 29%] [32mBuilding CXX object CMakeFiles/exp_interfaces__rosidl_typesupport_introspection_cpp.dir/rosidl_typesupport_introspection_cpp/exp_interfaces/msg/detail/sphere__type_support.cpp.o[0m
[ 34%] [32mBuilding CXX object CMakeFiles/exp_interfaces__rosidl_typesupport_fastrtps_cpp.dir/rosidl_typesupport_fastrtps_cpp/exp_interfaces/msg/detail/dds_fastrtps/sphere__type_support.cpp.o[0m
[ 34%] [32mBuilding CXX object CMakeFiles/exp_interfaces__rosidl_typesupport_fastrtps_cpp.dir/rosidl_typesupport_fastrtps_cpp/exp_interfaces/srv/detail/dds_fastrtps/add_three_ints__type_support.cpp.o[0m
[ 36%] [32mBuilding CXX object CMakeFiles/exp_interfaces__rosidl_typesupport_fastrtps_cpp.dir/rosidl_typesupport_fastrtps_cpp/exp_interfaces/msg/detail/dds_fastrtps/num__type_support.cpp.o[0m
[ 38%] [32m[1mLinking C shared library libexp_interfaces__rosidl_generator_c.so[0m
[ 40%] [32m[1mLinking CXX shared library libexp_interfaces__rosidl_typesupport_cpp.so[0m
[ 42%] [32m[1mLinking CXX shared library libexp_interfaces__rosidl_typesupport_introspection_cpp.so[0m
[ 44%] [32m[1mLinking CXX shared library libexp_interfaces__rosidl_typesupport_fastrtps_cpp.so[0m
[ 44%] Built target exp_interfaces__rosidl_typesupport_cpp
[ 44%] Built target exp_interfaces__rosidl_generator_c
[ 44%] Built target exp_interfaces__rosidl_typesupport_introspection_cpp
[ 46%] [34m[1mGenerating C type support dispatch for ROS interfaces[0m
[ 48%] [34m[1mGenerating C introspection for ROS interfaces[0m
[ 48%] Built target exp_interfaces__rosidl_typesupport_fastrtps_cpp
[ 51%] [34m[1mGenerating C type support for eProsima Fast-RTPS[0m
[35m[1mScanning dependencies of target exp_interfaces__rosidl_typesupport_c[0m
[ 57%] [32mBuilding CXX object CMakeFiles/exp_interfaces__rosidl_typesupport_c.dir/rosidl_typesupport_c/exp_interfaces/msg/sphere__type_support.cpp.o[0m
[ 57%] [32mBuilding CXX object CMakeFiles/exp_interfaces__rosidl_typesupport_c.dir/rosidl_typesupport_c/exp_interfaces/srv/add_three_ints__type_support.cpp.o[0m
[ 57%] [32mBuilding CXX object CMakeFiles/exp_interfaces__rosidl_typesupport_c.dir/rosidl_typesupport_c/exp_interfaces/msg/num__type_support.cpp.o[0m
[ 59%] [32m[1mLinking CXX shared library libexp_interfaces__rosidl_typesupport_c.so[0m
[35m[1mScanning dependencies of target exp_interfaces__rosidl_typesupport_introspection_c[0m
[35m[1mScanning dependencies of target exp_interfaces__rosidl_typesupport_fastrtps_c[0m
[ 59%] Built target exp_interfaces__rosidl_typesupport_c
[ 65%] [32mBuilding C object CMakeFiles/exp_interfaces__rosidl_typesupport_introspection_c.dir/rosidl_typesupport_introspection_c/exp_interfaces/srv/detail/add_three_ints__type_support.c.o[0m
[ 65%] [32mBuilding C object CMakeFiles/exp_interfaces__rosidl_typesupport_introspection_c.dir/rosidl_typesupport_introspection_c/exp_interfaces/msg/detail/num__type_support.c.o[0m
[ 65%] [32mBuilding C object CMakeFiles/exp_interfaces__rosidl_typesupport_introspection_c.dir/rosidl_typesupport_introspection_c/exp_interfaces/msg/detail/sphere__type_support.c.o[0m
[ 68%] [32m[1mLinking C shared library libexp_interfaces__rosidl_typesupport_introspection_c.so[0m
[ 72%] [32mBuilding CXX object CMakeFiles/exp_interfaces__rosidl_typesupport_fastrtps_c.dir/rosidl_typesupport_fastrtps_c/exp_interfaces/msg/detail/num__type_support_c.cpp.o[0m
[ 72%] [32mBuilding CXX object CMakeFiles/exp_interfaces__rosidl_typesupport_fastrtps_c.dir/rosidl_typesupport_fastrtps_c/exp_interfaces/msg/detail/sphere__type_support_c.cpp.o[0m
[ 74%] [32mBuilding CXX object CMakeFiles/exp_interfaces__rosidl_typesupport_fastrtps_c.dir/rosidl_typesupport_fastrtps_c/exp_interfaces/srv/detail/add_three_ints__type_support_c.cpp.o[0m
[ 74%] Built target exp_interfaces__rosidl_typesupport_introspection_c
[ 76%] [32m[1mLinking CXX shared library libexp_interfaces__rosidl_typesupport_fastrtps_c.so[0m
[ 76%] Built target exp_interfaces__rosidl_typesupport_fastrtps_c
[35m[1mScanning dependencies of target exp_interfaces[0m
[ 76%] Built target exp_interfaces
[35m[1mScanning dependencies of target exp_interfaces__py[0m
[ 78%] [34m[1mGenerating Python code for ROS interfaces[0m
[ 78%] Built target exp_interfaces__py
[35m[1mScanning dependencies of target exp_interfaces__python[0m
[ 85%] [32mBuilding C object CMakeFiles/exp_interfaces__python.dir/rosidl_generator_py/exp_interfaces/msg/_num_s.c.o[0m
[ 85%] [32mBuilding C object CMakeFiles/exp_interfaces__python.dir/rosidl_generator_py/exp_interfaces/msg/_sphere_s.c.o[0m
[ 85%] [32mBuilding C object CMakeFiles/exp_interfaces__python.dir/rosidl_generator_py/exp_interfaces/srv/_add_three_ints_s.c.o[0m
[ 87%] [32m[1mLinking C shared library rosidl_generator_py/exp_interfaces/libexp_interfaces__python.so[0m
[ 87%] Built target exp_interfaces__python
[35m[1mScanning dependencies of target exp_interfaces__rosidl_typesupport_c__pyext[0m
[35m[1mScanning dependencies of target exp_interfaces__rosidl_typesupport_introspection_c__pyext[0m
[35m[1mScanning dependencies of target exp_interfaces__rosidl_typesupport_fastrtps_c__pyext[0m
[ 91%] [32mBuilding C object CMakeFiles/exp_interfaces__rosidl_typesupport_introspection_c__pyext.dir/rosidl_generator_py/exp_interfaces/_exp_interfaces_s.ep.rosidl_typesupport_introspection_c.c.o[0m
[ 91%] [32mBuilding C object CMakeFiles/exp_interfaces__rosidl_typesupport_c__pyext.dir/rosidl_generator_py/exp_interfaces/_exp_interfaces_s.ep.rosidl_typesupport_c.c.o[0m
[ 93%] [32mBuilding C object CMakeFiles/exp_interfaces__rosidl_typesupport_fastrtps_c__pyext.dir/rosidl_generator_py/exp_interfaces/_exp_interfaces_s.ep.rosidl_typesupport_fastrtps_c.c.o[0m
[100%] [32m[1mLinking C shared library rosidl_generator_py/exp_interfaces/exp_interfaces_s__rosidl_typesupport_c.cpython-310-x86_64-linux-gnu.so[0m
[100%] [32m[1mLinking CXX shared library rosidl_generator_py/exp_interfaces/exp_interfaces_s__rosidl_typesupport_fastrtps_c.cpython-310-x86_64-linux-gnu.so[0m
[100%] [32m[1mLinking C shared library rosidl_generator_py/exp_interfaces/exp_interfaces_s__rosidl_typesupport_introspection_c.cpython-310-x86_64-linux-gnu.so[0m
[100%] Built target exp_interfaces__rosidl_typesupport_introspection_c__pyext
[100%] Built target exp_interfaces__rosidl_typesupport_c__pyext
[100%] Built target exp_interfaces__rosidl_typesupport_fastrtps_c__pyext
-- Install configuration: ""
-- Installing: /home/zyh/ros2_study/foxy/foxy_ws/install/exp_interfaces/share/ament_index/resource_index/rosidl_interfaces/exp_interfaces
-- Installing: /home/zyh/ros2_study/foxy/foxy_ws/install/exp_interfaces/include/exp_interfaces
-- Installing: /home/zyh/ros2_study/foxy/foxy_ws/install/exp_interfaces/include/exp_interfaces/srv
-- Installing: /home/zyh/ros2_study/foxy/foxy_ws/install/exp_interfaces/include/exp_interfaces/srv/add_three_ints.h
-- Installing: /home/zyh/ros2_study/foxy/foxy_ws/install/exp_interfaces/include/exp_interfaces/srv/detail
-- Installing: /home/zyh/ros2_study/foxy/foxy_ws/install/exp_interfaces/include/exp_interfaces/srv/detail/add_three_ints__functions.c
-- Installing: /home/zyh/ros2_study/foxy/foxy_ws/install/exp_interfaces/include/exp_interfaces/srv/detail/add_three_ints__type_support.h
-- Installing: /home/zyh/ros2_study/foxy/foxy_ws/install/exp_interfaces/include/exp_interfaces/srv/detail/add_three_ints__struct.h
-- Installing: /home/zyh/ros2_study/foxy/foxy_ws/install/exp_interfaces/include/exp_interfaces/srv/detail/add_three_ints__functions.h
-- Installing: /home/zyh/ros2_study/foxy/foxy_ws/install/exp_interfaces/include/exp_interfaces/msg
-- Installing: /home/zyh/ros2_study/foxy/foxy_ws/install/exp_interfaces/include/exp_interfaces/msg/detail
-- Installing: /home/zyh/ros2_study/foxy/foxy_ws/install/exp_interfaces/include/exp_interfaces/msg/detail/sphere__struct.h
-- Installing: /home/zyh/ros2_study/foxy/foxy_ws/install/exp_interfaces/include/exp_interfaces/msg/detail/sphere__functions.h
-- Installing: /home/zyh/ros2_study/foxy/foxy_ws/install/exp_interfaces/include/exp_interfaces/msg/detail/sphere__functions.c
-- Installing: /home/zyh/ros2_study/foxy/foxy_ws/install/exp_interfaces/include/exp_interfaces/msg/detail/num__struct.h
-- Installing: /home/zyh/ros2_study/foxy/foxy_ws/install/exp_interfaces/include/exp_interfaces/msg/detail/num__functions.h
-- Installing: /home/zyh/ros2_study/foxy/foxy_ws/install/exp_interfaces/include/exp_interfaces/msg/detail/sphere__type_support.h
-- Installing: /home/zyh/ros2_study/foxy/foxy_ws/install/exp_interfaces/include/exp_interfaces/msg/detail/num__functions.c
-- Installing: /home/zyh/ros2_study/foxy/foxy_ws/install/exp_interfaces/include/exp_interfaces/msg/detail/num__type_support.h
-- Installing: /home/zyh/ros2_study/foxy/foxy_ws/install/exp_interfaces/include/exp_interfaces/msg/num.h
-- Installing: /home/zyh/ros2_study/foxy/foxy_ws/install/exp_interfaces/include/exp_interfaces/msg/rosidl_generator_c__visibility_control.h
-- Installing: /home/zyh/ros2_study/foxy/foxy_ws/install/exp_interfaces/include/exp_interfaces/msg/sphere.h
-- Installing: /home/zyh/ros2_study/foxy/foxy_ws/install/exp_interfaces/share/exp_interfaces/environment/library_path.sh
-- Installing: /home/zyh/ros2_study/foxy/foxy_ws/install/exp_interfaces/share/exp_interfaces/environment/library_path.dsv
-- Installing: /home/zyh/ros2_study/foxy/foxy_ws/install/exp_interfaces/lib/libexp_interfaces__rosidl_generator_c.so
-- Set runtime path of "/home/zyh/ros2_study/foxy/foxy_ws/install/exp_interfaces/lib/libexp_interfaces__rosidl_generator_c.so" to ""
-- Up-to-date: /home/zyh/ros2_study/foxy/foxy_ws/install/exp_interfaces/include/exp_interfaces
-- Up-to-date: /home/zyh/ros2_study/foxy/foxy_ws/install/exp_interfaces/include/exp_interfaces/srv
-- Up-to-date: /home/zyh/ros2_study/foxy/foxy_ws/install/exp_interfaces/include/exp_interfaces/srv/detail
-- Installing: /home/zyh/ros2_study/foxy/foxy_ws/install/exp_interfaces/include/exp_interfaces/srv/detail/add_three_ints__rosidl_typesupport_fastrtps_c.h
-- Up-to-date: /home/zyh/ros2_study/foxy/foxy_ws/install/exp_interfaces/include/exp_interfaces/msg
-- Up-to-date: /home/zyh/ros2_study/foxy/foxy_ws/install/exp_interfaces/include/exp_interfaces/msg/detail
-- Installing: /home/zyh/ros2_study/foxy/foxy_ws/install/exp_interfaces/include/exp_interfaces/msg/detail/sphere__rosidl_typesupport_fastrtps_c.h
-- Installing: /home/zyh/ros2_study/foxy/foxy_ws/install/exp_interfaces/include/exp_interfaces/msg/detail/num__rosidl_typesupport_fastrtps_c.h
-- Installing: /home/zyh/ros2_study/foxy/foxy_ws/install/exp_interfaces/include/exp_interfaces/msg/rosidl_typesupport_fastrtps_c__visibility_control.h
-- Installing: /home/zyh/ros2_study/foxy/foxy_ws/install/exp_interfaces/lib/libexp_interfaces__rosidl_typesupport_fastrtps_c.so
-- Set runtime path of "/home/zyh/ros2_study/foxy/foxy_ws/install/exp_interfaces/lib/libexp_interfaces__rosidl_typesupport_fastrtps_c.so" to ""
-- Up-to-date: /home/zyh/ros2_study/foxy/foxy_ws/install/exp_interfaces/include/exp_interfaces
-- Up-to-date: /home/zyh/ros2_study/foxy/foxy_ws/install/exp_interfaces/include/exp_interfaces/srv
-- Up-to-date: /home/zyh/ros2_study/foxy/foxy_ws/install/exp_interfaces/include/exp_interfaces/srv/detail
-- Installing: /home/zyh/ros2_study/foxy/foxy_ws/install/exp_interfaces/include/exp_interfaces/srv/detail/add_three_ints__rosidl_typesupport_fastrtps_cpp.hpp
-- Installing: /home/zyh/ros2_study/foxy/foxy_ws/install/exp_interfaces/include/exp_interfaces/srv/detail/dds_fastrtps
-- Up-to-date: /home/zyh/ros2_study/foxy/foxy_ws/install/exp_interfaces/include/exp_interfaces/msg
-- Installing: /home/zyh/ros2_study/foxy/foxy_ws/install/exp_interfaces/include/exp_interfaces/msg/rosidl_typesupport_fastrtps_cpp__visibility_control.h
-- Up-to-date: /home/zyh/ros2_study/foxy/foxy_ws/install/exp_interfaces/include/exp_interfaces/msg/detail
-- Installing: /home/zyh/ros2_study/foxy/foxy_ws/install/exp_interfaces/include/exp_interfaces/msg/detail/sphere__rosidl_typesupport_fastrtps_cpp.hpp
-- Installing: /home/zyh/ros2_study/foxy/foxy_ws/install/exp_interfaces/include/exp_interfaces/msg/detail/dds_fastrtps
-- Installing: /home/zyh/ros2_study/foxy/foxy_ws/install/exp_interfaces/include/exp_interfaces/msg/detail/num__rosidl_typesupport_fastrtps_cpp.hpp
-- Installing: /home/zyh/ros2_study/foxy/foxy_ws/install/exp_interfaces/lib/libexp_interfaces__rosidl_typesupport_fastrtps_cpp.so
-- Set runtime path of "/home/zyh/ros2_study/foxy/foxy_ws/install/exp_interfaces/lib/libexp_interfaces__rosidl_typesupport_fastrtps_cpp.so" to ""
-- Up-to-date: /home/zyh/ros2_study/foxy/foxy_ws/install/exp_interfaces/include/exp_interfaces
-- Up-to-date: /home/zyh/ros2_study/foxy/foxy_ws/install/exp_interfaces/include/exp_interfaces/srv
-- Up-to-date: /home/zyh/ros2_study/foxy/foxy_ws/install/exp_interfaces/include/exp_interfaces/srv/detail
-- Installing: /home/zyh/ros2_study/foxy/foxy_ws/install/exp_interfaces/include/exp_interfaces/srv/detail/add_three_ints__type_support.c
-- Installing: /home/zyh/ros2_study/foxy/foxy_ws/install/exp_interfaces/include/exp_interfaces/srv/detail/add_three_ints__rosidl_typesupport_introspection_c.h
-- Up-to-date: /home/zyh/ros2_study/foxy/foxy_ws/install/exp_interfaces/include/exp_interfaces/msg
-- Up-to-date: /home/zyh/ros2_study/foxy/foxy_ws/install/exp_interfaces/include/exp_interfaces/msg/detail
-- Installing: /home/zyh/ros2_study/foxy/foxy_ws/install/exp_interfaces/include/exp_interfaces/msg/detail/num__type_support.c
-- Installing: /home/zyh/ros2_study/foxy/foxy_ws/install/exp_interfaces/include/exp_interfaces/msg/detail/sphere__rosidl_typesupport_introspection_c.h
-- Installing: /home/zyh/ros2_study/foxy/foxy_ws/install/exp_interfaces/include/exp_interfaces/msg/detail/sphere__type_support.c
-- Installing: /home/zyh/ros2_study/foxy/foxy_ws/install/exp_interfaces/include/exp_interfaces/msg/detail/num__rosidl_typesupport_introspection_c.h
-- Installing: /home/zyh/ros2_study/foxy/foxy_ws/install/exp_interfaces/include/exp_interfaces/msg/rosidl_typesupport_introspection_c__visibility_control.h
-- Installing: /home/zyh/ros2_study/foxy/foxy_ws/install/exp_interfaces/lib/libexp_interfaces__rosidl_typesupport_introspection_c.so
-- Set runtime path of "/home/zyh/ros2_study/foxy/foxy_ws/install/exp_interfaces/lib/libexp_interfaces__rosidl_typesupport_introspection_c.so" to ""
-- Installing: /home/zyh/ros2_study/foxy/foxy_ws/install/exp_interfaces/lib/libexp_interfaces__rosidl_typesupport_c.so
-- Set runtime path of "/home/zyh/ros2_study/foxy/foxy_ws/install/exp_interfaces/lib/libexp_interfaces__rosidl_typesupport_c.so" to ""
-- Up-to-date: /home/zyh/ros2_study/foxy/foxy_ws/install/exp_interfaces/include/exp_interfaces
-- Up-to-date: /home/zyh/ros2_study/foxy/foxy_ws/install/exp_interfaces/include/exp_interfaces/srv
-- Up-to-date: /home/zyh/ros2_study/foxy/foxy_ws/install/exp_interfaces/include/exp_interfaces/srv/detail
-- Installing: /home/zyh/ros2_study/foxy/foxy_ws/install/exp_interfaces/include/exp_interfaces/srv/detail/add_three_ints__builder.hpp
-- Installing: /home/zyh/ros2_study/foxy/foxy_ws/install/exp_interfaces/include/exp_interfaces/srv/detail/add_three_ints__traits.hpp
-- Installing: /home/zyh/ros2_study/foxy/foxy_ws/install/exp_interfaces/include/exp_interfaces/srv/detail/add_three_ints__struct.hpp
-- Installing: /home/zyh/ros2_study/foxy/foxy_ws/install/exp_interfaces/include/exp_interfaces/srv/add_three_ints.hpp
-- Up-to-date: /home/zyh/ros2_study/foxy/foxy_ws/install/exp_interfaces/include/exp_interfaces/msg
-- Installing: /home/zyh/ros2_study/foxy/foxy_ws/install/exp_interfaces/include/exp_interfaces/msg/num.hpp
-- Up-to-date: /home/zyh/ros2_study/foxy/foxy_ws/install/exp_interfaces/include/exp_interfaces/msg/detail
-- Installing: /home/zyh/ros2_study/foxy/foxy_ws/install/exp_interfaces/include/exp_interfaces/msg/detail/sphere__builder.hpp
-- Installing: /home/zyh/ros2_study/foxy/foxy_ws/install/exp_interfaces/include/exp_interfaces/msg/detail/num__traits.hpp
-- Installing: /home/zyh/ros2_study/foxy/foxy_ws/install/exp_interfaces/include/exp_interfaces/msg/detail/num__struct.hpp
-- Installing: /home/zyh/ros2_study/foxy/foxy_ws/install/exp_interfaces/include/exp_interfaces/msg/detail/sphere__traits.hpp
-- Installing: /home/zyh/ros2_study/foxy/foxy_ws/install/exp_interfaces/include/exp_interfaces/msg/detail/sphere__struct.hpp
-- Installing: /home/zyh/ros2_study/foxy/foxy_ws/install/exp_interfaces/include/exp_interfaces/msg/detail/num__builder.hpp
-- Installing: /home/zyh/ros2_study/foxy/foxy_ws/install/exp_interfaces/include/exp_interfaces/msg/sphere.hpp
-- Up-to-date: /home/zyh/ros2_study/foxy/foxy_ws/install/exp_interfaces/include/exp_interfaces
-- Up-to-date: /home/zyh/ros2_study/foxy/foxy_ws/install/exp_interfaces/include/exp_interfaces/srv
-- Up-to-date: /home/zyh/ros2_study/foxy/foxy_ws/install/exp_interfaces/include/exp_interfaces/srv/detail
-- Installing: /home/zyh/ros2_study/foxy/foxy_ws/install/exp_interfaces/include/exp_interfaces/srv/detail/add_three_ints__type_support.cpp
-- Installing: /home/zyh/ros2_study/foxy/foxy_ws/install/exp_interfaces/include/exp_interfaces/srv/detail/add_three_ints__rosidl_typesupport_introspection_cpp.hpp
-- Up-to-date: /home/zyh/ros2_study/foxy/foxy_ws/install/exp_interfaces/include/exp_interfaces/msg
-- Up-to-date: /home/zyh/ros2_study/foxy/foxy_ws/install/exp_interfaces/include/exp_interfaces/msg/detail
-- Installing: /home/zyh/ros2_study/foxy/foxy_ws/install/exp_interfaces/include/exp_interfaces/msg/detail/num__rosidl_typesupport_introspection_cpp.hpp
-- Installing: /home/zyh/ros2_study/foxy/foxy_ws/install/exp_interfaces/include/exp_interfaces/msg/detail/sphere__rosidl_typesupport_introspection_cpp.hpp
-- Installing: /home/zyh/ros2_study/foxy/foxy_ws/install/exp_interfaces/include/exp_interfaces/msg/detail/num__type_support.cpp
-- Installing: /home/zyh/ros2_study/foxy/foxy_ws/install/exp_interfaces/include/exp_interfaces/msg/detail/sphere__type_support.cpp
-- Installing: /home/zyh/ros2_study/foxy/foxy_ws/install/exp_interfaces/lib/libexp_interfaces__rosidl_typesupport_introspection_cpp.so
-- Set runtime path of "/home/zyh/ros2_study/foxy/foxy_ws/install/exp_interfaces/lib/libexp_interfaces__rosidl_typesupport_introspection_cpp.so" to ""
-- Installing: /home/zyh/ros2_study/foxy/foxy_ws/install/exp_interfaces/lib/libexp_interfaces__rosidl_typesupport_cpp.so
-- Set runtime path of "/home/zyh/ros2_study/foxy/foxy_ws/install/exp_interfaces/lib/libexp_interfaces__rosidl_typesupport_cpp.so" to ""
-- Installing: /home/zyh/ros2_study/foxy/foxy_ws/install/exp_interfaces/share/exp_interfaces/environment/pythonpath.sh
-- Installing: /home/zyh/ros2_study/foxy/foxy_ws/install/exp_interfaces/share/exp_interfaces/environment/pythonpath.dsv
-- Installing: /home/zyh/ros2_study/foxy/foxy_ws/install/exp_interfaces/lib/python3.10/site-packages/exp_interfaces/__init__.py
Compiling '/home/zyh/ros2_study/foxy/foxy_ws/install/exp_interfaces/lib/python3.10/site-packages/exp_interfaces/__init__.py'...
-- Installing: /home/zyh/ros2_study/foxy/foxy_ws/install/exp_interfaces/lib/python3.10/site-packages/exp_interfaces/msg
-- Installing: /home/zyh/ros2_study/foxy/foxy_ws/install/exp_interfaces/lib/python3.10/site-packages/exp_interfaces/msg/_sphere_s.c
-- Installing: /home/zyh/ros2_study/foxy/foxy_ws/install/exp_interfaces/lib/python3.10/site-packages/exp_interfaces/msg/_num_s.c
-- Installing: /home/zyh/ros2_study/foxy/foxy_ws/install/exp_interfaces/lib/python3.10/site-packages/exp_interfaces/msg/_num.py
-- Installing: /home/zyh/ros2_study/foxy/foxy_ws/install/exp_interfaces/lib/python3.10/site-packages/exp_interfaces/msg/__init__.py
-- Installing: /home/zyh/ros2_study/foxy/foxy_ws/install/exp_interfaces/lib/python3.10/site-packages/exp_interfaces/msg/_sphere.py
-- Installing: /home/zyh/ros2_study/foxy/foxy_ws/install/exp_interfaces/lib/python3.10/site-packages/exp_interfaces/srv
-- Installing: /home/zyh/ros2_study/foxy/foxy_ws/install/exp_interfaces/lib/python3.10/site-packages/exp_interfaces/srv/_add_three_ints.py
-- Installing: /home/zyh/ros2_study/foxy/foxy_ws/install/exp_interfaces/lib/python3.10/site-packages/exp_interfaces/srv/_add_three_ints_s.c
-- Installing: /home/zyh/ros2_study/foxy/foxy_ws/install/exp_interfaces/lib/python3.10/site-packages/exp_interfaces/srv/__init__.py
-- Installing: /home/zyh/ros2_study/foxy/foxy_ws/install/exp_interfaces/lib/python3.10/site-packages/exp_interfaces/exp_interfaces_s__rosidl_typesupport_fastrtps_c.cpython-310-x86_64-linux-gnu.so
-- Set runtime path of "/home/zyh/ros2_study/foxy/foxy_ws/install/exp_interfaces/lib/python3.10/site-packages/exp_interfaces/exp_interfaces_s__rosidl_typesupport_fastrtps_c.cpython-310-x86_64-linux-gnu.so" to ""
-- Installing: /home/zyh/ros2_study/foxy/foxy_ws/install/exp_interfaces/lib/python3.10/site-packages/exp_interfaces/exp_interfaces_s__rosidl_typesupport_introspection_c.cpython-310-x86_64-linux-gnu.so
-- Set runtime path of "/home/zyh/ros2_study/foxy/foxy_ws/install/exp_interfaces/lib/python3.10/site-packages/exp_interfaces/exp_interfaces_s__rosidl_typesupport_introspection_c.cpython-310-x86_64-linux-gnu.so" to ""
-- Installing: /home/zyh/ros2_study/foxy/foxy_ws/install/exp_interfaces/lib/python3.10/site-packages/exp_interfaces/exp_interfaces_s__rosidl_typesupport_c.cpython-310-x86_64-linux-gnu.so
-- Set runtime path of "/home/zyh/ros2_study/foxy/foxy_ws/install/exp_interfaces/lib/python3.10/site-packages/exp_interfaces/exp_interfaces_s__rosidl_typesupport_c.cpython-310-x86_64-linux-gnu.so" to ""
-- Installing: /home/zyh/ros2_study/foxy/foxy_ws/install/exp_interfaces/lib/libexp_interfaces__python.so
-- Set runtime path of "/home/zyh/ros2_study/foxy/foxy_ws/install/exp_interfaces/lib/libexp_interfaces__python.so" to ""
-- Installing: /home/zyh/ros2_study/foxy/foxy_ws/install/exp_interfaces/share/exp_interfaces/msg/Num.idl
-- Installing: /home/zyh/ros2_study/foxy/foxy_ws/install/exp_interfaces/share/exp_interfaces/msg/Sphere.idl
-- Installing: /home/zyh/ros2_study/foxy/foxy_ws/install/exp_interfaces/share/exp_interfaces/srv/AddThreeInts.idl
-- Installing: /home/zyh/ros2_study/foxy/foxy_ws/install/exp_interfaces/share/exp_interfaces/msg/Num.msg
-- Installing: /home/zyh/ros2_study/foxy/foxy_ws/install/exp_interfaces/share/exp_interfaces/msg/Sphere.msg
-- Installing: /home/zyh/ros2_study/foxy/foxy_ws/install/exp_interfaces/share/exp_interfaces/srv/AddThreeInts.srv
-- Installing: /home/zyh/ros2_study/foxy/foxy_ws/install/exp_interfaces/share/exp_interfaces/srv/AddThreeInts_Request.msg
-- Installing: /home/zyh/ros2_study/foxy/foxy_ws/install/exp_interfaces/share/exp_interfaces/srv/AddThreeInts_Response.msg
-- Installing: /home/zyh/ros2_study/foxy/foxy_ws/install/exp_interfaces/share/ament_index/resource_index/package_run_dependencies/exp_interfaces
-- Installing: /home/zyh/ros2_study/foxy/foxy_ws/install/exp_interfaces/share/ament_index/resource_index/parent_prefix_path/exp_interfaces
-- Installing: /home/zyh/ros2_study/foxy/foxy_ws/install/exp_interfaces/share/exp_interfaces/environment/ament_prefix_path.sh
-- Installing: /home/zyh/ros2_study/foxy/foxy_ws/install/exp_interfaces/share/exp_interfaces/environment/ament_prefix_path.dsv
-- Installing: /home/zyh/ros2_study/foxy/foxy_ws/install/exp_interfaces/share/exp_interfaces/environment/path.sh
-- Installing: /home/zyh/ros2_study/foxy/foxy_ws/install/exp_interfaces/share/exp_interfaces/environment/path.dsv
-- Installing: /home/zyh/ros2_study/foxy/foxy_ws/install/exp_interfaces/share/exp_interfaces/local_setup.bash
-- Installing: /home/zyh/ros2_study/foxy/foxy_ws/install/exp_interfaces/share/exp_interfaces/local_setup.sh
-- Installing: /home/zyh/ros2_study/foxy/foxy_ws/install/exp_interfaces/share/exp_interfaces/local_setup.zsh
-- Installing: /home/zyh/ros2_study/foxy/foxy_ws/install/exp_interfaces/share/exp_interfaces/local_setup.dsv
-- Installing: /home/zyh/ros2_study/foxy/foxy_ws/install/exp_interfaces/share/exp_interfaces/package.dsv
-- Installing: /home/zyh/ros2_study/foxy/foxy_ws/install/exp_interfaces/share/ament_index/resource_index/packages/exp_interfaces
-- Installing: /home/zyh/ros2_study/foxy/foxy_ws/install/exp_interfaces/share/exp_interfaces/cmake/exp_interfaces__rosidl_generator_cExport.cmake
-- Installing: /home/zyh/ros2_study/foxy/foxy_ws/install/exp_interfaces/share/exp_interfaces/cmake/exp_interfaces__rosidl_generator_cExport-noconfig.cmake
-- Installing: /home/zyh/ros2_study/foxy/foxy_ws/install/exp_interfaces/share/exp_interfaces/cmake/exp_interfaces__rosidl_typesupport_introspection_cExport.cmake
-- Installing: /home/zyh/ros2_study/foxy/foxy_ws/install/exp_interfaces/share/exp_interfaces/cmake/exp_interfaces__rosidl_typesupport_introspection_cExport-noconfig.cmake
-- Installing: /home/zyh/ros2_study/foxy/foxy_ws/install/exp_interfaces/share/exp_interfaces/cmake/exp_interfaces__rosidl_typesupport_cExport.cmake
-- Installing: /home/zyh/ros2_study/foxy/foxy_ws/install/exp_interfaces/share/exp_interfaces/cmake/exp_interfaces__rosidl_typesupport_cExport-noconfig.cmake
-- Installing: /home/zyh/ros2_study/foxy/foxy_ws/install/exp_interfaces/share/exp_interfaces/cmake/exp_interfaces__rosidl_generator_cppExport.cmake
-- Installing: /home/zyh/ros2_study/foxy/foxy_ws/install/exp_interfaces/share/exp_interfaces/cmake/exp_interfaces__rosidl_typesupport_introspection_cppExport.cmake
-- Installing: /home/zyh/ros2_study/foxy/foxy_ws/install/exp_interfaces/share/exp_interfaces/cmake/exp_interfaces__rosidl_typesupport_introspection_cppExport-noconfig.cmake
-- Installing: /home/zyh/ros2_study/foxy/foxy_ws/install/exp_interfaces/share/exp_interfaces/cmake/exp_interfaces__rosidl_typesupport_cppExport.cmake
-- Installing: /home/zyh/ros2_study/foxy/foxy_ws/install/exp_interfaces/share/exp_interfaces/cmake/exp_interfaces__rosidl_typesupport_cppExport-noconfig.cmake
-- Installing: /home/zyh/ros2_study/foxy/foxy_ws/install/exp_interfaces/share/exp_interfaces/cmake/rosidl_cmake-extras.cmake
-- Installing: /home/zyh/ros2_study/foxy/foxy_ws/install/exp_interfaces/share/exp_interfaces/cmake/ament_cmake_export_dependencies-extras.cmake
-- Installing: /home/zyh/ros2_study/foxy/foxy_ws/install/exp_interfaces/share/exp_interfaces/cmake/ament_cmake_export_libraries-extras.cmake
-- Installing: /home/zyh/ros2_study/foxy/foxy_ws/install/exp_interfaces/share/exp_interfaces/cmake/ament_cmake_export_targets-extras.cmake
-- Installing: /home/zyh/ros2_study/foxy/foxy_ws/install/exp_interfaces/share/exp_interfaces/cmake/ament_cmake_export_include_directories-extras.cmake
-- Installing: /home/zyh/ros2_study/foxy/foxy_ws/install/exp_interfaces/share/exp_interfaces/cmake/rosidl_cmake_export_typesupport_libraries-extras.cmake
-- Installing: /home/zyh/ros2_study/foxy/foxy_ws/install/exp_interfaces/share/exp_interfaces/cmake/rosidl_cmake_export_typesupport_targets-extras.cmake
-- Installing: /home/zyh/ros2_study/foxy/foxy_ws/install/exp_interfaces/share/exp_interfaces/cmake/exp_interfacesConfig.cmake
-- Installing: /home/zyh/ros2_study/foxy/foxy_ws/install/exp_interfaces/share/exp_interfaces/cmake/exp_interfacesConfig-version.cmake
-- Installing: /home/zyh/ros2_study/foxy/foxy_ws/install/exp_interfaces/share/exp_interfaces/package.xml
