[0.077s] Invoking command in '/home/zyh/ros2_study/foxy/foxy_ws/build/exp_interfaces': CMAKE_PREFIX_PATH=/opt/ros/foxy CONDA_PROMPT_MODIFIER=(base) /usr/bin/cmake --build /home/zyh/ros2_study/foxy/foxy_ws/build/exp_interfaces -- -j12 -l12
[0.378s] [  2%] [34m[1mGenerating C code for ROS interfaces[0m
[0.380s] [  4%] [34m[1mGenerating C++ code for ROS interfaces[0m
[0.649s] [  4%] Built target exp_interfaces__cpp
[0.667s] [  6%] [34m[1mGenerating C++ type support dispatch for ROS interfaces[0m
[0.667s] [  8%] [34m[1mGenerating C++ type support for eProsima Fast-RTPS[0m
[0.678s] [35m[1mScanning dependencies of target exp_interfaces__rosidl_generator_c[0m
[0.684s] [ 10%] [34m[1mGenerating C++ introspection for ROS interfaces[0m
[0.808s] [ 12%] [32mBuilding C object CMakeFiles/exp_interfaces__rosidl_generator_c.dir/rosidl_generator_c/exp_interfaces/msg/detail/num__functions.c.o[0m
[0.832s] [ 14%] [32mBuilding C object CMakeFiles/exp_interfaces__rosidl_generator_c.dir/rosidl_generator_c/exp_interfaces/srv/detail/add_three_ints__functions.c.o[0m
[0.835s] [ 17%] [32mBuilding C object CMakeFiles/exp_interfaces__rosidl_generator_c.dir/rosidl_generator_c/exp_interfaces/msg/detail/sphere__functions.c.o[0m
[1.128s] [35m[1mScanning dependencies of target exp_interfaces__rosidl_typesupport_introspection_cpp[0m
[1.156s] [35m[1mScanning dependencies of target exp_interfaces__rosidl_typesupport_cpp[0m
[1.198s] [35m[1mScanning dependencies of target exp_interfaces__rosidl_typesupport_fastrtps_cpp[0m
[1.313s] [ 21%] [32mBuilding CXX object CMakeFiles/exp_interfaces__rosidl_typesupport_cpp.dir/rosidl_typesupport_cpp/exp_interfaces/msg/sphere__type_support.cpp.o[0m
[1.314s] [ 21%] [32mBuilding CXX object CMakeFiles/exp_interfaces__rosidl_typesupport_cpp.dir/rosidl_typesupport_cpp/exp_interfaces/msg/num__type_support.cpp.o[0m
[1.318s] [ 23%] [32mBuilding CXX object CMakeFiles/exp_interfaces__rosidl_typesupport_cpp.dir/rosidl_typesupport_cpp/exp_interfaces/srv/add_three_ints__type_support.cpp.o[0m
[1.319s] [ 25%] [32mBuilding CXX object CMakeFiles/exp_interfaces__rosidl_typesupport_introspection_cpp.dir/rosidl_typesupport_introspection_cpp/exp_interfaces/msg/detail/num__type_support.cpp.o[0m
[1.322s] [ 27%] [32mBuilding CXX object CMakeFiles/exp_interfaces__rosidl_typesupport_introspection_cpp.dir/rosidl_typesupport_introspection_cpp/exp_interfaces/srv/detail/add_three_ints__type_support.cpp.o[0m
[1.323s] [ 29%] [32mBuilding CXX object CMakeFiles/exp_interfaces__rosidl_typesupport_introspection_cpp.dir/rosidl_typesupport_introspection_cpp/exp_interfaces/msg/detail/sphere__type_support.cpp.o[0m
[1.764s] [ 34%] [32mBuilding CXX object CMakeFiles/exp_interfaces__rosidl_typesupport_fastrtps_cpp.dir/rosidl_typesupport_fastrtps_cpp/exp_interfaces/msg/detail/dds_fastrtps/sphere__type_support.cpp.o[0m
[1.764s] [ 34%] [32mBuilding CXX object CMakeFiles/exp_interfaces__rosidl_typesupport_fastrtps_cpp.dir/rosidl_typesupport_fastrtps_cpp/exp_interfaces/srv/detail/dds_fastrtps/add_three_ints__type_support.cpp.o[0m
[1.765s] [ 36%] [32mBuilding CXX object CMakeFiles/exp_interfaces__rosidl_typesupport_fastrtps_cpp.dir/rosidl_typesupport_fastrtps_cpp/exp_interfaces/msg/detail/dds_fastrtps/num__type_support.cpp.o[0m
[5.905s] [ 38%] [32m[1mLinking C shared library libexp_interfaces__rosidl_generator_c.so[0m
[7.525s] [ 40%] [32m[1mLinking CXX shared library libexp_interfaces__rosidl_typesupport_cpp.so[0m
[7.527s] [ 42%] [32m[1mLinking CXX shared library libexp_interfaces__rosidl_typesupport_introspection_cpp.so[0m
[7.529s] [ 44%] [32m[1mLinking CXX shared library libexp_interfaces__rosidl_typesupport_fastrtps_cpp.so[0m
[7.967s] [ 44%] Built target exp_interfaces__rosidl_typesupport_cpp
[7.971s] [ 44%] Built target exp_interfaces__rosidl_generator_c
[7.978s] [ 44%] Built target exp_interfaces__rosidl_typesupport_introspection_cpp
[7.986s] [ 46%] [34m[1mGenerating C type support dispatch for ROS interfaces[0m
[8.007s] [ 48%] [34m[1mGenerating C introspection for ROS interfaces[0m
[8.019s] [ 48%] Built target exp_interfaces__rosidl_typesupport_fastrtps_cpp
[8.078s] [ 51%] [34m[1mGenerating C type support for eProsima Fast-RTPS[0m
[8.321s] [35m[1mScanning dependencies of target exp_interfaces__rosidl_typesupport_c[0m
[8.364s] [ 57%] [32mBuilding CXX object CMakeFiles/exp_interfaces__rosidl_typesupport_c.dir/rosidl_typesupport_c/exp_interfaces/msg/sphere__type_support.cpp.o[0m
[8.364s] [ 57%] [32mBuilding CXX object CMakeFiles/exp_interfaces__rosidl_typesupport_c.dir/rosidl_typesupport_c/exp_interfaces/srv/add_three_ints__type_support.cpp.o[0m
[8.364s] [ 57%] [32mBuilding CXX object CMakeFiles/exp_interfaces__rosidl_typesupport_c.dir/rosidl_typesupport_c/exp_interfaces/msg/num__type_support.cpp.o[0m
[8.401s] [ 59%] [32m[1mLinking CXX shared library libexp_interfaces__rosidl_typesupport_c.so[0m
[8.405s] [35m[1mScanning dependencies of target exp_interfaces__rosidl_typesupport_introspection_c[0m
[8.441s] [35m[1mScanning dependencies of target exp_interfaces__rosidl_typesupport_fastrtps_c[0m
[8.457s] [ 59%] Built target exp_interfaces__rosidl_typesupport_c
[8.494s] [ 65%] [32mBuilding C object CMakeFiles/exp_interfaces__rosidl_typesupport_introspection_c.dir/rosidl_typesupport_introspection_c/exp_interfaces/srv/detail/add_three_ints__type_support.c.o[0m
[8.494s] [ 65%] [32mBuilding C object CMakeFiles/exp_interfaces__rosidl_typesupport_introspection_c.dir/rosidl_typesupport_introspection_c/exp_interfaces/msg/detail/num__type_support.c.o[0m
[8.495s] [ 65%] [32mBuilding C object CMakeFiles/exp_interfaces__rosidl_typesupport_introspection_c.dir/rosidl_typesupport_introspection_c/exp_interfaces/msg/detail/sphere__type_support.c.o[0m
[8.533s] [ 68%] [32m[1mLinking C shared library libexp_interfaces__rosidl_typesupport_introspection_c.so[0m
[8.550s] [ 72%] [32mBuilding CXX object CMakeFiles/exp_interfaces__rosidl_typesupport_fastrtps_c.dir/rosidl_typesupport_fastrtps_c/exp_interfaces/msg/detail/num__type_support_c.cpp.o[0m
[8.550s] [ 72%] [32mBuilding CXX object CMakeFiles/exp_interfaces__rosidl_typesupport_fastrtps_c.dir/rosidl_typesupport_fastrtps_c/exp_interfaces/msg/detail/sphere__type_support_c.cpp.o[0m
[8.551s] [ 74%] [32mBuilding CXX object CMakeFiles/exp_interfaces__rosidl_typesupport_fastrtps_c.dir/rosidl_typesupport_fastrtps_c/exp_interfaces/srv/detail/add_three_ints__type_support_c.cpp.o[0m
[8.577s] [ 74%] Built target exp_interfaces__rosidl_typesupport_introspection_c
[8.920s] [ 76%] [32m[1mLinking CXX shared library libexp_interfaces__rosidl_typesupport_fastrtps_c.so[0m
[9.062s] [ 76%] Built target exp_interfaces__rosidl_typesupport_fastrtps_c
[9.075s] [35m[1mScanning dependencies of target exp_interfaces[0m
[9.088s] [ 76%] Built target exp_interfaces
[9.101s] [35m[1mScanning dependencies of target exp_interfaces__py[0m
[9.139s] [ 78%] [34m[1mGenerating Python code for ROS interfaces[0m
[9.706s] [ 78%] Built target exp_interfaces__py
[9.718s] [35m[1mScanning dependencies of target exp_interfaces__python[0m
[10.468s] [ 85%] [32mBuilding C object CMakeFiles/exp_interfaces__python.dir/rosidl_generator_py/exp_interfaces/msg/_num_s.c.o[0m
[10.468s] [ 85%] [32mBuilding C object CMakeFiles/exp_interfaces__python.dir/rosidl_generator_py/exp_interfaces/msg/_sphere_s.c.o[0m
[10.468s] [ 85%] [32mBuilding C object CMakeFiles/exp_interfaces__python.dir/rosidl_generator_py/exp_interfaces/srv/_add_three_ints_s.c.o[0m
[11.536s] [ 87%] [32m[1mLinking C shared library rosidl_generator_py/exp_interfaces/libexp_interfaces__python.so[0m
[11.826s] [ 87%] Built target exp_interfaces__python
[11.841s] [35m[1mScanning dependencies of target exp_interfaces__rosidl_typesupport_c__pyext[0m
[11.841s] [35m[1mScanning dependencies of target exp_interfaces__rosidl_typesupport_introspection_c__pyext[0m
[11.841s] [35m[1mScanning dependencies of target exp_interfaces__rosidl_typesupport_fastrtps_c__pyext[0m
[11.929s] [ 91%] [32mBuilding C object CMakeFiles/exp_interfaces__rosidl_typesupport_introspection_c__pyext.dir/rosidl_generator_py/exp_interfaces/_exp_interfaces_s.ep.rosidl_typesupport_introspection_c.c.o[0m
[11.930s] [ 91%] [32mBuilding C object CMakeFiles/exp_interfaces__rosidl_typesupport_c__pyext.dir/rosidl_generator_py/exp_interfaces/_exp_interfaces_s.ep.rosidl_typesupport_c.c.o[0m
[11.930s] [ 93%] [32mBuilding C object CMakeFiles/exp_interfaces__rosidl_typesupport_fastrtps_c__pyext.dir/rosidl_generator_py/exp_interfaces/_exp_interfaces_s.ep.rosidl_typesupport_fastrtps_c.c.o[0m
[12.024s] [100%] [32m[1mLinking C shared library rosidl_generator_py/exp_interfaces/exp_interfaces_s__rosidl_typesupport_c.cpython-310-x86_64-linux-gnu.so[0m
[12.024s] [100%] [32m[1mLinking CXX shared library rosidl_generator_py/exp_interfaces/exp_interfaces_s__rosidl_typesupport_fastrtps_c.cpython-310-x86_64-linux-gnu.so[0m
[12.024s] [100%] [32m[1mLinking C shared library rosidl_generator_py/exp_interfaces/exp_interfaces_s__rosidl_typesupport_introspection_c.cpython-310-x86_64-linux-gnu.so[0m
[12.074s] [100%] Built target exp_interfaces__rosidl_typesupport_introspection_c__pyext
[12.074s] [100%] Built target exp_interfaces__rosidl_typesupport_c__pyext
[12.102s] [100%] Built target exp_interfaces__rosidl_typesupport_fastrtps_c__pyext
[12.115s] Invoked command in '/home/zyh/ros2_study/foxy/foxy_ws/build/exp_interfaces' returned '0': CMAKE_PREFIX_PATH=/opt/ros/foxy CONDA_PROMPT_MODIFIER=(base) /usr/bin/cmake --build /home/zyh/ros2_study/foxy/foxy_ws/build/exp_interfaces -- -j12 -l12
[12.305s] Invoking command in '/home/zyh/ros2_study/foxy/foxy_ws/build/exp_interfaces': CMAKE_PREFIX_PATH=/opt/ros/foxy CONDA_PROMPT_MODIFIER=(base) /usr/bin/cmake --install /home/zyh/ros2_study/foxy/foxy_ws/build/exp_interfaces
[12.314s] -- Install configuration: ""
[12.314s] -- Installing: /home/zyh/ros2_study/foxy/foxy_ws/install/exp_interfaces/share/ament_index/resource_index/rosidl_interfaces/exp_interfaces
[12.314s] -- Installing: /home/zyh/ros2_study/foxy/foxy_ws/install/exp_interfaces/include/exp_interfaces
[12.314s] -- Installing: /home/zyh/ros2_study/foxy/foxy_ws/install/exp_interfaces/include/exp_interfaces/srv
[12.314s] -- Installing: /home/zyh/ros2_study/foxy/foxy_ws/install/exp_interfaces/include/exp_interfaces/srv/add_three_ints.h
[12.314s] -- Installing: /home/zyh/ros2_study/foxy/foxy_ws/install/exp_interfaces/include/exp_interfaces/srv/detail
[12.314s] -- Installing: /home/zyh/ros2_study/foxy/foxy_ws/install/exp_interfaces/include/exp_interfaces/srv/detail/add_three_ints__functions.c
[12.315s] -- Installing: /home/zyh/ros2_study/foxy/foxy_ws/install/exp_interfaces/include/exp_interfaces/srv/detail/add_three_ints__type_support.h
[12.315s] -- Installing: /home/zyh/ros2_study/foxy/foxy_ws/install/exp_interfaces/include/exp_interfaces/srv/detail/add_three_ints__struct.h
[12.315s] -- Installing: /home/zyh/ros2_study/foxy/foxy_ws/install/exp_interfaces/include/exp_interfaces/srv/detail/add_three_ints__functions.h
[12.315s] -- Installing: /home/zyh/ros2_study/foxy/foxy_ws/install/exp_interfaces/include/exp_interfaces/msg
[12.315s] -- Installing: /home/zyh/ros2_study/foxy/foxy_ws/install/exp_interfaces/include/exp_interfaces/msg/detail
[12.315s] -- Installing: /home/zyh/ros2_study/foxy/foxy_ws/install/exp_interfaces/include/exp_interfaces/msg/detail/sphere__struct.h
[12.315s] -- Installing: /home/zyh/ros2_study/foxy/foxy_ws/install/exp_interfaces/include/exp_interfaces/msg/detail/sphere__functions.h
[12.315s] -- Installing: /home/zyh/ros2_study/foxy/foxy_ws/install/exp_interfaces/include/exp_interfaces/msg/detail/sphere__functions.c
[12.316s] -- Installing: /home/zyh/ros2_study/foxy/foxy_ws/install/exp_interfaces/include/exp_interfaces/msg/detail/num__struct.h
[12.316s] -- Installing: /home/zyh/ros2_study/foxy/foxy_ws/install/exp_interfaces/include/exp_interfaces/msg/detail/num__functions.h
[12.316s] -- Installing: /home/zyh/ros2_study/foxy/foxy_ws/install/exp_interfaces/include/exp_interfaces/msg/detail/sphere__type_support.h
[12.316s] -- Installing: /home/zyh/ros2_study/foxy/foxy_ws/install/exp_interfaces/include/exp_interfaces/msg/detail/num__functions.c
[12.316s] -- Installing: /home/zyh/ros2_study/foxy/foxy_ws/install/exp_interfaces/include/exp_interfaces/msg/detail/num__type_support.h
[12.316s] -- Installing: /home/zyh/ros2_study/foxy/foxy_ws/install/exp_interfaces/include/exp_interfaces/msg/num.h
[12.316s] -- Installing: /home/zyh/ros2_study/foxy/foxy_ws/install/exp_interfaces/include/exp_interfaces/msg/rosidl_generator_c__visibility_control.h
[12.316s] -- Installing: /home/zyh/ros2_study/foxy/foxy_ws/install/exp_interfaces/include/exp_interfaces/msg/sphere.h
[12.316s] -- Installing: /home/zyh/ros2_study/foxy/foxy_ws/install/exp_interfaces/share/exp_interfaces/environment/library_path.sh
[12.317s] -- Installing: /home/zyh/ros2_study/foxy/foxy_ws/install/exp_interfaces/share/exp_interfaces/environment/library_path.dsv
[12.317s] -- Installing: /home/zyh/ros2_study/foxy/foxy_ws/install/exp_interfaces/lib/libexp_interfaces__rosidl_generator_c.so
[12.317s] -- Set runtime path of "/home/zyh/ros2_study/foxy/foxy_ws/install/exp_interfaces/lib/libexp_interfaces__rosidl_generator_c.so" to ""
[12.317s] -- Up-to-date: /home/zyh/ros2_study/foxy/foxy_ws/install/exp_interfaces/include/exp_interfaces
[12.317s] -- Up-to-date: /home/zyh/ros2_study/foxy/foxy_ws/install/exp_interfaces/include/exp_interfaces/srv
[12.317s] -- Up-to-date: /home/zyh/ros2_study/foxy/foxy_ws/install/exp_interfaces/include/exp_interfaces/srv/detail
[12.317s] -- Installing: /home/zyh/ros2_study/foxy/foxy_ws/install/exp_interfaces/include/exp_interfaces/srv/detail/add_three_ints__rosidl_typesupport_fastrtps_c.h
[12.318s] -- Up-to-date: /home/zyh/ros2_study/foxy/foxy_ws/install/exp_interfaces/include/exp_interfaces/msg
[12.318s] -- Up-to-date: /home/zyh/ros2_study/foxy/foxy_ws/install/exp_interfaces/include/exp_interfaces/msg/detail
[12.318s] -- Installing: /home/zyh/ros2_study/foxy/foxy_ws/install/exp_interfaces/include/exp_interfaces/msg/detail/sphere__rosidl_typesupport_fastrtps_c.h
[12.318s] -- Installing: /home/zyh/ros2_study/foxy/foxy_ws/install/exp_interfaces/include/exp_interfaces/msg/detail/num__rosidl_typesupport_fastrtps_c.h
[12.318s] -- Installing: /home/zyh/ros2_study/foxy/foxy_ws/install/exp_interfaces/include/exp_interfaces/msg/rosidl_typesupport_fastrtps_c__visibility_control.h
[12.318s] -- Installing: /home/zyh/ros2_study/foxy/foxy_ws/install/exp_interfaces/lib/libexp_interfaces__rosidl_typesupport_fastrtps_c.so
[12.318s] -- Set runtime path of "/home/zyh/ros2_study/foxy/foxy_ws/install/exp_interfaces/lib/libexp_interfaces__rosidl_typesupport_fastrtps_c.so" to ""
[12.318s] -- Up-to-date: /home/zyh/ros2_study/foxy/foxy_ws/install/exp_interfaces/include/exp_interfaces
[12.319s] -- Up-to-date: /home/zyh/ros2_study/foxy/foxy_ws/install/exp_interfaces/include/exp_interfaces/srv
[12.319s] -- Up-to-date: /home/zyh/ros2_study/foxy/foxy_ws/install/exp_interfaces/include/exp_interfaces/srv/detail
[12.319s] -- Installing: /home/zyh/ros2_study/foxy/foxy_ws/install/exp_interfaces/include/exp_interfaces/srv/detail/add_three_ints__rosidl_typesupport_fastrtps_cpp.hpp
[12.319s] -- Installing: /home/zyh/ros2_study/foxy/foxy_ws/install/exp_interfaces/include/exp_interfaces/srv/detail/dds_fastrtps
[12.319s] -- Up-to-date: /home/zyh/ros2_study/foxy/foxy_ws/install/exp_interfaces/include/exp_interfaces/msg
[12.319s] -- Installing: /home/zyh/ros2_study/foxy/foxy_ws/install/exp_interfaces/include/exp_interfaces/msg/rosidl_typesupport_fastrtps_cpp__visibility_control.h
[12.319s] -- Up-to-date: /home/zyh/ros2_study/foxy/foxy_ws/install/exp_interfaces/include/exp_interfaces/msg/detail
[12.319s] -- Installing: /home/zyh/ros2_study/foxy/foxy_ws/install/exp_interfaces/include/exp_interfaces/msg/detail/sphere__rosidl_typesupport_fastrtps_cpp.hpp
[12.319s] -- Installing: /home/zyh/ros2_study/foxy/foxy_ws/install/exp_interfaces/include/exp_interfaces/msg/detail/dds_fastrtps
[12.320s] -- Installing: /home/zyh/ros2_study/foxy/foxy_ws/install/exp_interfaces/include/exp_interfaces/msg/detail/num__rosidl_typesupport_fastrtps_cpp.hpp
[12.320s] -- Installing: /home/zyh/ros2_study/foxy/foxy_ws/install/exp_interfaces/lib/libexp_interfaces__rosidl_typesupport_fastrtps_cpp.so
[12.320s] -- Set runtime path of "/home/zyh/ros2_study/foxy/foxy_ws/install/exp_interfaces/lib/libexp_interfaces__rosidl_typesupport_fastrtps_cpp.so" to ""
[12.320s] -- Up-to-date: /home/zyh/ros2_study/foxy/foxy_ws/install/exp_interfaces/include/exp_interfaces
[12.320s] -- Up-to-date: /home/zyh/ros2_study/foxy/foxy_ws/install/exp_interfaces/include/exp_interfaces/srv
[12.320s] -- Up-to-date: /home/zyh/ros2_study/foxy/foxy_ws/install/exp_interfaces/include/exp_interfaces/srv/detail
[12.320s] -- Installing: /home/zyh/ros2_study/foxy/foxy_ws/install/exp_interfaces/include/exp_interfaces/srv/detail/add_three_ints__type_support.c
[12.320s] -- Installing: /home/zyh/ros2_study/foxy/foxy_ws/install/exp_interfaces/include/exp_interfaces/srv/detail/add_three_ints__rosidl_typesupport_introspection_c.h
[12.321s] -- Up-to-date: /home/zyh/ros2_study/foxy/foxy_ws/install/exp_interfaces/include/exp_interfaces/msg
[12.321s] -- Up-to-date: /home/zyh/ros2_study/foxy/foxy_ws/install/exp_interfaces/include/exp_interfaces/msg/detail
[12.321s] -- Installing: /home/zyh/ros2_study/foxy/foxy_ws/install/exp_interfaces/include/exp_interfaces/msg/detail/num__type_support.c
[12.321s] -- Installing: /home/zyh/ros2_study/foxy/foxy_ws/install/exp_interfaces/include/exp_interfaces/msg/detail/sphere__rosidl_typesupport_introspection_c.h
[12.321s] -- Installing: /home/zyh/ros2_study/foxy/foxy_ws/install/exp_interfaces/include/exp_interfaces/msg/detail/sphere__type_support.c
[12.321s] -- Installing: /home/zyh/ros2_study/foxy/foxy_ws/install/exp_interfaces/include/exp_interfaces/msg/detail/num__rosidl_typesupport_introspection_c.h
[12.321s] -- Installing: /home/zyh/ros2_study/foxy/foxy_ws/install/exp_interfaces/include/exp_interfaces/msg/rosidl_typesupport_introspection_c__visibility_control.h
[12.321s] -- Installing: /home/zyh/ros2_study/foxy/foxy_ws/install/exp_interfaces/lib/libexp_interfaces__rosidl_typesupport_introspection_c.so
[12.321s] -- Set runtime path of "/home/zyh/ros2_study/foxy/foxy_ws/install/exp_interfaces/lib/libexp_interfaces__rosidl_typesupport_introspection_c.so" to ""
[12.321s] -- Installing: /home/zyh/ros2_study/foxy/foxy_ws/install/exp_interfaces/lib/libexp_interfaces__rosidl_typesupport_c.so
[12.322s] -- Set runtime path of "/home/zyh/ros2_study/foxy/foxy_ws/install/exp_interfaces/lib/libexp_interfaces__rosidl_typesupport_c.so" to ""
[12.322s] -- Up-to-date: /home/zyh/ros2_study/foxy/foxy_ws/install/exp_interfaces/include/exp_interfaces
[12.322s] -- Up-to-date: /home/zyh/ros2_study/foxy/foxy_ws/install/exp_interfaces/include/exp_interfaces/srv
[12.322s] -- Up-to-date: /home/zyh/ros2_study/foxy/foxy_ws/install/exp_interfaces/include/exp_interfaces/srv/detail
[12.322s] -- Installing: /home/zyh/ros2_study/foxy/foxy_ws/install/exp_interfaces/include/exp_interfaces/srv/detail/add_three_ints__builder.hpp
[12.323s] -- Installing: /home/zyh/ros2_study/foxy/foxy_ws/install/exp_interfaces/include/exp_interfaces/srv/detail/add_three_ints__traits.hpp
[12.323s] -- Installing: /home/zyh/ros2_study/foxy/foxy_ws/install/exp_interfaces/include/exp_interfaces/srv/detail/add_three_ints__struct.hpp
[12.323s] -- Installing: /home/zyh/ros2_study/foxy/foxy_ws/install/exp_interfaces/include/exp_interfaces/srv/add_three_ints.hpp
[12.323s] -- Up-to-date: /home/zyh/ros2_study/foxy/foxy_ws/install/exp_interfaces/include/exp_interfaces/msg
[12.323s] -- Installing: /home/zyh/ros2_study/foxy/foxy_ws/install/exp_interfaces/include/exp_interfaces/msg/num.hpp
[12.323s] -- Up-to-date: /home/zyh/ros2_study/foxy/foxy_ws/install/exp_interfaces/include/exp_interfaces/msg/detail
[12.323s] -- Installing: /home/zyh/ros2_study/foxy/foxy_ws/install/exp_interfaces/include/exp_interfaces/msg/detail/sphere__builder.hpp
[12.323s] -- Installing: /home/zyh/ros2_study/foxy/foxy_ws/install/exp_interfaces/include/exp_interfaces/msg/detail/num__traits.hpp
[12.323s] -- Installing: /home/zyh/ros2_study/foxy/foxy_ws/install/exp_interfaces/include/exp_interfaces/msg/detail/num__struct.hpp
[12.324s] -- Installing: /home/zyh/ros2_study/foxy/foxy_ws/install/exp_interfaces/include/exp_interfaces/msg/detail/sphere__traits.hpp
[12.324s] -- Installing: /home/zyh/ros2_study/foxy/foxy_ws/install/exp_interfaces/include/exp_interfaces/msg/detail/sphere__struct.hpp
[12.324s] -- Installing: /home/zyh/ros2_study/foxy/foxy_ws/install/exp_interfaces/include/exp_interfaces/msg/detail/num__builder.hpp
[12.324s] -- Installing: /home/zyh/ros2_study/foxy/foxy_ws/install/exp_interfaces/include/exp_interfaces/msg/sphere.hpp
[12.324s] -- Up-to-date: /home/zyh/ros2_study/foxy/foxy_ws/install/exp_interfaces/include/exp_interfaces
[12.324s] -- Up-to-date: /home/zyh/ros2_study/foxy/foxy_ws/install/exp_interfaces/include/exp_interfaces/srv
[12.324s] -- Up-to-date: /home/zyh/ros2_study/foxy/foxy_ws/install/exp_interfaces/include/exp_interfaces/srv/detail
[12.324s] -- Installing: /home/zyh/ros2_study/foxy/foxy_ws/install/exp_interfaces/include/exp_interfaces/srv/detail/add_three_ints__type_support.cpp
[12.324s] -- Installing: /home/zyh/ros2_study/foxy/foxy_ws/install/exp_interfaces/include/exp_interfaces/srv/detail/add_three_ints__rosidl_typesupport_introspection_cpp.hpp
[12.325s] -- Up-to-date: /home/zyh/ros2_study/foxy/foxy_ws/install/exp_interfaces/include/exp_interfaces/msg
[12.325s] -- Up-to-date: /home/zyh/ros2_study/foxy/foxy_ws/install/exp_interfaces/include/exp_interfaces/msg/detail
[12.325s] -- Installing: /home/zyh/ros2_study/foxy/foxy_ws/install/exp_interfaces/include/exp_interfaces/msg/detail/num__rosidl_typesupport_introspection_cpp.hpp
[12.325s] -- Installing: /home/zyh/ros2_study/foxy/foxy_ws/install/exp_interfaces/include/exp_interfaces/msg/detail/sphere__rosidl_typesupport_introspection_cpp.hpp
[12.325s] -- Installing: /home/zyh/ros2_study/foxy/foxy_ws/install/exp_interfaces/include/exp_interfaces/msg/detail/num__type_support.cpp
[12.325s] -- Installing: /home/zyh/ros2_study/foxy/foxy_ws/install/exp_interfaces/include/exp_interfaces/msg/detail/sphere__type_support.cpp
[12.325s] -- Installing: /home/zyh/ros2_study/foxy/foxy_ws/install/exp_interfaces/lib/libexp_interfaces__rosidl_typesupport_introspection_cpp.so
[12.325s] -- Set runtime path of "/home/zyh/ros2_study/foxy/foxy_ws/install/exp_interfaces/lib/libexp_interfaces__rosidl_typesupport_introspection_cpp.so" to ""
[12.325s] -- Installing: /home/zyh/ros2_study/foxy/foxy_ws/install/exp_interfaces/lib/libexp_interfaces__rosidl_typesupport_cpp.so
[12.325s] -- Set runtime path of "/home/zyh/ros2_study/foxy/foxy_ws/install/exp_interfaces/lib/libexp_interfaces__rosidl_typesupport_cpp.so" to ""
[12.326s] -- Installing: /home/zyh/ros2_study/foxy/foxy_ws/install/exp_interfaces/share/exp_interfaces/environment/pythonpath.sh
[12.326s] -- Installing: /home/zyh/ros2_study/foxy/foxy_ws/install/exp_interfaces/share/exp_interfaces/environment/pythonpath.dsv
[12.326s] -- Installing: /home/zyh/ros2_study/foxy/foxy_ws/install/exp_interfaces/lib/python3.10/site-packages/exp_interfaces/__init__.py
[12.359s] Compiling '/home/zyh/ros2_study/foxy/foxy_ws/install/exp_interfaces/lib/python3.10/site-packages/exp_interfaces/__init__.py'...
[12.364s] -- Installing: /home/zyh/ros2_study/foxy/foxy_ws/install/exp_interfaces/lib/python3.10/site-packages/exp_interfaces/msg
[12.364s] -- Installing: /home/zyh/ros2_study/foxy/foxy_ws/install/exp_interfaces/lib/python3.10/site-packages/exp_interfaces/msg/_sphere_s.c
[12.365s] -- Installing: /home/zyh/ros2_study/foxy/foxy_ws/install/exp_interfaces/lib/python3.10/site-packages/exp_interfaces/msg/_num_s.c
[12.365s] -- Installing: /home/zyh/ros2_study/foxy/foxy_ws/install/exp_interfaces/lib/python3.10/site-packages/exp_interfaces/msg/_num.py
[12.365s] -- Installing: /home/zyh/ros2_study/foxy/foxy_ws/install/exp_interfaces/lib/python3.10/site-packages/exp_interfaces/msg/__init__.py
[12.365s] -- Installing: /home/zyh/ros2_study/foxy/foxy_ws/install/exp_interfaces/lib/python3.10/site-packages/exp_interfaces/msg/_sphere.py
[12.365s] -- Installing: /home/zyh/ros2_study/foxy/foxy_ws/install/exp_interfaces/lib/python3.10/site-packages/exp_interfaces/srv
[12.365s] -- Installing: /home/zyh/ros2_study/foxy/foxy_ws/install/exp_interfaces/lib/python3.10/site-packages/exp_interfaces/srv/_add_three_ints.py
[12.365s] -- Installing: /home/zyh/ros2_study/foxy/foxy_ws/install/exp_interfaces/lib/python3.10/site-packages/exp_interfaces/srv/_add_three_ints_s.c
[12.365s] -- Installing: /home/zyh/ros2_study/foxy/foxy_ws/install/exp_interfaces/lib/python3.10/site-packages/exp_interfaces/srv/__init__.py
[12.365s] -- Installing: /home/zyh/ros2_study/foxy/foxy_ws/install/exp_interfaces/lib/python3.10/site-packages/exp_interfaces/exp_interfaces_s__rosidl_typesupport_fastrtps_c.cpython-310-x86_64-linux-gnu.so
[12.366s] -- Set runtime path of "/home/zyh/ros2_study/foxy/foxy_ws/install/exp_interfaces/lib/python3.10/site-packages/exp_interfaces/exp_interfaces_s__rosidl_typesupport_fastrtps_c.cpython-310-x86_64-linux-gnu.so" to ""
[12.366s] -- Installing: /home/zyh/ros2_study/foxy/foxy_ws/install/exp_interfaces/lib/python3.10/site-packages/exp_interfaces/exp_interfaces_s__rosidl_typesupport_introspection_c.cpython-310-x86_64-linux-gnu.so
[12.367s] -- Set runtime path of "/home/zyh/ros2_study/foxy/foxy_ws/install/exp_interfaces/lib/python3.10/site-packages/exp_interfaces/exp_interfaces_s__rosidl_typesupport_introspection_c.cpython-310-x86_64-linux-gnu.so" to ""
[12.367s] -- Installing: /home/zyh/ros2_study/foxy/foxy_ws/install/exp_interfaces/lib/python3.10/site-packages/exp_interfaces/exp_interfaces_s__rosidl_typesupport_c.cpython-310-x86_64-linux-gnu.so
[12.367s] -- Set runtime path of "/home/zyh/ros2_study/foxy/foxy_ws/install/exp_interfaces/lib/python3.10/site-packages/exp_interfaces/exp_interfaces_s__rosidl_typesupport_c.cpython-310-x86_64-linux-gnu.so" to ""
[12.367s] -- Installing: /home/zyh/ros2_study/foxy/foxy_ws/install/exp_interfaces/lib/libexp_interfaces__python.so
[12.368s] -- Set runtime path of "/home/zyh/ros2_study/foxy/foxy_ws/install/exp_interfaces/lib/libexp_interfaces__python.so" to ""
[12.368s] -- Installing: /home/zyh/ros2_study/foxy/foxy_ws/install/exp_interfaces/share/exp_interfaces/msg/Num.idl
[12.368s] -- Installing: /home/zyh/ros2_study/foxy/foxy_ws/install/exp_interfaces/share/exp_interfaces/msg/Sphere.idl
[12.368s] -- Installing: /home/zyh/ros2_study/foxy/foxy_ws/install/exp_interfaces/share/exp_interfaces/srv/AddThreeInts.idl
[12.368s] -- Installing: /home/zyh/ros2_study/foxy/foxy_ws/install/exp_interfaces/share/exp_interfaces/msg/Num.msg
[12.368s] -- Installing: /home/zyh/ros2_study/foxy/foxy_ws/install/exp_interfaces/share/exp_interfaces/msg/Sphere.msg
[12.369s] -- Installing: /home/zyh/ros2_study/foxy/foxy_ws/install/exp_interfaces/share/exp_interfaces/srv/AddThreeInts.srv
[12.369s] -- Installing: /home/zyh/ros2_study/foxy/foxy_ws/install/exp_interfaces/share/exp_interfaces/srv/AddThreeInts_Request.msg
[12.369s] -- Installing: /home/zyh/ros2_study/foxy/foxy_ws/install/exp_interfaces/share/exp_interfaces/srv/AddThreeInts_Response.msg
[12.369s] -- Installing: /home/zyh/ros2_study/foxy/foxy_ws/install/exp_interfaces/share/ament_index/resource_index/package_run_dependencies/exp_interfaces
[12.369s] -- Installing: /home/zyh/ros2_study/foxy/foxy_ws/install/exp_interfaces/share/ament_index/resource_index/parent_prefix_path/exp_interfaces
[12.369s] -- Installing: /home/zyh/ros2_study/foxy/foxy_ws/install/exp_interfaces/share/exp_interfaces/environment/ament_prefix_path.sh
[12.369s] -- Installing: /home/zyh/ros2_study/foxy/foxy_ws/install/exp_interfaces/share/exp_interfaces/environment/ament_prefix_path.dsv
[12.370s] -- Installing: /home/zyh/ros2_study/foxy/foxy_ws/install/exp_interfaces/share/exp_interfaces/environment/path.sh
[12.370s] -- Installing: /home/zyh/ros2_study/foxy/foxy_ws/install/exp_interfaces/share/exp_interfaces/environment/path.dsv
[12.370s] -- Installing: /home/zyh/ros2_study/foxy/foxy_ws/install/exp_interfaces/share/exp_interfaces/local_setup.bash
[12.370s] -- Installing: /home/zyh/ros2_study/foxy/foxy_ws/install/exp_interfaces/share/exp_interfaces/local_setup.sh
[12.370s] -- Installing: /home/zyh/ros2_study/foxy/foxy_ws/install/exp_interfaces/share/exp_interfaces/local_setup.zsh
[12.370s] -- Installing: /home/zyh/ros2_study/foxy/foxy_ws/install/exp_interfaces/share/exp_interfaces/local_setup.dsv
[12.370s] -- Installing: /home/zyh/ros2_study/foxy/foxy_ws/install/exp_interfaces/share/exp_interfaces/package.dsv
[12.371s] -- Installing: /home/zyh/ros2_study/foxy/foxy_ws/install/exp_interfaces/share/ament_index/resource_index/packages/exp_interfaces
[12.371s] -- Installing: /home/zyh/ros2_study/foxy/foxy_ws/install/exp_interfaces/share/exp_interfaces/cmake/exp_interfaces__rosidl_generator_cExport.cmake
[12.371s] -- Installing: /home/zyh/ros2_study/foxy/foxy_ws/install/exp_interfaces/share/exp_interfaces/cmake/exp_interfaces__rosidl_generator_cExport-noconfig.cmake
[12.371s] -- Installing: /home/zyh/ros2_study/foxy/foxy_ws/install/exp_interfaces/share/exp_interfaces/cmake/exp_interfaces__rosidl_typesupport_introspection_cExport.cmake
[12.371s] -- Installing: /home/zyh/ros2_study/foxy/foxy_ws/install/exp_interfaces/share/exp_interfaces/cmake/exp_interfaces__rosidl_typesupport_introspection_cExport-noconfig.cmake
[12.371s] -- Installing: /home/zyh/ros2_study/foxy/foxy_ws/install/exp_interfaces/share/exp_interfaces/cmake/exp_interfaces__rosidl_typesupport_cExport.cmake
[12.372s] -- Installing: /home/zyh/ros2_study/foxy/foxy_ws/install/exp_interfaces/share/exp_interfaces/cmake/exp_interfaces__rosidl_typesupport_cExport-noconfig.cmake
[12.372s] -- Installing: /home/zyh/ros2_study/foxy/foxy_ws/install/exp_interfaces/share/exp_interfaces/cmake/exp_interfaces__rosidl_generator_cppExport.cmake
[12.372s] -- Installing: /home/zyh/ros2_study/foxy/foxy_ws/install/exp_interfaces/share/exp_interfaces/cmake/exp_interfaces__rosidl_typesupport_introspection_cppExport.cmake
[12.372s] -- Installing: /home/zyh/ros2_study/foxy/foxy_ws/install/exp_interfaces/share/exp_interfaces/cmake/exp_interfaces__rosidl_typesupport_introspection_cppExport-noconfig.cmake
[12.373s] -- Installing: /home/zyh/ros2_study/foxy/foxy_ws/install/exp_interfaces/share/exp_interfaces/cmake/exp_interfaces__rosidl_typesupport_cppExport.cmake
[12.373s] -- Installing: /home/zyh/ros2_study/foxy/foxy_ws/install/exp_interfaces/share/exp_interfaces/cmake/exp_interfaces__rosidl_typesupport_cppExport-noconfig.cmake
[12.373s] -- Installing: /home/zyh/ros2_study/foxy/foxy_ws/install/exp_interfaces/share/exp_interfaces/cmake/rosidl_cmake-extras.cmake
[12.373s] -- Installing: /home/zyh/ros2_study/foxy/foxy_ws/install/exp_interfaces/share/exp_interfaces/cmake/ament_cmake_export_dependencies-extras.cmake
[12.373s] -- Installing: /home/zyh/ros2_study/foxy/foxy_ws/install/exp_interfaces/share/exp_interfaces/cmake/ament_cmake_export_libraries-extras.cmake
[12.373s] -- Installing: /home/zyh/ros2_study/foxy/foxy_ws/install/exp_interfaces/share/exp_interfaces/cmake/ament_cmake_export_targets-extras.cmake
[12.374s] -- Installing: /home/zyh/ros2_study/foxy/foxy_ws/install/exp_interfaces/share/exp_interfaces/cmake/ament_cmake_export_include_directories-extras.cmake
[12.374s] -- Installing: /home/zyh/ros2_study/foxy/foxy_ws/install/exp_interfaces/share/exp_interfaces/cmake/rosidl_cmake_export_typesupport_libraries-extras.cmake
[12.374s] -- Installing: /home/zyh/ros2_study/foxy/foxy_ws/install/exp_interfaces/share/exp_interfaces/cmake/rosidl_cmake_export_typesupport_targets-extras.cmake
[12.374s] -- Installing: /home/zyh/ros2_study/foxy/foxy_ws/install/exp_interfaces/share/exp_interfaces/cmake/exp_interfacesConfig.cmake
[12.374s] -- Installing: /home/zyh/ros2_study/foxy/foxy_ws/install/exp_interfaces/share/exp_interfaces/cmake/exp_interfacesConfig-version.cmake
[12.374s] -- Installing: /home/zyh/ros2_study/foxy/foxy_ws/install/exp_interfaces/share/exp_interfaces/package.xml
[12.380s] Invoked command in '/home/zyh/ros2_study/foxy/foxy_ws/build/exp_interfaces' returned '0': CMAKE_PREFIX_PATH=/opt/ros/foxy CONDA_PROMPT_MODIFIER=(base) /usr/bin/cmake --install /home/zyh/ros2_study/foxy/foxy_ws/build/exp_interfaces
