[0.777s] Invoking command in '/home/zyh/ros2_study/foxy/foxy_ws/src/py_pub_sub': PYTHONPATH=/home/zyh/ros2_study/foxy/foxy_ws/build/py_pub_sub/prefix_override:/home/zyh/ros2_study/foxy/foxy_ws/install/py_pub_sub/lib/python3.8/site-packages:${PYTHONPATH} /usr/bin/python3 setup.py egg_info --egg-base ../../build/py_pub_sub build --build-base /home/zyh/ros2_study/foxy/foxy_ws/build/py_pub_sub/build install --record /home/zyh/ros2_study/foxy/foxy_ws/build/py_pub_sub/install.log --install-scripts $base/lib/py_pub_sub --single-version-externally-managed
[1.005s] running egg_info
[1.006s] writing ../../build/py_pub_sub/py_pub_sub.egg-info/PKG-INFO
[1.006s] writing dependency_links to ../../build/py_pub_sub/py_pub_sub.egg-info/dependency_links.txt
[1.007s] writing entry points to ../../build/py_pub_sub/py_pub_sub.egg-info/entry_points.txt
[1.007s] writing requirements to ../../build/py_pub_sub/py_pub_sub.egg-info/requires.txt
[1.007s] writing top-level names to ../../build/py_pub_sub/py_pub_sub.egg-info/top_level.txt
[1.037s] reading manifest file '../../build/py_pub_sub/py_pub_sub.egg-info/SOURCES.txt'
[1.037s] writing manifest file '../../build/py_pub_sub/py_pub_sub.egg-info/SOURCES.txt'
[1.038s] running build
[1.038s] running build_py
[1.038s] running install
[1.038s] running install_lib
[1.039s] running install_data
[1.040s] running install_egg_info
[1.041s] removing '/home/zyh/ros2_study/foxy/foxy_ws/install/py_pub_sub/lib/python3.8/site-packages/py_pub_sub-0.0.0-py3.8.egg-info' (and everything under it)
[1.041s] Copying ../../build/py_pub_sub/py_pub_sub.egg-info to /home/zyh/ros2_study/foxy/foxy_ws/install/py_pub_sub/lib/python3.8/site-packages/py_pub_sub-0.0.0-py3.8.egg-info
[1.042s] running install_scripts
[1.055s] Installing listener script to /home/zyh/ros2_study/foxy/foxy_ws/install/py_pub_sub/lib/py_pub_sub
[1.055s] Installing talker script to /home/zyh/ros2_study/foxy/foxy_ws/install/py_pub_sub/lib/py_pub_sub
[1.055s] writing list of installed files to '/home/zyh/ros2_study/foxy/foxy_ws/build/py_pub_sub/install.log'
[1.074s] Invoked command in '/home/zyh/ros2_study/foxy/foxy_ws/src/py_pub_sub' returned '0': PYTHONPATH=/home/zyh/ros2_study/foxy/foxy_ws/build/py_pub_sub/prefix_override:/home/zyh/ros2_study/foxy/foxy_ws/install/py_pub_sub/lib/python3.8/site-packages:${PYTHONPATH} /usr/bin/python3 setup.py egg_info --egg-base ../../build/py_pub_sub build --build-base /home/zyh/ros2_study/foxy/foxy_ws/build/py_pub_sub/build install --record /home/zyh/ros2_study/foxy/foxy_ws/build/py_pub_sub/install.log --install-scripts $base/lib/py_pub_sub --single-version-externally-managed
