[0.324s] DEBUG:colcon:Command line arguments: ['/usr/bin/colcon', 'build']
[0.324s] DEBUG:colcon:Parsed command line arguments: Namespace(allow_overriding=[], ament_cmake_args=None, base_paths=['.'], build_base='build', catkin_cmake_args=None, catkin_skip_building_tests=False, cmake_args=None, cmake_clean_cache=False, cmake_clean_first=False, cmake_force_configure=False, cmake_target=None, cmake_target_skip_unavailable=False, continue_on_error=False, event_handlers=None, executor='parallel', ignore_user_meta=False, install_base='install', log_base=None, log_level=None, main=<bound method BuildVerb.main of <colcon_core.verb.build.BuildVerb object at 0x7f988369c250>>, merge_install=False, metas=['./colcon.meta'], packages_above=None, packages_above_and_dependencies=None, packages_above_depth=None, packages_end=None, packages_ignore=None, packages_ignore_regex=None, packages_select=None, packages_select_build_failed=False, packages_select_by_dep=None, packages_select_regex=None, packages_select_test_failures=False, packages_skip=None, packages_skip_build_finished=False, packages_skip_by_dep=None, packages_skip_regex=None, packages_skip_test_passed=False, packages_skip_up_to=None, packages_start=None, packages_up_to=None, packages_up_to_regex=None, parallel_workers=12, paths=None, symlink_install=False, test_result_base=None, verb_extension=<colcon_core.verb.build.BuildVerb object at 0x7f988369c250>, verb_name='build', verb_parser=<colcon_defaults.argument_parser.defaults.DefaultArgumentsDecorator object at 0x7f988369c790>)
[0.348s] Level 1:colcon.colcon_core.package_discovery:discover_packages(colcon_meta) check parameters
[0.348s] Level 1:colcon.colcon_core.package_discovery:discover_packages(recursive) check parameters
[0.348s] Level 1:colcon.colcon_core.package_discovery:discover_packages(ignore) check parameters
[0.348s] Level 1:colcon.colcon_core.package_discovery:discover_packages(path) check parameters
[0.348s] Level 1:colcon.colcon_core.package_discovery:discover_packages(colcon_meta) discover
[0.348s] Level 1:colcon.colcon_core.package_discovery:discover_packages(recursive) discover
[0.348s] INFO:colcon.colcon_core.package_discovery:Crawling recursively for packages in '/home/zyh/ros2_study/foxy/foxy_ws'
[0.348s] Level 1:colcon.colcon_core.package_identification:_identify(.) by extensions ['ignore', 'ignore_ament_install']
[0.349s] Level 1:colcon.colcon_core.package_identification:_identify(.) by extension 'ignore'
[0.349s] Level 1:colcon.colcon_core.package_identification:_identify(.) by extension 'ignore_ament_install'
[0.349s] Level 1:colcon.colcon_core.package_identification:_identify(.) by extensions ['colcon_pkg']
[0.349s] Level 1:colcon.colcon_core.package_identification:_identify(.) by extension 'colcon_pkg'
[0.349s] Level 1:colcon.colcon_core.package_identification:_identify(.) by extensions ['colcon_meta']
[0.349s] Level 1:colcon.colcon_core.package_identification:_identify(.) by extension 'colcon_meta'
[0.349s] Level 1:colcon.colcon_core.package_identification:_identify(.) by extensions ['ros']
[0.349s] Level 1:colcon.colcon_core.package_identification:_identify(.) by extension 'ros'
[0.358s] Level 1:colcon.colcon_core.package_identification:_identify(.) by extensions ['cmake', 'python']
[0.358s] Level 1:colcon.colcon_core.package_identification:_identify(.) by extension 'cmake'
[0.358s] Level 1:colcon.colcon_core.package_identification:_identify(.) by extension 'python'
[0.358s] Level 1:colcon.colcon_core.package_identification:_identify(.) by extensions ['python_setup_py']
[0.358s] Level 1:colcon.colcon_core.package_identification:_identify(.) by extension 'python_setup_py'
[0.358s] Level 1:colcon.colcon_core.package_identification:_identify(build) by extensions ['ignore', 'ignore_ament_install']
[0.358s] Level 1:colcon.colcon_core.package_identification:_identify(build) by extension 'ignore'
[0.358s] Level 1:colcon.colcon_core.package_identification:_identify(build) ignored
[0.358s] Level 1:colcon.colcon_core.package_identification:_identify(install) by extensions ['ignore', 'ignore_ament_install']
[0.358s] Level 1:colcon.colcon_core.package_identification:_identify(install) by extension 'ignore'
[0.359s] Level 1:colcon.colcon_core.package_identification:_identify(install) ignored
[0.359s] Level 1:colcon.colcon_core.package_identification:_identify(log) by extensions ['ignore', 'ignore_ament_install']
[0.359s] Level 1:colcon.colcon_core.package_identification:_identify(log) by extension 'ignore'
[0.359s] Level 1:colcon.colcon_core.package_identification:_identify(log) ignored
[0.359s] Level 1:colcon.colcon_core.package_identification:_identify(src) by extensions ['ignore', 'ignore_ament_install']
[0.359s] Level 1:colcon.colcon_core.package_identification:_identify(src) by extension 'ignore'
[0.359s] Level 1:colcon.colcon_core.package_identification:_identify(src) by extension 'ignore_ament_install'
[0.359s] Level 1:colcon.colcon_core.package_identification:_identify(src) by extensions ['colcon_pkg']
[0.359s] Level 1:colcon.colcon_core.package_identification:_identify(src) by extension 'colcon_pkg'
[0.359s] Level 1:colcon.colcon_core.package_identification:_identify(src) by extensions ['colcon_meta']
[0.359s] Level 1:colcon.colcon_core.package_identification:_identify(src) by extension 'colcon_meta'
[0.359s] Level 1:colcon.colcon_core.package_identification:_identify(src) by extensions ['ros']
[0.359s] Level 1:colcon.colcon_core.package_identification:_identify(src) by extension 'ros'
[0.359s] Level 1:colcon.colcon_core.package_identification:_identify(src) by extensions ['cmake', 'python']
[0.359s] Level 1:colcon.colcon_core.package_identification:_identify(src) by extension 'cmake'
[0.359s] Level 1:colcon.colcon_core.package_identification:_identify(src) by extension 'python'
[0.360s] Level 1:colcon.colcon_core.package_identification:_identify(src) by extensions ['python_setup_py']
[0.360s] Level 1:colcon.colcon_core.package_identification:_identify(src) by extension 'python_setup_py'
[0.360s] Level 1:colcon.colcon_core.package_identification:_identify(src/cpp_pub_sub) by extensions ['ignore', 'ignore_ament_install']
[0.360s] Level 1:colcon.colcon_core.package_identification:_identify(src/cpp_pub_sub) by extension 'ignore'
[0.360s] Level 1:colcon.colcon_core.package_identification:_identify(src/cpp_pub_sub) by extension 'ignore_ament_install'
[0.360s] Level 1:colcon.colcon_core.package_identification:_identify(src/cpp_pub_sub) by extensions ['colcon_pkg']
[0.360s] Level 1:colcon.colcon_core.package_identification:_identify(src/cpp_pub_sub) by extension 'colcon_pkg'
[0.360s] Level 1:colcon.colcon_core.package_identification:_identify(src/cpp_pub_sub) by extensions ['colcon_meta']
[0.360s] Level 1:colcon.colcon_core.package_identification:_identify(src/cpp_pub_sub) by extension 'colcon_meta'
[0.360s] Level 1:colcon.colcon_core.package_identification:_identify(src/cpp_pub_sub) by extensions ['ros']
[0.360s] Level 1:colcon.colcon_core.package_identification:_identify(src/cpp_pub_sub) by extension 'ros'
[0.363s] DEBUG:colcon.colcon_core.package_identification:Package 'src/cpp_pub_sub' with type 'ros.ament_cmake' and name 'cpp_pub_sub'
[0.363s] Level 1:colcon.colcon_core.package_identification:_identify(src/cpp_srv_cli) by extensions ['ignore', 'ignore_ament_install']
[0.363s] Level 1:colcon.colcon_core.package_identification:_identify(src/cpp_srv_cli) by extension 'ignore'
[0.363s] Level 1:colcon.colcon_core.package_identification:_identify(src/cpp_srv_cli) by extension 'ignore_ament_install'
[0.363s] Level 1:colcon.colcon_core.package_identification:_identify(src/cpp_srv_cli) by extensions ['colcon_pkg']
[0.363s] Level 1:colcon.colcon_core.package_identification:_identify(src/cpp_srv_cli) by extension 'colcon_pkg'
[0.363s] Level 1:colcon.colcon_core.package_identification:_identify(src/cpp_srv_cli) by extensions ['colcon_meta']
[0.363s] Level 1:colcon.colcon_core.package_identification:_identify(src/cpp_srv_cli) by extension 'colcon_meta'
[0.363s] Level 1:colcon.colcon_core.package_identification:_identify(src/cpp_srv_cli) by extensions ['ros']
[0.363s] Level 1:colcon.colcon_core.package_identification:_identify(src/cpp_srv_cli) by extension 'ros'
[0.364s] DEBUG:colcon.colcon_core.package_identification:Package 'src/cpp_srv_cli' with type 'ros.ament_cmake' and name 'cpp_srv_cli'
[0.364s] Level 1:colcon.colcon_core.package_identification:_identify(src/exp_interfaces) by extensions ['ignore', 'ignore_ament_install']
[0.364s] Level 1:colcon.colcon_core.package_identification:_identify(src/exp_interfaces) by extension 'ignore'
[0.364s] Level 1:colcon.colcon_core.package_identification:_identify(src/exp_interfaces) by extension 'ignore_ament_install'
[0.364s] Level 1:colcon.colcon_core.package_identification:_identify(src/exp_interfaces) by extensions ['colcon_pkg']
[0.364s] Level 1:colcon.colcon_core.package_identification:_identify(src/exp_interfaces) by extension 'colcon_pkg'
[0.364s] Level 1:colcon.colcon_core.package_identification:_identify(src/exp_interfaces) by extensions ['colcon_meta']
[0.364s] Level 1:colcon.colcon_core.package_identification:_identify(src/exp_interfaces) by extension 'colcon_meta'
[0.364s] Level 1:colcon.colcon_core.package_identification:_identify(src/exp_interfaces) by extensions ['ros']
[0.364s] Level 1:colcon.colcon_core.package_identification:_identify(src/exp_interfaces) by extension 'ros'
[0.365s] DEBUG:colcon.colcon_core.package_identification:Package 'src/exp_interfaces' with type 'ros.ament_cmake' and name 'exp_interfaces'
[0.366s] Level 1:colcon.colcon_core.package_identification:_identify(src/py_pub_sub) by extensions ['ignore', 'ignore_ament_install']
[0.366s] Level 1:colcon.colcon_core.package_identification:_identify(src/py_pub_sub) by extension 'ignore'
[0.366s] Level 1:colcon.colcon_core.package_identification:_identify(src/py_pub_sub) by extension 'ignore_ament_install'
[0.366s] Level 1:colcon.colcon_core.package_identification:_identify(src/py_pub_sub) by extensions ['colcon_pkg']
[0.366s] Level 1:colcon.colcon_core.package_identification:_identify(src/py_pub_sub) by extension 'colcon_pkg'
[0.366s] Level 1:colcon.colcon_core.package_identification:_identify(src/py_pub_sub) by extensions ['colcon_meta']
[0.366s] Level 1:colcon.colcon_core.package_identification:_identify(src/py_pub_sub) by extension 'colcon_meta'
[0.366s] Level 1:colcon.colcon_core.package_identification:_identify(src/py_pub_sub) by extensions ['ros']
[0.366s] Level 1:colcon.colcon_core.package_identification:_identify(src/py_pub_sub) by extension 'ros'
[0.366s] DEBUG:colcon.colcon_core.package_identification:Package 'src/py_pub_sub' with type 'ros.ament_python' and name 'py_pub_sub'
[0.366s] Level 1:colcon.colcon_core.package_identification:_identify(src/py_srv_cli) by extensions ['ignore', 'ignore_ament_install']
[0.367s] Level 1:colcon.colcon_core.package_identification:_identify(src/py_srv_cli) by extension 'ignore'
[0.367s] Level 1:colcon.colcon_core.package_identification:_identify(src/py_srv_cli) by extension 'ignore_ament_install'
[0.367s] Level 1:colcon.colcon_core.package_identification:_identify(src/py_srv_cli) by extensions ['colcon_pkg']
[0.367s] Level 1:colcon.colcon_core.package_identification:_identify(src/py_srv_cli) by extension 'colcon_pkg'
[0.367s] Level 1:colcon.colcon_core.package_identification:_identify(src/py_srv_cli) by extensions ['colcon_meta']
[0.367s] Level 1:colcon.colcon_core.package_identification:_identify(src/py_srv_cli) by extension 'colcon_meta'
[0.367s] Level 1:colcon.colcon_core.package_identification:_identify(src/py_srv_cli) by extensions ['ros']
[0.367s] Level 1:colcon.colcon_core.package_identification:_identify(src/py_srv_cli) by extension 'ros'
[0.367s] DEBUG:colcon.colcon_core.package_identification:Package 'src/py_srv_cli' with type 'ros.ament_python' and name 'py_srv_cli'
[0.367s] Level 1:colcon.colcon_core.package_discovery:discover_packages(recursive) using defaults
[0.367s] Level 1:colcon.colcon_core.package_discovery:discover_packages(ignore) discover
[0.367s] Level 1:colcon.colcon_core.package_discovery:discover_packages(ignore) using defaults
[0.367s] Level 1:colcon.colcon_core.package_discovery:discover_packages(path) discover
[0.367s] Level 1:colcon.colcon_core.package_discovery:discover_packages(path) using defaults
[0.386s] Level 1:colcon.colcon_core.package_discovery:discover_packages(prefix_path) check parameters
[0.386s] Level 1:colcon.colcon_core.package_discovery:discover_packages(prefix_path) discover
[0.390s] DEBUG:colcon.colcon_installed_package_information.package_discovery:Found 256 installed packages in /opt/ros/foxy
[0.391s] Level 1:colcon.colcon_core.package_discovery:discover_packages(prefix_path) using defaults
[0.450s] Level 5:colcon.colcon_core.verb:set package 'cpp_pub_sub' build argument 'cmake_args' from command line to 'None'
[0.450s] Level 5:colcon.colcon_core.verb:set package 'cpp_pub_sub' build argument 'cmake_target' from command line to 'None'
[0.450s] Level 5:colcon.colcon_core.verb:set package 'cpp_pub_sub' build argument 'cmake_target_skip_unavailable' from command line to 'False'
[0.450s] Level 5:colcon.colcon_core.verb:set package 'cpp_pub_sub' build argument 'cmake_clean_cache' from command line to 'False'
[0.450s] Level 5:colcon.colcon_core.verb:set package 'cpp_pub_sub' build argument 'cmake_clean_first' from command line to 'False'
[0.450s] Level 5:colcon.colcon_core.verb:set package 'cpp_pub_sub' build argument 'cmake_force_configure' from command line to 'False'
[0.450s] Level 5:colcon.colcon_core.verb:set package 'cpp_pub_sub' build argument 'ament_cmake_args' from command line to 'None'
[0.450s] Level 5:colcon.colcon_core.verb:set package 'cpp_pub_sub' build argument 'catkin_cmake_args' from command line to 'None'
[0.450s] Level 5:colcon.colcon_core.verb:set package 'cpp_pub_sub' build argument 'catkin_skip_building_tests' from command line to 'False'
[0.450s] DEBUG:colcon.colcon_core.verb:Building package 'cpp_pub_sub' with the following arguments: {'ament_cmake_args': None, 'build_base': '/home/zyh/ros2_study/foxy/foxy_ws/build/cpp_pub_sub', 'catkin_cmake_args': None, 'catkin_skip_building_tests': False, 'cmake_args': None, 'cmake_clean_cache': False, 'cmake_clean_first': False, 'cmake_force_configure': False, 'cmake_target': None, 'cmake_target_skip_unavailable': False, 'install_base': '/home/zyh/ros2_study/foxy/foxy_ws/install/cpp_pub_sub', 'merge_install': False, 'path': '/home/zyh/ros2_study/foxy/foxy_ws/src/cpp_pub_sub', 'symlink_install': False, 'test_result_base': None}
[0.451s] Level 5:colcon.colcon_core.verb:set package 'cpp_srv_cli' build argument 'cmake_args' from command line to 'None'
[0.451s] Level 5:colcon.colcon_core.verb:set package 'cpp_srv_cli' build argument 'cmake_target' from command line to 'None'
[0.451s] Level 5:colcon.colcon_core.verb:set package 'cpp_srv_cli' build argument 'cmake_target_skip_unavailable' from command line to 'False'
[0.451s] Level 5:colcon.colcon_core.verb:set package 'cpp_srv_cli' build argument 'cmake_clean_cache' from command line to 'False'
[0.451s] Level 5:colcon.colcon_core.verb:set package 'cpp_srv_cli' build argument 'cmake_clean_first' from command line to 'False'
[0.451s] Level 5:colcon.colcon_core.verb:set package 'cpp_srv_cli' build argument 'cmake_force_configure' from command line to 'False'
[0.451s] Level 5:colcon.colcon_core.verb:set package 'cpp_srv_cli' build argument 'ament_cmake_args' from command line to 'None'
[0.451s] Level 5:colcon.colcon_core.verb:set package 'cpp_srv_cli' build argument 'catkin_cmake_args' from command line to 'None'
[0.451s] Level 5:colcon.colcon_core.verb:set package 'cpp_srv_cli' build argument 'catkin_skip_building_tests' from command line to 'False'
[0.451s] DEBUG:colcon.colcon_core.verb:Building package 'cpp_srv_cli' with the following arguments: {'ament_cmake_args': None, 'build_base': '/home/zyh/ros2_study/foxy/foxy_ws/build/cpp_srv_cli', 'catkin_cmake_args': None, 'catkin_skip_building_tests': False, 'cmake_args': None, 'cmake_clean_cache': False, 'cmake_clean_first': False, 'cmake_force_configure': False, 'cmake_target': None, 'cmake_target_skip_unavailable': False, 'install_base': '/home/zyh/ros2_study/foxy/foxy_ws/install/cpp_srv_cli', 'merge_install': False, 'path': '/home/zyh/ros2_study/foxy/foxy_ws/src/cpp_srv_cli', 'symlink_install': False, 'test_result_base': None}
[0.453s] Level 5:colcon.colcon_core.verb:set package 'exp_interfaces' build argument 'cmake_args' from command line to 'None'
[0.453s] Level 5:colcon.colcon_core.verb:set package 'exp_interfaces' build argument 'cmake_target' from command line to 'None'
[0.453s] Level 5:colcon.colcon_core.verb:set package 'exp_interfaces' build argument 'cmake_target_skip_unavailable' from command line to 'False'
[0.453s] Level 5:colcon.colcon_core.verb:set package 'exp_interfaces' build argument 'cmake_clean_cache' from command line to 'False'
[0.453s] Level 5:colcon.colcon_core.verb:set package 'exp_interfaces' build argument 'cmake_clean_first' from command line to 'False'
[0.453s] Level 5:colcon.colcon_core.verb:set package 'exp_interfaces' build argument 'cmake_force_configure' from command line to 'False'
[0.453s] Level 5:colcon.colcon_core.verb:set package 'exp_interfaces' build argument 'ament_cmake_args' from command line to 'None'
[0.453s] Level 5:colcon.colcon_core.verb:set package 'exp_interfaces' build argument 'catkin_cmake_args' from command line to 'None'
[0.453s] Level 5:colcon.colcon_core.verb:set package 'exp_interfaces' build argument 'catkin_skip_building_tests' from command line to 'False'
[0.453s] DEBUG:colcon.colcon_core.verb:Building package 'exp_interfaces' with the following arguments: {'ament_cmake_args': None, 'build_base': '/home/zyh/ros2_study/foxy/foxy_ws/build/exp_interfaces', 'catkin_cmake_args': None, 'catkin_skip_building_tests': False, 'cmake_args': None, 'cmake_clean_cache': False, 'cmake_clean_first': False, 'cmake_force_configure': False, 'cmake_target': None, 'cmake_target_skip_unavailable': False, 'install_base': '/home/zyh/ros2_study/foxy/foxy_ws/install/exp_interfaces', 'merge_install': False, 'path': '/home/zyh/ros2_study/foxy/foxy_ws/src/exp_interfaces', 'symlink_install': False, 'test_result_base': None}
[0.454s] Level 5:colcon.colcon_core.verb:set package 'py_pub_sub' build argument 'cmake_args' from command line to 'None'
[0.454s] Level 5:colcon.colcon_core.verb:set package 'py_pub_sub' build argument 'cmake_target' from command line to 'None'
[0.454s] Level 5:colcon.colcon_core.verb:set package 'py_pub_sub' build argument 'cmake_target_skip_unavailable' from command line to 'False'
[0.454s] Level 5:colcon.colcon_core.verb:set package 'py_pub_sub' build argument 'cmake_clean_cache' from command line to 'False'
[0.454s] Level 5:colcon.colcon_core.verb:set package 'py_pub_sub' build argument 'cmake_clean_first' from command line to 'False'
[0.454s] Level 5:colcon.colcon_core.verb:set package 'py_pub_sub' build argument 'cmake_force_configure' from command line to 'False'
[0.454s] Level 5:colcon.colcon_core.verb:set package 'py_pub_sub' build argument 'ament_cmake_args' from command line to 'None'
[0.454s] Level 5:colcon.colcon_core.verb:set package 'py_pub_sub' build argument 'catkin_cmake_args' from command line to 'None'
[0.454s] Level 5:colcon.colcon_core.verb:set package 'py_pub_sub' build argument 'catkin_skip_building_tests' from command line to 'False'
[0.454s] DEBUG:colcon.colcon_core.verb:Building package 'py_pub_sub' with the following arguments: {'ament_cmake_args': None, 'build_base': '/home/zyh/ros2_study/foxy/foxy_ws/build/py_pub_sub', 'catkin_cmake_args': None, 'catkin_skip_building_tests': False, 'cmake_args': None, 'cmake_clean_cache': False, 'cmake_clean_first': False, 'cmake_force_configure': False, 'cmake_target': None, 'cmake_target_skip_unavailable': False, 'install_base': '/home/zyh/ros2_study/foxy/foxy_ws/install/py_pub_sub', 'merge_install': False, 'path': '/home/zyh/ros2_study/foxy/foxy_ws/src/py_pub_sub', 'symlink_install': False, 'test_result_base': None}
[0.456s] Level 5:colcon.colcon_core.verb:set package 'py_srv_cli' build argument 'cmake_args' from command line to 'None'
[0.456s] Level 5:colcon.colcon_core.verb:set package 'py_srv_cli' build argument 'cmake_target' from command line to 'None'
[0.456s] Level 5:colcon.colcon_core.verb:set package 'py_srv_cli' build argument 'cmake_target_skip_unavailable' from command line to 'False'
[0.456s] Level 5:colcon.colcon_core.verb:set package 'py_srv_cli' build argument 'cmake_clean_cache' from command line to 'False'
[0.456s] Level 5:colcon.colcon_core.verb:set package 'py_srv_cli' build argument 'cmake_clean_first' from command line to 'False'
[0.456s] Level 5:colcon.colcon_core.verb:set package 'py_srv_cli' build argument 'cmake_force_configure' from command line to 'False'
[0.456s] Level 5:colcon.colcon_core.verb:set package 'py_srv_cli' build argument 'ament_cmake_args' from command line to 'None'
[0.456s] Level 5:colcon.colcon_core.verb:set package 'py_srv_cli' build argument 'catkin_cmake_args' from command line to 'None'
[0.456s] Level 5:colcon.colcon_core.verb:set package 'py_srv_cli' build argument 'catkin_skip_building_tests' from command line to 'False'
[0.456s] DEBUG:colcon.colcon_core.verb:Building package 'py_srv_cli' with the following arguments: {'ament_cmake_args': None, 'build_base': '/home/zyh/ros2_study/foxy/foxy_ws/build/py_srv_cli', 'catkin_cmake_args': None, 'catkin_skip_building_tests': False, 'cmake_args': None, 'cmake_clean_cache': False, 'cmake_clean_first': False, 'cmake_force_configure': False, 'cmake_target': None, 'cmake_target_skip_unavailable': False, 'install_base': '/home/zyh/ros2_study/foxy/foxy_ws/install/py_srv_cli', 'merge_install': False, 'path': '/home/zyh/ros2_study/foxy/foxy_ws/src/py_srv_cli', 'symlink_install': False, 'test_result_base': None}
[0.457s] INFO:colcon.colcon_core.executor:Executing jobs using 'parallel' executor
[0.462s] DEBUG:colcon.colcon_parallel_executor.executor.parallel:run_until_complete
[0.462s] INFO:colcon.colcon_ros.task.ament_cmake.build:Building ROS package in '/home/zyh/ros2_study/foxy/foxy_ws/src/cpp_pub_sub' with build type 'ament_cmake'
[0.462s] INFO:colcon.colcon_cmake.task.cmake.build:Building CMake package in '/home/zyh/ros2_study/foxy/foxy_ws/src/cpp_pub_sub'
[0.467s] INFO:colcon.colcon_core.plugin_system:Skipping extension 'colcon_core.shell.bat': Not used on non-Windows systems
[0.467s] INFO:colcon.colcon_core.shell:Skip shell extension 'powershell' for command environment: Not usable outside of PowerShell
[0.467s] DEBUG:colcon.colcon_core.shell:Skip shell extension 'dsv' for command environment
[0.472s] INFO:colcon.colcon_ros.task.ament_cmake.build:Building ROS package in '/home/zyh/ros2_study/foxy/foxy_ws/src/cpp_srv_cli' with build type 'ament_cmake'
[0.473s] INFO:colcon.colcon_cmake.task.cmake.build:Building CMake package in '/home/zyh/ros2_study/foxy/foxy_ws/src/cpp_srv_cli'
[0.476s] INFO:colcon.colcon_core.shell:Skip shell extension 'powershell' for command environment: Not usable outside of PowerShell
[0.476s] DEBUG:colcon.colcon_core.shell:Skip shell extension 'dsv' for command environment
[0.484s] INFO:colcon.colcon_ros.task.ament_cmake.build:Building ROS package in '/home/zyh/ros2_study/foxy/foxy_ws/src/exp_interfaces' with build type 'ament_cmake'
[0.484s] INFO:colcon.colcon_cmake.task.cmake.build:Building CMake package in '/home/zyh/ros2_study/foxy/foxy_ws/src/exp_interfaces'
[0.488s] INFO:colcon.colcon_core.shell:Skip shell extension 'powershell' for command environment: Not usable outside of PowerShell
[0.488s] DEBUG:colcon.colcon_core.shell:Skip shell extension 'dsv' for command environment
[0.495s] INFO:colcon.colcon_ros.task.ament_python.build:Building ROS package in '/home/zyh/ros2_study/foxy/foxy_ws/src/py_pub_sub' with build type 'ament_python'
[0.497s] Level 1:colcon.colcon_core.shell:create_environment_hook('py_pub_sub', 'ament_prefix_path')
[0.500s] INFO:colcon.colcon_core.shell:Creating environment hook '/home/zyh/ros2_study/foxy/foxy_ws/install/py_pub_sub/share/py_pub_sub/hook/ament_prefix_path.ps1'
[0.501s] INFO:colcon.colcon_core.shell:Creating environment descriptor '/home/zyh/ros2_study/foxy/foxy_ws/install/py_pub_sub/share/py_pub_sub/hook/ament_prefix_path.dsv'
[0.501s] INFO:colcon.colcon_core.shell:Creating environment hook '/home/zyh/ros2_study/foxy/foxy_ws/install/py_pub_sub/share/py_pub_sub/hook/ament_prefix_path.sh'
[0.504s] INFO:colcon.colcon_core.shell:Skip shell extension 'powershell' for command environment: Not usable outside of PowerShell
[0.505s] DEBUG:colcon.colcon_core.shell:Skip shell extension 'dsv' for command environment
[0.512s] INFO:colcon.colcon_ros.task.ament_python.build:Building ROS package in '/home/zyh/ros2_study/foxy/foxy_ws/src/py_srv_cli' with build type 'ament_python'
[0.513s] Level 1:colcon.colcon_core.shell:create_environment_hook('py_srv_cli', 'ament_prefix_path')
[0.516s] INFO:colcon.colcon_core.shell:Creating environment hook '/home/zyh/ros2_study/foxy/foxy_ws/install/py_srv_cli/share/py_srv_cli/hook/ament_prefix_path.ps1'
[0.518s] INFO:colcon.colcon_core.shell:Creating environment descriptor '/home/zyh/ros2_study/foxy/foxy_ws/install/py_srv_cli/share/py_srv_cli/hook/ament_prefix_path.dsv'
[0.518s] INFO:colcon.colcon_core.shell:Creating environment hook '/home/zyh/ros2_study/foxy/foxy_ws/install/py_srv_cli/share/py_srv_cli/hook/ament_prefix_path.sh'
[0.521s] INFO:colcon.colcon_core.shell:Skip shell extension 'powershell' for command environment: Not usable outside of PowerShell
[0.521s] DEBUG:colcon.colcon_core.shell:Skip shell extension 'dsv' for command environment
[0.539s] DEBUG:colcon.colcon_core.event_handler.log_command:Invoking command in '/home/zyh/ros2_study/foxy/foxy_ws/build/cpp_pub_sub': CMAKE_PREFIX_PATH=/opt/ros/foxy CONDA_PROMPT_MODIFIER=(base) /usr/bin/cmake --build /home/zyh/ros2_study/foxy/foxy_ws/build/cpp_pub_sub -- -j12 -l12
[0.550s] DEBUG:colcon.colcon_core.event_handler.log_command:Invoking command in '/home/zyh/ros2_study/foxy/foxy_ws/build/cpp_srv_cli': CMAKE_PREFIX_PATH=/opt/ros/foxy CONDA_PROMPT_MODIFIER=(base) /usr/bin/cmake --build /home/zyh/ros2_study/foxy/foxy_ws/build/cpp_srv_cli -- -j12 -l12
[0.557s] DEBUG:colcon.colcon_core.event_handler.log_command:Invoking command in '/home/zyh/ros2_study/foxy/foxy_ws/build/exp_interfaces': CMAKE_PREFIX_PATH=/opt/ros/foxy CONDA_PROMPT_MODIFIER=(base) /usr/bin/cmake /home/zyh/ros2_study/foxy/foxy_ws/src/exp_interfaces -DCMAKE_INSTALL_PREFIX=/home/zyh/ros2_study/foxy/foxy_ws/install/exp_interfaces
[0.857s] INFO:colcon.colcon_core.task.python.build:Building Python package in '/home/zyh/ros2_study/foxy/foxy_ws/src/py_pub_sub'
[0.860s] INFO:colcon.colcon_core.shell:Skip shell extension 'powershell' for command environment: Not usable outside of PowerShell
[0.860s] DEBUG:colcon.colcon_core.shell:Skip shell extension 'dsv' for command environment
[0.873s] DEBUG:colcon.colcon_core.event_handler.log_command:Invoked command in '/home/zyh/ros2_study/foxy/foxy_ws/build/cpp_pub_sub' returned '0': CMAKE_PREFIX_PATH=/opt/ros/foxy CONDA_PROMPT_MODIFIER=(base) /usr/bin/cmake --build /home/zyh/ros2_study/foxy/foxy_ws/build/cpp_pub_sub -- -j12 -l12
[0.882s] DEBUG:colcon.colcon_core.event_handler.log_command:Invoked command in '/home/zyh/ros2_study/foxy/foxy_ws/build/cpp_srv_cli' returned '0': CMAKE_PREFIX_PATH=/opt/ros/foxy CONDA_PROMPT_MODIFIER=(base) /usr/bin/cmake --build /home/zyh/ros2_study/foxy/foxy_ws/build/cpp_srv_cli -- -j12 -l12
[1.183s] INFO:colcon.colcon_core.task.python.build:Building Python package in '/home/zyh/ros2_study/foxy/foxy_ws/src/py_srv_cli'
[1.186s] INFO:colcon.colcon_core.shell:Skip shell extension 'powershell' for command environment: Not usable outside of PowerShell
[1.186s] DEBUG:colcon.colcon_core.shell:Skip shell extension 'dsv' for command environment
[1.216s] DEBUG:colcon.colcon_core.event_handler.log_command:Invoking command in '/home/zyh/ros2_study/foxy/foxy_ws/build/cpp_pub_sub': CMAKE_PREFIX_PATH=/opt/ros/foxy CONDA_PROMPT_MODIFIER=(base) /usr/bin/cmake --install /home/zyh/ros2_study/foxy/foxy_ws/build/cpp_pub_sub
[1.220s] DEBUG:colcon.colcon_core.event_handler.log_command:Invoking command in '/home/zyh/ros2_study/foxy/foxy_ws/build/cpp_srv_cli': CMAKE_PREFIX_PATH=/opt/ros/foxy CONDA_PROMPT_MODIFIER=(base) /usr/bin/cmake --install /home/zyh/ros2_study/foxy/foxy_ws/build/cpp_srv_cli
[1.229s] Level 1:colcon.colcon_core.environment:create_environment_scripts_only(cpp_pub_sub)
[1.234s] DEBUG:colcon.colcon_core.event_handler.log_command:Invoked command in '/home/zyh/ros2_study/foxy/foxy_ws/build/cpp_pub_sub' returned '0': CMAKE_PREFIX_PATH=/opt/ros/foxy CONDA_PROMPT_MODIFIER=(base) /usr/bin/cmake --install /home/zyh/ros2_study/foxy/foxy_ws/build/cpp_pub_sub
[1.240s] Level 1:colcon.colcon_core.environment:checking '/home/zyh/ros2_study/foxy/foxy_ws/install/cpp_pub_sub' for CMake module files
[1.241s] Level 1:colcon.colcon_core.environment:checking '/home/zyh/ros2_study/foxy/foxy_ws/install/cpp_pub_sub' for CMake config files
[1.241s] Level 1:colcon.colcon_core.shell:create_environment_hook('cpp_pub_sub', 'cmake_prefix_path')
[1.243s] INFO:colcon.colcon_core.shell:Creating environment hook '/home/zyh/ros2_study/foxy/foxy_ws/install/cpp_pub_sub/share/cpp_pub_sub/hook/cmake_prefix_path.ps1'
[1.243s] INFO:colcon.colcon_core.shell:Creating environment descriptor '/home/zyh/ros2_study/foxy/foxy_ws/install/cpp_pub_sub/share/cpp_pub_sub/hook/cmake_prefix_path.dsv'
[1.244s] INFO:colcon.colcon_core.shell:Creating environment hook '/home/zyh/ros2_study/foxy/foxy_ws/install/cpp_pub_sub/share/cpp_pub_sub/hook/cmake_prefix_path.sh'
[1.244s] Level 1:colcon.colcon_core.environment:checking '/home/zyh/ros2_study/foxy/foxy_ws/install/cpp_pub_sub/lib'
[1.244s] Level 1:colcon.colcon_core.environment:checking '/home/zyh/ros2_study/foxy/foxy_ws/install/cpp_pub_sub/bin'
[1.245s] Level 1:colcon.colcon_core.environment:checking '/home/zyh/ros2_study/foxy/foxy_ws/install/cpp_pub_sub/lib/pkgconfig/cpp_pub_sub.pc'
[1.245s] Level 1:colcon.colcon_core.environment:checking '/home/zyh/ros2_study/foxy/foxy_ws/install/cpp_pub_sub/lib/python3.8/site-packages'
[1.245s] Level 1:colcon.colcon_core.environment:checking '/home/zyh/ros2_study/foxy/foxy_ws/install/cpp_pub_sub/bin'
[1.247s] INFO:colcon.colcon_core.shell:Creating package script '/home/zyh/ros2_study/foxy/foxy_ws/install/cpp_pub_sub/share/cpp_pub_sub/package.ps1'
[1.248s] INFO:colcon.colcon_core.shell:Creating package descriptor '/home/zyh/ros2_study/foxy/foxy_ws/install/cpp_pub_sub/share/cpp_pub_sub/package.dsv'
[1.248s] INFO:colcon.colcon_core.shell:Creating package script '/home/zyh/ros2_study/foxy/foxy_ws/install/cpp_pub_sub/share/cpp_pub_sub/package.sh'
[1.249s] INFO:colcon.colcon_core.shell:Creating package script '/home/zyh/ros2_study/foxy/foxy_ws/install/cpp_pub_sub/share/cpp_pub_sub/package.bash'
[1.249s] INFO:colcon.colcon_core.shell:Creating package script '/home/zyh/ros2_study/foxy/foxy_ws/install/cpp_pub_sub/share/cpp_pub_sub/package.zsh'
[1.250s] Level 1:colcon.colcon_core.environment:create_file_with_runtime_dependencies(/home/zyh/ros2_study/foxy/foxy_ws/install/cpp_pub_sub/share/colcon-core/packages/cpp_pub_sub)
[1.253s] Level 1:colcon.colcon_core.environment:create_environment_scripts_only(cpp_srv_cli)
[1.258s] Level 1:colcon.colcon_core.environment:checking '/home/zyh/ros2_study/foxy/foxy_ws/install/cpp_srv_cli' for CMake module files
[1.259s] DEBUG:colcon.colcon_core.event_handler.log_command:Invoked command in '/home/zyh/ros2_study/foxy/foxy_ws/build/cpp_srv_cli' returned '0': CMAKE_PREFIX_PATH=/opt/ros/foxy CONDA_PROMPT_MODIFIER=(base) /usr/bin/cmake --install /home/zyh/ros2_study/foxy/foxy_ws/build/cpp_srv_cli
[1.259s] Level 1:colcon.colcon_core.environment:checking '/home/zyh/ros2_study/foxy/foxy_ws/install/cpp_srv_cli' for CMake config files
[1.260s] Level 1:colcon.colcon_core.shell:create_environment_hook('cpp_srv_cli', 'cmake_prefix_path')
[1.262s] INFO:colcon.colcon_core.shell:Creating environment hook '/home/zyh/ros2_study/foxy/foxy_ws/install/cpp_srv_cli/share/cpp_srv_cli/hook/cmake_prefix_path.ps1'
[1.263s] INFO:colcon.colcon_core.shell:Creating environment descriptor '/home/zyh/ros2_study/foxy/foxy_ws/install/cpp_srv_cli/share/cpp_srv_cli/hook/cmake_prefix_path.dsv'
[1.263s] INFO:colcon.colcon_core.shell:Creating environment hook '/home/zyh/ros2_study/foxy/foxy_ws/install/cpp_srv_cli/share/cpp_srv_cli/hook/cmake_prefix_path.sh'
[1.263s] Level 1:colcon.colcon_core.environment:checking '/home/zyh/ros2_study/foxy/foxy_ws/install/cpp_srv_cli/lib'
[1.263s] Level 1:colcon.colcon_core.environment:checking '/home/zyh/ros2_study/foxy/foxy_ws/install/cpp_srv_cli/bin'
[1.264s] Level 1:colcon.colcon_core.environment:checking '/home/zyh/ros2_study/foxy/foxy_ws/install/cpp_srv_cli/lib/pkgconfig/cpp_srv_cli.pc'
[1.264s] Level 1:colcon.colcon_core.environment:checking '/home/zyh/ros2_study/foxy/foxy_ws/install/cpp_srv_cli/lib/python3.8/site-packages'
[1.264s] Level 1:colcon.colcon_core.environment:checking '/home/zyh/ros2_study/foxy/foxy_ws/install/cpp_srv_cli/bin'
[1.266s] INFO:colcon.colcon_core.shell:Creating package script '/home/zyh/ros2_study/foxy/foxy_ws/install/cpp_srv_cli/share/cpp_srv_cli/package.ps1'
[1.267s] INFO:colcon.colcon_core.shell:Creating package descriptor '/home/zyh/ros2_study/foxy/foxy_ws/install/cpp_srv_cli/share/cpp_srv_cli/package.dsv'
[1.267s] INFO:colcon.colcon_core.shell:Creating package script '/home/zyh/ros2_study/foxy/foxy_ws/install/cpp_srv_cli/share/cpp_srv_cli/package.sh'
[1.268s] INFO:colcon.colcon_core.shell:Creating package script '/home/zyh/ros2_study/foxy/foxy_ws/install/cpp_srv_cli/share/cpp_srv_cli/package.bash'
[1.268s] INFO:colcon.colcon_core.shell:Creating package script '/home/zyh/ros2_study/foxy/foxy_ws/install/cpp_srv_cli/share/cpp_srv_cli/package.zsh'
[1.268s] Level 1:colcon.colcon_core.environment:create_file_with_runtime_dependencies(/home/zyh/ros2_study/foxy/foxy_ws/install/cpp_srv_cli/share/colcon-core/packages/cpp_srv_cli)
[1.318s] Level 1:colcon.colcon_core.environment:create_environment_scripts_only(cpp_pub_sub)
[1.321s] Level 1:colcon.colcon_core.environment:checking '/home/zyh/ros2_study/foxy/foxy_ws/install/cpp_pub_sub' for CMake module files
[1.322s] Level 1:colcon.colcon_core.environment:checking '/home/zyh/ros2_study/foxy/foxy_ws/install/cpp_pub_sub' for CMake config files
[1.322s] Level 1:colcon.colcon_core.shell:create_environment_hook('cpp_pub_sub', 'cmake_prefix_path')
[1.324s] INFO:colcon.colcon_core.shell:Creating environment hook '/home/zyh/ros2_study/foxy/foxy_ws/install/cpp_pub_sub/share/cpp_pub_sub/hook/cmake_prefix_path.ps1'
[1.325s] INFO:colcon.colcon_core.shell:Creating environment descriptor '/home/zyh/ros2_study/foxy/foxy_ws/install/cpp_pub_sub/share/cpp_pub_sub/hook/cmake_prefix_path.dsv'
[1.325s] INFO:colcon.colcon_core.shell:Creating environment hook '/home/zyh/ros2_study/foxy/foxy_ws/install/cpp_pub_sub/share/cpp_pub_sub/hook/cmake_prefix_path.sh'
[1.326s] Level 1:colcon.colcon_core.environment:checking '/home/zyh/ros2_study/foxy/foxy_ws/install/cpp_pub_sub/lib'
[1.326s] Level 1:colcon.colcon_core.environment:checking '/home/zyh/ros2_study/foxy/foxy_ws/install/cpp_pub_sub/bin'
[1.326s] Level 1:colcon.colcon_core.environment:checking '/home/zyh/ros2_study/foxy/foxy_ws/install/cpp_pub_sub/lib/pkgconfig/cpp_pub_sub.pc'
[1.326s] Level 1:colcon.colcon_core.environment:checking '/home/zyh/ros2_study/foxy/foxy_ws/install/cpp_pub_sub/lib/python3.8/site-packages'
[1.326s] Level 1:colcon.colcon_core.environment:checking '/home/zyh/ros2_study/foxy/foxy_ws/install/cpp_pub_sub/bin'
[1.328s] INFO:colcon.colcon_core.shell:Creating package script '/home/zyh/ros2_study/foxy/foxy_ws/install/cpp_pub_sub/share/cpp_pub_sub/package.ps1'
[1.329s] INFO:colcon.colcon_core.shell:Creating package descriptor '/home/zyh/ros2_study/foxy/foxy_ws/install/cpp_pub_sub/share/cpp_pub_sub/package.dsv'
[1.329s] INFO:colcon.colcon_core.shell:Creating package script '/home/zyh/ros2_study/foxy/foxy_ws/install/cpp_pub_sub/share/cpp_pub_sub/package.sh'
[1.330s] INFO:colcon.colcon_core.shell:Creating package script '/home/zyh/ros2_study/foxy/foxy_ws/install/cpp_pub_sub/share/cpp_pub_sub/package.bash'
[1.330s] INFO:colcon.colcon_core.shell:Creating package script '/home/zyh/ros2_study/foxy/foxy_ws/install/cpp_pub_sub/share/cpp_pub_sub/package.zsh'
[1.330s] Level 1:colcon.colcon_core.environment:create_file_with_runtime_dependencies(/home/zyh/ros2_study/foxy/foxy_ws/install/cpp_pub_sub/share/colcon-core/packages/cpp_pub_sub)
[1.337s] Level 1:colcon.colcon_core.environment:create_environment_scripts_only(cpp_srv_cli)
[1.343s] Level 1:colcon.colcon_core.environment:checking '/home/zyh/ros2_study/foxy/foxy_ws/install/cpp_srv_cli' for CMake module files
[1.344s] Level 1:colcon.colcon_core.environment:checking '/home/zyh/ros2_study/foxy/foxy_ws/install/cpp_srv_cli' for CMake config files
[1.346s] Level 1:colcon.colcon_core.shell:create_environment_hook('cpp_srv_cli', 'cmake_prefix_path')
[1.348s] INFO:colcon.colcon_core.shell:Creating environment hook '/home/zyh/ros2_study/foxy/foxy_ws/install/cpp_srv_cli/share/cpp_srv_cli/hook/cmake_prefix_path.ps1'
[1.349s] INFO:colcon.colcon_core.shell:Creating environment descriptor '/home/zyh/ros2_study/foxy/foxy_ws/install/cpp_srv_cli/share/cpp_srv_cli/hook/cmake_prefix_path.dsv'
[1.349s] INFO:colcon.colcon_core.shell:Creating environment hook '/home/zyh/ros2_study/foxy/foxy_ws/install/cpp_srv_cli/share/cpp_srv_cli/hook/cmake_prefix_path.sh'
[1.350s] Level 1:colcon.colcon_core.environment:checking '/home/zyh/ros2_study/foxy/foxy_ws/install/cpp_srv_cli/lib'
[1.350s] Level 1:colcon.colcon_core.environment:checking '/home/zyh/ros2_study/foxy/foxy_ws/install/cpp_srv_cli/bin'
[1.350s] Level 1:colcon.colcon_core.environment:checking '/home/zyh/ros2_study/foxy/foxy_ws/install/cpp_srv_cli/lib/pkgconfig/cpp_srv_cli.pc'
[1.350s] Level 1:colcon.colcon_core.environment:checking '/home/zyh/ros2_study/foxy/foxy_ws/install/cpp_srv_cli/lib/python3.8/site-packages'
[1.350s] Level 1:colcon.colcon_core.environment:checking '/home/zyh/ros2_study/foxy/foxy_ws/install/cpp_srv_cli/bin'
[1.352s] INFO:colcon.colcon_core.shell:Creating package script '/home/zyh/ros2_study/foxy/foxy_ws/install/cpp_srv_cli/share/cpp_srv_cli/package.ps1'
[1.353s] INFO:colcon.colcon_core.shell:Creating package descriptor '/home/zyh/ros2_study/foxy/foxy_ws/install/cpp_srv_cli/share/cpp_srv_cli/package.dsv'
[1.353s] INFO:colcon.colcon_core.shell:Creating package script '/home/zyh/ros2_study/foxy/foxy_ws/install/cpp_srv_cli/share/cpp_srv_cli/package.sh'
[1.354s] INFO:colcon.colcon_core.shell:Creating package script '/home/zyh/ros2_study/foxy/foxy_ws/install/cpp_srv_cli/share/cpp_srv_cli/package.bash'
[1.354s] INFO:colcon.colcon_core.shell:Creating package script '/home/zyh/ros2_study/foxy/foxy_ws/install/cpp_srv_cli/share/cpp_srv_cli/package.zsh'
[1.354s] Level 1:colcon.colcon_core.environment:create_file_with_runtime_dependencies(/home/zyh/ros2_study/foxy/foxy_ws/install/cpp_srv_cli/share/colcon-core/packages/cpp_srv_cli)
[1.356s] DEBUG:colcon.colcon_core.event_handler.log_command:Invoked command in '/home/zyh/ros2_study/foxy/foxy_ws/build/exp_interfaces' returned '1': CMAKE_PREFIX_PATH=/opt/ros/foxy CONDA_PROMPT_MODIFIER=(base) /usr/bin/cmake /home/zyh/ros2_study/foxy/foxy_ws/src/exp_interfaces -DCMAKE_INSTALL_PREFIX=/home/zyh/ros2_study/foxy/foxy_ws/install/exp_interfaces
[1.380s] Level 1:colcon.colcon_core.environment:create_environment_scripts_only(exp_interfaces)
[1.384s] Level 1:colcon.colcon_core.environment:checking '/home/zyh/ros2_study/foxy/foxy_ws/install/exp_interfaces' for CMake module files
[1.384s] Level 1:colcon.colcon_core.environment:checking '/home/zyh/ros2_study/foxy/foxy_ws/install/exp_interfaces' for CMake config files
[1.384s] Level 1:colcon.colcon_core.environment:checking '/home/zyh/ros2_study/foxy/foxy_ws/install/exp_interfaces/bin'
[1.385s] Level 1:colcon.colcon_core.environment:checking '/home/zyh/ros2_study/foxy/foxy_ws/install/exp_interfaces/lib/pkgconfig/exp_interfaces.pc'
[1.385s] Level 1:colcon.colcon_core.environment:checking '/home/zyh/ros2_study/foxy/foxy_ws/install/exp_interfaces/lib/python3.8/site-packages'
[1.385s] Level 1:colcon.colcon_core.environment:checking '/home/zyh/ros2_study/foxy/foxy_ws/install/exp_interfaces/bin'
[1.387s] INFO:colcon.colcon_core.shell:Creating package script '/home/zyh/ros2_study/foxy/foxy_ws/install/exp_interfaces/share/exp_interfaces/package.ps1'
[1.388s] INFO:colcon.colcon_core.shell:Creating package descriptor '/home/zyh/ros2_study/foxy/foxy_ws/install/exp_interfaces/share/exp_interfaces/package.dsv'
[1.388s] INFO:colcon.colcon_core.shell:Creating package script '/home/zyh/ros2_study/foxy/foxy_ws/install/exp_interfaces/share/exp_interfaces/package.sh'
[1.388s] INFO:colcon.colcon_core.shell:Creating package script '/home/zyh/ros2_study/foxy/foxy_ws/install/exp_interfaces/share/exp_interfaces/package.bash'
[1.388s] INFO:colcon.colcon_core.shell:Creating package script '/home/zyh/ros2_study/foxy/foxy_ws/install/exp_interfaces/share/exp_interfaces/package.zsh'
[1.389s] Level 1:colcon.colcon_core.environment:create_file_with_runtime_dependencies(/home/zyh/ros2_study/foxy/foxy_ws/install/exp_interfaces/share/colcon-core/packages/exp_interfaces)
[1.842s] DEBUG:colcon.colcon_parallel_executor.executor.parallel:closing loop
[1.843s] DEBUG:colcon.colcon_parallel_executor.executor.parallel:loop closed
[1.843s] DEBUG:colcon.colcon_parallel_executor.executor.parallel:run_until_complete finished with '1'
[1.843s] DEBUG:colcon.colcon_core.event_reactor:joining thread
[1.851s] INFO:colcon.colcon_core.plugin_system:Skipping extension 'colcon_notification.desktop_notification.terminal_notifier': Not used on non-Darwin systems
[1.851s] INFO:colcon.colcon_core.plugin_system:Skipping extension 'colcon_notification.desktop_notification.win32': Not used on non-Windows systems
[1.851s] INFO:colcon.colcon_notification.desktop_notification:Sending desktop notification using 'notify2'
[1.866s] DEBUG:colcon.colcon_core.event_reactor:joined thread
[1.868s] INFO:colcon.colcon_core.shell:Creating prefix script '/home/zyh/ros2_study/foxy/foxy_ws/install/local_setup.ps1'
[1.869s] INFO:colcon.colcon_core.shell:Creating prefix util module '/home/zyh/ros2_study/foxy/foxy_ws/install/_local_setup_util_ps1.py'
[1.870s] INFO:colcon.colcon_core.shell:Creating prefix chain script '/home/zyh/ros2_study/foxy/foxy_ws/install/setup.ps1'
[1.871s] INFO:colcon.colcon_core.shell:Creating prefix script '/home/zyh/ros2_study/foxy/foxy_ws/install/local_setup.sh'
[1.872s] INFO:colcon.colcon_core.shell:Creating prefix util module '/home/zyh/ros2_study/foxy/foxy_ws/install/_local_setup_util_sh.py'
[1.872s] INFO:colcon.colcon_core.shell:Creating prefix chain script '/home/zyh/ros2_study/foxy/foxy_ws/install/setup.sh'
[1.875s] INFO:colcon.colcon_core.shell:Creating prefix script '/home/zyh/ros2_study/foxy/foxy_ws/install/local_setup.bash'
[1.875s] INFO:colcon.colcon_core.shell:Creating prefix chain script '/home/zyh/ros2_study/foxy/foxy_ws/install/setup.bash'
[1.877s] INFO:colcon.colcon_core.shell:Creating prefix script '/home/zyh/ros2_study/foxy/foxy_ws/install/local_setup.zsh'
[1.878s] INFO:colcon.colcon_core.shell:Creating prefix chain script '/home/zyh/ros2_study/foxy/foxy_ws/install/setup.zsh'
