running egg_info
creating ../../build/py_srv_cli/py_srv_cli.egg-info
writing ../../build/py_srv_cli/py_srv_cli.egg-info/PKG-INFO
writing dependency_links to ../../build/py_srv_cli/py_srv_cli.egg-info/dependency_links.txt
writing entry points to ../../build/py_srv_cli/py_srv_cli.egg-info/entry_points.txt
writing requirements to ../../build/py_srv_cli/py_srv_cli.egg-info/requires.txt
writing top-level names to ../../build/py_srv_cli/py_srv_cli.egg-info/top_level.txt
writing manifest file '../../build/py_srv_cli/py_srv_cli.egg-info/SOURCES.txt'
reading manifest file '../../build/py_srv_cli/py_srv_cli.egg-info/SOURCES.txt'
writing manifest file '../../build/py_srv_cli/py_srv_cli.egg-info/SOURCES.txt'
running build
running build_py
creating /home/zyh/ros2_study/foxy/foxy_ws/build/py_srv_cli/build
creating /home/zyh/ros2_study/foxy/foxy_ws/build/py_srv_cli/build/lib
creating /home/zyh/ros2_study/foxy/foxy_ws/build/py_srv_cli/build/lib/py_srv_cli
copying py_srv_cli/py_srv.py -> /home/zyh/ros2_study/foxy/foxy_ws/build/py_srv_cli/build/lib/py_srv_cli
copying py_srv_cli/py_cli.py -> /home/zyh/ros2_study/foxy/foxy_ws/build/py_srv_cli/build/lib/py_srv_cli
copying py_srv_cli/__init__.py -> /home/zyh/ros2_study/foxy/foxy_ws/build/py_srv_cli/build/lib/py_srv_cli
running install
running install_lib
creating /home/zyh/ros2_study/foxy/foxy_ws/install/py_srv_cli/lib/python3.8/site-packages/py_srv_cli
copying /home/zyh/ros2_study/foxy/foxy_ws/build/py_srv_cli/build/lib/py_srv_cli/py_srv.py -> /home/zyh/ros2_study/foxy/foxy_ws/install/py_srv_cli/lib/python3.8/site-packages/py_srv_cli
copying /home/zyh/ros2_study/foxy/foxy_ws/build/py_srv_cli/build/lib/py_srv_cli/py_cli.py -> /home/zyh/ros2_study/foxy/foxy_ws/install/py_srv_cli/lib/python3.8/site-packages/py_srv_cli
copying /home/zyh/ros2_study/foxy/foxy_ws/build/py_srv_cli/build/lib/py_srv_cli/__init__.py -> /home/zyh/ros2_study/foxy/foxy_ws/install/py_srv_cli/lib/python3.8/site-packages/py_srv_cli
byte-compiling /home/zyh/ros2_study/foxy/foxy_ws/install/py_srv_cli/lib/python3.8/site-packages/py_srv_cli/py_srv.py to py_srv.cpython-38.pyc
byte-compiling /home/zyh/ros2_study/foxy/foxy_ws/install/py_srv_cli/lib/python3.8/site-packages/py_srv_cli/py_cli.py to py_cli.cpython-38.pyc
byte-compiling /home/zyh/ros2_study/foxy/foxy_ws/install/py_srv_cli/lib/python3.8/site-packages/py_srv_cli/__init__.py to __init__.cpython-38.pyc
running install_data
creating /home/zyh/ros2_study/foxy/foxy_ws/install/py_srv_cli/share/ament_index
creating /home/zyh/ros2_study/foxy/foxy_ws/install/py_srv_cli/share/ament_index/resource_index
creating /home/zyh/ros2_study/foxy/foxy_ws/install/py_srv_cli/share/ament_index/resource_index/packages
copying resource/py_srv_cli -> /home/zyh/ros2_study/foxy/foxy_ws/install/py_srv_cli/share/ament_index/resource_index/packages
copying package.xml -> /home/zyh/ros2_study/foxy/foxy_ws/install/py_srv_cli/share/py_srv_cli
running install_egg_info
Copying ../../build/py_srv_cli/py_srv_cli.egg-info to /home/zyh/ros2_study/foxy/foxy_ws/install/py_srv_cli/lib/python3.8/site-packages/py_srv_cli-0.0.0-py3.8.egg-info
running install_scripts
Installing client script to /home/zyh/ros2_study/foxy/foxy_ws/install/py_srv_cli/lib/py_srv_cli
Installing service script to /home/zyh/ros2_study/foxy/foxy_ws/install/py_srv_cli/lib/py_srv_cli
writing list of installed files to '/home/zyh/ros2_study/foxy/foxy_ws/build/py_srv_cli/install.log'
