running egg_info
creating ../../build/py_pub_sub/py_pub_sub.egg-info
writing ../../build/py_pub_sub/py_pub_sub.egg-info/PKG-INFO
writing dependency_links to ../../build/py_pub_sub/py_pub_sub.egg-info/dependency_links.txt
writing entry points to ../../build/py_pub_sub/py_pub_sub.egg-info/entry_points.txt
writing requirements to ../../build/py_pub_sub/py_pub_sub.egg-info/requires.txt
writing top-level names to ../../build/py_pub_sub/py_pub_sub.egg-info/top_level.txt
writing manifest file '../../build/py_pub_sub/py_pub_sub.egg-info/SOURCES.txt'
reading manifest file '../../build/py_pub_sub/py_pub_sub.egg-info/SOURCES.txt'
writing manifest file '../../build/py_pub_sub/py_pub_sub.egg-info/SOURCES.txt'
running build
running build_py
creating /home/zyh/ros2_study/foxy/foxy_ws/build/py_pub_sub/build
creating /home/zyh/ros2_study/foxy/foxy_ws/build/py_pub_sub/build/lib
creating /home/zyh/ros2_study/foxy/foxy_ws/build/py_pub_sub/build/lib/py_pub_sub
copying py_pub_sub/publisher_func.py -> /home/zyh/ros2_study/foxy/foxy_ws/build/py_pub_sub/build/lib/py_pub_sub
copying py_pub_sub/subscriber_func.py -> /home/zyh/ros2_study/foxy/foxy_ws/build/py_pub_sub/build/lib/py_pub_sub
copying py_pub_sub/__init__.py -> /home/zyh/ros2_study/foxy/foxy_ws/build/py_pub_sub/build/lib/py_pub_sub
running install
running install_lib
creating /home/zyh/ros2_study/foxy/foxy_ws/install/py_pub_sub/lib/python3.8/site-packages/py_pub_sub
copying /home/zyh/ros2_study/foxy/foxy_ws/build/py_pub_sub/build/lib/py_pub_sub/publisher_func.py -> /home/zyh/ros2_study/foxy/foxy_ws/install/py_pub_sub/lib/python3.8/site-packages/py_pub_sub
copying /home/zyh/ros2_study/foxy/foxy_ws/build/py_pub_sub/build/lib/py_pub_sub/subscriber_func.py -> /home/zyh/ros2_study/foxy/foxy_ws/install/py_pub_sub/lib/python3.8/site-packages/py_pub_sub
copying /home/zyh/ros2_study/foxy/foxy_ws/build/py_pub_sub/build/lib/py_pub_sub/__init__.py -> /home/zyh/ros2_study/foxy/foxy_ws/install/py_pub_sub/lib/python3.8/site-packages/py_pub_sub
byte-compiling /home/zyh/ros2_study/foxy/foxy_ws/install/py_pub_sub/lib/python3.8/site-packages/py_pub_sub/publisher_func.py to publisher_func.cpython-38.pyc
byte-compiling /home/zyh/ros2_study/foxy/foxy_ws/install/py_pub_sub/lib/python3.8/site-packages/py_pub_sub/subscriber_func.py to subscriber_func.cpython-38.pyc
byte-compiling /home/zyh/ros2_study/foxy/foxy_ws/install/py_pub_sub/lib/python3.8/site-packages/py_pub_sub/__init__.py to __init__.cpython-38.pyc
running install_data
creating /home/zyh/ros2_study/foxy/foxy_ws/install/py_pub_sub/share/ament_index
creating /home/zyh/ros2_study/foxy/foxy_ws/install/py_pub_sub/share/ament_index/resource_index
creating /home/zyh/ros2_study/foxy/foxy_ws/install/py_pub_sub/share/ament_index/resource_index/packages
copying resource/py_pub_sub -> /home/zyh/ros2_study/foxy/foxy_ws/install/py_pub_sub/share/ament_index/resource_index/packages
copying package.xml -> /home/zyh/ros2_study/foxy/foxy_ws/install/py_pub_sub/share/py_pub_sub
running install_egg_info
Copying ../../build/py_pub_sub/py_pub_sub.egg-info to /home/zyh/ros2_study/foxy/foxy_ws/install/py_pub_sub/lib/python3.8/site-packages/py_pub_sub-0.0.0-py3.8.egg-info
running install_scripts
Installing listener script to /home/zyh/ros2_study/foxy/foxy_ws/install/py_pub_sub/lib/py_pub_sub
Installing talker script to /home/zyh/ros2_study/foxy/foxy_ws/install/py_pub_sub/lib/py_pub_sub
writing list of installed files to '/home/zyh/ros2_study/foxy/foxy_ws/build/py_pub_sub/install.log'
