[0.088s] Invoking command in '/home/zyh/ros2_study/foxy/foxy_ws/build/cpp_pub_sub': CMAKE_PREFIX_PATH=/opt/ros/foxy CONDA_PROMPT_MODIFIER=(base) /usr/bin/cmake --build /home/zyh/ros2_study/foxy/foxy_ws/build/cpp_pub_sub -- -j12 -l12
[0.400s] [ 50%] Built target talker
[0.400s] [100%] Built target listener
[0.405s] Invoked command in '/home/zyh/ros2_study/foxy/foxy_ws/build/cpp_pub_sub' returned '0': CMAKE_PREFIX_PATH=/opt/ros/foxy CONDA_PROMPT_MODIFIER=(base) /usr/bin/cmake --build /home/zyh/ros2_study/foxy/foxy_ws/build/cpp_pub_sub -- -j12 -l12
[0.731s] Invoking command in '/home/zyh/ros2_study/foxy/foxy_ws/build/cpp_pub_sub': CMAKE_PREFIX_PATH=/opt/ros/foxy CONDA_PROMPT_MODIFIER=(base) /usr/bin/cmake --install /home/zyh/ros2_study/foxy/foxy_ws/build/cpp_pub_sub
[0.746s] -- Install configuration: ""
[0.747s] -- Up-to-date: /home/zyh/ros2_study/foxy/foxy_ws/install/cpp_pub_sub/lib/cpp_pub_sub/talker
[0.747s] -- Up-to-date: /home/zyh/ros2_study/foxy/foxy_ws/install/cpp_pub_sub/lib/cpp_pub_sub/listener
[0.747s] -- Up-to-date: /home/zyh/ros2_study/foxy/foxy_ws/install/cpp_pub_sub/share/ament_index/resource_index/package_run_dependencies/cpp_pub_sub
[0.747s] -- Up-to-date: /home/zyh/ros2_study/foxy/foxy_ws/install/cpp_pub_sub/share/ament_index/resource_index/parent_prefix_path/cpp_pub_sub
[0.747s] -- Up-to-date: /home/zyh/ros2_study/foxy/foxy_ws/install/cpp_pub_sub/share/cpp_pub_sub/environment/ament_prefix_path.sh
[0.747s] -- Up-to-date: /home/zyh/ros2_study/foxy/foxy_ws/install/cpp_pub_sub/share/cpp_pub_sub/environment/ament_prefix_path.dsv
[0.747s] -- Up-to-date: /home/zyh/ros2_study/foxy/foxy_ws/install/cpp_pub_sub/share/cpp_pub_sub/environment/path.sh
[0.747s] -- Up-to-date: /home/zyh/ros2_study/foxy/foxy_ws/install/cpp_pub_sub/share/cpp_pub_sub/environment/path.dsv
[0.748s] -- Up-to-date: /home/zyh/ros2_study/foxy/foxy_ws/install/cpp_pub_sub/share/cpp_pub_sub/local_setup.bash
[0.748s] -- Up-to-date: /home/zyh/ros2_study/foxy/foxy_ws/install/cpp_pub_sub/share/cpp_pub_sub/local_setup.sh
[0.748s] -- Up-to-date: /home/zyh/ros2_study/foxy/foxy_ws/install/cpp_pub_sub/share/cpp_pub_sub/local_setup.zsh
[0.748s] -- Up-to-date: /home/zyh/ros2_study/foxy/foxy_ws/install/cpp_pub_sub/share/cpp_pub_sub/local_setup.dsv
[0.748s] -- Installing: /home/zyh/ros2_study/foxy/foxy_ws/install/cpp_pub_sub/share/cpp_pub_sub/package.dsv
[0.748s] -- Up-to-date: /home/zyh/ros2_study/foxy/foxy_ws/install/cpp_pub_sub/share/ament_index/resource_index/packages/cpp_pub_sub
[0.748s] -- Up-to-date: /home/zyh/ros2_study/foxy/foxy_ws/install/cpp_pub_sub/share/cpp_pub_sub/cmake/cpp_pub_subConfig.cmake
[0.748s] -- Up-to-date: /home/zyh/ros2_study/foxy/foxy_ws/install/cpp_pub_sub/share/cpp_pub_sub/cmake/cpp_pub_subConfig-version.cmake
[0.748s] -- Up-to-date: /home/zyh/ros2_study/foxy/foxy_ws/install/cpp_pub_sub/share/cpp_pub_sub/package.xml
[0.750s] Invoked command in '/home/zyh/ros2_study/foxy/foxy_ws/build/cpp_pub_sub' returned '0': CMAKE_PREFIX_PATH=/opt/ros/foxy CONDA_PROMPT_MODIFIER=(base) /usr/bin/cmake --install /home/zyh/ros2_study/foxy/foxy_ws/build/cpp_pub_sub
