[0.337s] DEBUG:colcon:Command line arguments: ['/usr/bin/colcon', 'build']
[0.337s] DEBUG:colcon:Parsed command line arguments: Namespace(allow_overriding=[], ament_cmake_args=None, base_paths=['.'], build_base='build', catkin_cmake_args=None, catkin_skip_building_tests=False, cmake_args=None, cmake_clean_cache=False, cmake_clean_first=False, cmake_force_configure=False, cmake_target=None, cmake_target_skip_unavailable=False, continue_on_error=False, event_handlers=None, executor='parallel', ignore_user_meta=False, install_base='install', log_base=None, log_level=None, main=<bound method BuildVerb.main of <colcon_core.verb.build.BuildVerb object at 0x7fc96219d0a0>>, merge_install=False, metas=['./colcon.meta'], packages_above=None, packages_above_and_dependencies=None, packages_above_depth=None, packages_end=None, packages_ignore=None, packages_ignore_regex=None, packages_select=None, packages_select_build_failed=False, packages_select_by_dep=None, packages_select_regex=None, packages_select_test_failures=False, packages_skip=None, packages_skip_build_finished=False, packages_skip_by_dep=None, packages_skip_regex=None, packages_skip_test_passed=False, packages_skip_up_to=None, packages_start=None, packages_up_to=None, packages_up_to_regex=None, parallel_workers=12, paths=None, symlink_install=False, test_result_base=None, verb_extension=<colcon_core.verb.build.BuildVerb object at 0x7fc96219d0a0>, verb_name='build', verb_parser=<colcon_defaults.argument_parser.defaults.DefaultArgumentsDecorator object at 0x7fc96219d5e0>)
[0.361s] Level 1:colcon.colcon_core.package_discovery:discover_packages(colcon_meta) check parameters
[0.361s] Level 1:colcon.colcon_core.package_discovery:discover_packages(recursive) check parameters
[0.361s] Level 1:colcon.colcon_core.package_discovery:discover_packages(ignore) check parameters
[0.361s] Level 1:colcon.colcon_core.package_discovery:discover_packages(path) check parameters
[0.361s] Level 1:colcon.colcon_core.package_discovery:discover_packages(colcon_meta) discover
[0.361s] Level 1:colcon.colcon_core.package_discovery:discover_packages(recursive) discover
[0.361s] INFO:colcon.colcon_core.package_discovery:Crawling recursively for packages in '/home/zyh/ros2_study/foxy/foxy_ws'
[0.361s] Level 1:colcon.colcon_core.package_identification:_identify(.) by extensions ['ignore', 'ignore_ament_install']
[0.361s] Level 1:colcon.colcon_core.package_identification:_identify(.) by extension 'ignore'
[0.361s] Level 1:colcon.colcon_core.package_identification:_identify(.) by extension 'ignore_ament_install'
[0.361s] Level 1:colcon.colcon_core.package_identification:_identify(.) by extensions ['colcon_pkg']
[0.361s] Level 1:colcon.colcon_core.package_identification:_identify(.) by extension 'colcon_pkg'
[0.361s] Level 1:colcon.colcon_core.package_identification:_identify(.) by extensions ['colcon_meta']
[0.362s] Level 1:colcon.colcon_core.package_identification:_identify(.) by extension 'colcon_meta'
[0.362s] Level 1:colcon.colcon_core.package_identification:_identify(.) by extensions ['ros']
[0.362s] Level 1:colcon.colcon_core.package_identification:_identify(.) by extension 'ros'
[0.371s] Level 1:colcon.colcon_core.package_identification:_identify(.) by extensions ['cmake', 'python']
[0.371s] Level 1:colcon.colcon_core.package_identification:_identify(.) by extension 'cmake'
[0.371s] Level 1:colcon.colcon_core.package_identification:_identify(.) by extension 'python'
[0.371s] Level 1:colcon.colcon_core.package_identification:_identify(.) by extensions ['python_setup_py']
[0.371s] Level 1:colcon.colcon_core.package_identification:_identify(.) by extension 'python_setup_py'
[0.371s] Level 1:colcon.colcon_core.package_identification:_identify(build) by extensions ['ignore', 'ignore_ament_install']
[0.371s] Level 1:colcon.colcon_core.package_identification:_identify(build) by extension 'ignore'
[0.371s] Level 1:colcon.colcon_core.package_identification:_identify(build) ignored
[0.371s] Level 1:colcon.colcon_core.package_identification:_identify(install) by extensions ['ignore', 'ignore_ament_install']
[0.371s] Level 1:colcon.colcon_core.package_identification:_identify(install) by extension 'ignore'
[0.371s] Level 1:colcon.colcon_core.package_identification:_identify(install) ignored
[0.372s] Level 1:colcon.colcon_core.package_identification:_identify(log) by extensions ['ignore', 'ignore_ament_install']
[0.372s] Level 1:colcon.colcon_core.package_identification:_identify(log) by extension 'ignore'
[0.372s] Level 1:colcon.colcon_core.package_identification:_identify(log) ignored
[0.372s] Level 1:colcon.colcon_core.package_identification:_identify(src) by extensions ['ignore', 'ignore_ament_install']
[0.372s] Level 1:colcon.colcon_core.package_identification:_identify(src) by extension 'ignore'
[0.372s] Level 1:colcon.colcon_core.package_identification:_identify(src) by extension 'ignore_ament_install'
[0.372s] Level 1:colcon.colcon_core.package_identification:_identify(src) by extensions ['colcon_pkg']
[0.372s] Level 1:colcon.colcon_core.package_identification:_identify(src) by extension 'colcon_pkg'
[0.372s] Level 1:colcon.colcon_core.package_identification:_identify(src) by extensions ['colcon_meta']
[0.372s] Level 1:colcon.colcon_core.package_identification:_identify(src) by extension 'colcon_meta'
[0.372s] Level 1:colcon.colcon_core.package_identification:_identify(src) by extensions ['ros']
[0.372s] Level 1:colcon.colcon_core.package_identification:_identify(src) by extension 'ros'
[0.372s] Level 1:colcon.colcon_core.package_identification:_identify(src) by extensions ['cmake', 'python']
[0.372s] Level 1:colcon.colcon_core.package_identification:_identify(src) by extension 'cmake'
[0.372s] Level 1:colcon.colcon_core.package_identification:_identify(src) by extension 'python'
[0.372s] Level 1:colcon.colcon_core.package_identification:_identify(src) by extensions ['python_setup_py']
[0.372s] Level 1:colcon.colcon_core.package_identification:_identify(src) by extension 'python_setup_py'
[0.372s] Level 1:colcon.colcon_core.package_identification:_identify(src/cpp_pub_sub) by extensions ['ignore', 'ignore_ament_install']
[0.373s] Level 1:colcon.colcon_core.package_identification:_identify(src/cpp_pub_sub) by extension 'ignore'
[0.373s] Level 1:colcon.colcon_core.package_identification:_identify(src/cpp_pub_sub) by extension 'ignore_ament_install'
[0.373s] Level 1:colcon.colcon_core.package_identification:_identify(src/cpp_pub_sub) by extensions ['colcon_pkg']
[0.373s] Level 1:colcon.colcon_core.package_identification:_identify(src/cpp_pub_sub) by extension 'colcon_pkg'
[0.373s] Level 1:colcon.colcon_core.package_identification:_identify(src/cpp_pub_sub) by extensions ['colcon_meta']
[0.373s] Level 1:colcon.colcon_core.package_identification:_identify(src/cpp_pub_sub) by extension 'colcon_meta'
[0.373s] Level 1:colcon.colcon_core.package_identification:_identify(src/cpp_pub_sub) by extensions ['ros']
[0.373s] Level 1:colcon.colcon_core.package_identification:_identify(src/cpp_pub_sub) by extension 'ros'
[0.375s] DEBUG:colcon.colcon_core.package_identification:Package 'src/cpp_pub_sub' with type 'ros.ament_cmake' and name 'cpp_pub_sub'
[0.375s] Level 1:colcon.colcon_core.package_identification:_identify(src/cpp_srv_cli) by extensions ['ignore', 'ignore_ament_install']
[0.375s] Level 1:colcon.colcon_core.package_identification:_identify(src/cpp_srv_cli) by extension 'ignore'
[0.375s] Level 1:colcon.colcon_core.package_identification:_identify(src/cpp_srv_cli) by extension 'ignore_ament_install'
[0.375s] Level 1:colcon.colcon_core.package_identification:_identify(src/cpp_srv_cli) by extensions ['colcon_pkg']
[0.375s] Level 1:colcon.colcon_core.package_identification:_identify(src/cpp_srv_cli) by extension 'colcon_pkg'
[0.375s] Level 1:colcon.colcon_core.package_identification:_identify(src/cpp_srv_cli) by extensions ['colcon_meta']
[0.375s] Level 1:colcon.colcon_core.package_identification:_identify(src/cpp_srv_cli) by extension 'colcon_meta'
[0.375s] Level 1:colcon.colcon_core.package_identification:_identify(src/cpp_srv_cli) by extensions ['ros']
[0.375s] Level 1:colcon.colcon_core.package_identification:_identify(src/cpp_srv_cli) by extension 'ros'
[0.376s] DEBUG:colcon.colcon_core.package_identification:Package 'src/cpp_srv_cli' with type 'ros.ament_cmake' and name 'cpp_srv_cli'
[0.376s] Level 1:colcon.colcon_core.package_identification:_identify(src/exp_interfaces) by extensions ['ignore', 'ignore_ament_install']
[0.376s] Level 1:colcon.colcon_core.package_identification:_identify(src/exp_interfaces) by extension 'ignore'
[0.376s] Level 1:colcon.colcon_core.package_identification:_identify(src/exp_interfaces) by extension 'ignore_ament_install'
[0.376s] Level 1:colcon.colcon_core.package_identification:_identify(src/exp_interfaces) by extensions ['colcon_pkg']
[0.376s] Level 1:colcon.colcon_core.package_identification:_identify(src/exp_interfaces) by extension 'colcon_pkg'
[0.376s] Level 1:colcon.colcon_core.package_identification:_identify(src/exp_interfaces) by extensions ['colcon_meta']
[0.376s] Level 1:colcon.colcon_core.package_identification:_identify(src/exp_interfaces) by extension 'colcon_meta'
[0.376s] Level 1:colcon.colcon_core.package_identification:_identify(src/exp_interfaces) by extensions ['ros']
[0.376s] Level 1:colcon.colcon_core.package_identification:_identify(src/exp_interfaces) by extension 'ros'
[0.378s] DEBUG:colcon.colcon_core.package_identification:Package 'src/exp_interfaces' with type 'ros.ament_cmake' and name 'exp_interfaces'
[0.378s] Level 1:colcon.colcon_core.package_identification:_identify(src/py_pub_sub) by extensions ['ignore', 'ignore_ament_install']
[0.378s] Level 1:colcon.colcon_core.package_identification:_identify(src/py_pub_sub) by extension 'ignore'
[0.378s] Level 1:colcon.colcon_core.package_identification:_identify(src/py_pub_sub) by extension 'ignore_ament_install'
[0.378s] Level 1:colcon.colcon_core.package_identification:_identify(src/py_pub_sub) by extensions ['colcon_pkg']
[0.378s] Level 1:colcon.colcon_core.package_identification:_identify(src/py_pub_sub) by extension 'colcon_pkg'
[0.378s] Level 1:colcon.colcon_core.package_identification:_identify(src/py_pub_sub) by extensions ['colcon_meta']
[0.378s] Level 1:colcon.colcon_core.package_identification:_identify(src/py_pub_sub) by extension 'colcon_meta'
[0.378s] Level 1:colcon.colcon_core.package_identification:_identify(src/py_pub_sub) by extensions ['ros']
[0.378s] Level 1:colcon.colcon_core.package_identification:_identify(src/py_pub_sub) by extension 'ros'
[0.378s] DEBUG:colcon.colcon_core.package_identification:Package 'src/py_pub_sub' with type 'ros.ament_python' and name 'py_pub_sub'
[0.378s] Level 1:colcon.colcon_core.package_identification:_identify(src/py_srv_cli) by extensions ['ignore', 'ignore_ament_install']
[0.379s] Level 1:colcon.colcon_core.package_identification:_identify(src/py_srv_cli) by extension 'ignore'
[0.379s] Level 1:colcon.colcon_core.package_identification:_identify(src/py_srv_cli) by extension 'ignore_ament_install'
[0.379s] Level 1:colcon.colcon_core.package_identification:_identify(src/py_srv_cli) by extensions ['colcon_pkg']
[0.379s] Level 1:colcon.colcon_core.package_identification:_identify(src/py_srv_cli) by extension 'colcon_pkg'
[0.379s] Level 1:colcon.colcon_core.package_identification:_identify(src/py_srv_cli) by extensions ['colcon_meta']
[0.379s] Level 1:colcon.colcon_core.package_identification:_identify(src/py_srv_cli) by extension 'colcon_meta'
[0.379s] Level 1:colcon.colcon_core.package_identification:_identify(src/py_srv_cli) by extensions ['ros']
[0.379s] Level 1:colcon.colcon_core.package_identification:_identify(src/py_srv_cli) by extension 'ros'
[0.379s] DEBUG:colcon.colcon_core.package_identification:Package 'src/py_srv_cli' with type 'ros.ament_python' and name 'py_srv_cli'
[0.379s] Level 1:colcon.colcon_core.package_discovery:discover_packages(recursive) using defaults
[0.379s] Level 1:colcon.colcon_core.package_discovery:discover_packages(ignore) discover
[0.379s] Level 1:colcon.colcon_core.package_discovery:discover_packages(ignore) using defaults
[0.379s] Level 1:colcon.colcon_core.package_discovery:discover_packages(path) discover
[0.380s] Level 1:colcon.colcon_core.package_discovery:discover_packages(path) using defaults
[0.398s] Level 1:colcon.colcon_core.package_discovery:discover_packages(prefix_path) check parameters
[0.398s] Level 1:colcon.colcon_core.package_discovery:discover_packages(prefix_path) discover
[0.401s] DEBUG:colcon.colcon_installed_package_information.package_discovery:Found 256 installed packages in /opt/ros/foxy
[0.403s] Level 1:colcon.colcon_core.package_discovery:discover_packages(prefix_path) using defaults
[0.461s] Level 5:colcon.colcon_core.verb:set package 'cpp_pub_sub' build argument 'cmake_args' from command line to 'None'
[0.461s] Level 5:colcon.colcon_core.verb:set package 'cpp_pub_sub' build argument 'cmake_target' from command line to 'None'
[0.461s] Level 5:colcon.colcon_core.verb:set package 'cpp_pub_sub' build argument 'cmake_target_skip_unavailable' from command line to 'False'
[0.461s] Level 5:colcon.colcon_core.verb:set package 'cpp_pub_sub' build argument 'cmake_clean_cache' from command line to 'False'
[0.461s] Level 5:colcon.colcon_core.verb:set package 'cpp_pub_sub' build argument 'cmake_clean_first' from command line to 'False'
[0.461s] Level 5:colcon.colcon_core.verb:set package 'cpp_pub_sub' build argument 'cmake_force_configure' from command line to 'False'
[0.461s] Level 5:colcon.colcon_core.verb:set package 'cpp_pub_sub' build argument 'ament_cmake_args' from command line to 'None'
[0.461s] Level 5:colcon.colcon_core.verb:set package 'cpp_pub_sub' build argument 'catkin_cmake_args' from command line to 'None'
[0.461s] Level 5:colcon.colcon_core.verb:set package 'cpp_pub_sub' build argument 'catkin_skip_building_tests' from command line to 'False'
[0.461s] DEBUG:colcon.colcon_core.verb:Building package 'cpp_pub_sub' with the following arguments: {'ament_cmake_args': None, 'build_base': '/home/zyh/ros2_study/foxy/foxy_ws/build/cpp_pub_sub', 'catkin_cmake_args': None, 'catkin_skip_building_tests': False, 'cmake_args': None, 'cmake_clean_cache': False, 'cmake_clean_first': False, 'cmake_force_configure': False, 'cmake_target': None, 'cmake_target_skip_unavailable': False, 'install_base': '/home/zyh/ros2_study/foxy/foxy_ws/install/cpp_pub_sub', 'merge_install': False, 'path': '/home/zyh/ros2_study/foxy/foxy_ws/src/cpp_pub_sub', 'symlink_install': False, 'test_result_base': None}
[0.462s] Level 5:colcon.colcon_core.verb:set package 'cpp_srv_cli' build argument 'cmake_args' from command line to 'None'
[0.462s] Level 5:colcon.colcon_core.verb:set package 'cpp_srv_cli' build argument 'cmake_target' from command line to 'None'
[0.462s] Level 5:colcon.colcon_core.verb:set package 'cpp_srv_cli' build argument 'cmake_target_skip_unavailable' from command line to 'False'
[0.462s] Level 5:colcon.colcon_core.verb:set package 'cpp_srv_cli' build argument 'cmake_clean_cache' from command line to 'False'
[0.462s] Level 5:colcon.colcon_core.verb:set package 'cpp_srv_cli' build argument 'cmake_clean_first' from command line to 'False'
[0.462s] Level 5:colcon.colcon_core.verb:set package 'cpp_srv_cli' build argument 'cmake_force_configure' from command line to 'False'
[0.462s] Level 5:colcon.colcon_core.verb:set package 'cpp_srv_cli' build argument 'ament_cmake_args' from command line to 'None'
[0.462s] Level 5:colcon.colcon_core.verb:set package 'cpp_srv_cli' build argument 'catkin_cmake_args' from command line to 'None'
[0.462s] Level 5:colcon.colcon_core.verb:set package 'cpp_srv_cli' build argument 'catkin_skip_building_tests' from command line to 'False'
[0.462s] DEBUG:colcon.colcon_core.verb:Building package 'cpp_srv_cli' with the following arguments: {'ament_cmake_args': None, 'build_base': '/home/zyh/ros2_study/foxy/foxy_ws/build/cpp_srv_cli', 'catkin_cmake_args': None, 'catkin_skip_building_tests': False, 'cmake_args': None, 'cmake_clean_cache': False, 'cmake_clean_first': False, 'cmake_force_configure': False, 'cmake_target': None, 'cmake_target_skip_unavailable': False, 'install_base': '/home/zyh/ros2_study/foxy/foxy_ws/install/cpp_srv_cli', 'merge_install': False, 'path': '/home/zyh/ros2_study/foxy/foxy_ws/src/cpp_srv_cli', 'symlink_install': False, 'test_result_base': None}
[0.464s] Level 5:colcon.colcon_core.verb:set package 'exp_interfaces' build argument 'cmake_args' from command line to 'None'
[0.464s] Level 5:colcon.colcon_core.verb:set package 'exp_interfaces' build argument 'cmake_target' from command line to 'None'
[0.464s] Level 5:colcon.colcon_core.verb:set package 'exp_interfaces' build argument 'cmake_target_skip_unavailable' from command line to 'False'
[0.464s] Level 5:colcon.colcon_core.verb:set package 'exp_interfaces' build argument 'cmake_clean_cache' from command line to 'False'
[0.464s] Level 5:colcon.colcon_core.verb:set package 'exp_interfaces' build argument 'cmake_clean_first' from command line to 'False'
[0.464s] Level 5:colcon.colcon_core.verb:set package 'exp_interfaces' build argument 'cmake_force_configure' from command line to 'False'
[0.464s] Level 5:colcon.colcon_core.verb:set package 'exp_interfaces' build argument 'ament_cmake_args' from command line to 'None'
[0.464s] Level 5:colcon.colcon_core.verb:set package 'exp_interfaces' build argument 'catkin_cmake_args' from command line to 'None'
[0.464s] Level 5:colcon.colcon_core.verb:set package 'exp_interfaces' build argument 'catkin_skip_building_tests' from command line to 'False'
[0.464s] DEBUG:colcon.colcon_core.verb:Building package 'exp_interfaces' with the following arguments: {'ament_cmake_args': None, 'build_base': '/home/zyh/ros2_study/foxy/foxy_ws/build/exp_interfaces', 'catkin_cmake_args': None, 'catkin_skip_building_tests': False, 'cmake_args': None, 'cmake_clean_cache': False, 'cmake_clean_first': False, 'cmake_force_configure': False, 'cmake_target': None, 'cmake_target_skip_unavailable': False, 'install_base': '/home/zyh/ros2_study/foxy/foxy_ws/install/exp_interfaces', 'merge_install': False, 'path': '/home/zyh/ros2_study/foxy/foxy_ws/src/exp_interfaces', 'symlink_install': False, 'test_result_base': None}
[0.465s] Level 5:colcon.colcon_core.verb:set package 'py_pub_sub' build argument 'cmake_args' from command line to 'None'
[0.465s] Level 5:colcon.colcon_core.verb:set package 'py_pub_sub' build argument 'cmake_target' from command line to 'None'
[0.465s] Level 5:colcon.colcon_core.verb:set package 'py_pub_sub' build argument 'cmake_target_skip_unavailable' from command line to 'False'
[0.465s] Level 5:colcon.colcon_core.verb:set package 'py_pub_sub' build argument 'cmake_clean_cache' from command line to 'False'
[0.465s] Level 5:colcon.colcon_core.verb:set package 'py_pub_sub' build argument 'cmake_clean_first' from command line to 'False'
[0.465s] Level 5:colcon.colcon_core.verb:set package 'py_pub_sub' build argument 'cmake_force_configure' from command line to 'False'
[0.465s] Level 5:colcon.colcon_core.verb:set package 'py_pub_sub' build argument 'ament_cmake_args' from command line to 'None'
[0.465s] Level 5:colcon.colcon_core.verb:set package 'py_pub_sub' build argument 'catkin_cmake_args' from command line to 'None'
[0.465s] Level 5:colcon.colcon_core.verb:set package 'py_pub_sub' build argument 'catkin_skip_building_tests' from command line to 'False'
[0.465s] DEBUG:colcon.colcon_core.verb:Building package 'py_pub_sub' with the following arguments: {'ament_cmake_args': None, 'build_base': '/home/zyh/ros2_study/foxy/foxy_ws/build/py_pub_sub', 'catkin_cmake_args': None, 'catkin_skip_building_tests': False, 'cmake_args': None, 'cmake_clean_cache': False, 'cmake_clean_first': False, 'cmake_force_configure': False, 'cmake_target': None, 'cmake_target_skip_unavailable': False, 'install_base': '/home/zyh/ros2_study/foxy/foxy_ws/install/py_pub_sub', 'merge_install': False, 'path': '/home/zyh/ros2_study/foxy/foxy_ws/src/py_pub_sub', 'symlink_install': False, 'test_result_base': None}
[0.466s] Level 5:colcon.colcon_core.verb:set package 'py_srv_cli' build argument 'cmake_args' from command line to 'None'
[0.466s] Level 5:colcon.colcon_core.verb:set package 'py_srv_cli' build argument 'cmake_target' from command line to 'None'
[0.466s] Level 5:colcon.colcon_core.verb:set package 'py_srv_cli' build argument 'cmake_target_skip_unavailable' from command line to 'False'
[0.466s] Level 5:colcon.colcon_core.verb:set package 'py_srv_cli' build argument 'cmake_clean_cache' from command line to 'False'
[0.466s] Level 5:colcon.colcon_core.verb:set package 'py_srv_cli' build argument 'cmake_clean_first' from command line to 'False'
[0.466s] Level 5:colcon.colcon_core.verb:set package 'py_srv_cli' build argument 'cmake_force_configure' from command line to 'False'
[0.467s] Level 5:colcon.colcon_core.verb:set package 'py_srv_cli' build argument 'ament_cmake_args' from command line to 'None'
[0.467s] Level 5:colcon.colcon_core.verb:set package 'py_srv_cli' build argument 'catkin_cmake_args' from command line to 'None'
[0.467s] Level 5:colcon.colcon_core.verb:set package 'py_srv_cli' build argument 'catkin_skip_building_tests' from command line to 'False'
[0.467s] DEBUG:colcon.colcon_core.verb:Building package 'py_srv_cli' with the following arguments: {'ament_cmake_args': None, 'build_base': '/home/zyh/ros2_study/foxy/foxy_ws/build/py_srv_cli', 'catkin_cmake_args': None, 'catkin_skip_building_tests': False, 'cmake_args': None, 'cmake_clean_cache': False, 'cmake_clean_first': False, 'cmake_force_configure': False, 'cmake_target': None, 'cmake_target_skip_unavailable': False, 'install_base': '/home/zyh/ros2_study/foxy/foxy_ws/install/py_srv_cli', 'merge_install': False, 'path': '/home/zyh/ros2_study/foxy/foxy_ws/src/py_srv_cli', 'symlink_install': False, 'test_result_base': None}
[0.467s] INFO:colcon.colcon_core.executor:Executing jobs using 'parallel' executor
[0.472s] DEBUG:colcon.colcon_parallel_executor.executor.parallel:run_until_complete
[0.472s] INFO:colcon.colcon_ros.task.ament_cmake.build:Building ROS package in '/home/zyh/ros2_study/foxy/foxy_ws/src/cpp_pub_sub' with build type 'ament_cmake'
[0.472s] INFO:colcon.colcon_cmake.task.cmake.build:Building CMake package in '/home/zyh/ros2_study/foxy/foxy_ws/src/cpp_pub_sub'
[0.477s] INFO:colcon.colcon_core.plugin_system:Skipping extension 'colcon_core.shell.bat': Not used on non-Windows systems
[0.477s] INFO:colcon.colcon_core.shell:Skip shell extension 'powershell' for command environment: Not usable outside of PowerShell
[0.478s] DEBUG:colcon.colcon_core.shell:Skip shell extension 'dsv' for command environment
[0.484s] INFO:colcon.colcon_ros.task.ament_cmake.build:Building ROS package in '/home/zyh/ros2_study/foxy/foxy_ws/src/cpp_srv_cli' with build type 'ament_cmake'
[0.484s] INFO:colcon.colcon_cmake.task.cmake.build:Building CMake package in '/home/zyh/ros2_study/foxy/foxy_ws/src/cpp_srv_cli'
[0.487s] INFO:colcon.colcon_core.shell:Skip shell extension 'powershell' for command environment: Not usable outside of PowerShell
[0.487s] DEBUG:colcon.colcon_core.shell:Skip shell extension 'dsv' for command environment
[0.497s] INFO:colcon.colcon_ros.task.ament_cmake.build:Building ROS package in '/home/zyh/ros2_study/foxy/foxy_ws/src/exp_interfaces' with build type 'ament_cmake'
[0.498s] INFO:colcon.colcon_cmake.task.cmake.build:Building CMake package in '/home/zyh/ros2_study/foxy/foxy_ws/src/exp_interfaces'
[0.501s] INFO:colcon.colcon_core.shell:Skip shell extension 'powershell' for command environment: Not usable outside of PowerShell
[0.501s] DEBUG:colcon.colcon_core.shell:Skip shell extension 'dsv' for command environment
[0.509s] INFO:colcon.colcon_ros.task.ament_python.build:Building ROS package in '/home/zyh/ros2_study/foxy/foxy_ws/src/py_pub_sub' with build type 'ament_python'
[0.510s] Level 1:colcon.colcon_core.shell:create_environment_hook('py_pub_sub', 'ament_prefix_path')
[0.512s] INFO:colcon.colcon_core.shell:Creating environment hook '/home/zyh/ros2_study/foxy/foxy_ws/install/py_pub_sub/share/py_pub_sub/hook/ament_prefix_path.ps1'
[0.514s] INFO:colcon.colcon_core.shell:Creating environment descriptor '/home/zyh/ros2_study/foxy/foxy_ws/install/py_pub_sub/share/py_pub_sub/hook/ament_prefix_path.dsv'
[0.515s] INFO:colcon.colcon_core.shell:Creating environment hook '/home/zyh/ros2_study/foxy/foxy_ws/install/py_pub_sub/share/py_pub_sub/hook/ament_prefix_path.sh'
[0.518s] INFO:colcon.colcon_core.shell:Skip shell extension 'powershell' for command environment: Not usable outside of PowerShell
[0.518s] DEBUG:colcon.colcon_core.shell:Skip shell extension 'dsv' for command environment
[0.524s] INFO:colcon.colcon_ros.task.ament_python.build:Building ROS package in '/home/zyh/ros2_study/foxy/foxy_ws/src/py_srv_cli' with build type 'ament_python'
[0.525s] Level 1:colcon.colcon_core.shell:create_environment_hook('py_srv_cli', 'ament_prefix_path')
[0.529s] INFO:colcon.colcon_core.shell:Creating environment hook '/home/zyh/ros2_study/foxy/foxy_ws/install/py_srv_cli/share/py_srv_cli/hook/ament_prefix_path.ps1'
[0.531s] INFO:colcon.colcon_core.shell:Creating environment descriptor '/home/zyh/ros2_study/foxy/foxy_ws/install/py_srv_cli/share/py_srv_cli/hook/ament_prefix_path.dsv'
[0.531s] INFO:colcon.colcon_core.shell:Creating environment hook '/home/zyh/ros2_study/foxy/foxy_ws/install/py_srv_cli/share/py_srv_cli/hook/ament_prefix_path.sh'
[0.534s] INFO:colcon.colcon_core.shell:Skip shell extension 'powershell' for command environment: Not usable outside of PowerShell
[0.534s] DEBUG:colcon.colcon_core.shell:Skip shell extension 'dsv' for command environment
[0.553s] DEBUG:colcon.colcon_core.event_handler.log_command:Invoking command in '/home/zyh/ros2_study/foxy/foxy_ws/build/cpp_pub_sub': CMAKE_PREFIX_PATH=/opt/ros/foxy /usr/bin/cmake --build /home/zyh/ros2_study/foxy/foxy_ws/build/cpp_pub_sub -- -j12 -l12
[0.562s] DEBUG:colcon.colcon_core.event_handler.log_command:Invoking command in '/home/zyh/ros2_study/foxy/foxy_ws/build/cpp_srv_cli': CMAKE_PREFIX_PATH=/opt/ros/foxy /usr/bin/cmake --build /home/zyh/ros2_study/foxy/foxy_ws/build/cpp_srv_cli -- -j12 -l12
[0.568s] DEBUG:colcon.colcon_core.event_handler.log_command:Invoking command in '/home/zyh/ros2_study/foxy/foxy_ws/build/exp_interfaces': CMAKE_PREFIX_PATH=/opt/ros/foxy /usr/bin/cmake /home/zyh/ros2_study/foxy/foxy_ws/src/exp_interfaces -DCMAKE_INSTALL_PREFIX=/home/zyh/ros2_study/foxy/foxy_ws/install/exp_interfaces
[0.861s] INFO:colcon.colcon_core.task.python.build:Building Python package in '/home/zyh/ros2_study/foxy/foxy_ws/src/py_pub_sub'
[0.864s] INFO:colcon.colcon_core.shell:Skip shell extension 'powershell' for command environment: Not usable outside of PowerShell
[0.864s] DEBUG:colcon.colcon_core.shell:Skip shell extension 'dsv' for command environment
[0.877s] DEBUG:colcon.colcon_core.event_handler.log_command:Invoked command in '/home/zyh/ros2_study/foxy/foxy_ws/build/cpp_pub_sub' returned '0': CMAKE_PREFIX_PATH=/opt/ros/foxy /usr/bin/cmake --build /home/zyh/ros2_study/foxy/foxy_ws/build/cpp_pub_sub -- -j12 -l12
[0.879s] DEBUG:colcon.colcon_core.event_handler.log_command:Invoked command in '/home/zyh/ros2_study/foxy/foxy_ws/build/cpp_srv_cli' returned '0': CMAKE_PREFIX_PATH=/opt/ros/foxy /usr/bin/cmake --build /home/zyh/ros2_study/foxy/foxy_ws/build/cpp_srv_cli -- -j12 -l12
[1.166s] INFO:colcon.colcon_core.task.python.build:Building Python package in '/home/zyh/ros2_study/foxy/foxy_ws/src/py_srv_cli'
[1.168s] INFO:colcon.colcon_core.shell:Skip shell extension 'powershell' for command environment: Not usable outside of PowerShell
[1.168s] DEBUG:colcon.colcon_core.shell:Skip shell extension 'dsv' for command environment
[1.202s] DEBUG:colcon.colcon_core.event_handler.log_command:Invoking command in '/home/zyh/ros2_study/foxy/foxy_ws/build/cpp_pub_sub': CMAKE_PREFIX_PATH=/opt/ros/foxy /usr/bin/cmake --install /home/zyh/ros2_study/foxy/foxy_ws/build/cpp_pub_sub
[1.205s] DEBUG:colcon.colcon_core.event_handler.log_command:Invoking command in '/home/zyh/ros2_study/foxy/foxy_ws/build/cpp_srv_cli': CMAKE_PREFIX_PATH=/opt/ros/foxy /usr/bin/cmake --install /home/zyh/ros2_study/foxy/foxy_ws/build/cpp_srv_cli
[1.220s] Level 1:colcon.colcon_core.environment:create_environment_scripts_only(cpp_pub_sub)
[1.225s] DEBUG:colcon.colcon_core.event_handler.log_command:Invoked command in '/home/zyh/ros2_study/foxy/foxy_ws/build/cpp_pub_sub' returned '0': CMAKE_PREFIX_PATH=/opt/ros/foxy /usr/bin/cmake --install /home/zyh/ros2_study/foxy/foxy_ws/build/cpp_pub_sub
[1.231s] Level 1:colcon.colcon_core.environment:checking '/home/zyh/ros2_study/foxy/foxy_ws/install/cpp_pub_sub' for CMake module files
[1.231s] Level 1:colcon.colcon_core.environment:checking '/home/zyh/ros2_study/foxy/foxy_ws/install/cpp_pub_sub' for CMake config files
[1.231s] Level 1:colcon.colcon_core.shell:create_environment_hook('cpp_pub_sub', 'cmake_prefix_path')
[1.233s] INFO:colcon.colcon_core.shell:Creating environment hook '/home/zyh/ros2_study/foxy/foxy_ws/install/cpp_pub_sub/share/cpp_pub_sub/hook/cmake_prefix_path.ps1'
[1.234s] INFO:colcon.colcon_core.shell:Creating environment descriptor '/home/zyh/ros2_study/foxy/foxy_ws/install/cpp_pub_sub/share/cpp_pub_sub/hook/cmake_prefix_path.dsv'
[1.234s] INFO:colcon.colcon_core.shell:Creating environment hook '/home/zyh/ros2_study/foxy/foxy_ws/install/cpp_pub_sub/share/cpp_pub_sub/hook/cmake_prefix_path.sh'
[1.235s] Level 1:colcon.colcon_core.environment:checking '/home/zyh/ros2_study/foxy/foxy_ws/install/cpp_pub_sub/lib'
[1.235s] Level 1:colcon.colcon_core.environment:checking '/home/zyh/ros2_study/foxy/foxy_ws/install/cpp_pub_sub/bin'
[1.235s] Level 1:colcon.colcon_core.environment:checking '/home/zyh/ros2_study/foxy/foxy_ws/install/cpp_pub_sub/lib/pkgconfig/cpp_pub_sub.pc'
[1.235s] Level 1:colcon.colcon_core.environment:checking '/home/zyh/ros2_study/foxy/foxy_ws/install/cpp_pub_sub/lib/python3.8/site-packages'
[1.235s] Level 1:colcon.colcon_core.environment:checking '/home/zyh/ros2_study/foxy/foxy_ws/install/cpp_pub_sub/bin'
[1.238s] INFO:colcon.colcon_core.shell:Creating package script '/home/zyh/ros2_study/foxy/foxy_ws/install/cpp_pub_sub/share/cpp_pub_sub/package.ps1'
[1.238s] INFO:colcon.colcon_core.shell:Creating package descriptor '/home/zyh/ros2_study/foxy/foxy_ws/install/cpp_pub_sub/share/cpp_pub_sub/package.dsv'
[1.239s] INFO:colcon.colcon_core.shell:Creating package script '/home/zyh/ros2_study/foxy/foxy_ws/install/cpp_pub_sub/share/cpp_pub_sub/package.sh'
[1.239s] INFO:colcon.colcon_core.shell:Creating package script '/home/zyh/ros2_study/foxy/foxy_ws/install/cpp_pub_sub/share/cpp_pub_sub/package.bash'
[1.240s] INFO:colcon.colcon_core.shell:Creating package script '/home/zyh/ros2_study/foxy/foxy_ws/install/cpp_pub_sub/share/cpp_pub_sub/package.zsh'
[1.240s] Level 1:colcon.colcon_core.environment:create_file_with_runtime_dependencies(/home/zyh/ros2_study/foxy/foxy_ws/install/cpp_pub_sub/share/colcon-core/packages/cpp_pub_sub)
[1.244s] Level 1:colcon.colcon_core.environment:create_environment_scripts_only(cpp_srv_cli)
[1.249s] Level 1:colcon.colcon_core.environment:checking '/home/zyh/ros2_study/foxy/foxy_ws/install/cpp_srv_cli' for CMake module files
[1.250s] DEBUG:colcon.colcon_core.event_handler.log_command:Invoked command in '/home/zyh/ros2_study/foxy/foxy_ws/build/cpp_srv_cli' returned '0': CMAKE_PREFIX_PATH=/opt/ros/foxy /usr/bin/cmake --install /home/zyh/ros2_study/foxy/foxy_ws/build/cpp_srv_cli
[1.251s] Level 1:colcon.colcon_core.environment:checking '/home/zyh/ros2_study/foxy/foxy_ws/install/cpp_srv_cli' for CMake config files
[1.252s] Level 1:colcon.colcon_core.shell:create_environment_hook('cpp_srv_cli', 'cmake_prefix_path')
[1.256s] INFO:colcon.colcon_core.shell:Creating environment hook '/home/zyh/ros2_study/foxy/foxy_ws/install/cpp_srv_cli/share/cpp_srv_cli/hook/cmake_prefix_path.ps1'
[1.257s] INFO:colcon.colcon_core.shell:Creating environment descriptor '/home/zyh/ros2_study/foxy/foxy_ws/install/cpp_srv_cli/share/cpp_srv_cli/hook/cmake_prefix_path.dsv'
[1.258s] INFO:colcon.colcon_core.shell:Creating environment hook '/home/zyh/ros2_study/foxy/foxy_ws/install/cpp_srv_cli/share/cpp_srv_cli/hook/cmake_prefix_path.sh'
[1.259s] Level 1:colcon.colcon_core.environment:checking '/home/zyh/ros2_study/foxy/foxy_ws/install/cpp_srv_cli/lib'
[1.259s] Level 1:colcon.colcon_core.environment:checking '/home/zyh/ros2_study/foxy/foxy_ws/install/cpp_srv_cli/bin'
[1.260s] Level 1:colcon.colcon_core.environment:checking '/home/zyh/ros2_study/foxy/foxy_ws/install/cpp_srv_cli/lib/pkgconfig/cpp_srv_cli.pc'
[1.260s] Level 1:colcon.colcon_core.environment:checking '/home/zyh/ros2_study/foxy/foxy_ws/install/cpp_srv_cli/lib/python3.8/site-packages'
[1.261s] Level 1:colcon.colcon_core.environment:checking '/home/zyh/ros2_study/foxy/foxy_ws/install/cpp_srv_cli/bin'
[1.264s] INFO:colcon.colcon_core.shell:Creating package script '/home/zyh/ros2_study/foxy/foxy_ws/install/cpp_srv_cli/share/cpp_srv_cli/package.ps1'
[1.265s] INFO:colcon.colcon_core.shell:Creating package descriptor '/home/zyh/ros2_study/foxy/foxy_ws/install/cpp_srv_cli/share/cpp_srv_cli/package.dsv'
[1.265s] INFO:colcon.colcon_core.shell:Creating package script '/home/zyh/ros2_study/foxy/foxy_ws/install/cpp_srv_cli/share/cpp_srv_cli/package.sh'
[1.265s] INFO:colcon.colcon_core.shell:Creating package script '/home/zyh/ros2_study/foxy/foxy_ws/install/cpp_srv_cli/share/cpp_srv_cli/package.bash'
[1.266s] INFO:colcon.colcon_core.shell:Creating package script '/home/zyh/ros2_study/foxy/foxy_ws/install/cpp_srv_cli/share/cpp_srv_cli/package.zsh'
[1.266s] Level 1:colcon.colcon_core.environment:create_file_with_runtime_dependencies(/home/zyh/ros2_study/foxy/foxy_ws/install/cpp_srv_cli/share/colcon-core/packages/cpp_srv_cli)
[1.270s] DEBUG:colcon.colcon_core.event_handler.log_command:Invoked command in '/home/zyh/ros2_study/foxy/foxy_ws/build/exp_interfaces' returned '1': CMAKE_PREFIX_PATH=/opt/ros/foxy /usr/bin/cmake /home/zyh/ros2_study/foxy/foxy_ws/src/exp_interfaces -DCMAKE_INSTALL_PREFIX=/home/zyh/ros2_study/foxy/foxy_ws/install/exp_interfaces
[1.291s] Level 1:colcon.colcon_core.environment:create_environment_scripts_only(exp_interfaces)
[1.297s] Level 1:colcon.colcon_core.environment:checking '/home/zyh/ros2_study/foxy/foxy_ws/install/exp_interfaces' for CMake module files
[1.298s] Level 1:colcon.colcon_core.environment:checking '/home/zyh/ros2_study/foxy/foxy_ws/install/exp_interfaces' for CMake config files
[1.298s] Level 1:colcon.colcon_core.environment:checking '/home/zyh/ros2_study/foxy/foxy_ws/install/exp_interfaces/bin'
[1.298s] Level 1:colcon.colcon_core.environment:checking '/home/zyh/ros2_study/foxy/foxy_ws/install/exp_interfaces/lib/pkgconfig/exp_interfaces.pc'
[1.298s] Level 1:colcon.colcon_core.environment:checking '/home/zyh/ros2_study/foxy/foxy_ws/install/exp_interfaces/lib/python3.8/site-packages'
[1.299s] Level 1:colcon.colcon_core.environment:checking '/home/zyh/ros2_study/foxy/foxy_ws/install/exp_interfaces/bin'
[1.301s] INFO:colcon.colcon_core.shell:Creating package script '/home/zyh/ros2_study/foxy/foxy_ws/install/exp_interfaces/share/exp_interfaces/package.ps1'
[1.302s] INFO:colcon.colcon_core.shell:Creating package descriptor '/home/zyh/ros2_study/foxy/foxy_ws/install/exp_interfaces/share/exp_interfaces/package.dsv'
[1.302s] INFO:colcon.colcon_core.shell:Creating package script '/home/zyh/ros2_study/foxy/foxy_ws/install/exp_interfaces/share/exp_interfaces/package.sh'
[1.303s] INFO:colcon.colcon_core.shell:Creating package script '/home/zyh/ros2_study/foxy/foxy_ws/install/exp_interfaces/share/exp_interfaces/package.bash'
[1.303s] INFO:colcon.colcon_core.shell:Creating package script '/home/zyh/ros2_study/foxy/foxy_ws/install/exp_interfaces/share/exp_interfaces/package.zsh'
[1.305s] Level 1:colcon.colcon_core.environment:create_file_with_runtime_dependencies(/home/zyh/ros2_study/foxy/foxy_ws/install/exp_interfaces/share/colcon-core/packages/exp_interfaces)
[1.830s] DEBUG:colcon.colcon_parallel_executor.executor.parallel:closing loop
[1.831s] DEBUG:colcon.colcon_parallel_executor.executor.parallel:loop closed
[1.831s] DEBUG:colcon.colcon_parallel_executor.executor.parallel:run_until_complete finished with '1'
[1.831s] DEBUG:colcon.colcon_core.event_reactor:joining thread
[1.837s] INFO:colcon.colcon_core.plugin_system:Skipping extension 'colcon_notification.desktop_notification.terminal_notifier': Not used on non-Darwin systems
[1.837s] INFO:colcon.colcon_core.plugin_system:Skipping extension 'colcon_notification.desktop_notification.win32': Not used on non-Windows systems
[1.837s] INFO:colcon.colcon_notification.desktop_notification:Sending desktop notification using 'notify2'
[1.854s] DEBUG:colcon.colcon_core.event_reactor:joined thread
[1.856s] INFO:colcon.colcon_core.shell:Creating prefix script '/home/zyh/ros2_study/foxy/foxy_ws/install/local_setup.ps1'
[1.859s] INFO:colcon.colcon_core.shell:Creating prefix util module '/home/zyh/ros2_study/foxy/foxy_ws/install/_local_setup_util_ps1.py'
[1.860s] INFO:colcon.colcon_core.shell:Creating prefix chain script '/home/zyh/ros2_study/foxy/foxy_ws/install/setup.ps1'
[1.862s] INFO:colcon.colcon_core.shell:Creating prefix script '/home/zyh/ros2_study/foxy/foxy_ws/install/local_setup.sh'
[1.862s] INFO:colcon.colcon_core.shell:Creating prefix util module '/home/zyh/ros2_study/foxy/foxy_ws/install/_local_setup_util_sh.py'
[1.863s] INFO:colcon.colcon_core.shell:Creating prefix chain script '/home/zyh/ros2_study/foxy/foxy_ws/install/setup.sh'
[1.864s] INFO:colcon.colcon_core.shell:Creating prefix script '/home/zyh/ros2_study/foxy/foxy_ws/install/local_setup.bash'
[1.865s] INFO:colcon.colcon_core.shell:Creating prefix chain script '/home/zyh/ros2_study/foxy/foxy_ws/install/setup.bash'
[1.866s] INFO:colcon.colcon_core.shell:Creating prefix script '/home/zyh/ros2_study/foxy/foxy_ws/install/local_setup.zsh'
[1.867s] INFO:colcon.colcon_core.shell:Creating prefix chain script '/home/zyh/ros2_study/foxy/foxy_ws/install/setup.zsh'
