[0.066s] Invoking command in '/home/zyh/ros2_study/foxy/foxy_ws/build/cpp_pub_sub': CMAKE_PREFIX_PATH=${CMAKE_PREFIX_PATH}:/home/zyh/ros2_study/foxy/foxy_ws/install/py_srv_cli:/home/zyh/ros2_study/foxy/foxy_ws/install/py_pub_sub:/opt/ros/foxy /usr/bin/cmake --build /home/zyh/ros2_study/foxy/foxy_ws/build/cpp_pub_sub -- -j12 -l12
[0.362s] [100%] Built target talker
[0.362s] [100%] Built target listener
[0.364s] Invoked command in '/home/zyh/ros2_study/foxy/foxy_ws/build/cpp_pub_sub' returned '0': CMAKE_PREFIX_PATH=${CMAKE_PREFIX_PATH}:/home/zyh/ros2_study/foxy/foxy_ws/install/py_srv_cli:/home/zyh/ros2_study/foxy/foxy_ws/install/py_pub_sub:/opt/ros/foxy /usr/bin/cmake --build /home/zyh/ros2_study/foxy/foxy_ws/build/cpp_pub_sub -- -j12 -l12
[0.666s] Invoking command in '/home/zyh/ros2_study/foxy/foxy_ws/build/cpp_pub_sub': CMAKE_PREFIX_PATH=${CMAKE_PREFIX_PATH}:/home/zyh/ros2_study/foxy/foxy_ws/install/py_srv_cli:/home/zyh/ros2_study/foxy/foxy_ws/install/py_pub_sub:/opt/ros/foxy /usr/bin/cmake --install /home/zyh/ros2_study/foxy/foxy_ws/build/cpp_pub_sub
[0.676s] -- Install configuration: ""
[0.676s] -- Up-to-date: /home/zyh/ros2_study/foxy/foxy_ws/install/cpp_pub_sub/lib/cpp_pub_sub/talker
[0.676s] -- Up-to-date: /home/zyh/ros2_study/foxy/foxy_ws/install/cpp_pub_sub/lib/cpp_pub_sub/listener
[0.677s] -- Up-to-date: /home/zyh/ros2_study/foxy/foxy_ws/install/cpp_pub_sub/share/ament_index/resource_index/package_run_dependencies/cpp_pub_sub
[0.677s] -- Up-to-date: /home/zyh/ros2_study/foxy/foxy_ws/install/cpp_pub_sub/share/ament_index/resource_index/parent_prefix_path/cpp_pub_sub
[0.677s] -- Up-to-date: /home/zyh/ros2_study/foxy/foxy_ws/install/cpp_pub_sub/share/cpp_pub_sub/environment/ament_prefix_path.sh
[0.677s] -- Up-to-date: /home/zyh/ros2_study/foxy/foxy_ws/install/cpp_pub_sub/share/cpp_pub_sub/environment/ament_prefix_path.dsv
[0.677s] -- Up-to-date: /home/zyh/ros2_study/foxy/foxy_ws/install/cpp_pub_sub/share/cpp_pub_sub/environment/path.sh
[0.677s] -- Up-to-date: /home/zyh/ros2_study/foxy/foxy_ws/install/cpp_pub_sub/share/cpp_pub_sub/environment/path.dsv
[0.677s] -- Up-to-date: /home/zyh/ros2_study/foxy/foxy_ws/install/cpp_pub_sub/share/cpp_pub_sub/local_setup.bash
[0.678s] -- Up-to-date: /home/zyh/ros2_study/foxy/foxy_ws/install/cpp_pub_sub/share/cpp_pub_sub/local_setup.sh
[0.678s] -- Up-to-date: /home/zyh/ros2_study/foxy/foxy_ws/install/cpp_pub_sub/share/cpp_pub_sub/local_setup.zsh
[0.678s] -- Up-to-date: /home/zyh/ros2_study/foxy/foxy_ws/install/cpp_pub_sub/share/cpp_pub_sub/local_setup.dsv
[0.678s] -- Installing: /home/zyh/ros2_study/foxy/foxy_ws/install/cpp_pub_sub/share/cpp_pub_sub/package.dsv
[0.678s] -- Up-to-date: /home/zyh/ros2_study/foxy/foxy_ws/install/cpp_pub_sub/share/ament_index/resource_index/packages/cpp_pub_sub
[0.678s] -- Up-to-date: /home/zyh/ros2_study/foxy/foxy_ws/install/cpp_pub_sub/share/cpp_pub_sub/cmake/cpp_pub_subConfig.cmake
[0.678s] -- Up-to-date: /home/zyh/ros2_study/foxy/foxy_ws/install/cpp_pub_sub/share/cpp_pub_sub/cmake/cpp_pub_subConfig-version.cmake
[0.678s] -- Up-to-date: /home/zyh/ros2_study/foxy/foxy_ws/install/cpp_pub_sub/share/cpp_pub_sub/package.xml
[0.680s] Invoked command in '/home/zyh/ros2_study/foxy/foxy_ws/build/cpp_pub_sub' returned '0': CMAKE_PREFIX_PATH=${CMAKE_PREFIX_PATH}:/home/zyh/ros2_study/foxy/foxy_ws/install/py_srv_cli:/home/zyh/ros2_study/foxy/foxy_ws/install/py_pub_sub:/opt/ros/foxy /usr/bin/cmake --install /home/zyh/ros2_study/foxy/foxy_ws/build/cpp_pub_sub
