[0.330s] Invoking command in '/home/zyh/ros2_study/foxy/foxy_ws/build/cpp_pub_sub': /usr/bin/cmake /home/zyh/ros2_study/foxy/foxy_ws/src/cpp_pub_sub -DCMAKE_INSTALL_PREFIX=/home/zyh/ros2_study/foxy/foxy_ws/install/cpp_pub_sub
[3.487s] -- The C compiler identification is GNU 9.4.0
[4.882s] -- The CXX compiler identification is GNU 9.4.0
[5.071s] -- Check for working C compiler: /usr/bin/cc
[5.849s] -- Check for working C compiler: /usr/bin/cc -- works
[5.897s] -- Detecting C compiler ABI info
[6.099s] -- Detecting C compiler ABI info - done
[6.108s] -- Detecting C compile features
[6.117s] -- Detecting C compile features - done
[6.153s] -- Check for working CXX compiler: /usr/bin/c++
[6.271s] -- Check for working CXX compiler: /usr/bin/c++ -- works
[6.272s] -- Detecting CXX compiler ABI info
[6.403s] -- Detecting CXX compiler ABI info - done
[6.418s] -- Detecting CXX compile features
[6.419s] -- Detecting CXX compile features - done
[6.621s] -- Found ament_cmake: 0.9.11 (/opt/ros/foxy/share/ament_cmake/cmake)
[6.719s] -- Found PythonInterp: /usr/bin/python3 (found suitable version "3.8.10", minimum required is "3") 
[6.719s] -- Using PYTHON_EXECUTABLE: /usr/bin/python3
[7.050s] -- Found rclcpp: 2.4.2 (/opt/ros/foxy/share/rclcpp/cmake)
[7.609s] -- Found rmw_implementation_cmake: 1.0.4 (/opt/ros/foxy/share/rmw_implementation_cmake/cmake)
[7.617s] CMake Error at /opt/ros/foxy/share/rmw_implementation/cmake/rmw_implementation-extras.cmake:54 (message):
[7.618s]   The RMW implementation has been specified as 'rmw_fastrtps_cpp' via the
[7.618s]   default when rmw_implementation was built, but it is not available at this
[7.618s]   time.
[7.618s] 
[7.619s]   
[7.619s] 
[7.619s]   Currently available middlewares:
[7.619s] 
[7.620s]   ''
[7.620s] Call Stack (most recent call first):
[7.620s]   /opt/ros/foxy/share/rmw_implementation/cmake/rmw_implementationConfig.cmake:41 (include)
[7.621s]   /opt/ros/foxy/share/rcl/cmake/ament_cmake_export_dependencies-extras.cmake:21 (find_package)
[7.621s]   /opt/ros/foxy/share/rcl/cmake/rclConfig.cmake:41 (include)
[7.621s]   /opt/ros/foxy/share/libstatistics_collector/cmake/ament_cmake_export_dependencies-extras.cmake:21 (find_package)
[7.621s]   /opt/ros/foxy/share/libstatistics_collector/cmake/libstatistics_collectorConfig.cmake:41 (include)
[7.622s]   /opt/ros/foxy/share/rclcpp/cmake/ament_cmake_export_dependencies-extras.cmake:21 (find_package)
[7.622s]   /opt/ros/foxy/share/rclcpp/cmake/rclcppConfig.cmake:41 (include)
[7.623s]   CMakeLists.txt:20 (find_package)
[7.623s] 
[7.623s] 
[7.623s] -- Configuring incomplete, errors occurred!
[7.624s] See also "/home/zyh/ros2_study/foxy/foxy_ws/build/cpp_pub_sub/CMakeFiles/CMakeOutput.log".
[7.637s] Invoked command in '/home/zyh/ros2_study/foxy/foxy_ws/build/cpp_pub_sub' returned '1': /usr/bin/cmake /home/zyh/ros2_study/foxy/foxy_ws/src/cpp_pub_sub -DCMAKE_INSTALL_PREFIX=/home/zyh/ros2_study/foxy/foxy_ws/install/cpp_pub_sub
