[0.062s] Invoking command in '/home/zyh/ros2_study/foxy/foxy_ws/build/cpp_srv_cli': CMAKE_PREFIX_PATH=${CMAKE_PREFIX_PATH}:/home/zyh/ros2_study/foxy/foxy_ws/install/py_srv_cli:/home/zyh/ros2_study/foxy/foxy_ws/install/py_pub_sub:/opt/ros/foxy CONDA_PROMPT_MODIFIER=(base) /usr/bin/cmake --build /home/zyh/ros2_study/foxy/foxy_ws/build/cpp_srv_cli -- -j12 -l12
[0.356s] [100%] Built target server
[0.358s] [100%] Built target client
[0.359s] Invoked command in '/home/zyh/ros2_study/foxy/foxy_ws/build/cpp_srv_cli' returned '0': CMAKE_PREFIX_PATH=${CMAKE_PREFIX_PATH}:/home/zyh/ros2_study/foxy/foxy_ws/install/py_srv_cli:/home/zyh/ros2_study/foxy/foxy_ws/install/py_pub_sub:/opt/ros/foxy CONDA_PROMPT_MODIFIER=(base) /usr/bin/cmake --build /home/zyh/ros2_study/foxy/foxy_ws/build/cpp_srv_cli -- -j12 -l12
[0.661s] Invoking command in '/home/zyh/ros2_study/foxy/foxy_ws/build/cpp_srv_cli': CMAKE_PREFIX_PATH=${CMAKE_PREFIX_PATH}:/home/zyh/ros2_study/foxy/foxy_ws/install/py_srv_cli:/home/zyh/ros2_study/foxy/foxy_ws/install/py_pub_sub:/opt/ros/foxy CONDA_PROMPT_MODIFIER=(base) /usr/bin/cmake --install /home/zyh/ros2_study/foxy/foxy_ws/build/cpp_srv_cli
[0.675s] -- Install configuration: ""
[0.675s] -- Up-to-date: /home/zyh/ros2_study/foxy/foxy_ws/install/cpp_srv_cli/lib/cpp_srv_cli/server
[0.675s] -- Up-to-date: /home/zyh/ros2_study/foxy/foxy_ws/install/cpp_srv_cli/lib/cpp_srv_cli/client
[0.675s] -- Up-to-date: /home/zyh/ros2_study/foxy/foxy_ws/install/cpp_srv_cli/share/ament_index/resource_index/package_run_dependencies/cpp_srv_cli
[0.677s] -- Up-to-date: /home/zyh/ros2_study/foxy/foxy_ws/install/cpp_srv_cli/share/ament_index/resource_index/parent_prefix_path/cpp_srv_cli
[0.677s] -- Up-to-date: /home/zyh/ros2_study/foxy/foxy_ws/install/cpp_srv_cli/share/cpp_srv_cli/environment/ament_prefix_path.sh
[0.677s] -- Up-to-date: /home/zyh/ros2_study/foxy/foxy_ws/install/cpp_srv_cli/share/cpp_srv_cli/environment/ament_prefix_path.dsv
[0.677s] -- Up-to-date: /home/zyh/ros2_study/foxy/foxy_ws/install/cpp_srv_cli/share/cpp_srv_cli/environment/path.sh
[0.678s] -- Up-to-date: /home/zyh/ros2_study/foxy/foxy_ws/install/cpp_srv_cli/share/cpp_srv_cli/environment/path.dsv
[0.679s] -- Up-to-date: /home/zyh/ros2_study/foxy/foxy_ws/install/cpp_srv_cli/share/cpp_srv_cli/local_setup.bash
[0.679s] -- Up-to-date: /home/zyh/ros2_study/foxy/foxy_ws/install/cpp_srv_cli/share/cpp_srv_cli/local_setup.sh
[0.680s] -- Up-to-date: /home/zyh/ros2_study/foxy/foxy_ws/install/cpp_srv_cli/share/cpp_srv_cli/local_setup.zsh
[0.681s] -- Up-to-date: /home/zyh/ros2_study/foxy/foxy_ws/install/cpp_srv_cli/share/cpp_srv_cli/local_setup.dsv
[0.682s] -- Installing: /home/zyh/ros2_study/foxy/foxy_ws/install/cpp_srv_cli/share/cpp_srv_cli/package.dsv
[0.683s] -- Up-to-date: /home/zyh/ros2_study/foxy/foxy_ws/install/cpp_srv_cli/share/ament_index/resource_index/packages/cpp_srv_cli
[0.684s] -- Up-to-date: /home/zyh/ros2_study/foxy/foxy_ws/install/cpp_srv_cli/share/cpp_srv_cli/cmake/cpp_srv_cliConfig.cmake
[0.684s] -- Up-to-date: /home/zyh/ros2_study/foxy/foxy_ws/install/cpp_srv_cli/share/cpp_srv_cli/cmake/cpp_srv_cliConfig-version.cmake
[0.684s] -- Up-to-date: /home/zyh/ros2_study/foxy/foxy_ws/install/cpp_srv_cli/share/cpp_srv_cli/package.xml
[0.708s] Invoked command in '/home/zyh/ros2_study/foxy/foxy_ws/build/cpp_srv_cli' returned '0': CMAKE_PREFIX_PATH=${CMAKE_PREFIX_PATH}:/home/zyh/ros2_study/foxy/foxy_ws/install/py_srv_cli:/home/zyh/ros2_study/foxy/foxy_ws/install/py_pub_sub:/opt/ros/foxy CONDA_PROMPT_MODIFIER=(base) /usr/bin/cmake --install /home/zyh/ros2_study/foxy/foxy_ws/build/cpp_srv_cli
