[0.076s] Invoking command in '/home/zyh/ros2_study/foxy/foxy_ws/build/exp_interfaces': CMAKE_PREFIX_PATH=/opt/ros/foxy /usr/bin/cmake --build /home/zyh/ros2_study/foxy/foxy_ws/build/exp_interfaces -- -j12 -l12
[0.381s] [  2%] [34m[1mGenerating C code for ROS interfaces[0m
[0.383s] [  4%] [34m[1mGenerating C++ code for ROS interfaces[0m
[0.384s] Traceback (most recent call last):
[0.385s]   File "/opt/ros/foxy/share/rosidl_generator_c/cmake/../../../lib/rosidl_generator_c/rosidl_generator_c", line 8, in <module>
[0.386s]     from rosidl_generator_c import generate_c
[0.386s]   File "/opt/ros/foxy/lib/python3.8/site-packages/rosidl_generator_c/__init__.py", line 15, in <module>
[0.387s]     from rosidl_cmake import convert_camel_case_to_lower_case_underscore
[0.388s]   File "/opt/ros/foxy/lib/python3.8/site-packages/rosidl_cmake/__init__.py", line 24, in <module>
[0.388s]     from rosidl_parser.parser import parse_idl_file
[0.388s]   File "/opt/ros/foxy/lib/python3.8/site-packages/rosidl_parser/parser.py", line 20, in <module>
[0.388s]     from lark import Lark
[0.388s] ModuleNotFoundError: No module named 'lark'
[0.389s] make[2]: *** [CMakeFiles/exp_interfaces__rosidl_generator_c.dir/build.make:138ï¼šrosidl_generator_c/exp_interfaces/msg/num.h] é”™è¯¯ 1
[0.391s] make[1]: *** [CMakeFiles/Makefile2:233ï¼šCMakeFiles/exp_interfaces__rosidl_generator_c.dir/all] é”™è¯¯ 2
[0.391s] make[1]: *** æ­£åœ¨ç­‰å¾…æœªå®Œæˆçš„ä»»åŠ¡....
[0.391s] Traceback (most recent call last):
[0.391s]   File "/opt/ros/foxy/share/rosidl_generator_cpp/cmake/../../../lib/rosidl_generator_cpp/rosidl_generator_cpp", line 8, in <module>
[0.391s]     from rosidl_generator_cpp import generate_cpp
[0.392s]   File "/opt/ros/foxy/lib/python3.8/site-packages/rosidl_generator_cpp/__init__.py", line 17, in <module>
[0.393s]     from rosidl_cmake import generate_files
[0.394s]   File "/opt/ros/foxy/lib/python3.8/site-packages/rosidl_cmake/__init__.py", line 24, in <module>
[0.394s]     from rosidl_parser.parser import parse_idl_file
[0.398s]   File "/opt/ros/foxy/lib/python3.8/site-packages/rosidl_parser/parser.py", line 20, in <module>
[0.399s]     from lark import Lark
[0.400s] ModuleNotFoundError: No module named 'lark'
[0.400s] make[2]: *** [CMakeFiles/exp_interfaces__cpp.dir/build.make:150ï¼šrosidl_generator_cpp/exp_interfaces/msg/num.hpp] é”™è¯¯ 1
[0.400s] make[1]: *** [CMakeFiles/Makefile2:499ï¼šCMakeFiles/exp_interfaces__cpp.dir/all] é”™è¯¯ 2
[0.400s] make: *** [Makefile:141ï¼šall] é”™è¯¯ 2
[0.402s] Invoked command in '/home/zyh/ros2_study/foxy/foxy_ws/build/exp_interfaces' returned '2': CMAKE_PREFIX_PATH=/opt/ros/foxy /usr/bin/cmake --build /home/zyh/ros2_study/foxy/foxy_ws/build/exp_interfaces -- -j12 -l12
